Start testing: Mar 22 15:15 KST
----------------------------------------------------------
1/153 Testing: raw_engine_micro
1/153 Test: raw_engine_micro
Command: "/Users/free_1/Library/Mobile Documents/iCloud~md~obsidian/Documents/cpp-checker/branch_2-1/raw_engine_v1_package/build-debug-phase21/tests/raw_engine_tests" "--case" "micro"
Directory: /Users/free_1/Library/Mobile Documents/iCloud~md~obsidian/Documents/cpp-checker/branch_2-1/raw_engine_v1_package/build-debug-phase21/tests
"raw_engine_micro" start time: Mar 22 15:15 KST
Output:
----------------------------------------------------------
raw_engine_v1 tests passed case=micro
<end of output>
Test time =   0.19 sec
----------------------------------------------------------
Test Passed.
"raw_engine_micro" end time: Mar 22 15:15 KST
"raw_engine_micro" time elapsed: 00:00:00
----------------------------------------------------------

2/153 Testing: raw_engine_roundtrip
2/153 Test: raw_engine_roundtrip
Command: "/Users/free_1/Library/Mobile Documents/iCloud~md~obsidian/Documents/cpp-checker/branch_2-1/raw_engine_v1_package/build-debug-phase21/tests/raw_engine_tests" "--case" "roundtrip"
Directory: /Users/free_1/Library/Mobile Documents/iCloud~md~obsidian/Documents/cpp-checker/branch_2-1/raw_engine_v1_package/build-debug-phase21/tests
"raw_engine_roundtrip" start time: Mar 22 15:15 KST
Output:
----------------------------------------------------------
raw_engine_v1 tests passed case=roundtrip
<end of output>
Test time =   0.42 sec
----------------------------------------------------------
Test Passed.
"raw_engine_roundtrip" end time: Mar 22 15:15 KST
"raw_engine_roundtrip" time elapsed: 00:00:00
----------------------------------------------------------

3/153 Testing: raw_engine_split_integrate_ensure
3/153 Test: raw_engine_split_integrate_ensure
Command: "/Users/free_1/Library/Mobile Documents/iCloud~md~obsidian/Documents/cpp-checker/branch_2-1/raw_engine_v1_package/build-debug-phase21/tests/raw_engine_tests" "--case" "split_integrate_ensure"
Directory: /Users/free_1/Library/Mobile Documents/iCloud~md~obsidian/Documents/cpp-checker/branch_2-1/raw_engine_v1_package/build-debug-phase21/tests
"raw_engine_split_integrate_ensure" start time: Mar 22 15:15 KST
Output:
----------------------------------------------------------
raw_engine_v1 tests passed case=split_integrate_ensure
<end of output>
Test time =   0.34 sec
----------------------------------------------------------
Test Passed.
"raw_engine_split_integrate_ensure" end time: Mar 22 15:15 KST
"raw_engine_split_integrate_ensure" time elapsed: 00:00:00
----------------------------------------------------------

4/153 Testing: raw_engine_regression_44001
4/153 Test: raw_engine_regression_44001
Command: "/Users/free_1/Library/Mobile Documents/iCloud~md~obsidian/Documents/cpp-checker/branch_2-1/raw_engine_v1_package/build-debug-phase21/tests/raw_engine_tests" "--case" "regression_44001"
Directory: /Users/free_1/Library/Mobile Documents/iCloud~md~obsidian/Documents/cpp-checker/branch_2-1/raw_engine_v1_package/build-debug-phase21/tests
"raw_engine_regression_44001" start time: Mar 22 15:15 KST
Output:
----------------------------------------------------------
raw_engine_v1 tests passed case=regression_44001
<end of output>
Test time =   0.02 sec
----------------------------------------------------------
Test Passed.
"raw_engine_regression_44001" end time: Mar 22 15:15 KST
"raw_engine_regression_44001" time elapsed: 00:00:00
----------------------------------------------------------

5/153 Testing: raw_engine_regression_isolate_split_no_sep
5/153 Test: raw_engine_regression_isolate_split_no_sep
Command: "/Users/free_1/Library/Mobile Documents/iCloud~md~obsidian/Documents/cpp-checker/branch_2-1/raw_engine_v1_package/build-debug-phase21/tests/raw_engine_tests" "--case" "regression_isolate_split_no_sep"
Directory: /Users/free_1/Library/Mobile Documents/iCloud~md~obsidian/Documents/cpp-checker/branch_2-1/raw_engine_v1_package/build-debug-phase21/tests
"raw_engine_regression_isolate_split_no_sep" start time: Mar 22 15:15 KST
Output:
----------------------------------------------------------
raw_engine_v1 tests passed case=regression_isolate_split_no_sep
<end of output>
Test time =   0.01 sec
----------------------------------------------------------
Test Passed.
"raw_engine_regression_isolate_split_no_sep" end time: Mar 22 15:15 KST
"raw_engine_regression_isolate_split_no_sep" time elapsed: 00:00:00
----------------------------------------------------------

6/153 Testing: raw_engine_planner
6/153 Test: raw_engine_planner
Command: "/Users/free_1/Library/Mobile Documents/iCloud~md~obsidian/Documents/cpp-checker/branch_2-1/raw_engine_v1_package/build-debug-phase21/tests/raw_engine_tests" "--case" "planner"
Directory: /Users/free_1/Library/Mobile Documents/iCloud~md~obsidian/Documents/cpp-checker/branch_2-1/raw_engine_v1_package/build-debug-phase21/tests
"raw_engine_planner" start time: Mar 22 15:15 KST
Output:
----------------------------------------------------------
raw_engine_v1 tests passed case=planner
<end of output>
Test time =  15.19 sec
----------------------------------------------------------
Test Passed.
"raw_engine_planner" end time: Mar 22 15:16 KST
"raw_engine_planner" time elapsed: 00:00:15
----------------------------------------------------------

7/153 Testing: raw_engine_fuzz_matrix
7/153 Test: raw_engine_fuzz_matrix
Command: "/Users/free_1/Library/Mobile Documents/iCloud~md~obsidian/Documents/cpp-checker/branch_2-1/raw_engine_v1_package/build-debug-phase21/tests/raw_engine_tests" "--case" "fuzz_matrix"
Directory: /Users/free_1/Library/Mobile Documents/iCloud~md~obsidian/Documents/cpp-checker/branch_2-1/raw_engine_v1_package/build-debug-phase21/tests
"raw_engine_fuzz_matrix" start time: Mar 22 15:16 KST
Output:
----------------------------------------------------------
raw_engine_v1 tests passed case=fuzz_matrix
<end of output>
Test time =   4.07 sec
----------------------------------------------------------
Test Passed.
"raw_engine_fuzz_matrix" end time: Mar 22 15:16 KST
"raw_engine_fuzz_matrix" time elapsed: 00:00:04
----------------------------------------------------------

8/153 Testing: raw_engine_fuzz
8/153 Test: raw_engine_fuzz
Command: "/Users/free_1/Library/Mobile Documents/iCloud~md~obsidian/Documents/cpp-checker/branch_2-1/raw_engine_v1_package/build-debug-phase21/tests/raw_engine_tests" "--case" "fuzz"
Directory: /Users/free_1/Library/Mobile Documents/iCloud~md~obsidian/Documents/cpp-checker/branch_2-1/raw_engine_v1_package/build-debug-phase21/tests
"raw_engine_fuzz" start time: Mar 22 15:16 KST
Output:
----------------------------------------------------------
raw_engine_v1 tests passed case=fuzz
<end of output>
Test time =   1.76 sec
----------------------------------------------------------
Test Passed.
"raw_engine_fuzz" end time: Mar 22 15:16 KST
"raw_engine_fuzz" time elapsed: 00:00:01
----------------------------------------------------------

9/153 Testing: raw_engine_isolate_oracle
9/153 Test: raw_engine_isolate_oracle
Command: "/Users/free_1/Library/Mobile Documents/iCloud~md~obsidian/Documents/cpp-checker/branch_2-1/raw_engine_v1_package/build-debug-phase21/tests/raw_engine_tests" "--case" "isolate_oracle"
Directory: /Users/free_1/Library/Mobile Documents/iCloud~md~obsidian/Documents/cpp-checker/branch_2-1/raw_engine_v1_package/build-debug-phase21/tests
"raw_engine_isolate_oracle" start time: Mar 22 15:16 KST
Output:
----------------------------------------------------------
raw_engine_v1 tests passed case=isolate_oracle
<end of output>
Test time =   0.30 sec
----------------------------------------------------------
Test Passed.
"raw_engine_isolate_oracle" end time: Mar 22 15:16 KST
"raw_engine_isolate_oracle" time elapsed: 00:00:00
----------------------------------------------------------

10/153 Testing: raw_engine_split_oracle
10/153 Test: raw_engine_split_oracle
Command: "/Users/free_1/Library/Mobile Documents/iCloud~md~obsidian/Documents/cpp-checker/branch_2-1/raw_engine_v1_package/build-debug-phase21/tests/raw_engine_tests" "--case" "split_oracle"
Directory: /Users/free_1/Library/Mobile Documents/iCloud~md~obsidian/Documents/cpp-checker/branch_2-1/raw_engine_v1_package/build-debug-phase21/tests
"raw_engine_split_oracle" start time: Mar 22 15:16 KST
Output:
----------------------------------------------------------
raw_engine_v1 tests passed case=split_oracle
<end of output>
Test time =   0.38 sec
----------------------------------------------------------
Test Passed.
"raw_engine_split_oracle" end time: Mar 22 15:16 KST
"raw_engine_split_oracle" time elapsed: 00:00:00
----------------------------------------------------------

11/153 Testing: raw_engine_join_oracle
11/153 Test: raw_engine_join_oracle
Command: "/Users/free_1/Library/Mobile Documents/iCloud~md~obsidian/Documents/cpp-checker/branch_2-1/raw_engine_v1_package/build-debug-phase21/tests/raw_engine_tests" "--case" "join_oracle"
Directory: /Users/free_1/Library/Mobile Documents/iCloud~md~obsidian/Documents/cpp-checker/branch_2-1/raw_engine_v1_package/build-debug-phase21/tests
"raw_engine_join_oracle" start time: Mar 22 15:16 KST
Output:
----------------------------------------------------------
raw_engine_v1 tests passed case=join_oracle
<end of output>
Test time =   0.58 sec
----------------------------------------------------------
Test Passed.
"raw_engine_join_oracle" end time: Mar 22 15:16 KST
"raw_engine_join_oracle" time elapsed: 00:00:00
----------------------------------------------------------

12/153 Testing: raw_engine_integrate_oracle
12/153 Test: raw_engine_integrate_oracle
Command: "/Users/free_1/Library/Mobile Documents/iCloud~md~obsidian/Documents/cpp-checker/branch_2-1/raw_engine_v1_package/build-debug-phase21/tests/raw_engine_tests" "--case" "integrate_oracle"
Directory: /Users/free_1/Library/Mobile Documents/iCloud~md~obsidian/Documents/cpp-checker/branch_2-1/raw_engine_v1_package/build-debug-phase21/tests
"raw_engine_integrate_oracle" start time: Mar 22 15:16 KST
Output:
----------------------------------------------------------
raw_engine_v1 tests passed case=integrate_oracle
<end of output>
Test time =   0.38 sec
----------------------------------------------------------
Test Passed.
"raw_engine_integrate_oracle" end time: Mar 22 15:16 KST
"raw_engine_integrate_oracle" time elapsed: 00:00:00
----------------------------------------------------------

13/153 Testing: raw_engine_planner_oracle
13/153 Test: raw_engine_planner_oracle
Command: "/Users/free_1/Library/Mobile Documents/iCloud~md~obsidian/Documents/cpp-checker/branch_2-1/raw_engine_v1_package/build-debug-phase21/tests/raw_engine_tests" "--case" "planner_oracle"
Directory: /Users/free_1/Library/Mobile Documents/iCloud~md~obsidian/Documents/cpp-checker/branch_2-1/raw_engine_v1_package/build-debug-phase21/tests
"raw_engine_planner_oracle" start time: Mar 22 15:16 KST
Output:
----------------------------------------------------------
raw_engine_v1 tests passed case=planner_oracle
<end of output>
Test time =  10.10 sec
----------------------------------------------------------
Test Passed.
"raw_engine_planner_oracle" end time: Mar 22 15:16 KST
"raw_engine_planner_oracle" time elapsed: 00:00:10
----------------------------------------------------------

14/153 Testing: raw_engine_planner_oracle_fuzz
14/153 Test: raw_engine_planner_oracle_fuzz
Command: "/Users/free_1/Library/Mobile Documents/iCloud~md~obsidian/Documents/cpp-checker/branch_2-1/raw_engine_v1_package/build-debug-phase21/tests/raw_engine_tests" "--case" "planner_oracle_fuzz"
Directory: /Users/free_1/Library/Mobile Documents/iCloud~md~obsidian/Documents/cpp-checker/branch_2-1/raw_engine_v1_package/build-debug-phase21/tests
"raw_engine_planner_oracle_fuzz" start time: Mar 22 15:16 KST
Output:
----------------------------------------------------------
raw_engine_v1 tests passed case=planner_oracle_fuzz
<end of output>
Test time =   8.11 sec
----------------------------------------------------------
Test Passed.
"raw_engine_planner_oracle_fuzz" end time: Mar 22 15:16 KST
"raw_engine_planner_oracle_fuzz" time elapsed: 00:00:08
----------------------------------------------------------

15/153 Testing: raw_engine_replay_state
15/153 Test: raw_engine_replay_state
Command: "/Users/free_1/Library/Mobile Documents/iCloud~md~obsidian/Documents/cpp-checker/branch_2-1/raw_engine_v1_package/build-debug-phase21/tests/raw_engine_tests" "--case" "replay_state"
Directory: /Users/free_1/Library/Mobile Documents/iCloud~md~obsidian/Documents/cpp-checker/branch_2-1/raw_engine_v1_package/build-debug-phase21/tests
"raw_engine_replay_state" start time: Mar 22 15:16 KST
Output:
----------------------------------------------------------
FAIL_CLASS=none
FAIL_STAGE=none
FAIL_PRIMITIVE=none
FAIL_PLANNER_PHASE=none
FAIL_TARGET_OCC=4294967295
FAIL_MISMATCH=none
raw_engine_v1 tests passed case=replay_state
<end of output>
Test time =   0.01 sec
----------------------------------------------------------
Test Passed.
"raw_engine_replay_state" end time: Mar 22 15:16 KST
"raw_engine_replay_state" time elapsed: 00:00:00
----------------------------------------------------------

16/153 Testing: raw_engine_reducer_smoke
16/153 Test: raw_engine_reducer_smoke
Command: "/Users/free_1/Library/Mobile Documents/iCloud~md~obsidian/Documents/cpp-checker/branch_2-1/raw_engine_v1_package/build-debug-phase21/tests/raw_engine_tests" "--case" "reducer_smoke"
Directory: /Users/free_1/Library/Mobile Documents/iCloud~md~obsidian/Documents/cpp-checker/branch_2-1/raw_engine_v1_package/build-debug-phase21/tests
"raw_engine_reducer_smoke" start time: Mar 22 15:16 KST
Output:
----------------------------------------------------------
raw_engine_v1 tests passed case=reducer_smoke
<end of output>
Test time =   0.69 sec
----------------------------------------------------------
Test Passed.
"raw_engine_reducer_smoke" end time: Mar 22 15:16 KST
"raw_engine_reducer_smoke" time elapsed: 00:00:00
----------------------------------------------------------

17/153 Testing: raw_engine_replay_planner_state
17/153 Test: raw_engine_replay_planner_state
Command: "/Users/free_1/Library/Mobile Documents/iCloud~md~obsidian/Documents/cpp-checker/branch_2-1/raw_engine_v1_package/build-debug-phase21/tests/raw_engine_tests" "--case" "replay_planner_state"
Directory: /Users/free_1/Library/Mobile Documents/iCloud~md~obsidian/Documents/cpp-checker/branch_2-1/raw_engine_v1_package/build-debug-phase21/tests
"raw_engine_replay_planner_state" start time: Mar 22 15:16 KST
Output:
----------------------------------------------------------
FAIL_CLASS=none
FAIL_STAGE=none
FAIL_PRIMITIVE=none
FAIL_PLANNER_PHASE=none
FAIL_TARGET_OCC=4294967295
FAIL_MISMATCH=none
raw_engine_v1 tests passed case=replay_planner_state
<end of output>
Test time =   0.01 sec
----------------------------------------------------------
Test Passed.
"raw_engine_replay_planner_state" end time: Mar 22 15:16 KST
"raw_engine_replay_planner_state" time elapsed: 00:00:00
----------------------------------------------------------

18/153 Testing: raw_engine_reduce_planner_state_smoke
18/153 Test: raw_engine_reduce_planner_state_smoke
Command: "/Users/free_1/Library/Mobile Documents/iCloud~md~obsidian/Documents/cpp-checker/branch_2-1/raw_engine_v1_package/build-debug-phase21/tests/raw_engine_tests" "--case" "reduce_planner_state_smoke" "--artifact-dir" "artifacts/reduce_planner_state_smoke"
Directory: /Users/free_1/Library/Mobile Documents/iCloud~md~obsidian/Documents/cpp-checker/branch_2-1/raw_engine_v1_package/build-debug-phase21/tests
"raw_engine_reduce_planner_state_smoke" start time: Mar 22 15:16 KST
Output:
----------------------------------------------------------
raw_engine_v1 tests passed case=reduce_planner_state_smoke
<end of output>
Test time =   0.72 sec
----------------------------------------------------------
Test Passed.
"raw_engine_reduce_planner_state_smoke" end time: Mar 22 15:16 KST
"raw_engine_reduce_planner_state_smoke" time elapsed: 00:00:00
----------------------------------------------------------

19/153 Testing: raw_engine_failure_signature_smoke
19/153 Test: raw_engine_failure_signature_smoke
Command: "/Users/free_1/Library/Mobile Documents/iCloud~md~obsidian/Documents/cpp-checker/branch_2-1/raw_engine_v1_package/build-debug-phase21/tests/raw_engine_tests" "--case" "failure_signature_smoke"
Directory: /Users/free_1/Library/Mobile Documents/iCloud~md~obsidian/Documents/cpp-checker/branch_2-1/raw_engine_v1_package/build-debug-phase21/tests
"raw_engine_failure_signature_smoke" start time: Mar 22 15:16 KST
Output:
----------------------------------------------------------
raw_engine_v1 tests passed case=failure_signature_smoke
<end of output>
Test time =   0.01 sec
----------------------------------------------------------
Test Passed.
"raw_engine_failure_signature_smoke" end time: Mar 22 15:16 KST
"raw_engine_failure_signature_smoke" time elapsed: 00:00:00
----------------------------------------------------------

20/153 Testing: raw_engine_planner_failure_signature_smoke
20/153 Test: raw_engine_planner_failure_signature_smoke
Command: "/Users/free_1/Library/Mobile Documents/iCloud~md~obsidian/Documents/cpp-checker/branch_2-1/raw_engine_v1_package/build-debug-phase21/tests/raw_engine_tests" "--case" "planner_failure_signature_smoke"
Directory: /Users/free_1/Library/Mobile Documents/iCloud~md~obsidian/Documents/cpp-checker/branch_2-1/raw_engine_v1_package/build-debug-phase21/tests
"raw_engine_planner_failure_signature_smoke" start time: Mar 22 15:16 KST
Output:
----------------------------------------------------------
raw_engine_v1 tests passed case=planner_failure_signature_smoke
<end of output>
Test time =   0.01 sec
----------------------------------------------------------
Test Passed.
"raw_engine_planner_failure_signature_smoke" end time: Mar 22 15:16 KST
"raw_engine_planner_failure_signature_smoke" time elapsed: 00:00:00
----------------------------------------------------------

21/153 Testing: raw_engine_reduce_planner_state_step_budget
21/153 Test: raw_engine_reduce_planner_state_step_budget
Command: "/Users/free_1/Library/Mobile Documents/iCloud~md~obsidian/Documents/cpp-checker/branch_2-1/raw_engine_v1_package/build-debug-phase21/tests/raw_engine_tests" "--case" "reduce_planner_state_step_budget" "--artifact-dir" "artifacts/reduce_planner_state_step_budget"
Directory: /Users/free_1/Library/Mobile Documents/iCloud~md~obsidian/Documents/cpp-checker/branch_2-1/raw_engine_v1_package/build-debug-phase21/tests
"raw_engine_reduce_planner_state_step_budget" start time: Mar 22 15:16 KST
Output:
----------------------------------------------------------
raw_engine_v1 tests passed case=reduce_planner_state_step_budget
<end of output>
Test time =   2.43 sec
----------------------------------------------------------
Test Passed.
"raw_engine_reduce_planner_state_step_budget" end time: Mar 22 15:16 KST
"raw_engine_reduce_planner_state_step_budget" time elapsed: 00:00:02
----------------------------------------------------------

22/153 Testing: raw_engine_reduce_planner_state_trace_prefix
22/153 Test: raw_engine_reduce_planner_state_trace_prefix
Command: "/Users/free_1/Library/Mobile Documents/iCloud~md~obsidian/Documents/cpp-checker/branch_2-1/raw_engine_v1_package/build-debug-phase21/tests/raw_engine_tests" "--case" "reduce_planner_state_trace_prefix" "--artifact-dir" "artifacts/reduce_planner_state_trace_prefix"
Directory: /Users/free_1/Library/Mobile Documents/iCloud~md~obsidian/Documents/cpp-checker/branch_2-1/raw_engine_v1_package/build-debug-phase21/tests
"raw_engine_reduce_planner_state_trace_prefix" start time: Mar 22 15:16 KST
Output:
----------------------------------------------------------
raw_engine_v1 tests passed case=reduce_planner_state_trace_prefix
<end of output>
Test time =   0.76 sec
----------------------------------------------------------
Test Passed.
"raw_engine_reduce_planner_state_trace_prefix" end time: Mar 22 15:16 KST
"raw_engine_reduce_planner_state_trace_prefix" time elapsed: 00:00:00
----------------------------------------------------------

23/153 Testing: raw_engine_planner_oracle_fuzz_stats
23/153 Test: raw_engine_planner_oracle_fuzz_stats
Command: "/Users/free_1/Library/Mobile Documents/iCloud~md~obsidian/Documents/cpp-checker/branch_2-1/raw_engine_v1_package/build-debug-phase21/tests/raw_engine_tests" "--case" "planner_oracle_fuzz_stats"
Directory: /Users/free_1/Library/Mobile Documents/iCloud~md~obsidian/Documents/cpp-checker/branch_2-1/raw_engine_v1_package/build-debug-phase21/tests
"raw_engine_planner_oracle_fuzz_stats" start time: Mar 22 15:16 KST
Output:
----------------------------------------------------------
raw_engine_v1 tests passed case=planner_oracle_fuzz_stats
<end of output>
Test time =   1.24 sec
----------------------------------------------------------
Test Passed.
"raw_engine_planner_oracle_fuzz_stats" end time: Mar 22 15:16 KST
"raw_engine_planner_oracle_fuzz_stats" time elapsed: 00:00:01
----------------------------------------------------------

24/153 Testing: raw_engine_primitive_fault_detection_smoke
24/153 Test: raw_engine_primitive_fault_detection_smoke
Command: "/Users/free_1/Library/Mobile Documents/iCloud~md~obsidian/Documents/cpp-checker/branch_2-1/raw_engine_v1_package/build-debug-phase21/tests/raw_engine_tests" "--case" "primitive_fault_detection_smoke"
Directory: /Users/free_1/Library/Mobile Documents/iCloud~md~obsidian/Documents/cpp-checker/branch_2-1/raw_engine_v1_package/build-debug-phase21/tests
"raw_engine_primitive_fault_detection_smoke" start time: Mar 22 15:16 KST
Output:
----------------------------------------------------------
raw_engine_v1 tests passed case=primitive_fault_detection_smoke
<end of output>
Test time =   0.01 sec
----------------------------------------------------------
Test Passed.
"raw_engine_primitive_fault_detection_smoke" end time: Mar 22 15:16 KST
"raw_engine_primitive_fault_detection_smoke" time elapsed: 00:00:00
----------------------------------------------------------

25/153 Testing: raw_engine_planner_fault_detection_smoke
25/153 Test: raw_engine_planner_fault_detection_smoke
Command: "/Users/free_1/Library/Mobile Documents/iCloud~md~obsidian/Documents/cpp-checker/branch_2-1/raw_engine_v1_package/build-debug-phase21/tests/raw_engine_tests" "--case" "planner_fault_detection_smoke"
Directory: /Users/free_1/Library/Mobile Documents/iCloud~md~obsidian/Documents/cpp-checker/branch_2-1/raw_engine_v1_package/build-debug-phase21/tests
"raw_engine_planner_fault_detection_smoke" start time: Mar 22 15:16 KST
Output:
----------------------------------------------------------
raw_engine_v1 tests passed case=planner_fault_detection_smoke
<end of output>
Test time =   0.01 sec
----------------------------------------------------------
Test Passed.
"raw_engine_planner_fault_detection_smoke" end time: Mar 22 15:16 KST
"raw_engine_planner_fault_detection_smoke" time elapsed: 00:00:00
----------------------------------------------------------

26/153 Testing: raw_engine_mutation_matrix_smoke
26/153 Test: raw_engine_mutation_matrix_smoke
Command: "/Users/free_1/Library/Mobile Documents/iCloud~md~obsidian/Documents/cpp-checker/branch_2-1/raw_engine_v1_package/build-debug-phase21/tests/raw_engine_tests" "--case" "mutation_matrix_smoke"
Directory: /Users/free_1/Library/Mobile Documents/iCloud~md~obsidian/Documents/cpp-checker/branch_2-1/raw_engine_v1_package/build-debug-phase21/tests
"raw_engine_mutation_matrix_smoke" start time: Mar 22 15:16 KST
Output:
----------------------------------------------------------
raw_engine_v1 tests passed case=mutation_matrix_smoke
<end of output>
Test time =   0.02 sec
----------------------------------------------------------
Test Passed.
"raw_engine_mutation_matrix_smoke" end time: Mar 22 15:16 KST
"raw_engine_mutation_matrix_smoke" time elapsed: 00:00:00
----------------------------------------------------------

27/153 Testing: raw_engine_planner_fixpoint_idempotence
27/153 Test: raw_engine_planner_fixpoint_idempotence
Command: "/Users/free_1/Library/Mobile Documents/iCloud~md~obsidian/Documents/cpp-checker/branch_2-1/raw_engine_v1_package/build-debug-phase21/tests/raw_engine_tests" "--case" "planner_fixpoint_idempotence"
Directory: /Users/free_1/Library/Mobile Documents/iCloud~md~obsidian/Documents/cpp-checker/branch_2-1/raw_engine_v1_package/build-debug-phase21/tests
"raw_engine_planner_fixpoint_idempotence" start time: Mar 22 15:16 KST
Output:
----------------------------------------------------------
raw_engine_v1 tests passed case=planner_fixpoint_idempotence
<end of output>
Test time =   0.01 sec
----------------------------------------------------------
Test Passed.
"raw_engine_planner_fixpoint_idempotence" end time: Mar 22 15:16 KST
"raw_engine_planner_fixpoint_idempotence" time elapsed: 00:00:00
----------------------------------------------------------

28/153 Testing: raw_engine_planner_replay_determinism
28/153 Test: raw_engine_planner_replay_determinism
Command: "/Users/free_1/Library/Mobile Documents/iCloud~md~obsidian/Documents/cpp-checker/branch_2-1/raw_engine_v1_package/build-debug-phase21/tests/raw_engine_tests" "--case" "planner_replay_determinism"
Directory: /Users/free_1/Library/Mobile Documents/iCloud~md~obsidian/Documents/cpp-checker/branch_2-1/raw_engine_v1_package/build-debug-phase21/tests
"raw_engine_planner_replay_determinism" start time: Mar 22 15:16 KST
Output:
----------------------------------------------------------
raw_engine_v1 tests passed case=planner_replay_determinism
<end of output>
Test time =   0.02 sec
----------------------------------------------------------
Test Passed.
"raw_engine_planner_replay_determinism" end time: Mar 22 15:16 KST
"raw_engine_planner_replay_determinism" time elapsed: 00:00:00
----------------------------------------------------------

29/153 Testing: raw_engine_reducer_determinism_smoke
29/153 Test: raw_engine_reducer_determinism_smoke
Command: "/Users/free_1/Library/Mobile Documents/iCloud~md~obsidian/Documents/cpp-checker/branch_2-1/raw_engine_v1_package/build-debug-phase21/tests/raw_engine_tests" "--case" "reducer_determinism_smoke" "--artifact-dir" "artifacts/reducer_determinism_smoke"
Directory: /Users/free_1/Library/Mobile Documents/iCloud~md~obsidian/Documents/cpp-checker/branch_2-1/raw_engine_v1_package/build-debug-phase21/tests
"raw_engine_reducer_determinism_smoke" start time: Mar 22 15:16 KST
Output:
----------------------------------------------------------
raw_engine_v1 tests passed case=reducer_determinism_smoke
<end of output>
Test time =   1.40 sec
----------------------------------------------------------
Test Passed.
"raw_engine_reducer_determinism_smoke" end time: Mar 22 15:16 KST
"raw_engine_reducer_determinism_smoke" time elapsed: 00:00:01
----------------------------------------------------------

30/153 Testing: raw_engine_corpus_roundtrip_smoke
30/153 Test: raw_engine_corpus_roundtrip_smoke
Command: "/Users/free_1/Library/Mobile Documents/iCloud~md~obsidian/Documents/cpp-checker/branch_2-1/raw_engine_v1_package/build-debug-phase21/tests/raw_engine_tests" "--case" "corpus_roundtrip_smoke"
Directory: /Users/free_1/Library/Mobile Documents/iCloud~md~obsidian/Documents/cpp-checker/branch_2-1/raw_engine_v1_package/build-debug-phase21/tests
"raw_engine_corpus_roundtrip_smoke" start time: Mar 22 15:16 KST
Output:
----------------------------------------------------------
raw_engine_v1 tests passed case=corpus_roundtrip_smoke
<end of output>
Test time =   0.46 sec
----------------------------------------------------------
Test Passed.
"raw_engine_corpus_roundtrip_smoke" end time: Mar 22 15:16 KST
"raw_engine_corpus_roundtrip_smoke" time elapsed: 00:00:00
----------------------------------------------------------

31/153 Testing: raw_engine_corpus_replay_smoke
31/153 Test: raw_engine_corpus_replay_smoke
Command: "/Users/free_1/Library/Mobile Documents/iCloud~md~obsidian/Documents/cpp-checker/branch_2-1/raw_engine_v1_package/build-debug-phase21/tests/raw_engine_tests" "--case" "corpus_replay_smoke"
Directory: /Users/free_1/Library/Mobile Documents/iCloud~md~obsidian/Documents/cpp-checker/branch_2-1/raw_engine_v1_package/build-debug-phase21/tests
"raw_engine_corpus_replay_smoke" start time: Mar 22 15:16 KST
Output:
----------------------------------------------------------
raw_engine_v1 tests passed case=corpus_replay_smoke
<end of output>
Test time =   0.21 sec
----------------------------------------------------------
Test Passed.
"raw_engine_corpus_replay_smoke" end time: Mar 22 15:16 KST
"raw_engine_corpus_replay_smoke" time elapsed: 00:00:00
----------------------------------------------------------

32/153 Testing: raw_engine_compare_ready_lineage_smoke
32/153 Test: raw_engine_compare_ready_lineage_smoke
Command: "/Users/free_1/Library/Mobile Documents/iCloud~md~obsidian/Documents/cpp-checker/branch_2-1/raw_engine_v1_package/build-debug-phase21/tests/raw_engine_tests" "--case" "compare_ready_lineage_smoke"
Directory: /Users/free_1/Library/Mobile Documents/iCloud~md~obsidian/Documents/cpp-checker/branch_2-1/raw_engine_v1_package/build-debug-phase21/tests
"raw_engine_compare_ready_lineage_smoke" start time: Mar 22 15:16 KST
Output:
----------------------------------------------------------
raw_engine_v1 tests passed case=compare_ready_lineage_smoke
<end of output>
Test time =  96.00 sec
----------------------------------------------------------
Test Passed.
"raw_engine_compare_ready_lineage_smoke" end time: Mar 22 15:18 KST
"raw_engine_compare_ready_lineage_smoke" time elapsed: 00:01:35
----------------------------------------------------------

33/153 Testing: raw_engine_planner_tie_organic_applicability_smoke
33/153 Test: raw_engine_planner_tie_organic_applicability_smoke
Command: "/Users/free_1/Library/Mobile Documents/iCloud~md~obsidian/Documents/cpp-checker/branch_2-1/raw_engine_v1_package/build-debug-phase21/tests/raw_engine_tests" "--case" "planner_tie_organic_applicability_smoke"
Directory: /Users/free_1/Library/Mobile Documents/iCloud~md~obsidian/Documents/cpp-checker/branch_2-1/raw_engine_v1_package/build-debug-phase21/tests
"raw_engine_planner_tie_organic_applicability_smoke" start time: Mar 22 15:18 KST
Output:
----------------------------------------------------------
raw_engine_v1 tests passed case=planner_tie_organic_applicability_smoke
<end of output>
Test time =   0.08 sec
----------------------------------------------------------
Test Passed.
"raw_engine_planner_tie_organic_applicability_smoke" end time: Mar 22 15:18 KST
"raw_engine_planner_tie_organic_applicability_smoke" time elapsed: 00:00:00
----------------------------------------------------------

34/153 Testing: raw_engine_planner_tie_organic_proxy_pass_smoke
34/153 Test: raw_engine_planner_tie_organic_proxy_pass_smoke
Command: "/Users/free_1/Library/Mobile Documents/iCloud~md~obsidian/Documents/cpp-checker/branch_2-1/raw_engine_v1_package/build-debug-phase21/tests/raw_engine_tests" "--case" "planner_tie_organic_proxy_pass_smoke"
Directory: /Users/free_1/Library/Mobile Documents/iCloud~md~obsidian/Documents/cpp-checker/branch_2-1/raw_engine_v1_package/build-debug-phase21/tests
"raw_engine_planner_tie_organic_proxy_pass_smoke" start time: Mar 22 15:18 KST
Output:
----------------------------------------------------------
raw_engine_v1 tests passed case=planner_tie_organic_proxy_pass_smoke
<end of output>
Test time =   0.02 sec
----------------------------------------------------------
Test Passed.
"raw_engine_planner_tie_organic_proxy_pass_smoke" end time: Mar 22 15:18 KST
"raw_engine_planner_tie_organic_proxy_pass_smoke" time elapsed: 00:00:00
----------------------------------------------------------

35/153 Testing: raw_engine_campaign_phase16_resume_gate_smoke
35/153 Test: raw_engine_campaign_phase16_resume_gate_smoke
Command: "/Users/free_1/Library/Mobile Documents/iCloud~md~obsidian/Documents/cpp-checker/branch_2-1/raw_engine_v1_package/build-debug-phase21/tests/raw_engine_tests" "--case" "campaign_phase16_resume_gate_smoke" "--artifact-dir" "artifacts/campaign_phase16_resume_gate_smoke"
Directory: /Users/free_1/Library/Mobile Documents/iCloud~md~obsidian/Documents/cpp-checker/branch_2-1/raw_engine_v1_package/build-debug-phase21/tests
"raw_engine_campaign_phase16_resume_gate_smoke" start time: Mar 22 15:18 KST
Output:
----------------------------------------------------------
raw_engine_v1 tests passed case=campaign_phase16_resume_gate_smoke
<end of output>
Test time = 199.08 sec
----------------------------------------------------------
Test Passed.
"raw_engine_campaign_phase16_resume_gate_smoke" end time: Mar 22 15:21 KST
"raw_engine_campaign_phase16_resume_gate_smoke" time elapsed: 00:03:19
----------------------------------------------------------

36/153 Testing: raw_engine_campaign_phase16_manifest_compatibility_smoke
36/153 Test: raw_engine_campaign_phase16_manifest_compatibility_smoke
Command: "/Users/free_1/Library/Mobile Documents/iCloud~md~obsidian/Documents/cpp-checker/branch_2-1/raw_engine_v1_package/build-debug-phase21/tests/raw_engine_tests" "--case" "campaign_phase16_manifest_compatibility_smoke" "--artifact-dir" "artifacts/campaign_phase16_manifest_compatibility_smoke"
Directory: /Users/free_1/Library/Mobile Documents/iCloud~md~obsidian/Documents/cpp-checker/branch_2-1/raw_engine_v1_package/build-debug-phase21/tests
"raw_engine_campaign_phase16_manifest_compatibility_smoke" start time: Mar 22 15:21 KST
Output:
----------------------------------------------------------
raw_engine_v1 tests passed case=campaign_phase16_manifest_compatibility_smoke
<end of output>
Test time = 173.75 sec
----------------------------------------------------------
Test Passed.
"raw_engine_campaign_phase16_manifest_compatibility_smoke" end time: Mar 22 15:24 KST
"raw_engine_campaign_phase16_manifest_compatibility_smoke" time elapsed: 00:02:53
----------------------------------------------------------

37/153 Testing: raw_engine_split_choice_policy_graduation_smoke
37/153 Test: raw_engine_split_choice_policy_graduation_smoke
Command: "/Users/free_1/Library/Mobile Documents/iCloud~md~obsidian/Documents/cpp-checker/branch_2-1/raw_engine_v1_package/build-debug-phase21/tests/raw_engine_tests" "--case" "split_choice_policy_graduation_smoke"
Directory: /Users/free_1/Library/Mobile Documents/iCloud~md~obsidian/Documents/cpp-checker/branch_2-1/raw_engine_v1_package/build-debug-phase21/tests
"raw_engine_split_choice_policy_graduation_smoke" start time: Mar 22 15:24 KST
Output:
----------------------------------------------------------
raw_engine_v1 tests passed case=split_choice_policy_graduation_smoke
<end of output>
Test time =   0.01 sec
----------------------------------------------------------
Test Passed.
"raw_engine_split_choice_policy_graduation_smoke" end time: Mar 22 15:24 KST
"raw_engine_split_choice_policy_graduation_smoke" time elapsed: 00:00:00
----------------------------------------------------------

38/153 Testing: raw_engine_policy_graduation_gate_smoke
38/153 Test: raw_engine_policy_graduation_gate_smoke
Command: "/Users/free_1/Library/Mobile Documents/iCloud~md~obsidian/Documents/cpp-checker/branch_2-1/raw_engine_v1_package/build-debug-phase21/tests/raw_engine_tests" "--case" "policy_graduation_gate_smoke"
Directory: /Users/free_1/Library/Mobile Documents/iCloud~md~obsidian/Documents/cpp-checker/branch_2-1/raw_engine_v1_package/build-debug-phase21/tests
"raw_engine_policy_graduation_gate_smoke" start time: Mar 22 15:24 KST
Output:
----------------------------------------------------------
raw_engine_v1 tests passed case=policy_graduation_gate_smoke
<end of output>
Test time =   0.01 sec
----------------------------------------------------------
Test Passed.
"raw_engine_policy_graduation_gate_smoke" end time: Mar 22 15:24 KST
"raw_engine_policy_graduation_gate_smoke" time elapsed: 00:00:00
----------------------------------------------------------

39/153 Testing: raw_engine_policy_gate_manifest_smoke
39/153 Test: raw_engine_policy_gate_manifest_smoke
Command: "/Users/free_1/Library/Mobile Documents/iCloud~md~obsidian/Documents/cpp-checker/branch_2-1/raw_engine_v1_package/build-debug-phase21/tests/raw_engine_tests" "--case" "policy_gate_manifest_smoke"
Directory: /Users/free_1/Library/Mobile Documents/iCloud~md~obsidian/Documents/cpp-checker/branch_2-1/raw_engine_v1_package/build-debug-phase21/tests
"raw_engine_policy_gate_manifest_smoke" start time: Mar 22 15:24 KST
Output:
----------------------------------------------------------
raw_engine_v1 tests passed case=policy_gate_manifest_smoke
<end of output>
Test time =   0.03 sec
----------------------------------------------------------
Test Passed.
"raw_engine_policy_gate_manifest_smoke" end time: Mar 22 15:24 KST
"raw_engine_policy_gate_manifest_smoke" time elapsed: 00:00:00
----------------------------------------------------------

40/153 Testing: raw_engine_policy_baseline_promote_smoke
40/153 Test: raw_engine_policy_baseline_promote_smoke
Command: "/Users/free_1/Library/Mobile Documents/iCloud~md~obsidian/Documents/cpp-checker/branch_2-1/raw_engine_v1_package/build-debug-phase21/tests/raw_engine_tests" "--case" "policy_baseline_promote_smoke"
Directory: /Users/free_1/Library/Mobile Documents/iCloud~md~obsidian/Documents/cpp-checker/branch_2-1/raw_engine_v1_package/build-debug-phase21/tests
"raw_engine_policy_baseline_promote_smoke" start time: Mar 22 15:24 KST
Output:
----------------------------------------------------------
raw_engine_v1 tests passed case=policy_baseline_promote_smoke
<end of output>
Test time =   0.04 sec
----------------------------------------------------------
Test Passed.
"raw_engine_policy_baseline_promote_smoke" end time: Mar 22 15:24 KST
"raw_engine_policy_baseline_promote_smoke" time elapsed: 00:00:00
----------------------------------------------------------

41/153 Testing: raw_engine_policy_baseline_roundtrip_smoke
41/153 Test: raw_engine_policy_baseline_roundtrip_smoke
Command: "/Users/free_1/Library/Mobile Documents/iCloud~md~obsidian/Documents/cpp-checker/branch_2-1/raw_engine_v1_package/build-debug-phase21/tests/raw_engine_tests" "--case" "policy_baseline_roundtrip_smoke"
Directory: /Users/free_1/Library/Mobile Documents/iCloud~md~obsidian/Documents/cpp-checker/branch_2-1/raw_engine_v1_package/build-debug-phase21/tests
"raw_engine_policy_baseline_roundtrip_smoke" start time: Mar 22 15:24 KST
Output:
----------------------------------------------------------
raw_engine_v1 tests passed case=policy_baseline_roundtrip_smoke
<end of output>
Test time =   0.04 sec
----------------------------------------------------------
Test Passed.
"raw_engine_policy_baseline_roundtrip_smoke" end time: Mar 22 15:24 KST
"raw_engine_policy_baseline_roundtrip_smoke" time elapsed: 00:00:00
----------------------------------------------------------

42/153 Testing: raw_engine_policy_promote_reject_fail_smoke
42/153 Test: raw_engine_policy_promote_reject_fail_smoke
Command: "/Users/free_1/Library/Mobile Documents/iCloud~md~obsidian/Documents/cpp-checker/branch_2-1/raw_engine_v1_package/build-debug-phase21/tests/raw_engine_tests" "--case" "policy_promote_reject_fail_smoke"
Directory: /Users/free_1/Library/Mobile Documents/iCloud~md~obsidian/Documents/cpp-checker/branch_2-1/raw_engine_v1_package/build-debug-phase21/tests
"raw_engine_policy_promote_reject_fail_smoke" start time: Mar 22 15:24 KST
Output:
----------------------------------------------------------
raw_engine_v1 tests passed case=policy_promote_reject_fail_smoke
<end of output>
Test time =   0.03 sec
----------------------------------------------------------
Test Passed.
"raw_engine_policy_promote_reject_fail_smoke" end time: Mar 22 15:24 KST
"raw_engine_policy_promote_reject_fail_smoke" time elapsed: 00:00:00
----------------------------------------------------------

43/153 Testing: raw_engine_policy_refresh_smoke
43/153 Test: raw_engine_policy_refresh_smoke
Command: "/Users/free_1/Library/Mobile Documents/iCloud~md~obsidian/Documents/cpp-checker/branch_2-1/raw_engine_v1_package/build-debug-phase21/tests/raw_engine_tests" "--case" "policy_refresh_smoke"
Directory: /Users/free_1/Library/Mobile Documents/iCloud~md~obsidian/Documents/cpp-checker/branch_2-1/raw_engine_v1_package/build-debug-phase21/tests
"raw_engine_policy_refresh_smoke" start time: Mar 22 15:24 KST
Output:
----------------------------------------------------------
raw_engine_v1 tests passed case=policy_refresh_smoke
<end of output>
Test time =   0.05 sec
----------------------------------------------------------
Test Passed.
"raw_engine_policy_refresh_smoke" end time: Mar 22 15:24 KST
"raw_engine_policy_refresh_smoke" time elapsed: 00:00:00
----------------------------------------------------------

44/153 Testing: raw_engine_policy_refresh_against_promoted_baseline_smoke
44/153 Test: raw_engine_policy_refresh_against_promoted_baseline_smoke
Command: "/Users/free_1/Library/Mobile Documents/iCloud~md~obsidian/Documents/cpp-checker/branch_2-1/raw_engine_v1_package/build-debug-phase21/tests/raw_engine_tests" "--case" "policy_refresh_against_promoted_baseline_smoke"
Directory: /Users/free_1/Library/Mobile Documents/iCloud~md~obsidian/Documents/cpp-checker/branch_2-1/raw_engine_v1_package/build-debug-phase21/tests
"raw_engine_policy_refresh_against_promoted_baseline_smoke" start time: Mar 22 15:24 KST
Output:
----------------------------------------------------------
raw_engine_v1 tests passed case=policy_refresh_against_promoted_baseline_smoke
<end of output>
Test time =   0.05 sec
----------------------------------------------------------
Test Passed.
"raw_engine_policy_refresh_against_promoted_baseline_smoke" end time: Mar 22 15:24 KST
"raw_engine_policy_refresh_against_promoted_baseline_smoke" time elapsed: 00:00:00
----------------------------------------------------------

45/153 Testing: raw_engine_policy_refresh_family_filter_smoke
45/153 Test: raw_engine_policy_refresh_family_filter_smoke
Command: "/Users/free_1/Library/Mobile Documents/iCloud~md~obsidian/Documents/cpp-checker/branch_2-1/raw_engine_v1_package/build-debug-phase21/tests/raw_engine_tests" "--case" "policy_refresh_family_filter_smoke"
Directory: /Users/free_1/Library/Mobile Documents/iCloud~md~obsidian/Documents/cpp-checker/branch_2-1/raw_engine_v1_package/build-debug-phase21/tests
"raw_engine_policy_refresh_family_filter_smoke" start time: Mar 22 15:24 KST
Output:
----------------------------------------------------------
raw_engine_v1 tests passed case=policy_refresh_family_filter_smoke
<end of output>
Test time =   0.05 sec
----------------------------------------------------------
Test Passed.
"raw_engine_policy_refresh_family_filter_smoke" end time: Mar 22 15:24 KST
"raw_engine_policy_refresh_family_filter_smoke" time elapsed: 00:00:00
----------------------------------------------------------

46/153 Testing: raw_engine_policy_refresh_freshness_only_smoke
46/153 Test: raw_engine_policy_refresh_freshness_only_smoke
Command: "/Users/free_1/Library/Mobile Documents/iCloud~md~obsidian/Documents/cpp-checker/branch_2-1/raw_engine_v1_package/build-debug-phase21/tests/raw_engine_tests" "--case" "policy_refresh_freshness_only_smoke"
Directory: /Users/free_1/Library/Mobile Documents/iCloud~md~obsidian/Documents/cpp-checker/branch_2-1/raw_engine_v1_package/build-debug-phase21/tests
"raw_engine_policy_refresh_freshness_only_smoke" start time: Mar 22 15:24 KST
Output:
----------------------------------------------------------
raw_engine_v1 tests passed case=policy_refresh_freshness_only_smoke
<end of output>
Test time =   0.05 sec
----------------------------------------------------------
Test Passed.
"raw_engine_policy_refresh_freshness_only_smoke" end time: Mar 22 15:24 KST
"raw_engine_policy_refresh_freshness_only_smoke" time elapsed: 00:00:00
----------------------------------------------------------

47/153 Testing: raw_engine_policy_refresh_stale_hash_smoke
47/153 Test: raw_engine_policy_refresh_stale_hash_smoke
Command: "/Users/free_1/Library/Mobile Documents/iCloud~md~obsidian/Documents/cpp-checker/branch_2-1/raw_engine_v1_package/build-debug-phase21/tests/raw_engine_tests" "--case" "policy_refresh_stale_hash_smoke"
Directory: /Users/free_1/Library/Mobile Documents/iCloud~md~obsidian/Documents/cpp-checker/branch_2-1/raw_engine_v1_package/build-debug-phase21/tests
"raw_engine_policy_refresh_stale_hash_smoke" start time: Mar 22 15:24 KST
Output:
----------------------------------------------------------
raw_engine_v1 tests passed case=policy_refresh_stale_hash_smoke
<end of output>
Test time =   0.07 sec
----------------------------------------------------------
Test Passed.
"raw_engine_policy_refresh_stale_hash_smoke" end time: Mar 22 15:24 KST
"raw_engine_policy_refresh_stale_hash_smoke" time elapsed: 00:00:00
----------------------------------------------------------

48/153 Testing: raw_engine_policy_refresh_compare_engine_hash_smoke
48/153 Test: raw_engine_policy_refresh_compare_engine_hash_smoke
Command: "/Users/free_1/Library/Mobile Documents/iCloud~md~obsidian/Documents/cpp-checker/branch_2-1/raw_engine_v1_package/build-debug-phase21/tests/raw_engine_tests" "--case" "policy_refresh_compare_engine_hash_smoke"
Directory: /Users/free_1/Library/Mobile Documents/iCloud~md~obsidian/Documents/cpp-checker/branch_2-1/raw_engine_v1_package/build-debug-phase21/tests
"raw_engine_policy_refresh_compare_engine_hash_smoke" start time: Mar 22 15:24 KST
Output:
----------------------------------------------------------
raw_engine_v1 tests passed case=policy_refresh_compare_engine_hash_smoke
<end of output>
Test time =   0.07 sec
----------------------------------------------------------
Test Passed.
"raw_engine_policy_refresh_compare_engine_hash_smoke" end time: Mar 22 15:24 KST
"raw_engine_policy_refresh_compare_engine_hash_smoke" time elapsed: 00:00:00
----------------------------------------------------------

49/153 Testing: raw_engine_policy_refresh_generator_hash_smoke
49/153 Test: raw_engine_policy_refresh_generator_hash_smoke
Command: "/Users/free_1/Library/Mobile Documents/iCloud~md~obsidian/Documents/cpp-checker/branch_2-1/raw_engine_v1_package/build-debug-phase21/tests/raw_engine_tests" "--case" "policy_refresh_generator_hash_smoke"
Directory: /Users/free_1/Library/Mobile Documents/iCloud~md~obsidian/Documents/cpp-checker/branch_2-1/raw_engine_v1_package/build-debug-phase21/tests
"raw_engine_policy_refresh_generator_hash_smoke" start time: Mar 22 15:24 KST
Output:
----------------------------------------------------------
raw_engine_v1 tests passed case=policy_refresh_generator_hash_smoke
<end of output>
Test time =   0.07 sec
----------------------------------------------------------
Test Passed.
"raw_engine_policy_refresh_generator_hash_smoke" end time: Mar 22 15:24 KST
"raw_engine_policy_refresh_generator_hash_smoke" time elapsed: 00:00:00
----------------------------------------------------------

50/153 Testing: raw_engine_policy_refresh_campaign_config_hash_smoke
50/153 Test: raw_engine_policy_refresh_campaign_config_hash_smoke
Command: "/Users/free_1/Library/Mobile Documents/iCloud~md~obsidian/Documents/cpp-checker/branch_2-1/raw_engine_v1_package/build-debug-phase21/tests/raw_engine_tests" "--case" "policy_refresh_campaign_config_hash_smoke"
Directory: /Users/free_1/Library/Mobile Documents/iCloud~md~obsidian/Documents/cpp-checker/branch_2-1/raw_engine_v1_package/build-debug-phase21/tests
"raw_engine_policy_refresh_campaign_config_hash_smoke" start time: Mar 22 15:24 KST
Output:
----------------------------------------------------------
raw_engine_v1 tests passed case=policy_refresh_campaign_config_hash_smoke
<end of output>
Test time =   0.07 sec
----------------------------------------------------------
Test Passed.
"raw_engine_policy_refresh_campaign_config_hash_smoke" end time: Mar 22 15:24 KST
"raw_engine_policy_refresh_campaign_config_hash_smoke" time elapsed: 00:00:00
----------------------------------------------------------

51/153 Testing: raw_engine_policy_gate_family_filter_smoke
51/153 Test: raw_engine_policy_gate_family_filter_smoke
Command: "/Users/free_1/Library/Mobile Documents/iCloud~md~obsidian/Documents/cpp-checker/branch_2-1/raw_engine_v1_package/build-debug-phase21/tests/raw_engine_tests" "--case" "policy_gate_family_filter_smoke"
Directory: /Users/free_1/Library/Mobile Documents/iCloud~md~obsidian/Documents/cpp-checker/branch_2-1/raw_engine_v1_package/build-debug-phase21/tests
"raw_engine_policy_gate_family_filter_smoke" start time: Mar 22 15:24 KST
Output:
----------------------------------------------------------
raw_engine_v1 tests passed case=policy_gate_family_filter_smoke
<end of output>
Test time =   0.03 sec
----------------------------------------------------------
Test Passed.
"raw_engine_policy_gate_family_filter_smoke" end time: Mar 22 15:24 KST
"raw_engine_policy_gate_family_filter_smoke" time elapsed: 00:00:00
----------------------------------------------------------

52/153 Testing: raw_engine_policy_gate_non_applicable_smoke
52/153 Test: raw_engine_policy_gate_non_applicable_smoke
Command: "/Users/free_1/Library/Mobile Documents/iCloud~md~obsidian/Documents/cpp-checker/branch_2-1/raw_engine_v1_package/build-debug-phase21/tests/raw_engine_tests" "--case" "policy_gate_non_applicable_smoke"
Directory: /Users/free_1/Library/Mobile Documents/iCloud~md~obsidian/Documents/cpp-checker/branch_2-1/raw_engine_v1_package/build-debug-phase21/tests
"raw_engine_policy_gate_non_applicable_smoke" start time: Mar 22 15:24 KST
Output:
----------------------------------------------------------
raw_engine_v1 tests passed case=policy_gate_non_applicable_smoke
<end of output>
Test time =   0.01 sec
----------------------------------------------------------
Test Passed.
"raw_engine_policy_gate_non_applicable_smoke" end time: Mar 22 15:24 KST
"raw_engine_policy_gate_non_applicable_smoke" time elapsed: 00:00:00
----------------------------------------------------------

53/153 Testing: raw_engine_policy_gate_non_applicable_drift_smoke
53/153 Test: raw_engine_policy_gate_non_applicable_drift_smoke
Command: "/Users/free_1/Library/Mobile Documents/iCloud~md~obsidian/Documents/cpp-checker/branch_2-1/raw_engine_v1_package/build-debug-phase21/tests/raw_engine_tests" "--case" "policy_gate_non_applicable_drift_smoke"
Directory: /Users/free_1/Library/Mobile Documents/iCloud~md~obsidian/Documents/cpp-checker/branch_2-1/raw_engine_v1_package/build-debug-phase21/tests
"raw_engine_policy_gate_non_applicable_drift_smoke" start time: Mar 22 15:24 KST
Output:
----------------------------------------------------------
raw_engine_v1 tests passed case=policy_gate_non_applicable_drift_smoke
<end of output>
Test time =   0.05 sec
----------------------------------------------------------
Test Passed.
"raw_engine_policy_gate_non_applicable_drift_smoke" end time: Mar 22 15:24 KST
"raw_engine_policy_gate_non_applicable_drift_smoke" time elapsed: 00:00:00
----------------------------------------------------------

54/153 Testing: raw_engine_planner_tie_organic_applicability_drift_smoke
54/153 Test: raw_engine_planner_tie_organic_applicability_drift_smoke
Command: "/Users/free_1/Library/Mobile Documents/iCloud~md~obsidian/Documents/cpp-checker/branch_2-1/raw_engine_v1_package/build-debug-phase21/tests/raw_engine_tests" "--case" "planner_tie_organic_applicability_drift_smoke"
Directory: /Users/free_1/Library/Mobile Documents/iCloud~md~obsidian/Documents/cpp-checker/branch_2-1/raw_engine_v1_package/build-debug-phase21/tests
"raw_engine_planner_tie_organic_applicability_drift_smoke" start time: Mar 22 15:24 KST
Output:
----------------------------------------------------------
raw_engine_v1 tests passed case=planner_tie_organic_applicability_drift_smoke
<end of output>
Test time =   0.01 sec
----------------------------------------------------------
Test Passed.
"raw_engine_planner_tie_organic_applicability_drift_smoke" end time: Mar 22 15:24 KST
"raw_engine_planner_tie_organic_applicability_drift_smoke" time elapsed: 00:00:00
----------------------------------------------------------

55/153 Testing: raw_engine_planner_tie_organic_reclassify_trigger_smoke
55/153 Test: raw_engine_planner_tie_organic_reclassify_trigger_smoke
Command: "/Users/free_1/Library/Mobile Documents/iCloud~md~obsidian/Documents/cpp-checker/branch_2-1/raw_engine_v1_package/build-debug-phase21/tests/raw_engine_tests" "--case" "planner_tie_organic_reclassify_trigger_smoke"
Directory: /Users/free_1/Library/Mobile Documents/iCloud~md~obsidian/Documents/cpp-checker/branch_2-1/raw_engine_v1_package/build-debug-phase21/tests
"raw_engine_planner_tie_organic_reclassify_trigger_smoke" start time: Mar 22 15:24 KST
Output:
----------------------------------------------------------
raw_engine_v1 tests passed case=planner_tie_organic_reclassify_trigger_smoke
<end of output>
Test time =   0.05 sec
----------------------------------------------------------
Test Passed.
"raw_engine_planner_tie_organic_reclassify_trigger_smoke" end time: Mar 22 15:24 KST
"raw_engine_planner_tie_organic_reclassify_trigger_smoke" time elapsed: 00:00:00
----------------------------------------------------------

56/153 Testing: raw_engine_policy_reclassify_non_applicable_smoke
56/153 Test: raw_engine_policy_reclassify_non_applicable_smoke
Command: "/Users/free_1/Library/Mobile Documents/iCloud~md~obsidian/Documents/cpp-checker/branch_2-1/raw_engine_v1_package/build-debug-phase21/tests/raw_engine_tests" "--case" "policy_reclassify_non_applicable_smoke"
Directory: /Users/free_1/Library/Mobile Documents/iCloud~md~obsidian/Documents/cpp-checker/branch_2-1/raw_engine_v1_package/build-debug-phase21/tests
"raw_engine_policy_reclassify_non_applicable_smoke" start time: Mar 22 15:24 KST
Output:
----------------------------------------------------------
raw_engine_v1 tests passed case=policy_reclassify_non_applicable_smoke
<end of output>
Test time =   0.07 sec
----------------------------------------------------------
Test Passed.
"raw_engine_policy_reclassify_non_applicable_smoke" end time: Mar 22 15:24 KST
"raw_engine_policy_reclassify_non_applicable_smoke" time elapsed: 00:00:00
----------------------------------------------------------

57/153 Testing: raw_engine_compare_ready_lineage_gate_smoke
57/153 Test: raw_engine_compare_ready_lineage_gate_smoke
Command: "/Users/free_1/Library/Mobile Documents/iCloud~md~obsidian/Documents/cpp-checker/branch_2-1/raw_engine_v1_package/build-debug-phase21/tests/raw_engine_tests" "--case" "compare_ready_lineage_gate_smoke"
Directory: /Users/free_1/Library/Mobile Documents/iCloud~md~obsidian/Documents/cpp-checker/branch_2-1/raw_engine_v1_package/build-debug-phase21/tests
"raw_engine_compare_ready_lineage_gate_smoke" start time: Mar 22 15:24 KST
Output:
----------------------------------------------------------
raw_engine_v1 tests passed case=compare_ready_lineage_gate_smoke
<end of output>
Test time =   0.01 sec
----------------------------------------------------------
Test Passed.
"raw_engine_compare_ready_lineage_gate_smoke" end time: Mar 22 15:24 KST
"raw_engine_compare_ready_lineage_gate_smoke" time elapsed: 00:00:00
----------------------------------------------------------

58/153 Testing: raw_engine_compare_ready_not_counted_as_pass_smoke
58/153 Test: raw_engine_compare_ready_not_counted_as_pass_smoke
Command: "/Users/free_1/Library/Mobile Documents/iCloud~md~obsidian/Documents/cpp-checker/branch_2-1/raw_engine_v1_package/build-debug-phase21/tests/raw_engine_tests" "--case" "compare_ready_not_counted_as_pass_smoke"
Directory: /Users/free_1/Library/Mobile Documents/iCloud~md~obsidian/Documents/cpp-checker/branch_2-1/raw_engine_v1_package/build-debug-phase21/tests
"raw_engine_compare_ready_not_counted_as_pass_smoke" start time: Mar 22 15:24 KST
Output:
----------------------------------------------------------
raw_engine_v1 tests passed case=compare_ready_not_counted_as_pass_smoke
<end of output>
Test time =   0.01 sec
----------------------------------------------------------
Test Passed.
"raw_engine_compare_ready_not_counted_as_pass_smoke" end time: Mar 22 15:24 KST
"raw_engine_compare_ready_not_counted_as_pass_smoke" time elapsed: 00:00:00
----------------------------------------------------------

59/153 Testing: raw_engine_policy_gate_diagnostic_only_smoke
59/153 Test: raw_engine_policy_gate_diagnostic_only_smoke
Command: "/Users/free_1/Library/Mobile Documents/iCloud~md~obsidian/Documents/cpp-checker/branch_2-1/raw_engine_v1_package/build-debug-phase21/tests/raw_engine_tests" "--case" "policy_gate_diagnostic_only_smoke"
Directory: /Users/free_1/Library/Mobile Documents/iCloud~md~obsidian/Documents/cpp-checker/branch_2-1/raw_engine_v1_package/build-debug-phase21/tests
"raw_engine_policy_gate_diagnostic_only_smoke" start time: Mar 22 15:24 KST
Output:
----------------------------------------------------------
raw_engine_v1 tests passed case=policy_gate_diagnostic_only_smoke
<end of output>
Test time =   0.08 sec
----------------------------------------------------------
Test Passed.
"raw_engine_policy_gate_diagnostic_only_smoke" end time: Mar 22 15:24 KST
"raw_engine_policy_gate_diagnostic_only_smoke" time elapsed: 00:00:00
----------------------------------------------------------

60/153 Testing: raw_engine_compare_ready_not_promoted_smoke
60/153 Test: raw_engine_compare_ready_not_promoted_smoke
Command: "/Users/free_1/Library/Mobile Documents/iCloud~md~obsidian/Documents/cpp-checker/branch_2-1/raw_engine_v1_package/build-debug-phase21/tests/raw_engine_tests" "--case" "compare_ready_not_promoted_smoke"
Directory: /Users/free_1/Library/Mobile Documents/iCloud~md~obsidian/Documents/cpp-checker/branch_2-1/raw_engine_v1_package/build-debug-phase21/tests
"raw_engine_compare_ready_not_promoted_smoke" start time: Mar 22 15:24 KST
Output:
----------------------------------------------------------
raw_engine_v1 tests passed case=compare_ready_not_promoted_smoke
<end of output>
Test time =   0.07 sec
----------------------------------------------------------
Test Passed.
"raw_engine_compare_ready_not_promoted_smoke" end time: Mar 22 15:24 KST
"raw_engine_compare_ready_not_promoted_smoke" time elapsed: 00:00:00
----------------------------------------------------------

61/153 Testing: raw_engine_policy_reject_diagnostic_promotion_smoke
61/153 Test: raw_engine_policy_reject_diagnostic_promotion_smoke
Command: "/Users/free_1/Library/Mobile Documents/iCloud~md~obsidian/Documents/cpp-checker/branch_2-1/raw_engine_v1_package/build-debug-phase21/tests/raw_engine_tests" "--case" "policy_reject_diagnostic_promotion_smoke"
Directory: /Users/free_1/Library/Mobile Documents/iCloud~md~obsidian/Documents/cpp-checker/branch_2-1/raw_engine_v1_package/build-debug-phase21/tests
"raw_engine_policy_reject_diagnostic_promotion_smoke" start time: Mar 22 15:24 KST
Output:
----------------------------------------------------------
raw_engine_v1 tests passed case=policy_reject_diagnostic_promotion_smoke
<end of output>
Test time =   0.07 sec
----------------------------------------------------------
Test Passed.
"raw_engine_policy_reject_diagnostic_promotion_smoke" end time: Mar 22 15:24 KST
"raw_engine_policy_reject_diagnostic_promotion_smoke" time elapsed: 00:00:00
----------------------------------------------------------

62/153 Testing: raw_engine_policy_gate_nightly_smoke
62/153 Test: raw_engine_policy_gate_nightly_smoke
Command: "/Users/free_1/Library/Mobile Documents/iCloud~md~obsidian/Documents/cpp-checker/branch_2-1/raw_engine_v1_package/build-debug-phase21/tests/raw_engine_tests" "--case" "policy_gate_nightly_smoke"
Directory: /Users/free_1/Library/Mobile Documents/iCloud~md~obsidian/Documents/cpp-checker/branch_2-1/raw_engine_v1_package/build-debug-phase21/tests
"raw_engine_policy_gate_nightly_smoke" start time: Mar 22 15:24 KST
Output:
----------------------------------------------------------
raw_engine_tests error: policy gate nightly smoke expected satisfied manifest
Usage: raw_engine_tests [options]
  --case <name>
  --seed <u32>
  --iters <int>
  --repro-file <path>
  --state-file <path>
  --primitive isolate|split|join|integrate
  --target-occ <id>
  --keep-occ <csv>
  --artifact-dir <path>
  --artifact-root <path>
  --save-corpus <dir>
  --load-corpus <dir>
  --corpus-policy best|append|replace
  --campaign-config <json|txt>
  --checkpoint-dir <path>
  --checkpoint-every <N>
  --resume-from <path>
  --max-wall-seconds <sec>
  --target-compared-states <N>
  --target-eligible-states <N>
  --target-lineage-samples <N>
  --target-applicability-confidence <0..1>
  --stop-when-gate-passes
  --max-partial-runs <N>
  --stop-after-checkpoint
  --policy-manifest <path>
  --source-manifest <path>
  --baseline-manifest <path>
  --baseline-out <path>
  --baseline-tag <string>
  --current-manifest <path>
  --refresh-manifest <path>
  --gate-family <name>
  --gate-strict
  --gate-output <path>
  --rerun-plan <path>
  --plan-out <path>
  --emit-summary <path>
  --freshness-only
  --revalidate-families <csv>
  --family-filter <csv>
  --mark-stale-on-hash-change
  --allow-stale
  --strict-refresh
  --allow-empty-plan
  --require-acceptable-status
  --freeze-provenance
  --include-diagnostic
  --include-non-applicable
  --synthetic-hash-drift <planner_semantics_hash|generator_family_hash|compare_engine_hash|campaign_config_hash>
  --synthetic-applicability-drift <family>
  --synthetic-diagnostic-promotion <family>
  --max-real <N>
  --max-occ <N>
  --max-edges <N>
  --max-components <N>
  --max-hosted-occ <N>
  --max-states <N>
  --collision-spot-checks <N>
  --max-split-pair-candidates <N>
  --max-split-choice-eval <N>
  --exact-canonical-cap <N>
  --exact-canonical-sample-rate <N>
  --exact-audit-sample-rate <N>
  --exact-audit-budget <N>
  --exact-audit-family <scenario-family>
  --split-choice-policy fast|exact_shadow|exact_full (default: exact_shadow)
  --compare-against none|exact_full
  --compare-sample-rate <double>
  --compare-budget <N>
  --dedupe-canonical
  --family split_ready|join_ready|integrate_ready|mixed|split_tie_ready|split_tie_structural|planner_tie_mixed|split_tie_symmetric_large|planner_tie_mixed_symmetric|canonical_collision_probe|split_tie_organic_symmetric|planner_tie_mixed_organic|automorphism_probe_large|all
  --stats
  --stats-file <path>
  --fuzz-mode random|weighted_split_heavy|weighted_join_heavy|weighted_integrate_heavy|artifact_heavy|multiedge_heavy|split_ready|split_with_boundary_artifact|split_with_keepOcc_sibling|split_with_join_and_integrate|planner_mixed_targeted|join_ready|integrate_ready|planner_mixed_structural|split_tie_ready|split_tie_structural|planner_tie_mixed|split_tie_symmetric_large|planner_tie_mixed_symmetric|canonical_collision_probe|split_tie_organic_symmetric|planner_tie_mixed_organic|planner_tie_mixed_organic_compare_ready|automorphism_probe_large
  --weight-profile random|weighted_split_heavy|weighted_join_heavy|weighted_integrate_heavy|artifact_heavy|multiedge_heavy
  --precondition-bias-profile default|balanced|split_heavy|join_heavy|integrate_heavy|artifact_heavy|structural
  --bias-split <0..8>
  --bias-join <0..8>
  --bias-integrate <0..8>
  --scenario-family random|split_ready|split_with_boundary_artifact|split_with_keepOcc_sibling|split_with_join_and_integrate|planner_mixed_targeted|join_ready|integrate_ready|planner_mixed_structural|split_tie_ready|split_tie_structural|planner_tie_mixed|split_tie_symmetric_large|planner_tie_mixed_symmetric|canonical_collision_probe|split_tie_organic_symmetric|planner_tie_mixed_organic|planner_tie_mixed_organic_compare_ready|automorphism_probe_large
  --max-artifacts <N>
  --keep-only-failures
  --trace-level none|summary|full
  --compress-artifacts
  --step-budget <size_t>
  --repeat <int>
  --dump-on-fail
  --oracle [primitive|planner|all]
  --dump-trace
  --reduce
  --verbose
  --help
<end of output>
Test time =   0.03 sec
----------------------------------------------------------
Test Failed.
"raw_engine_policy_gate_nightly_smoke" end time: Mar 22 15:24 KST
"raw_engine_policy_gate_nightly_smoke" time elapsed: 00:00:00
----------------------------------------------------------

63/153 Testing: raw_engine_policy_refresh_nightly_smoke
63/153 Test: raw_engine_policy_refresh_nightly_smoke
Command: "/Users/free_1/Library/Mobile Documents/iCloud~md~obsidian/Documents/cpp-checker/branch_2-1/raw_engine_v1_package/build-debug-phase21/tests/raw_engine_tests" "--case" "policy_refresh_nightly_smoke"
Directory: /Users/free_1/Library/Mobile Documents/iCloud~md~obsidian/Documents/cpp-checker/branch_2-1/raw_engine_v1_package/build-debug-phase21/tests
"raw_engine_policy_refresh_nightly_smoke" start time: Mar 22 15:24 KST
Output:
----------------------------------------------------------
raw_engine_tests error: policy refresh nightly smoke expected fresh manifest
Usage: raw_engine_tests [options]
  --case <name>
  --seed <u32>
  --iters <int>
  --repro-file <path>
  --state-file <path>
  --primitive isolate|split|join|integrate
  --target-occ <id>
  --keep-occ <csv>
  --artifact-dir <path>
  --artifact-root <path>
  --save-corpus <dir>
  --load-corpus <dir>
  --corpus-policy best|append|replace
  --campaign-config <json|txt>
  --checkpoint-dir <path>
  --checkpoint-every <N>
  --resume-from <path>
  --max-wall-seconds <sec>
  --target-compared-states <N>
  --target-eligible-states <N>
  --target-lineage-samples <N>
  --target-applicability-confidence <0..1>
  --stop-when-gate-passes
  --max-partial-runs <N>
  --stop-after-checkpoint
  --policy-manifest <path>
  --source-manifest <path>
  --baseline-manifest <path>
  --baseline-out <path>
  --baseline-tag <string>
  --current-manifest <path>
  --refresh-manifest <path>
  --gate-family <name>
  --gate-strict
  --gate-output <path>
  --rerun-plan <path>
  --plan-out <path>
  --emit-summary <path>
  --freshness-only
  --revalidate-families <csv>
  --family-filter <csv>
  --mark-stale-on-hash-change
  --allow-stale
  --strict-refresh
  --allow-empty-plan
  --require-acceptable-status
  --freeze-provenance
  --include-diagnostic
  --include-non-applicable
  --synthetic-hash-drift <planner_semantics_hash|generator_family_hash|compare_engine_hash|campaign_config_hash>
  --synthetic-applicability-drift <family>
  --synthetic-diagnostic-promotion <family>
  --max-real <N>
  --max-occ <N>
  --max-edges <N>
  --max-components <N>
  --max-hosted-occ <N>
  --max-states <N>
  --collision-spot-checks <N>
  --max-split-pair-candidates <N>
  --max-split-choice-eval <N>
  --exact-canonical-cap <N>
  --exact-canonical-sample-rate <N>
  --exact-audit-sample-rate <N>
  --exact-audit-budget <N>
  --exact-audit-family <scenario-family>
  --split-choice-policy fast|exact_shadow|exact_full (default: exact_shadow)
  --compare-against none|exact_full
  --compare-sample-rate <double>
  --compare-budget <N>
  --dedupe-canonical
  --family split_ready|join_ready|integrate_ready|mixed|split_tie_ready|split_tie_structural|planner_tie_mixed|split_tie_symmetric_large|planner_tie_mixed_symmetric|canonical_collision_probe|split_tie_organic_symmetric|planner_tie_mixed_organic|automorphism_probe_large|all
  --stats
  --stats-file <path>
  --fuzz-mode random|weighted_split_heavy|weighted_join_heavy|weighted_integrate_heavy|artifact_heavy|multiedge_heavy|split_ready|split_with_boundary_artifact|split_with_keepOcc_sibling|split_with_join_and_integrate|planner_mixed_targeted|join_ready|integrate_ready|planner_mixed_structural|split_tie_ready|split_tie_structural|planner_tie_mixed|split_tie_symmetric_large|planner_tie_mixed_symmetric|canonical_collision_probe|split_tie_organic_symmetric|planner_tie_mixed_organic|planner_tie_mixed_organic_compare_ready|automorphism_probe_large
  --weight-profile random|weighted_split_heavy|weighted_join_heavy|weighted_integrate_heavy|artifact_heavy|multiedge_heavy
  --precondition-bias-profile default|balanced|split_heavy|join_heavy|integrate_heavy|artifact_heavy|structural
  --bias-split <0..8>
  --bias-join <0..8>
  --bias-integrate <0..8>
  --scenario-family random|split_ready|split_with_boundary_artifact|split_with_keepOcc_sibling|split_with_join_and_integrate|planner_mixed_targeted|join_ready|integrate_ready|planner_mixed_structural|split_tie_ready|split_tie_structural|planner_tie_mixed|split_tie_symmetric_large|planner_tie_mixed_symmetric|canonical_collision_probe|split_tie_organic_symmetric|planner_tie_mixed_organic|planner_tie_mixed_organic_compare_ready|automorphism_probe_large
  --max-artifacts <N>
  --keep-only-failures
  --trace-level none|summary|full
  --compress-artifacts
  --step-budget <size_t>
  --repeat <int>
  --dump-on-fail
  --oracle [primitive|planner|all]
  --dump-trace
  --reduce
  --verbose
  --help
<end of output>
Test time =   0.05 sec
----------------------------------------------------------
Test Failed.
"raw_engine_policy_refresh_nightly_smoke" end time: Mar 22 15:24 KST
"raw_engine_policy_refresh_nightly_smoke" time elapsed: 00:00:00
----------------------------------------------------------

64/153 Testing: raw_engine_manifest_roundtrip_smoke
64/153 Test: raw_engine_manifest_roundtrip_smoke
Command: "/Users/free_1/Library/Mobile Documents/iCloud~md~obsidian/Documents/cpp-checker/branch_2-1/raw_engine_v1_package/build-debug-phase21/tests/raw_engine_tests" "--case" "manifest_roundtrip_smoke"
Directory: /Users/free_1/Library/Mobile Documents/iCloud~md~obsidian/Documents/cpp-checker/branch_2-1/raw_engine_v1_package/build-debug-phase21/tests
"raw_engine_manifest_roundtrip_smoke" start time: Mar 22 15:24 KST
Output:
----------------------------------------------------------
raw_engine_v1 tests passed case=manifest_roundtrip_smoke
<end of output>
Test time =   0.03 sec
----------------------------------------------------------
Test Passed.
"raw_engine_manifest_roundtrip_smoke" end time: Mar 22 15:24 KST
"raw_engine_manifest_roundtrip_smoke" time elapsed: 00:00:00
----------------------------------------------------------

65/153 Testing: raw_engine_evidence_bundle_smoke
65/153 Test: raw_engine_evidence_bundle_smoke
Command: "/Users/free_1/Library/Mobile Documents/iCloud~md~obsidian/Documents/cpp-checker/branch_2-1/raw_engine_v1_package/build-debug-phase21/tests/raw_engine_tests" "--case" "evidence_bundle_smoke"
Directory: /Users/free_1/Library/Mobile Documents/iCloud~md~obsidian/Documents/cpp-checker/branch_2-1/raw_engine_v1_package/build-debug-phase21/tests
"raw_engine_evidence_bundle_smoke" start time: Mar 22 15:24 KST
Output:
----------------------------------------------------------
/Users/free_1/Library/Mobile Documents/iCloud~md~obsidian/Documents/cpp-checker/branch_2-1/raw_engine_v1_package/build-debug-phase21/tests/artifacts/evidence_bundle_smoke/raw_engine_phase19_stabilization.zip
raw_engine_v1 tests passed case=evidence_bundle_smoke
<end of output>
Test time =   0.27 sec
----------------------------------------------------------
Test Passed.
"raw_engine_evidence_bundle_smoke" end time: Mar 22 15:24 KST
"raw_engine_evidence_bundle_smoke" time elapsed: 00:00:00
----------------------------------------------------------

66/153 Testing: raw_engine_evidence_bundle_manifest_freshness_smoke
66/153 Test: raw_engine_evidence_bundle_manifest_freshness_smoke
Command: "/Users/free_1/Library/Mobile Documents/iCloud~md~obsidian/Documents/cpp-checker/branch_2-1/raw_engine_v1_package/build-debug-phase21/tests/raw_engine_tests" "--case" "evidence_bundle_manifest_freshness_smoke"
Directory: /Users/free_1/Library/Mobile Documents/iCloud~md~obsidian/Documents/cpp-checker/branch_2-1/raw_engine_v1_package/build-debug-phase21/tests
"raw_engine_evidence_bundle_manifest_freshness_smoke" start time: Mar 22 15:24 KST
Output:
----------------------------------------------------------
/Users/free_1/Library/Mobile Documents/iCloud~md~obsidian/Documents/cpp-checker/branch_2-1/raw_engine_v1_package/build-debug-phase21/tests/artifacts/evidence_bundle_manifest_freshness_smoke/raw_engine_phase19_stabilization.zip
raw_engine_v1 tests passed case=evidence_bundle_manifest_freshness_smoke
<end of output>
Test time =   0.22 sec
----------------------------------------------------------
Test Passed.
"raw_engine_evidence_bundle_manifest_freshness_smoke" end time: Mar 22 15:24 KST
"raw_engine_evidence_bundle_manifest_freshness_smoke" time elapsed: 00:00:00
----------------------------------------------------------

67/153 Testing: raw_engine_evidence_bundle_policy_refresh_smoke
67/153 Test: raw_engine_evidence_bundle_policy_refresh_smoke
Command: "/Users/free_1/Library/Mobile Documents/iCloud~md~obsidian/Documents/cpp-checker/branch_2-1/raw_engine_v1_package/build-debug-phase21/tests/raw_engine_tests" "--case" "evidence_bundle_policy_refresh_smoke"
Directory: /Users/free_1/Library/Mobile Documents/iCloud~md~obsidian/Documents/cpp-checker/branch_2-1/raw_engine_v1_package/build-debug-phase21/tests
"raw_engine_evidence_bundle_policy_refresh_smoke" start time: Mar 22 15:24 KST
Output:
----------------------------------------------------------
/Users/free_1/Library/Mobile Documents/iCloud~md~obsidian/Documents/cpp-checker/branch_2-1/raw_engine_v1_package/build-debug-phase21/tests/artifacts/evidence_bundle_policy_refresh_smoke/raw_engine_phase19_stabilization.zip
raw_engine_v1 tests passed case=evidence_bundle_policy_refresh_smoke
<end of output>
Test time =   0.23 sec
----------------------------------------------------------
Test Passed.
"raw_engine_evidence_bundle_policy_refresh_smoke" end time: Mar 22 15:24 KST
"raw_engine_evidence_bundle_policy_refresh_smoke" time elapsed: 00:00:00
----------------------------------------------------------

68/153 Testing: raw_engine_evidence_bundle_rerun_plan_smoke
68/153 Test: raw_engine_evidence_bundle_rerun_plan_smoke
Command: "/Users/free_1/Library/Mobile Documents/iCloud~md~obsidian/Documents/cpp-checker/branch_2-1/raw_engine_v1_package/build-debug-phase21/tests/raw_engine_tests" "--case" "evidence_bundle_rerun_plan_smoke"
Directory: /Users/free_1/Library/Mobile Documents/iCloud~md~obsidian/Documents/cpp-checker/branch_2-1/raw_engine_v1_package/build-debug-phase21/tests
"raw_engine_evidence_bundle_rerun_plan_smoke" start time: Mar 22 15:24 KST
Output:
----------------------------------------------------------
/Users/free_1/Library/Mobile Documents/iCloud~md~obsidian/Documents/cpp-checker/branch_2-1/raw_engine_v1_package/build-debug-phase21/tests/artifacts/evidence_bundle_rerun_plan_smoke/raw_engine_phase19_stabilization.zip
raw_engine_v1 tests passed case=evidence_bundle_rerun_plan_smoke
<end of output>
Test time =   0.27 sec
----------------------------------------------------------
Test Passed.
"raw_engine_evidence_bundle_rerun_plan_smoke" end time: Mar 22 15:24 KST
"raw_engine_evidence_bundle_rerun_plan_smoke" time elapsed: 00:00:00
----------------------------------------------------------

69/153 Testing: raw_engine_evidence_bundle_idempotent_smoke
69/153 Test: raw_engine_evidence_bundle_idempotent_smoke
Command: "/Users/free_1/Library/Mobile Documents/iCloud~md~obsidian/Documents/cpp-checker/branch_2-1/raw_engine_v1_package/build-debug-phase21/tests/raw_engine_tests" "--case" "evidence_bundle_idempotent_smoke"
Directory: /Users/free_1/Library/Mobile Documents/iCloud~md~obsidian/Documents/cpp-checker/branch_2-1/raw_engine_v1_package/build-debug-phase21/tests
"raw_engine_evidence_bundle_idempotent_smoke" start time: Mar 22 15:24 KST
Output:
----------------------------------------------------------
/Users/free_1/Library/Mobile Documents/iCloud~md~obsidian/Documents/cpp-checker/branch_2-1/raw_engine_v1_package/build-debug-phase21/tests/artifacts/evidence_bundle_idempotent_smoke/raw_engine_phase19_stabilization.zip
/Users/free_1/Library/Mobile Documents/iCloud~md~obsidian/Documents/cpp-checker/branch_2-1/raw_engine_v1_package/build-debug-phase21/tests/artifacts/evidence_bundle_idempotent_smoke/raw_engine_phase19_stabilization.zip
raw_engine_v1 tests passed case=evidence_bundle_idempotent_smoke
<end of output>
Test time =   0.45 sec
----------------------------------------------------------
Test Passed.
"raw_engine_evidence_bundle_idempotent_smoke" end time: Mar 22 15:24 KST
"raw_engine_evidence_bundle_idempotent_smoke" time elapsed: 00:00:00
----------------------------------------------------------

70/153 Testing: raw_engine_evidence_bundle_policy_summary_smoke
70/153 Test: raw_engine_evidence_bundle_policy_summary_smoke
Command: "/Users/free_1/Library/Mobile Documents/iCloud~md~obsidian/Documents/cpp-checker/branch_2-1/raw_engine_v1_package/build-debug-phase21/tests/raw_engine_tests" "--case" "evidence_bundle_policy_summary_smoke"
Directory: /Users/free_1/Library/Mobile Documents/iCloud~md~obsidian/Documents/cpp-checker/branch_2-1/raw_engine_v1_package/build-debug-phase21/tests
"raw_engine_evidence_bundle_policy_summary_smoke" start time: Mar 22 15:24 KST
Output:
----------------------------------------------------------
/Users/free_1/Library/Mobile Documents/iCloud~md~obsidian/Documents/cpp-checker/branch_2-1/raw_engine_v1_package/build-debug-phase21/tests/artifacts/evidence_bundle_policy_summary_smoke/raw_engine_phase19_stabilization.zip
raw_engine_v1 tests passed case=evidence_bundle_policy_summary_smoke
<end of output>
Test time =   0.24 sec
----------------------------------------------------------
Test Passed.
"raw_engine_evidence_bundle_policy_summary_smoke" end time: Mar 22 15:24 KST
"raw_engine_evidence_bundle_policy_summary_smoke" time elapsed: 00:00:00
----------------------------------------------------------

71/153 Testing: raw_engine_stale_family_selective_rerun_smoke
71/153 Test: raw_engine_stale_family_selective_rerun_smoke
Command: "/Users/free_1/Library/Mobile Documents/iCloud~md~obsidian/Documents/cpp-checker/branch_2-1/raw_engine_v1_package/build-debug-phase21/tests/raw_engine_tests" "--case" "stale_family_selective_rerun_smoke"
Directory: /Users/free_1/Library/Mobile Documents/iCloud~md~obsidian/Documents/cpp-checker/branch_2-1/raw_engine_v1_package/build-debug-phase21/tests
"raw_engine_stale_family_selective_rerun_smoke" start time: Mar 22 15:24 KST
Output:
----------------------------------------------------------
raw_engine_v1 tests passed case=stale_family_selective_rerun_smoke
<end of output>
Test time =   0.08 sec
----------------------------------------------------------
Test Passed.
"raw_engine_stale_family_selective_rerun_smoke" end time: Mar 22 15:24 KST
"raw_engine_stale_family_selective_rerun_smoke" time elapsed: 00:00:00
----------------------------------------------------------

72/153 Testing: raw_engine_policy_rerun_plan_smoke
72/153 Test: raw_engine_policy_rerun_plan_smoke
Command: "/Users/free_1/Library/Mobile Documents/iCloud~md~obsidian/Documents/cpp-checker/branch_2-1/raw_engine_v1_package/build-debug-phase21/tests/raw_engine_tests" "--case" "policy_rerun_plan_smoke"
Directory: /Users/free_1/Library/Mobile Documents/iCloud~md~obsidian/Documents/cpp-checker/branch_2-1/raw_engine_v1_package/build-debug-phase21/tests
"raw_engine_policy_rerun_plan_smoke" start time: Mar 22 15:24 KST
Output:
----------------------------------------------------------
raw_engine_v1 tests passed case=policy_rerun_plan_smoke
<end of output>
Test time =   0.09 sec
----------------------------------------------------------
Test Passed.
"raw_engine_policy_rerun_plan_smoke" end time: Mar 22 15:24 KST
"raw_engine_policy_rerun_plan_smoke" time elapsed: 00:00:00
----------------------------------------------------------

73/153 Testing: raw_engine_policy_rerun_plan_empty_smoke
73/153 Test: raw_engine_policy_rerun_plan_empty_smoke
Command: "/Users/free_1/Library/Mobile Documents/iCloud~md~obsidian/Documents/cpp-checker/branch_2-1/raw_engine_v1_package/build-debug-phase21/tests/raw_engine_tests" "--case" "policy_rerun_plan_empty_smoke"
[...]
Directory: /Users/free_1/Library/Mobile Documents/iCloud~md~obsidian/Documents/cpp-checker/branch_2-1/raw_engine_v1_package/build-debug-phase21/tests
"raw_engine_split_choice_exact_shadow_relabel_invariance" start time: Mar 22 15:35 KST
Output:
----------------------------------------------------------
raw_engine_v1 tests passed case=split_choice_exact_shadow_relabel_invariance
<end of output>
Test time =   2.19 sec
----------------------------------------------------------
Test Passed.
"raw_engine_split_choice_exact_shadow_relabel_invariance" end time: Mar 22 15:35 KST
"raw_engine_split_choice_exact_shadow_relabel_invariance" time elapsed: 00:00:02
----------------------------------------------------------

135/153 Testing: raw_engine_split_choice_exact_shadow_vertex_order_invariance
135/153 Test: raw_engine_split_choice_exact_shadow_vertex_order_invariance
Command: "/Users/free_1/Library/Mobile Documents/iCloud~md~obsidian/Documents/cpp-checker/branch_2-1/raw_engine_v1_package/build-debug-phase21/tests/raw_engine_tests" "--case" "split_choice_exact_shadow_vertex_order_invariance"
Directory: /Users/free_1/Library/Mobile Documents/iCloud~md~obsidian/Documents/cpp-checker/branch_2-1/raw_engine_v1_package/build-debug-phase21/tests
"raw_engine_split_choice_exact_shadow_vertex_order_invariance" start time: Mar 22 15:35 KST
Output:
----------------------------------------------------------
raw_engine_v1 tests passed case=split_choice_exact_shadow_vertex_order_invariance
<end of output>
Test time =   2.18 sec
----------------------------------------------------------
Test Passed.
"raw_engine_split_choice_exact_shadow_vertex_order_invariance" end time: Mar 22 15:35 KST
"raw_engine_split_choice_exact_shadow_vertex_order_invariance" time elapsed: 00:00:02
----------------------------------------------------------

136/153 Testing: raw_engine_split_choice_exact_shadow_edge_order_invariance
136/153 Test: raw_engine_split_choice_exact_shadow_edge_order_invariance
Command: "/Users/free_1/Library/Mobile Documents/iCloud~md~obsidian/Documents/cpp-checker/branch_2-1/raw_engine_v1_package/build-debug-phase21/tests/raw_engine_tests" "--case" "split_choice_exact_shadow_edge_order_invariance"
Directory: /Users/free_1/Library/Mobile Documents/iCloud~md~obsidian/Documents/cpp-checker/branch_2-1/raw_engine_v1_package/build-debug-phase21/tests
"raw_engine_split_choice_exact_shadow_edge_order_invariance" start time: Mar 22 15:35 KST
Output:
----------------------------------------------------------
raw_engine_v1 tests passed case=split_choice_exact_shadow_edge_order_invariance
<end of output>
Test time =   2.15 sec
----------------------------------------------------------
Test Passed.
"raw_engine_split_choice_exact_shadow_edge_order_invariance" end time: Mar 22 15:35 KST
"raw_engine_split_choice_exact_shadow_edge_order_invariance" time elapsed: 00:00:02
----------------------------------------------------------

137/153 Testing: raw_engine_split_choice_fallback_zero_smoke
137/153 Test: raw_engine_split_choice_fallback_zero_smoke
Command: "/Users/free_1/Library/Mobile Documents/iCloud~md~obsidian/Documents/cpp-checker/branch_2-1/raw_engine_v1_package/build-debug-phase21/tests/raw_engine_tests" "--case" "split_choice_fallback_zero_smoke"
Directory: /Users/free_1/Library/Mobile Documents/iCloud~md~obsidian/Documents/cpp-checker/branch_2-1/raw_engine_v1_package/build-debug-phase21/tests
"raw_engine_split_choice_fallback_zero_smoke" start time: Mar 22 15:35 KST
Output:
----------------------------------------------------------
raw_engine_v1 tests passed case=split_choice_fallback_zero_smoke
<end of output>
Test time =  27.38 sec
----------------------------------------------------------
Test Passed.
"raw_engine_split_choice_fallback_zero_smoke" end time: Mar 22 15:36 KST
"raw_engine_split_choice_fallback_zero_smoke" time elapsed: 00:00:27
----------------------------------------------------------

138/153 Testing: raw_engine_planner_relabel_structural_regression
138/153 Test: raw_engine_planner_relabel_structural_regression
Command: "/Users/free_1/Library/Mobile Documents/iCloud~md~obsidian/Documents/cpp-checker/branch_2-1/raw_engine_v1_package/build-debug-phase21/tests/raw_engine_tests" "--case" "planner_relabel_structural_regression"
Directory: /Users/free_1/Library/Mobile Documents/iCloud~md~obsidian/Documents/cpp-checker/branch_2-1/raw_engine_v1_package/build-debug-phase21/tests
"raw_engine_planner_relabel_structural_regression" start time: Mar 22 15:36 KST
Output:
----------------------------------------------------------
raw_engine_v1 tests passed case=planner_relabel_structural_regression
<end of output>
Test time =   0.90 sec
----------------------------------------------------------
Test Passed.
"raw_engine_planner_relabel_structural_regression" end time: Mar 22 15:36 KST
"raw_engine_planner_relabel_structural_regression" time elapsed: 00:00:00
----------------------------------------------------------

139/153 Testing: raw_engine_planner_targeted_split_smoke
139/153 Test: raw_engine_planner_targeted_split_smoke
Command: "/Users/free_1/Library/Mobile Documents/iCloud~md~obsidian/Documents/cpp-checker/branch_2-1/raw_engine_v1_package/build-debug-phase21/tests/raw_engine_tests" "--case" "planner_targeted_split_smoke"
Directory: /Users/free_1/Library/Mobile Documents/iCloud~md~obsidian/Documents/cpp-checker/branch_2-1/raw_engine_v1_package/build-debug-phase21/tests
"raw_engine_planner_targeted_split_smoke" start time: Mar 22 15:36 KST
Output:
----------------------------------------------------------
raw_engine_v1 tests passed case=planner_targeted_split_smoke
<end of output>
Test time =   0.09 sec
----------------------------------------------------------
Test Passed.
"raw_engine_planner_targeted_split_smoke" end time: Mar 22 15:36 KST
"raw_engine_planner_targeted_split_smoke" time elapsed: 00:00:00
----------------------------------------------------------

140/153 Testing: raw_engine_planner_targeted_join_smoke
140/153 Test: raw_engine_planner_targeted_join_smoke
Command: "/Users/free_1/Library/Mobile Documents/iCloud~md~obsidian/Documents/cpp-checker/branch_2-1/raw_engine_v1_package/build-debug-phase21/tests/raw_engine_tests" "--case" "planner_targeted_join_smoke"
Directory: /Users/free_1/Library/Mobile Documents/iCloud~md~obsidian/Documents/cpp-checker/branch_2-1/raw_engine_v1_package/build-debug-phase21/tests
"raw_engine_planner_targeted_join_smoke" start time: Mar 22 15:36 KST
Output:
----------------------------------------------------------
raw_engine_v1 tests passed case=planner_targeted_join_smoke
<end of output>
Test time =   0.02 sec
----------------------------------------------------------
Test Passed.
"raw_engine_planner_targeted_join_smoke" end time: Mar 22 15:36 KST
"raw_engine_planner_targeted_join_smoke" time elapsed: 00:00:00
----------------------------------------------------------

141/153 Testing: raw_engine_planner_targeted_integrate_smoke
141/153 Test: raw_engine_planner_targeted_integrate_smoke
Command: "/Users/free_1/Library/Mobile Documents/iCloud~md~obsidian/Documents/cpp-checker/branch_2-1/raw_engine_v1_package/build-debug-phase21/tests/raw_engine_tests" "--case" "planner_targeted_integrate_smoke"
Directory: /Users/free_1/Library/Mobile Documents/iCloud~md~obsidian/Documents/cpp-checker/branch_2-1/raw_engine_v1_package/build-debug-phase21/tests
"raw_engine_planner_targeted_integrate_smoke" start time: Mar 22 15:36 KST
Output:
----------------------------------------------------------
raw_engine_v1 tests passed case=planner_targeted_integrate_smoke
<end of output>
Test time =   0.02 sec
----------------------------------------------------------
Test Passed.
"raw_engine_planner_targeted_integrate_smoke" end time: Mar 22 15:36 KST
"raw_engine_planner_targeted_integrate_smoke" time elapsed: 00:00:00
----------------------------------------------------------

142/153 Testing: raw_engine_planner_targeted_mixed_smoke
142/153 Test: raw_engine_planner_targeted_mixed_smoke
Command: "/Users/free_1/Library/Mobile Documents/iCloud~md~obsidian/Documents/cpp-checker/branch_2-1/raw_engine_v1_package/build-debug-phase21/tests/raw_engine_tests" "--case" "planner_targeted_mixed_smoke"
Directory: /Users/free_1/Library/Mobile Documents/iCloud~md~obsidian/Documents/cpp-checker/branch_2-1/raw_engine_v1_package/build-debug-phase21/tests
"raw_engine_planner_targeted_mixed_smoke" start time: Mar 22 15:36 KST
Output:
----------------------------------------------------------
raw_engine_v1 tests passed case=planner_targeted_mixed_smoke
<end of output>
Test time =   0.09 sec
----------------------------------------------------------
Test Passed.
"raw_engine_planner_targeted_mixed_smoke" end time: Mar 22 15:36 KST
"raw_engine_planner_targeted_mixed_smoke" time elapsed: 00:00:00
----------------------------------------------------------

143/153 Testing: raw_engine_split_ready_unique_orig_regression
143/153 Test: raw_engine_split_ready_unique_orig_regression
Command: "/Users/free_1/Library/Mobile Documents/iCloud~md~obsidian/Documents/cpp-checker/branch_2-1/raw_engine_v1_package/build-debug-phase21/tests/raw_engine_tests" "--case" "split_ready_unique_orig_regression"
Directory: /Users/free_1/Library/Mobile Documents/iCloud~md~obsidian/Documents/cpp-checker/branch_2-1/raw_engine_v1_package/build-debug-phase21/tests
"raw_engine_split_ready_unique_orig_regression" start time: Mar 22 15:36 KST
Output:
----------------------------------------------------------
raw_engine_v1 tests passed case=split_ready_unique_orig_regression
<end of output>
Test time =   0.10 sec
----------------------------------------------------------
Test Passed.
"raw_engine_split_ready_unique_orig_regression" end time: Mar 22 15:36 KST
"raw_engine_split_ready_unique_orig_regression" time elapsed: 00:00:00
----------------------------------------------------------

144/153 Testing: raw_engine_planner_coverage_smoke
144/153 Test: raw_engine_planner_coverage_smoke
Command: "/Users/free_1/Library/Mobile Documents/iCloud~md~obsidian/Documents/cpp-checker/branch_2-1/raw_engine_v1_package/build-debug-phase21/tests/raw_engine_tests" "--case" "planner_coverage_smoke"
Directory: /Users/free_1/Library/Mobile Documents/iCloud~md~obsidian/Documents/cpp-checker/branch_2-1/raw_engine_v1_package/build-debug-phase21/tests
"raw_engine_planner_coverage_smoke" start time: Mar 22 15:36 KST
Output:
----------------------------------------------------------
raw_engine_v1 tests passed case=planner_coverage_smoke
<end of output>
Test time =   0.10 sec
----------------------------------------------------------
Test Passed.
"raw_engine_planner_coverage_smoke" end time: Mar 22 15:36 KST
"raw_engine_planner_coverage_smoke" time elapsed: 00:00:00
----------------------------------------------------------

145/153 Testing: raw_engine_planner_random_coverage_smoke
145/153 Test: raw_engine_planner_random_coverage_smoke
Command: "/Users/free_1/Library/Mobile Documents/iCloud~md~obsidian/Documents/cpp-checker/branch_2-1/raw_engine_v1_package/build-debug-phase21/tests/raw_engine_tests" "--case" "planner_random_coverage_smoke"
Directory: /Users/free_1/Library/Mobile Documents/iCloud~md~obsidian/Documents/cpp-checker/branch_2-1/raw_engine_v1_package/build-debug-phase21/tests
"raw_engine_planner_random_coverage_smoke" start time: Mar 22 15:36 KST
Output:
----------------------------------------------------------
raw_engine_v1 tests passed case=planner_random_coverage_smoke
<end of output>
Test time =   2.06 sec
----------------------------------------------------------
Test Passed.
"raw_engine_planner_random_coverage_smoke" end time: Mar 22 15:36 KST
"raw_engine_planner_random_coverage_smoke" time elapsed: 00:00:02
----------------------------------------------------------

146/153 Testing: raw_engine_planner_weighted_coverage_smoke
146/153 Test: raw_engine_planner_weighted_coverage_smoke
Command: "/Users/free_1/Library/Mobile Documents/iCloud~md~obsidian/Documents/cpp-checker/branch_2-1/raw_engine_v1_package/build-debug-phase21/tests/raw_engine_tests" "--case" "planner_weighted_coverage_smoke"
Directory: /Users/free_1/Library/Mobile Documents/iCloud~md~obsidian/Documents/cpp-checker/branch_2-1/raw_engine_v1_package/build-debug-phase21/tests
"raw_engine_planner_weighted_coverage_smoke" start time: Mar 22 15:36 KST
Output:
----------------------------------------------------------
raw_engine_v1 tests passed case=planner_weighted_coverage_smoke
<end of output>
Test time =   3.78 sec
----------------------------------------------------------
Test Passed.
"raw_engine_planner_weighted_coverage_smoke" end time: Mar 22 15:36 KST
"raw_engine_planner_weighted_coverage_smoke" time elapsed: 00:00:03
----------------------------------------------------------

147/153 Testing: raw_engine_planner_join_ready_smoke
147/153 Test: raw_engine_planner_join_ready_smoke
Command: "/Users/free_1/Library/Mobile Documents/iCloud~md~obsidian/Documents/cpp-checker/branch_2-1/raw_engine_v1_package/build-debug-phase21/tests/raw_engine_tests" "--case" "planner_join_ready_smoke"
Directory: /Users/free_1/Library/Mobile Documents/iCloud~md~obsidian/Documents/cpp-checker/branch_2-1/raw_engine_v1_package/build-debug-phase21/tests
"raw_engine_planner_join_ready_smoke" start time: Mar 22 15:36 KST
Output:
----------------------------------------------------------
raw_engine_v1 tests passed case=planner_join_ready_smoke
<end of output>
Test time =   0.02 sec
----------------------------------------------------------
Test Passed.
"raw_engine_planner_join_ready_smoke" end time: Mar 22 15:36 KST
"raw_engine_planner_join_ready_smoke" time elapsed: 00:00:00
----------------------------------------------------------

148/153 Testing: raw_engine_planner_integrate_ready_smoke
148/153 Test: raw_engine_planner_integrate_ready_smoke
Command: "/Users/free_1/Library/Mobile Documents/iCloud~md~obsidian/Documents/cpp-checker/branch_2-1/raw_engine_v1_package/build-debug-phase21/tests/raw_engine_tests" "--case" "planner_integrate_ready_smoke"
Directory: /Users/free_1/Library/Mobile Documents/iCloud~md~obsidian/Documents/cpp-checker/branch_2-1/raw_engine_v1_package/build-debug-phase21/tests
"raw_engine_planner_integrate_ready_smoke" start time: Mar 22 15:36 KST
Output:
----------------------------------------------------------
raw_engine_v1 tests passed case=planner_integrate_ready_smoke
<end of output>
Test time =   0.02 sec
----------------------------------------------------------
Test Passed.
"raw_engine_planner_integrate_ready_smoke" end time: Mar 22 15:36 KST
"raw_engine_planner_integrate_ready_smoke" time elapsed: 00:00:00
----------------------------------------------------------

149/153 Testing: raw_engine_planner_structural_mixed_smoke
149/153 Test: raw_engine_planner_structural_mixed_smoke
Command: "/Users/free_1/Library/Mobile Documents/iCloud~md~obsidian/Documents/cpp-checker/branch_2-1/raw_engine_v1_package/build-debug-phase21/tests/raw_engine_tests" "--case" "planner_structural_mixed_smoke"
Directory: /Users/free_1/Library/Mobile Documents/iCloud~md~obsidian/Documents/cpp-checker/branch_2-1/raw_engine_v1_package/build-debug-phase21/tests
"raw_engine_planner_structural_mixed_smoke" start time: Mar 22 15:36 KST
Output:
----------------------------------------------------------
raw_engine_v1 tests passed case=planner_structural_mixed_smoke
<end of output>
Test time =   0.68 sec
----------------------------------------------------------
Test Passed.
"raw_engine_planner_structural_mixed_smoke" end time: Mar 22 15:36 KST
"raw_engine_planner_structural_mixed_smoke" time elapsed: 00:00:00
----------------------------------------------------------

150/153 Testing: raw_engine_planner_tie_mixed_smoke
150/153 Test: raw_engine_planner_tie_mixed_smoke
Command: "/Users/free_1/Library/Mobile Documents/iCloud~md~obsidian/Documents/cpp-checker/branch_2-1/raw_engine_v1_package/build-debug-phase21/tests/raw_engine_tests" "--case" "planner_tie_mixed_smoke"
Directory: /Users/free_1/Library/Mobile Documents/iCloud~md~obsidian/Documents/cpp-checker/branch_2-1/raw_engine_v1_package/build-debug-phase21/tests
"raw_engine_planner_tie_mixed_smoke" start time: Mar 22 15:36 KST
Output:
----------------------------------------------------------
raw_engine_v1 tests passed case=planner_tie_mixed_smoke
<end of output>
Test time =   0.02 sec
----------------------------------------------------------
Test Passed.
"raw_engine_planner_tie_mixed_smoke" end time: Mar 22 15:36 KST
"raw_engine_planner_tie_mixed_smoke" time elapsed: 00:00:00
----------------------------------------------------------

151/153 Testing: raw_engine_planner_tie_mixed_exact_shadow_smoke
151/153 Test: raw_engine_planner_tie_mixed_exact_shadow_smoke
Command: "/Users/free_1/Library/Mobile Documents/iCloud~md~obsidian/Documents/cpp-checker/branch_2-1/raw_engine_v1_package/build-debug-phase21/tests/raw_engine_tests" "--case" "planner_tie_mixed_exact_shadow_smoke"
Directory: /Users/free_1/Library/Mobile Documents/iCloud~md~obsidian/Documents/cpp-checker/branch_2-1/raw_engine_v1_package/build-debug-phase21/tests
"raw_engine_planner_tie_mixed_exact_shadow_smoke" start time: Mar 22 15:36 KST
Output:
----------------------------------------------------------
raw_engine_v1 tests passed case=planner_tie_mixed_exact_shadow_smoke
<end of output>
Test time =   0.02 sec
----------------------------------------------------------
Test Passed.
"raw_engine_planner_tie_mixed_exact_shadow_smoke" end time: Mar 22 15:36 KST
"raw_engine_planner_tie_mixed_exact_shadow_smoke" time elapsed: 00:00:00
----------------------------------------------------------

152/153 Testing: raw_engine_planner_tie_symmetric_smoke
152/153 Test: raw_engine_planner_tie_symmetric_smoke
Command: "/Users/free_1/Library/Mobile Documents/iCloud~md~obsidian/Documents/cpp-checker/branch_2-1/raw_engine_v1_package/build-debug-phase21/tests/raw_engine_tests" "--case" "planner_tie_symmetric_smoke"
Directory: /Users/free_1/Library/Mobile Documents/iCloud~md~obsidian/Documents/cpp-checker/branch_2-1/raw_engine_v1_package/build-debug-phase21/tests
"raw_engine_planner_tie_symmetric_smoke" start time: Mar 22 15:36 KST
Output:
----------------------------------------------------------
raw_engine_v1 tests passed case=planner_tie_symmetric_smoke
<end of output>
Test time =   0.02 sec
----------------------------------------------------------
Test Passed.
"raw_engine_planner_tie_symmetric_smoke" end time: Mar 22 15:36 KST
"raw_engine_planner_tie_symmetric_smoke" time elapsed: 00:00:00
----------------------------------------------------------

153/153 Testing: raw_engine_artifact_retention_smoke
153/153 Test: raw_engine_artifact_retention_smoke
Command: "/Users/free_1/Library/Mobile Documents/iCloud~md~obsidian/Documents/cpp-checker/branch_2-1/raw_engine_v1_package/build-debug-phase21/tests/raw_engine_tests" "--case" "artifact_retention_smoke" "--artifact-dir" "artifacts/artifact_retention_smoke"
Directory: /Users/free_1/Library/Mobile Documents/iCloud~md~obsidian/Documents/cpp-checker/branch_2-1/raw_engine_v1_package/build-debug-phase21/tests
"raw_engine_artifact_retention_smoke" start time: Mar 22 15:36 KST
Output:
----------------------------------------------------------
raw_engine_v1 tests passed case=artifact_retention_smoke
<end of output>
Test time =   0.02 sec
----------------------------------------------------------
Test Passed.
"raw_engine_artifact_retention_smoke" end time: Mar 22 15:36 KST
"raw_engine_artifact_retention_smoke" time elapsed: 00:00:00
----------------------------------------------------------

End testing: Mar 22 15:36 KST

asan_slow =   9.35 sec*proc

compare = 821.25 sec*proc

core = 449.68 sec*proc

exhaustive =  92.53 sec*proc

fuzz =  21.69 sec*proc

nightly =   0.08 sec*proc

policy_core =   2.12 sec*proc

policy_nightly =   0.61 sec*proc

policy_refresh =   6.09 sec*proc

policy_sentinel =   4.16 sec*proc

slow = 564.14 sec*proc

