Start testing: Mar 20 11:45 KST
----------------------------------------------------------
1/115 Testing: raw_engine_micro
1/115 Test: raw_engine_micro
Command: "/Users/free_1/Library/Mobile Documents/iCloud~md~obsidian/Documents/cpp-checker/branch_2-1/raw_engine_v1_package/build-debug-phase19/tests/raw_engine_tests" "--case" "micro"
Directory: /Users/free_1/Library/Mobile Documents/iCloud~md~obsidian/Documents/cpp-checker/branch_2-1/raw_engine_v1_package/build-debug-phase19/tests
"raw_engine_micro" start time: Mar 20 11:45 KST
Output:
----------------------------------------------------------
raw_engine_v1 tests passed case=micro
<end of output>
Test time =   0.57 sec
----------------------------------------------------------
Test Passed.
"raw_engine_micro" end time: Mar 20 11:45 KST
"raw_engine_micro" time elapsed: 00:00:00
----------------------------------------------------------

2/115 Testing: raw_engine_roundtrip
2/115 Test: raw_engine_roundtrip
Command: "/Users/free_1/Library/Mobile Documents/iCloud~md~obsidian/Documents/cpp-checker/branch_2-1/raw_engine_v1_package/build-debug-phase19/tests/raw_engine_tests" "--case" "roundtrip"
Directory: /Users/free_1/Library/Mobile Documents/iCloud~md~obsidian/Documents/cpp-checker/branch_2-1/raw_engine_v1_package/build-debug-phase19/tests
"raw_engine_roundtrip" start time: Mar 20 11:45 KST
Output:
----------------------------------------------------------
raw_engine_v1 tests passed case=roundtrip
<end of output>
Test time =   0.21 sec
----------------------------------------------------------
Test Passed.
"raw_engine_roundtrip" end time: Mar 20 11:45 KST
"raw_engine_roundtrip" time elapsed: 00:00:00
----------------------------------------------------------

3/115 Testing: raw_engine_split_integrate_ensure
3/115 Test: raw_engine_split_integrate_ensure
Command: "/Users/free_1/Library/Mobile Documents/iCloud~md~obsidian/Documents/cpp-checker/branch_2-1/raw_engine_v1_package/build-debug-phase19/tests/raw_engine_tests" "--case" "split_integrate_ensure"
Directory: /Users/free_1/Library/Mobile Documents/iCloud~md~obsidian/Documents/cpp-checker/branch_2-1/raw_engine_v1_package/build-debug-phase19/tests
"raw_engine_split_integrate_ensure" start time: Mar 20 11:45 KST
Output:
----------------------------------------------------------
raw_engine_v1 tests passed case=split_integrate_ensure
<end of output>
Test time =   0.14 sec
----------------------------------------------------------
Test Passed.
"raw_engine_split_integrate_ensure" end time: Mar 20 11:45 KST
"raw_engine_split_integrate_ensure" time elapsed: 00:00:00
----------------------------------------------------------

4/115 Testing: raw_engine_regression_44001
4/115 Test: raw_engine_regression_44001
Command: "/Users/free_1/Library/Mobile Documents/iCloud~md~obsidian/Documents/cpp-checker/branch_2-1/raw_engine_v1_package/build-debug-phase19/tests/raw_engine_tests" "--case" "regression_44001"
Directory: /Users/free_1/Library/Mobile Documents/iCloud~md~obsidian/Documents/cpp-checker/branch_2-1/raw_engine_v1_package/build-debug-phase19/tests
"raw_engine_regression_44001" start time: Mar 20 11:45 KST
Output:
----------------------------------------------------------
raw_engine_v1 tests passed case=regression_44001
<end of output>
Test time =   0.01 sec
----------------------------------------------------------
Test Passed.
"raw_engine_regression_44001" end time: Mar 20 11:45 KST
"raw_engine_regression_44001" time elapsed: 00:00:00
----------------------------------------------------------

5/115 Testing: raw_engine_regression_isolate_split_no_sep
5/115 Test: raw_engine_regression_isolate_split_no_sep
Command: "/Users/free_1/Library/Mobile Documents/iCloud~md~obsidian/Documents/cpp-checker/branch_2-1/raw_engine_v1_package/build-debug-phase19/tests/raw_engine_tests" "--case" "regression_isolate_split_no_sep"
Directory: /Users/free_1/Library/Mobile Documents/iCloud~md~obsidian/Documents/cpp-checker/branch_2-1/raw_engine_v1_package/build-debug-phase19/tests
"raw_engine_regression_isolate_split_no_sep" start time: Mar 20 11:45 KST
Output:
----------------------------------------------------------
raw_engine_v1 tests passed case=regression_isolate_split_no_sep
<end of output>
Test time =   0.01 sec
----------------------------------------------------------
Test Passed.
"raw_engine_regression_isolate_split_no_sep" end time: Mar 20 11:45 KST
"raw_engine_regression_isolate_split_no_sep" time elapsed: 00:00:00
----------------------------------------------------------

6/115 Testing: raw_engine_planner
6/115 Test: raw_engine_planner
Command: "/Users/free_1/Library/Mobile Documents/iCloud~md~obsidian/Documents/cpp-checker/branch_2-1/raw_engine_v1_package/build-debug-phase19/tests/raw_engine_tests" "--case" "planner"
Directory: /Users/free_1/Library/Mobile Documents/iCloud~md~obsidian/Documents/cpp-checker/branch_2-1/raw_engine_v1_package/build-debug-phase19/tests
"raw_engine_planner" start time: Mar 20 11:45 KST
Output:
----------------------------------------------------------
raw_engine_v1 tests passed case=planner
<end of output>
Test time =   7.74 sec
----------------------------------------------------------
Test Passed.
"raw_engine_planner" end time: Mar 20 11:45 KST
"raw_engine_planner" time elapsed: 00:00:07
----------------------------------------------------------

7/115 Testing: raw_engine_fuzz_matrix
7/115 Test: raw_engine_fuzz_matrix
Command: "/Users/free_1/Library/Mobile Documents/iCloud~md~obsidian/Documents/cpp-checker/branch_2-1/raw_engine_v1_package/build-debug-phase19/tests/raw_engine_tests" "--case" "fuzz_matrix"
Directory: /Users/free_1/Library/Mobile Documents/iCloud~md~obsidian/Documents/cpp-checker/branch_2-1/raw_engine_v1_package/build-debug-phase19/tests
"raw_engine_fuzz_matrix" start time: Mar 20 11:45 KST
Output:
----------------------------------------------------------
raw_engine_v1 tests passed case=fuzz_matrix
<end of output>
Test time =   2.97 sec
----------------------------------------------------------
Test Passed.
"raw_engine_fuzz_matrix" end time: Mar 20 11:45 KST
"raw_engine_fuzz_matrix" time elapsed: 00:00:02
----------------------------------------------------------

8/115 Testing: raw_engine_fuzz
8/115 Test: raw_engine_fuzz
Command: "/Users/free_1/Library/Mobile Documents/iCloud~md~obsidian/Documents/cpp-checker/branch_2-1/raw_engine_v1_package/build-debug-phase19/tests/raw_engine_tests" "--case" "fuzz"
Directory: /Users/free_1/Library/Mobile Documents/iCloud~md~obsidian/Documents/cpp-checker/branch_2-1/raw_engine_v1_package/build-debug-phase19/tests
"raw_engine_fuzz" start time: Mar 20 11:45 KST
Output:
----------------------------------------------------------
raw_engine_v1 tests passed case=fuzz
<end of output>
Test time =   1.38 sec
----------------------------------------------------------
Test Passed.
"raw_engine_fuzz" end time: Mar 20 11:45 KST
"raw_engine_fuzz" time elapsed: 00:00:01
----------------------------------------------------------

9/115 Testing: raw_engine_isolate_oracle
9/115 Test: raw_engine_isolate_oracle
Command: "/Users/free_1/Library/Mobile Documents/iCloud~md~obsidian/Documents/cpp-checker/branch_2-1/raw_engine_v1_package/build-debug-phase19/tests/raw_engine_tests" "--case" "isolate_oracle"
Directory: /Users/free_1/Library/Mobile Documents/iCloud~md~obsidian/Documents/cpp-checker/branch_2-1/raw_engine_v1_package/build-debug-phase19/tests
"raw_engine_isolate_oracle" start time: Mar 20 11:45 KST
Output:
----------------------------------------------------------
raw_engine_v1 tests passed case=isolate_oracle
<end of output>
Test time =   0.22 sec
----------------------------------------------------------
Test Passed.
"raw_engine_isolate_oracle" end time: Mar 20 11:45 KST
"raw_engine_isolate_oracle" time elapsed: 00:00:00
----------------------------------------------------------

10/115 Testing: raw_engine_split_oracle
10/115 Test: raw_engine_split_oracle
Command: "/Users/free_1/Library/Mobile Documents/iCloud~md~obsidian/Documents/cpp-checker/branch_2-1/raw_engine_v1_package/build-debug-phase19/tests/raw_engine_tests" "--case" "split_oracle"
Directory: /Users/free_1/Library/Mobile Documents/iCloud~md~obsidian/Documents/cpp-checker/branch_2-1/raw_engine_v1_package/build-debug-phase19/tests
"raw_engine_split_oracle" start time: Mar 20 11:45 KST
Output:
----------------------------------------------------------
raw_engine_v1 tests passed case=split_oracle
<end of output>
Test time =   0.29 sec
----------------------------------------------------------
Test Passed.
"raw_engine_split_oracle" end time: Mar 20 11:45 KST
"raw_engine_split_oracle" time elapsed: 00:00:00
----------------------------------------------------------

11/115 Testing: raw_engine_join_oracle
11/115 Test: raw_engine_join_oracle
Command: "/Users/free_1/Library/Mobile Documents/iCloud~md~obsidian/Documents/cpp-checker/branch_2-1/raw_engine_v1_package/build-debug-phase19/tests/raw_engine_tests" "--case" "join_oracle"
Directory: /Users/free_1/Library/Mobile Documents/iCloud~md~obsidian/Documents/cpp-checker/branch_2-1/raw_engine_v1_package/build-debug-phase19/tests
"raw_engine_join_oracle" start time: Mar 20 11:45 KST
Output:
----------------------------------------------------------
raw_engine_v1 tests passed case=join_oracle
<end of output>
Test time =   0.46 sec
----------------------------------------------------------
Test Passed.
"raw_engine_join_oracle" end time: Mar 20 11:45 KST
"raw_engine_join_oracle" time elapsed: 00:00:00
----------------------------------------------------------

12/115 Testing: raw_engine_integrate_oracle
12/115 Test: raw_engine_integrate_oracle
Command: "/Users/free_1/Library/Mobile Documents/iCloud~md~obsidian/Documents/cpp-checker/branch_2-1/raw_engine_v1_package/build-debug-phase19/tests/raw_engine_tests" "--case" "integrate_oracle"
Directory: /Users/free_1/Library/Mobile Documents/iCloud~md~obsidian/Documents/cpp-checker/branch_2-1/raw_engine_v1_package/build-debug-phase19/tests
"raw_engine_integrate_oracle" start time: Mar 20 11:45 KST
Output:
----------------------------------------------------------
raw_engine_v1 tests passed case=integrate_oracle
<end of output>
Test time =   0.30 sec
----------------------------------------------------------
Test Passed.
"raw_engine_integrate_oracle" end time: Mar 20 11:45 KST
"raw_engine_integrate_oracle" time elapsed: 00:00:00
----------------------------------------------------------

13/115 Testing: raw_engine_planner_oracle
13/115 Test: raw_engine_planner_oracle
Command: "/Users/free_1/Library/Mobile Documents/iCloud~md~obsidian/Documents/cpp-checker/branch_2-1/raw_engine_v1_package/build-debug-phase19/tests/raw_engine_tests" "--case" "planner_oracle"
Directory: /Users/free_1/Library/Mobile Documents/iCloud~md~obsidian/Documents/cpp-checker/branch_2-1/raw_engine_v1_package/build-debug-phase19/tests
"raw_engine_planner_oracle" start time: Mar 20 11:45 KST
Output:
----------------------------------------------------------
raw_engine_v1 tests passed case=planner_oracle
<end of output>
Test time =   7.48 sec
----------------------------------------------------------
Test Passed.
"raw_engine_planner_oracle" end time: Mar 20 11:45 KST
"raw_engine_planner_oracle" time elapsed: 00:00:07
----------------------------------------------------------

14/115 Testing: raw_engine_planner_oracle_fuzz
14/115 Test: raw_engine_planner_oracle_fuzz
Command: "/Users/free_1/Library/Mobile Documents/iCloud~md~obsidian/Documents/cpp-checker/branch_2-1/raw_engine_v1_package/build-debug-phase19/tests/raw_engine_tests" "--case" "planner_oracle_fuzz"
Directory: /Users/free_1/Library/Mobile Documents/iCloud~md~obsidian/Documents/cpp-checker/branch_2-1/raw_engine_v1_package/build-debug-phase19/tests
"raw_engine_planner_oracle_fuzz" start time: Mar 20 11:45 KST
Output:
----------------------------------------------------------
raw_engine_v1 tests passed case=planner_oracle_fuzz
<end of output>
Test time =   6.39 sec
----------------------------------------------------------
Test Passed.
"raw_engine_planner_oracle_fuzz" end time: Mar 20 11:45 KST
"raw_engine_planner_oracle_fuzz" time elapsed: 00:00:06
----------------------------------------------------------

15/115 Testing: raw_engine_replay_state
15/115 Test: raw_engine_replay_state
Command: "/Users/free_1/Library/Mobile Documents/iCloud~md~obsidian/Documents/cpp-checker/branch_2-1/raw_engine_v1_package/build-debug-phase19/tests/raw_engine_tests" "--case" "replay_state"
Directory: /Users/free_1/Library/Mobile Documents/iCloud~md~obsidian/Documents/cpp-checker/branch_2-1/raw_engine_v1_package/build-debug-phase19/tests
"raw_engine_replay_state" start time: Mar 20 11:45 KST
Output:
----------------------------------------------------------
FAIL_CLASS=none
FAIL_STAGE=none
FAIL_PRIMITIVE=none
FAIL_PLANNER_PHASE=none
FAIL_TARGET_OCC=4294967295
FAIL_MISMATCH=none
raw_engine_v1 tests passed case=replay_state
<end of output>
Test time =   0.01 sec
----------------------------------------------------------
Test Passed.
"raw_engine_replay_state" end time: Mar 20 11:45 KST
"raw_engine_replay_state" time elapsed: 00:00:00
----------------------------------------------------------

16/115 Testing: raw_engine_reducer_smoke
16/115 Test: raw_engine_reducer_smoke
Command: "/Users/free_1/Library/Mobile Documents/iCloud~md~obsidian/Documents/cpp-checker/branch_2-1/raw_engine_v1_package/build-debug-phase19/tests/raw_engine_tests" "--case" "reducer_smoke"
Directory: /Users/free_1/Library/Mobile Documents/iCloud~md~obsidian/Documents/cpp-checker/branch_2-1/raw_engine_v1_package/build-debug-phase19/tests
"raw_engine_reducer_smoke" start time: Mar 20 11:45 KST
Output:
----------------------------------------------------------
raw_engine_v1 tests passed case=reducer_smoke
<end of output>
Test time =   0.45 sec
----------------------------------------------------------
Test Passed.
"raw_engine_reducer_smoke" end time: Mar 20 11:45 KST
"raw_engine_reducer_smoke" time elapsed: 00:00:00
----------------------------------------------------------

17/115 Testing: raw_engine_replay_planner_state
17/115 Test: raw_engine_replay_planner_state
Command: "/Users/free_1/Library/Mobile Documents/iCloud~md~obsidian/Documents/cpp-checker/branch_2-1/raw_engine_v1_package/build-debug-phase19/tests/raw_engine_tests" "--case" "replay_planner_state"
Directory: /Users/free_1/Library/Mobile Documents/iCloud~md~obsidian/Documents/cpp-checker/branch_2-1/raw_engine_v1_package/build-debug-phase19/tests
"raw_engine_replay_planner_state" start time: Mar 20 11:45 KST
Output:
----------------------------------------------------------
FAIL_CLASS=none
FAIL_STAGE=none
FAIL_PRIMITIVE=none
FAIL_PLANNER_PHASE=none
FAIL_TARGET_OCC=4294967295
FAIL_MISMATCH=none
raw_engine_v1 tests passed case=replay_planner_state
<end of output>
Test time =   0.01 sec
----------------------------------------------------------
Test Passed.
"raw_engine_replay_planner_state" end time: Mar 20 11:45 KST
"raw_engine_replay_planner_state" time elapsed: 00:00:00
----------------------------------------------------------

18/115 Testing: raw_engine_reduce_planner_state_smoke
18/115 Test: raw_engine_reduce_planner_state_smoke
Command: "/Users/free_1/Library/Mobile Documents/iCloud~md~obsidian/Documents/cpp-checker/branch_2-1/raw_engine_v1_package/build-debug-phase19/tests/raw_engine_tests" "--case" "reduce_planner_state_smoke" "--artifact-dir" "artifacts/reduce_planner_state_smoke"
Directory: /Users/free_1/Library/Mobile Documents/iCloud~md~obsidian/Documents/cpp-checker/branch_2-1/raw_engine_v1_package/build-debug-phase19/tests
"raw_engine_reduce_planner_state_smoke" start time: Mar 20 11:45 KST
Output:
----------------------------------------------------------
raw_engine_v1 tests passed case=reduce_planner_state_smoke
<end of output>
Test time =   0.53 sec
----------------------------------------------------------
Test Passed.
"raw_engine_reduce_planner_state_smoke" end time: Mar 20 11:45 KST
"raw_engine_reduce_planner_state_smoke" time elapsed: 00:00:00
----------------------------------------------------------

19/115 Testing: raw_engine_failure_signature_smoke
19/115 Test: raw_engine_failure_signature_smoke
Command: "/Users/free_1/Library/Mobile Documents/iCloud~md~obsidian/Documents/cpp-checker/branch_2-1/raw_engine_v1_package/build-debug-phase19/tests/raw_engine_tests" "--case" "failure_signature_smoke"
Directory: /Users/free_1/Library/Mobile Documents/iCloud~md~obsidian/Documents/cpp-checker/branch_2-1/raw_engine_v1_package/build-debug-phase19/tests
"raw_engine_failure_signature_smoke" start time: Mar 20 11:45 KST
Output:
----------------------------------------------------------
raw_engine_v1 tests passed case=failure_signature_smoke
<end of output>
Test time =   0.01 sec
----------------------------------------------------------
Test Passed.
"raw_engine_failure_signature_smoke" end time: Mar 20 11:45 KST
"raw_engine_failure_signature_smoke" time elapsed: 00:00:00
----------------------------------------------------------

20/115 Testing: raw_engine_planner_failure_signature_smoke
20/115 Test: raw_engine_planner_failure_signature_smoke
Command: "/Users/free_1/Library/Mobile Documents/iCloud~md~obsidian/Documents/cpp-checker/branch_2-1/raw_engine_v1_package/build-debug-phase19/tests/raw_engine_tests" "--case" "planner_failure_signature_smoke"
Directory: /Users/free_1/Library/Mobile Documents/iCloud~md~obsidian/Documents/cpp-checker/branch_2-1/raw_engine_v1_package/build-debug-phase19/tests
"raw_engine_planner_failure_signature_smoke" start time: Mar 20 11:45 KST
Output:
----------------------------------------------------------
raw_engine_v1 tests passed case=planner_failure_signature_smoke
<end of output>
Test time =   0.01 sec
----------------------------------------------------------
Test Passed.
"raw_engine_planner_failure_signature_smoke" end time: Mar 20 11:45 KST
"raw_engine_planner_failure_signature_smoke" time elapsed: 00:00:00
----------------------------------------------------------

21/115 Testing: raw_engine_reduce_planner_state_step_budget
21/115 Test: raw_engine_reduce_planner_state_step_budget
Command: "/Users/free_1/Library/Mobile Documents/iCloud~md~obsidian/Documents/cpp-checker/branch_2-1/raw_engine_v1_package/build-debug-phase19/tests/raw_engine_tests" "--case" "reduce_planner_state_step_budget" "--artifact-dir" "artifacts/reduce_planner_state_step_budget"
Directory: /Users/free_1/Library/Mobile Documents/iCloud~md~obsidian/Documents/cpp-checker/branch_2-1/raw_engine_v1_package/build-debug-phase19/tests
"raw_engine_reduce_planner_state_step_budget" start time: Mar 20 11:45 KST
Output:
----------------------------------------------------------
raw_engine_v1 tests passed case=reduce_planner_state_step_budget
<end of output>
Test time =   2.08 sec
----------------------------------------------------------
Test Passed.
"raw_engine_reduce_planner_state_step_budget" end time: Mar 20 11:45 KST
"raw_engine_reduce_planner_state_step_budget" time elapsed: 00:00:02
----------------------------------------------------------

22/115 Testing: raw_engine_reduce_planner_state_trace_prefix
22/115 Test: raw_engine_reduce_planner_state_trace_prefix
Command: "/Users/free_1/Library/Mobile Documents/iCloud~md~obsidian/Documents/cpp-checker/branch_2-1/raw_engine_v1_package/build-debug-phase19/tests/raw_engine_tests" "--case" "reduce_planner_state_trace_prefix" "--artifact-dir" "artifacts/reduce_planner_state_trace_prefix"
Directory: /Users/free_1/Library/Mobile Documents/iCloud~md~obsidian/Documents/cpp-checker/branch_2-1/raw_engine_v1_package/build-debug-phase19/tests
"raw_engine_reduce_planner_state_trace_prefix" start time: Mar 20 11:45 KST
Output:
----------------------------------------------------------
raw_engine_v1 tests passed case=reduce_planner_state_trace_prefix
<end of output>
Test time =   0.65 sec
----------------------------------------------------------
Test Passed.
"raw_engine_reduce_planner_state_trace_prefix" end time: Mar 20 11:45 KST
"raw_engine_reduce_planner_state_trace_prefix" time elapsed: 00:00:00
----------------------------------------------------------

23/115 Testing: raw_engine_planner_oracle_fuzz_stats
23/115 Test: raw_engine_planner_oracle_fuzz_stats
Command: "/Users/free_1/Library/Mobile Documents/iCloud~md~obsidian/Documents/cpp-checker/branch_2-1/raw_engine_v1_package/build-debug-phase19/tests/raw_engine_tests" "--case" "planner_oracle_fuzz_stats"
Directory: /Users/free_1/Library/Mobile Documents/iCloud~md~obsidian/Documents/cpp-checker/branch_2-1/raw_engine_v1_package/build-debug-phase19/tests
"raw_engine_planner_oracle_fuzz_stats" start time: Mar 20 11:45 KST
Output:
----------------------------------------------------------
raw_engine_v1 tests passed case=planner_oracle_fuzz_stats
<end of output>
Test time =   1.05 sec
----------------------------------------------------------
Test Passed.
"raw_engine_planner_oracle_fuzz_stats" end time: Mar 20 11:45 KST
"raw_engine_planner_oracle_fuzz_stats" time elapsed: 00:00:01
----------------------------------------------------------

24/115 Testing: raw_engine_primitive_fault_detection_smoke
24/115 Test: raw_engine_primitive_fault_detection_smoke
Command: "/Users/free_1/Library/Mobile Documents/iCloud~md~obsidian/Documents/cpp-checker/branch_2-1/raw_engine_v1_package/build-debug-phase19/tests/raw_engine_tests" "--case" "primitive_fault_detection_smoke"
Directory: /Users/free_1/Library/Mobile Documents/iCloud~md~obsidian/Documents/cpp-checker/branch_2-1/raw_engine_v1_package/build-debug-phase19/tests
"raw_engine_primitive_fault_detection_smoke" start time: Mar 20 11:45 KST
Output:
----------------------------------------------------------
raw_engine_v1 tests passed case=primitive_fault_detection_smoke
<end of output>
Test time =   0.01 sec
----------------------------------------------------------
Test Passed.
"raw_engine_primitive_fault_detection_smoke" end time: Mar 20 11:45 KST
"raw_engine_primitive_fault_detection_smoke" time elapsed: 00:00:00
----------------------------------------------------------

25/115 Testing: raw_engine_planner_fault_detection_smoke
25/115 Test: raw_engine_planner_fault_detection_smoke
Command: "/Users/free_1/Library/Mobile Documents/iCloud~md~obsidian/Documents/cpp-checker/branch_2-1/raw_engine_v1_package/build-debug-phase19/tests/raw_engine_tests" "--case" "planner_fault_detection_smoke"
Directory: /Users/free_1/Library/Mobile Documents/iCloud~md~obsidian/Documents/cpp-checker/branch_2-1/raw_engine_v1_package/build-debug-phase19/tests
"raw_engine_planner_fault_detection_smoke" start time: Mar 20 11:45 KST
Output:
----------------------------------------------------------
raw_engine_v1 tests passed case=planner_fault_detection_smoke
<end of output>
Test time =   0.07 sec
----------------------------------------------------------
Test Passed.
"raw_engine_planner_fault_detection_smoke" end time: Mar 20 11:45 KST
"raw_engine_planner_fault_detection_smoke" time elapsed: 00:00:00
----------------------------------------------------------

26/115 Testing: raw_engine_mutation_matrix_smoke
26/115 Test: raw_engine_mutation_matrix_smoke
Command: "/Users/free_1/Library/Mobile Documents/iCloud~md~obsidian/Documents/cpp-checker/branch_2-1/raw_engine_v1_package/build-debug-phase19/tests/raw_engine_tests" "--case" "mutation_matrix_smoke"
Directory: /Users/free_1/Library/Mobile Documents/iCloud~md~obsidian/Documents/cpp-checker/branch_2-1/raw_engine_v1_package/build-debug-phase19/tests
"raw_engine_mutation_matrix_smoke" start time: Mar 20 11:45 KST
Output:
----------------------------------------------------------
raw_engine_v1 tests passed case=mutation_matrix_smoke
<end of output>
Test time =   0.02 sec
----------------------------------------------------------
Test Passed.
"raw_engine_mutation_matrix_smoke" end time: Mar 20 11:45 KST
"raw_engine_mutation_matrix_smoke" time elapsed: 00:00:00
----------------------------------------------------------

27/115 Testing: raw_engine_planner_fixpoint_idempotence
27/115 Test: raw_engine_planner_fixpoint_idempotence
Command: "/Users/free_1/Library/Mobile Documents/iCloud~md~obsidian/Documents/cpp-checker/branch_2-1/raw_engine_v1_package/build-debug-phase19/tests/raw_engine_tests" "--case" "planner_fixpoint_idempotence"
Directory: /Users/free_1/Library/Mobile Documents/iCloud~md~obsidian/Documents/cpp-checker/branch_2-1/raw_engine_v1_package/build-debug-phase19/tests
"raw_engine_planner_fixpoint_idempotence" start time: Mar 20 11:45 KST
Output:
----------------------------------------------------------
raw_engine_v1 tests passed case=planner_fixpoint_idempotence
<end of output>
Test time =   0.01 sec
----------------------------------------------------------
Test Passed.
"raw_engine_planner_fixpoint_idempotence" end time: Mar 20 11:45 KST
"raw_engine_planner_fixpoint_idempotence" time elapsed: 00:00:00
----------------------------------------------------------

28/115 Testing: raw_engine_planner_replay_determinism
28/115 Test: raw_engine_planner_replay_determinism
Command: "/Users/free_1/Library/Mobile Documents/iCloud~md~obsidian/Documents/cpp-checker/branch_2-1/raw_engine_v1_package/build-debug-phase19/tests/raw_engine_tests" "--case" "planner_replay_determinism"
Directory: /Users/free_1/Library/Mobile Documents/iCloud~md~obsidian/Documents/cpp-checker/branch_2-1/raw_engine_v1_package/build-debug-phase19/tests
"raw_engine_planner_replay_determinism" start time: Mar 20 11:45 KST
Output:
----------------------------------------------------------
raw_engine_v1 tests passed case=planner_replay_determinism
<end of output>
Test time =   0.02 sec
----------------------------------------------------------
Test Passed.
"raw_engine_planner_replay_determinism" end time: Mar 20 11:45 KST
"raw_engine_planner_replay_determinism" time elapsed: 00:00:00
----------------------------------------------------------

29/115 Testing: raw_engine_reducer_determinism_smoke
29/115 Test: raw_engine_reducer_determinism_smoke
Command: "/Users/free_1/Library/Mobile Documents/iCloud~md~obsidian/Documents/cpp-checker/branch_2-1/raw_engine_v1_package/build-debug-phase19/tests/raw_engine_tests" "--case" "reducer_determinism_smoke" "--artifact-dir" "artifacts/reducer_determinism_smoke"
Directory: /Users/free_1/Library/Mobile Documents/iCloud~md~obsidian/Documents/cpp-checker/branch_2-1/raw_engine_v1_package/build-debug-phase19/tests
"raw_engine_reducer_determinism_smoke" start time: Mar 20 11:45 KST
Output:
----------------------------------------------------------
raw_engine_v1 tests passed case=reducer_determinism_smoke
<end of output>
Test time =   1.42 sec
----------------------------------------------------------
Test Passed.
"raw_engine_reducer_determinism_smoke" end time: Mar 20 11:45 KST
"raw_engine_reducer_determinism_smoke" time elapsed: 00:00:01
----------------------------------------------------------

30/115 Testing: raw_engine_corpus_roundtrip_smoke
30/115 Test: raw_engine_corpus_roundtrip_smoke
Command: "/Users/free_1/Library/Mobile Documents/iCloud~md~obsidian/Documents/cpp-checker/branch_2-1/raw_engine_v1_package/build-debug-phase19/tests/raw_engine_tests" "--case" "corpus_roundtrip_smoke"
Directory: /Users/free_1/Library/Mobile Documents/iCloud~md~obsidian/Documents/cpp-checker/branch_2-1/raw_engine_v1_package/build-debug-phase19/tests
"raw_engine_corpus_roundtrip_smoke" start time: Mar 20 11:45 KST
Output:
----------------------------------------------------------
raw_engine_v1 tests passed case=corpus_roundtrip_smoke
<end of output>
Test time =   0.39 sec
----------------------------------------------------------
Test Passed.
"raw_engine_corpus_roundtrip_smoke" end time: Mar 20 11:45 KST
"raw_engine_corpus_roundtrip_smoke" time elapsed: 00:00:00
----------------------------------------------------------

31/115 Testing: raw_engine_corpus_replay_smoke
31/115 Test: raw_engine_corpus_replay_smoke
Command: "/Users/free_1/Library/Mobile Documents/iCloud~md~obsidian/Documents/cpp-checker/branch_2-1/raw_engine_v1_package/build-debug-phase19/tests/raw_engine_tests" "--case" "corpus_replay_smoke"
Directory: /Users/free_1/Library/Mobile Documents/iCloud~md~obsidian/Documents/cpp-checker/branch_2-1/raw_engine_v1_package/build-debug-phase19/tests
"raw_engine_corpus_replay_smoke" start time: Mar 20 11:45 KST
Output:
----------------------------------------------------------
raw_engine_v1 tests passed case=corpus_replay_smoke
<end of output>
Test time =   0.17 sec
----------------------------------------------------------
Test Passed.
"raw_engine_corpus_replay_smoke" end time: Mar 20 11:45 KST
"raw_engine_corpus_replay_smoke" time elapsed: 00:00:00
----------------------------------------------------------

32/115 Testing: raw_engine_compare_ready_lineage_smoke
32/115 Test: raw_engine_compare_ready_lineage_smoke
Command: "/Users/free_1/Library/Mobile Documents/iCloud~md~obsidian/Documents/cpp-checker/branch_2-1/raw_engine_v1_package/build-debug-phase19/tests/raw_engine_tests" "--case" "compare_ready_lineage_smoke"
Directory: /Users/free_1/Library/Mobile Documents/iCloud~md~obsidian/Documents/cpp-checker/branch_2-1/raw_engine_v1_package/build-debug-phase19/tests
"raw_engine_compare_ready_lineage_smoke" start time: Mar 20 11:45 KST
Output:
----------------------------------------------------------
raw_engine_v1 tests passed case=compare_ready_lineage_smoke
<end of output>
Test time =  72.70 sec
----------------------------------------------------------
Test Passed.
"raw_engine_compare_ready_lineage_smoke" end time: Mar 20 11:47 KST
"raw_engine_compare_ready_lineage_smoke" time elapsed: 00:01:12
----------------------------------------------------------

33/115 Testing: raw_engine_planner_tie_organic_applicability_smoke
33/115 Test: raw_engine_planner_tie_organic_applicability_smoke
Command: "/Users/free_1/Library/Mobile Documents/iCloud~md~obsidian/Documents/cpp-checker/branch_2-1/raw_engine_v1_package/build-debug-phase19/tests/raw_engine_tests" "--case" "planner_tie_organic_applicability_smoke"
Directory: /Users/free_1/Library/Mobile Documents/iCloud~md~obsidian/Documents/cpp-checker/branch_2-1/raw_engine_v1_package/build-debug-phase19/tests
"raw_engine_planner_tie_organic_applicability_smoke" start time: Mar 20 11:47 KST
Output:
----------------------------------------------------------
raw_engine_v1 tests passed case=planner_tie_organic_applicability_smoke
<end of output>
Test time =   0.04 sec
----------------------------------------------------------
Test Passed.
"raw_engine_planner_tie_organic_applicability_smoke" end time: Mar 20 11:47 KST
"raw_engine_planner_tie_organic_applicability_smoke" time elapsed: 00:00:00
----------------------------------------------------------

34/115 Testing: raw_engine_planner_tie_organic_proxy_pass_smoke
34/115 Test: raw_engine_planner_tie_organic_proxy_pass_smoke
Command: "/Users/free_1/Library/Mobile Documents/iCloud~md~obsidian/Documents/cpp-checker/branch_2-1/raw_engine_v1_package/build-debug-phase19/tests/raw_engine_tests" "--case" "planner_tie_organic_proxy_pass_smoke"
Directory: /Users/free_1/Library/Mobile Documents/iCloud~md~obsidian/Documents/cpp-checker/branch_2-1/raw_engine_v1_package/build-debug-phase19/tests
"raw_engine_planner_tie_organic_proxy_pass_smoke" start time: Mar 20 11:47 KST
Output:
----------------------------------------------------------
raw_engine_v1 tests passed case=planner_tie_organic_proxy_pass_smoke
<end of output>
Test time =   0.01 sec
----------------------------------------------------------
Test Passed.
"raw_engine_planner_tie_organic_proxy_pass_smoke" end time: Mar 20 11:47 KST
"raw_engine_planner_tie_organic_proxy_pass_smoke" time elapsed: 00:00:00
----------------------------------------------------------

35/115 Testing: raw_engine_campaign_phase16_resume_gate_smoke
35/115 Test: raw_engine_campaign_phase16_resume_gate_smoke
Command: "/Users/free_1/Library/Mobile Documents/iCloud~md~obsidian/Documents/cpp-checker/branch_2-1/raw_engine_v1_package/build-debug-phase19/tests/raw_engine_tests" "--case" "campaign_phase16_resume_gate_smoke" "--artifact-dir" "artifacts/campaign_phase16_resume_gate_smoke"
Directory: /Users/free_1/Library/Mobile Documents/iCloud~md~obsidian/Documents/cpp-checker/branch_2-1/raw_engine_v1_package/build-debug-phase19/tests
"raw_engine_campaign_phase16_resume_gate_smoke" start time: Mar 20 11:47 KST
Output:
----------------------------------------------------------
raw_engine_v1 tests passed case=campaign_phase16_resume_gate_smoke
<end of output>
Test time = 122.35 sec
----------------------------------------------------------
Test Passed.
"raw_engine_campaign_phase16_resume_gate_smoke" end time: Mar 20 11:49 KST
"raw_engine_campaign_phase16_resume_gate_smoke" time elapsed: 00:02:02
----------------------------------------------------------

36/115 Testing: raw_engine_campaign_phase16_manifest_compatibility_smoke
36/115 Test: raw_engine_campaign_phase16_manifest_compatibility_smoke
Command: "/Users/free_1/Library/Mobile Documents/iCloud~md~obsidian/Documents/cpp-checker/branch_2-1/raw_engine_v1_package/build-debug-phase19/tests/raw_engine_tests" "--case" "campaign_phase16_manifest_compatibility_smoke" "--artifact-dir" "artifacts/campaign_phase16_manifest_compatibility_smoke"
Directory: /Users/free_1/Library/Mobile Documents/iCloud~md~obsidian/Documents/cpp-checker/branch_2-1/raw_engine_v1_package/build-debug-phase19/tests
"raw_engine_campaign_phase16_manifest_compatibility_smoke" start time: Mar 20 11:49 KST
Output:
----------------------------------------------------------
raw_engine_v1 tests passed case=campaign_phase16_manifest_compatibility_smoke
<end of output>
Test time = 125.51 sec
----------------------------------------------------------
Test Passed.
"raw_engine_campaign_phase16_manifest_compatibility_smoke" end time: Mar 20 11:51 KST
"raw_engine_campaign_phase16_manifest_compatibility_smoke" time elapsed: 00:02:05
----------------------------------------------------------

37/115 Testing: raw_engine_split_choice_policy_graduation_smoke
37/115 Test: raw_engine_split_choice_policy_graduation_smoke
Command: "/Users/free_1/Library/Mobile Documents/iCloud~md~obsidian/Documents/cpp-checker/branch_2-1/raw_engine_v1_package/build-debug-phase19/tests/raw_engine_tests" "--case" "split_choice_policy_graduation_smoke"
Directory: /Users/free_1/Library/Mobile Documents/iCloud~md~obsidian/Documents/cpp-checker/branch_2-1/raw_engine_v1_package/build-debug-phase19/tests
"raw_engine_split_choice_policy_graduation_smoke" start time: Mar 20 11:51 KST
Output:
----------------------------------------------------------
raw_engine_v1 tests passed case=split_choice_policy_graduation_smoke
<end of output>
Test time =   0.01 sec
----------------------------------------------------------
Test Passed.
"raw_engine_split_choice_policy_graduation_smoke" end time: Mar 20 11:51 KST
"raw_engine_split_choice_policy_graduation_smoke" time elapsed: 00:00:00
----------------------------------------------------------

38/115 Testing: raw_engine_policy_graduation_gate_smoke
38/115 Test: raw_engine_policy_graduation_gate_smoke
Command: "/Users/free_1/Library/Mobile Documents/iCloud~md~obsidian/Documents/cpp-checker/branch_2-1/raw_engine_v1_package/build-debug-phase19/tests/raw_engine_tests" "--case" "policy_graduation_gate_smoke"
Directory: /Users/free_1/Library/Mobile Documents/iCloud~md~obsidian/Documents/cpp-checker/branch_2-1/raw_engine_v1_package/build-debug-phase19/tests
"raw_engine_policy_graduation_gate_smoke" start time: Mar 20 11:51 KST
Output:
----------------------------------------------------------
raw_engine_v1 tests passed case=policy_graduation_gate_smoke
<end of output>
Test time =   0.01 sec
----------------------------------------------------------
Test Passed.
"raw_engine_policy_graduation_gate_smoke" end time: Mar 20 11:51 KST
"raw_engine_policy_graduation_gate_smoke" time elapsed: 00:00:00
----------------------------------------------------------

39/115 Testing: raw_engine_policy_gate_manifest_smoke
39/115 Test: raw_engine_policy_gate_manifest_smoke
Command: "/Users/free_1/Library/Mobile Documents/iCloud~md~obsidian/Documents/cpp-checker/branch_2-1/raw_engine_v1_package/build-debug-phase19/tests/raw_engine_tests" "--case" "policy_gate_manifest_smoke"
Directory: /Users/free_1/Library/Mobile Documents/iCloud~md~obsidian/Documents/cpp-checker/branch_2-1/raw_engine_v1_package/build-debug-phase19/tests
"raw_engine_policy_gate_manifest_smoke" start time: Mar 20 11:51 KST
Output:
----------------------------------------------------------
raw_engine_v1 tests passed case=policy_gate_manifest_smoke
<end of output>
Test time =   0.03 sec
----------------------------------------------------------
Test Passed.
"raw_engine_policy_gate_manifest_smoke" end time: Mar 20 11:51 KST
"raw_engine_policy_gate_manifest_smoke" time elapsed: 00:00:00
----------------------------------------------------------

40/115 Testing: raw_engine_policy_refresh_smoke
40/115 Test: raw_engine_policy_refresh_smoke
Command: "/Users/free_1/Library/Mobile Documents/iCloud~md~obsidian/Documents/cpp-checker/branch_2-1/raw_engine_v1_package/build-debug-phase19/tests/raw_engine_tests" "--case" "policy_refresh_smoke"
Directory: /Users/free_1/Library/Mobile Documents/iCloud~md~obsidian/Documents/cpp-checker/branch_2-1/raw_engine_v1_package/build-debug-phase19/tests
"raw_engine_policy_refresh_smoke" start time: Mar 20 11:51 KST
Output:
----------------------------------------------------------
raw_engine_v1 tests passed case=policy_refresh_smoke
<end of output>
Test time =   0.03 sec
----------------------------------------------------------
Test Passed.
"raw_engine_policy_refresh_smoke" end time: Mar 20 11:51 KST
"raw_engine_policy_refresh_smoke" time elapsed: 00:00:00
----------------------------------------------------------

41/115 Testing: raw_engine_policy_refresh_family_filter_smoke
41/115 Test: raw_engine_policy_refresh_family_filter_smoke
Command: "/Users/free_1/Library/Mobile Documents/iCloud~md~obsidian/Documents/cpp-checker/branch_2-1/raw_engine_v1_package/build-debug-phase19/tests/raw_engine_tests" "--case" "policy_refresh_family_filter_smoke"
Directory: /Users/free_1/Library/Mobile Documents/iCloud~md~obsidian/Documents/cpp-checker/branch_2-1/raw_engine_v1_package/build-debug-phase19/tests
"raw_engine_policy_refresh_family_filter_smoke" start time: Mar 20 11:51 KST
Output:
----------------------------------------------------------
raw_engine_v1 tests passed case=policy_refresh_family_filter_smoke
<end of output>
Test time =   0.03 sec
----------------------------------------------------------
Test Passed.
"raw_engine_policy_refresh_family_filter_smoke" end time: Mar 20 11:51 KST
"raw_engine_policy_refresh_family_filter_smoke" time elapsed: 00:00:00
----------------------------------------------------------

42/115 Testing: raw_engine_policy_gate_family_filter_smoke
42/115 Test: raw_engine_policy_gate_family_filter_smoke
Command: "/Users/free_1/Library/Mobile Documents/iCloud~md~obsidian/Documents/cpp-checker/branch_2-1/raw_engine_v1_package/build-debug-phase19/tests/raw_engine_tests" "--case" "policy_gate_family_filter_smoke"
Directory: /Users/free_1/Library/Mobile Documents/iCloud~md~obsidian/Documents/cpp-checker/branch_2-1/raw_engine_v1_package/build-debug-phase19/tests
"raw_engine_policy_gate_family_filter_smoke" start time: Mar 20 11:51 KST
Output:
----------------------------------------------------------
raw_engine_v1 tests passed case=policy_gate_family_filter_smoke
<end of output>
Test time =   0.02 sec
----------------------------------------------------------
Test Passed.
"raw_engine_policy_gate_family_filter_smoke" end time: Mar 20 11:51 KST
"raw_engine_policy_gate_family_filter_smoke" time elapsed: 00:00:00
----------------------------------------------------------

43/115 Testing: raw_engine_policy_gate_non_applicable_smoke
43/115 Test: raw_engine_policy_gate_non_applicable_smoke
Command: "/Users/free_1/Library/Mobile Documents/iCloud~md~obsidian/Documents/cpp-checker/branch_2-1/raw_engine_v1_package/build-debug-phase19/tests/raw_engine_tests" "--case" "policy_gate_non_applicable_smoke"
Directory: /Users/free_1/Library/Mobile Documents/iCloud~md~obsidian/Documents/cpp-checker/branch_2-1/raw_engine_v1_package/build-debug-phase19/tests
"raw_engine_policy_gate_non_applicable_smoke" start time: Mar 20 11:51 KST
Output:
----------------------------------------------------------
raw_engine_v1 tests passed case=policy_gate_non_applicable_smoke
<end of output>
Test time =   0.01 sec
----------------------------------------------------------
Test Passed.
"raw_engine_policy_gate_non_applicable_smoke" end time: Mar 20 11:51 KST
"raw_engine_policy_gate_non_applicable_smoke" time elapsed: 00:00:00
----------------------------------------------------------

44/115 Testing: raw_engine_policy_gate_non_applicable_drift_smoke
44/115 Test: raw_engine_policy_gate_non_applicable_drift_smoke
Command: "/Users/free_1/Library/Mobile Documents/iCloud~md~obsidian/Documents/cpp-checker/branch_2-1/raw_engine_v1_package/build-debug-phase19/tests/raw_engine_tests" "--case" "policy_gate_non_applicable_drift_smoke"
Directory: /Users/free_1/Library/Mobile Documents/iCloud~md~obsidian/Documents/cpp-checker/branch_2-1/raw_engine_v1_package/build-debug-phase19/tests
"raw_engine_policy_gate_non_applicable_drift_smoke" start time: Mar 20 11:51 KST
Output:
----------------------------------------------------------
raw_engine_v1 tests passed case=policy_gate_non_applicable_drift_smoke
<end of output>
Test time =   0.03 sec
----------------------------------------------------------
Test Passed.
"raw_engine_policy_gate_non_applicable_drift_smoke" end time: Mar 20 11:51 KST
"raw_engine_policy_gate_non_applicable_drift_smoke" time elapsed: 00:00:00
----------------------------------------------------------

45/115 Testing: raw_engine_planner_tie_organic_applicability_drift_smoke
45/115 Test: raw_engine_planner_tie_organic_applicability_drift_smoke
Command: "/Users/free_1/Library/Mobile Documents/iCloud~md~obsidian/Documents/cpp-checker/branch_2-1/raw_engine_v1_package/build-debug-phase19/tests/raw_engine_tests" "--case" "planner_tie_organic_applicability_drift_smoke"
Directory: /Users/free_1/Library/Mobile Documents/iCloud~md~obsidian/Documents/cpp-checker/branch_2-1/raw_engine_v1_package/build-debug-phase19/tests
"raw_engine_planner_tie_organic_applicability_drift_smoke" start time: Mar 20 11:51 KST
Output:
----------------------------------------------------------
raw_engine_v1 tests passed case=planner_tie_organic_applicability_drift_smoke
<end of output>
Test time =   0.01 sec
----------------------------------------------------------
Test Passed.
"raw_engine_planner_tie_organic_applicability_drift_smoke" end time: Mar 20 11:51 KST
"raw_engine_planner_tie_organic_applicability_drift_smoke" time elapsed: 00:00:00
----------------------------------------------------------

46/115 Testing: raw_engine_planner_tie_organic_reclassify_trigger_smoke
46/115 Test: raw_engine_planner_tie_organic_reclassify_trigger_smoke
Command: "/Users/free_1/Library/Mobile Documents/iCloud~md~obsidian/Documents/cpp-checker/branch_2-1/raw_engine_v1_package/build-debug-phase19/tests/raw_engine_tests" "--case" "planner_tie_organic_reclassify_trigger_smoke"
Directory: /Users/free_1/Library/Mobile Documents/iCloud~md~obsidian/Documents/cpp-checker/branch_2-1/raw_engine_v1_package/build-debug-phase19/tests
"raw_engine_planner_tie_organic_reclassify_trigger_smoke" start time: Mar 20 11:51 KST
Output:
----------------------------------------------------------
raw_engine_v1 tests passed case=planner_tie_organic_reclassify_trigger_smoke
<end of output>
Test time =   0.03 sec
----------------------------------------------------------
Test Passed.
"raw_engine_planner_tie_organic_reclassify_trigger_smoke" end time: Mar 20 11:51 KST
"raw_engine_planner_tie_organic_reclassify_trigger_smoke" time elapsed: 00:00:00
----------------------------------------------------------

47/115 Testing: raw_engine_compare_ready_lineage_gate_smoke
47/115 Test: raw_engine_compare_ready_lineage_gate_smoke
Command: "/Users/free_1/Library/Mobile Documents/iCloud~md~obsidian/Documents/cpp-checker/branch_2-1/raw_engine_v1_package/build-debug-phase19/tests/raw_engine_tests" "--case" "compare_ready_lineage_gate_smoke"
Directory: /Users/free_1/Library/Mobile Documents/iCloud~md~obsidian/Documents/cpp-checker/branch_2-1/raw_engine_v1_package/build-debug-phase19/tests
"raw_engine_compare_ready_lineage_gate_smoke" start time: Mar 20 11:51 KST
Output:
----------------------------------------------------------
raw_engine_v1 tests passed case=compare_ready_lineage_gate_smoke
<end of output>
Test time =   0.01 sec
----------------------------------------------------------
Test Passed.
"raw_engine_compare_ready_lineage_gate_smoke" end time: Mar 20 11:51 KST
"raw_engine_compare_ready_lineage_gate_smoke" time elapsed: 00:00:00
----------------------------------------------------------

48/115 Testing: raw_engine_compare_ready_not_counted_as_pass_smoke
48/115 Test: raw_engine_compare_ready_not_counted_as_pass_smoke
Command: "/Users/free_1/Library/Mobile Documents/iCloud~md~obsidian/Documents/cpp-checker/branch_2-1/raw_engine_v1_package/build-debug-phase19/tests/raw_engine_tests" "--case" "compare_ready_not_counted_as_pass_smoke"
Directory: /Users/free_1/Library/Mobile Documents/iCloud~md~obsidian/Documents/cpp-checker/branch_2-1/raw_engine_v1_package/build-debug-phase19/tests
"raw_engine_compare_ready_not_counted_as_pass_smoke" start time: Mar 20 11:51 KST
Output:
----------------------------------------------------------
raw_engine_v1 tests passed case=compare_ready_not_counted_as_pass_smoke
<end of output>
Test time =   0.01 sec
----------------------------------------------------------
Test Passed.
"raw_engine_compare_ready_not_counted_as_pass_smoke" end time: Mar 20 11:51 KST
"raw_engine_compare_ready_not_counted_as_pass_smoke" time elapsed: 00:00:00
----------------------------------------------------------

49/115 Testing: raw_engine_policy_gate_diagnostic_only_smoke
49/115 Test: raw_engine_policy_gate_diagnostic_only_smoke
Command: "/Users/free_1/Library/Mobile Documents/iCloud~md~obsidian/Documents/cpp-checker/branch_2-1/raw_engine_v1_package/build-debug-phase19/tests/raw_engine_tests" "--case" "policy_gate_diagnostic_only_smoke"
Directory: /Users/free_1/Library/Mobile Documents/iCloud~md~obsidian/Documents/cpp-checker/branch_2-1/raw_engine_v1_package/build-debug-phase19/tests
"raw_engine_policy_gate_diagnostic_only_smoke" start time: Mar 20 11:51 KST
Output:
----------------------------------------------------------
raw_engine_v1 tests passed case=policy_gate_diagnostic_only_smoke
<end of output>
Test time =   0.04 sec
----------------------------------------------------------
Test Passed.
"raw_engine_policy_gate_diagnostic_only_smoke" end time: Mar 20 11:51 KST
"raw_engine_policy_gate_diagnostic_only_smoke" time elapsed: 00:00:00
----------------------------------------------------------

50/115 Testing: raw_engine_compare_ready_not_promoted_smoke
50/115 Test: raw_engine_compare_ready_not_promoted_smoke
Command: "/Users/free_1/Library/Mobile Documents/iCloud~md~obsidian/Documents/cpp-checker/branch_2-1/raw_engine_v1_package/build-debug-phase19/tests/raw_engine_tests" "--case" "compare_ready_not_promoted_smoke"
Directory: /Users/free_1/Library/Mobile Documents/iCloud~md~obsidian/Documents/cpp-checker/branch_2-1/raw_engine_v1_package/build-debug-phase19/tests
"raw_engine_compare_ready_not_promoted_smoke" start time: Mar 20 11:51 KST
Output:
----------------------------------------------------------
raw_engine_v1 tests passed case=compare_ready_not_promoted_smoke
<end of output>
Test time =   0.04 sec
----------------------------------------------------------
Test Passed.
"raw_engine_compare_ready_not_promoted_smoke" end time: Mar 20 11:51 KST
"raw_engine_compare_ready_not_promoted_smoke" time elapsed: 00:00:00
----------------------------------------------------------

51/115 Testing: raw_engine_policy_gate_nightly_smoke
51/115 Test: raw_engine_policy_gate_nightly_smoke
Command: "/Users/free_1/Library/Mobile Documents/iCloud~md~obsidian/Documents/cpp-checker/branch_2-1/raw_engine_v1_package/build-debug-phase19/tests/raw_engine_tests" "--case" "policy_gate_nightly_smoke"
Directory: /Users/free_1/Library/Mobile Documents/iCloud~md~obsidian/Documents/cpp-checker/branch_2-1/raw_engine_v1_package/build-debug-phase19/tests
"raw_engine_policy_gate_nightly_smoke" start time: Mar 20 11:51 KST
Output:
----------------------------------------------------------
raw_engine_v1 tests passed case=policy_gate_nightly_smoke
<end of output>
Test time =   0.02 sec
----------------------------------------------------------
Test Passed.
"raw_engine_policy_gate_nightly_smoke" end time: Mar 20 11:51 KST
"raw_engine_policy_gate_nightly_smoke" time elapsed: 00:00:00
----------------------------------------------------------

52/115 Testing: raw_engine_policy_refresh_nightly_smoke
52/115 Test: raw_engine_policy_refresh_nightly_smoke
Command: "/Users/free_1/Library/Mobile Documents/iCloud~md~obsidian/Documents/cpp-checker/branch_2-1/raw_engine_v1_package/build-debug-phase19/tests/raw_engine_tests" "--case" "policy_refresh_nightly_smoke"
Directory: /Users/free_1/Library/Mobile Documents/iCloud~md~obsidian/Documents/cpp-checker/branch_2-1/raw_engine_v1_package/build-debug-phase19/tests
"raw_engine_policy_refresh_nightly_smoke" start time: Mar 20 11:51 KST
Output:
----------------------------------------------------------
raw_engine_v1 tests passed case=policy_refresh_nightly_smoke
<end of output>
Test time =   0.04 sec
----------------------------------------------------------
Test Passed.
"raw_engine_policy_refresh_nightly_smoke" end time: Mar 20 11:51 KST
"raw_engine_policy_refresh_nightly_smoke" time elapsed: 00:00:00
----------------------------------------------------------

53/115 Testing: raw_engine_manifest_roundtrip_smoke
53/115 Test: raw_engine_manifest_roundtrip_smoke
Command: "/Users/free_1/Library/Mobile Documents/iCloud~md~obsidian/Documents/cpp-checker/branch_2-1/raw_engine_v1_package/build-debug-phase19/tests/raw_engine_tests" "--case" "manifest_roundtrip_smoke"
Directory: /Users/free_1/Library/Mobile Documents/iCloud~md~obsidian/Documents/cpp-checker/branch_2-1/raw_engine_v1_package/build-debug-phase19/tests
"raw_engine_manifest_roundtrip_smoke" start time: Mar 20 11:51 KST
Output:
----------------------------------------------------------
raw_engine_v1 tests passed case=manifest_roundtrip_smoke
<end of output>
Test time =   0.02 sec
----------------------------------------------------------
Test Passed.
"raw_engine_manifest_roundtrip_smoke" end time: Mar 20 11:51 KST
"raw_engine_manifest_roundtrip_smoke" time elapsed: 00:00:00
----------------------------------------------------------

54/115 Testing: raw_engine_evidence_bundle_smoke
54/115 Test: raw_engine_evidence_bundle_smoke
Command: "/Users/free_1/Library/Mobile Documents/iCloud~md~obsidian/Documents/cpp-checker/branch_2-1/raw_engine_v1_package/build-debug-phase19/tests/raw_engine_tests" "--case" "evidence_bundle_smoke"
Directory: /Users/free_1/Library/Mobile Documents/iCloud~md~obsidian/Documents/cpp-checker/branch_2-1/raw_engine_v1_package/build-debug-phase19/tests
"raw_engine_evidence_bundle_smoke" start time: Mar 20 11:51 KST
Output:
----------------------------------------------------------
/Users/free_1/Library/Mobile Documents/iCloud~md~obsidian/Documents/cpp-checker/branch_2-1/raw_engine_v1_package/build-debug-phase19/tests/artifacts/evidence_bundle_smoke/raw_engine_phase19_stabilization.zip
raw_engine_v1 tests passed case=evidence_bundle_smoke
<end of output>
Test time =   0.14 sec
----------------------------------------------------------
Test Passed.
"raw_engine_evidence_bundle_smoke" end time: Mar 20 11:51 KST
"raw_engine_evidence_bundle_smoke" time elapsed: 00:00:00
----------------------------------------------------------

55/115 Testing: raw_engine_evidence_bundle_manifest_freshness_smoke
55/115 Test: raw_engine_evidence_bundle_manifest_freshness_smoke
Command: "/Users/free_1/Library/Mobile Documents/iCloud~md~obsidian/Documents/cpp-checker/branch_2-1/raw_engine_v1_package/build-debug-phase19/tests/raw_engine_tests" "--case" "evidence_bundle_manifest_freshness_smoke"
Directory: /Users/free_1/Library/Mobile Documents/iCloud~md~obsidian/Documents/cpp-checker/branch_2-1/raw_engine_v1_package/build-debug-phase19/tests
"raw_engine_evidence_bundle_manifest_freshness_smoke" start time: Mar 20 11:51 KST
Output:
----------------------------------------------------------
/Users/free_1/Library/Mobile Documents/iCloud~md~obsidian/Documents/cpp-checker/branch_2-1/raw_engine_v1_package/build-debug-phase19/tests/artifacts/evidence_bundle_smoke/raw_engine_phase19_stabilization.zip
raw_engine_v1 tests passed case=evidence_bundle_manifest_freshness_smoke
<end of output>
Test time =   0.10 sec
----------------------------------------------------------
Test Passed.
"raw_engine_evidence_bundle_manifest_freshness_smoke" end time: Mar 20 11:51 KST
"raw_engine_evidence_bundle_manifest_freshness_smoke" time elapsed: 00:00:00
----------------------------------------------------------

56/115 Testing: raw_engine_stale_family_selective_rerun_smoke
56/115 Test: raw_engine_stale_family_selective_rerun_smoke
Command: "/Users/free_1/Library/Mobile Documents/iCloud~md~obsidian/Documents/cpp-checker/branch_2-1/raw_engine_v1_package/build-debug-phase19/tests/raw_engine_tests" "--case" "stale_family_selective_rerun_smoke"
Directory: /Users/free_1/Library/Mobile Documents/iCloud~md~obsidian/Documents/cpp-checker/branch_2-1/raw_engine_v1_package/build-debug-phase19/tests
"raw_engine_stale_family_selective_rerun_smoke" start time: Mar 20 11:51 KST
Output:
----------------------------------------------------------
raw_engine_v1 tests passed case=stale_family_selective_rerun_smoke
<end of output>
Test time =   0.04 sec
----------------------------------------------------------
Test Passed.
"raw_engine_stale_family_selective_rerun_smoke" end time: Mar 20 11:51 KST
"raw_engine_stale_family_selective_rerun_smoke" time elapsed: 00:00:00
----------------------------------------------------------

57/115 Testing: raw_engine_compare_evidence_threshold_smoke
57/115 Test: raw_engine_compare_evidence_threshold_smoke
Command: "/Users/free_1/Library/Mobile Documents/iCloud~md~obsidian/Documents/cpp-checker/branch_2-1/raw_engine_v1_package/build-debug-phase19/tests/raw_engine_tests" "--case" "compare_evidence_threshold_smoke"
Directory: /Users/free_1/Library/Mobile Documents/iCloud~md~obsidian/Documents/cpp-checker/branch_2-1/raw_engine_v1_package/build-debug-phase19/tests
"raw_engine_compare_evidence_threshold_smoke" start time: Mar 20 11:51 KST
Output:
----------------------------------------------------------
raw_engine_v1 tests passed case=compare_evidence_threshold_smoke
<end of output>
Test time =   0.01 sec
----------------------------------------------------------
Test Passed.
"raw_engine_compare_evidence_threshold_smoke" end time: Mar 20 11:51 KST
"raw_engine_compare_evidence_threshold_smoke" time elapsed: 00:00:00
----------------------------------------------------------

58/115 Testing: raw_engine_exhaustive_split_ready_smoke
58/115 Test: raw_engine_exhaustive_split_ready_smoke
Command: "/Users/free_1/Library/Mobile Documents/iCloud~md~obsidian/Documents/cpp-checker/branch_2-1/raw_engine_v1_package/build-debug-phase19/tests/raw_engine_tests" "--case" "exhaustive_split_ready_smoke"
Directory: /Users/free_1/Library/Mobile Documents/iCloud~md~obsidian/Documents/cpp-checker/branch_2-1/raw_engine_v1_package/build-debug-phase19/tests
"raw_engine_exhaustive_split_ready_smoke" start time: Mar 20 11:51 KST
Output:
----------------------------------------------------------
raw_engine_v1 tests passed case=exhaustive_split_ready_smoke
<end of output>
Test time =   0.29 sec
----------------------------------------------------------
Test Passed.
"raw_engine_exhaustive_split_ready_smoke" end time: Mar 20 11:51 KST
"raw_engine_exhaustive_split_ready_smoke" time elapsed: 00:00:00
----------------------------------------------------------

59/115 Testing: raw_engine_exhaustive_join_ready_smoke
59/115 Test: raw_engine_exhaustive_join_ready_smoke
Command: "/Users/free_1/Library/Mobile Documents/iCloud~md~obsidian/Documents/cpp-checker/branch_2-1/raw_engine_v1_package/build-debug-phase19/tests/raw_engine_tests" "--case" "exhaustive_join_ready_smoke"
Directory: /Users/free_1/Library/Mobile Documents/iCloud~md~obsidian/Documents/cpp-checker/branch_2-1/raw_engine_v1_package/build-debug-phase19/tests
"raw_engine_exhaustive_join_ready_smoke" start time: Mar 20 11:51 KST
Output:
----------------------------------------------------------
raw_engine_v1 tests passed case=exhaustive_join_ready_smoke
<end of output>
Test time =   0.40 sec
----------------------------------------------------------
Test Passed.
"raw_engine_exhaustive_join_ready_smoke" end time: Mar 20 11:51 KST
"raw_engine_exhaustive_join_ready_smoke" time elapsed: 00:00:00
----------------------------------------------------------

60/115 Testing: raw_engine_exhaustive_integrate_ready_smoke
60/115 Test: raw_engine_exhaustive_integrate_ready_smoke
Command: "/Users/free_1/Library/Mobile Documents/iCloud~md~obsidian/Documents/cpp-checker/branch_2-1/raw_engine_v1_package/build-debug-phase19/tests/raw_engine_tests" "--case" "exhaustive_integrate_ready_smoke"
Directory: /Users/free_1/Library/Mobile Documents/iCloud~md~obsidian/Documents/cpp-checker/branch_2-1/raw_engine_v1_package/build-debug-phase19/tests
"raw_engine_exhaustive_integrate_ready_smoke" start time: Mar 20 11:51 KST
Output:
----------------------------------------------------------
raw_engine_v1 tests passed case=exhaustive_integrate_ready_smoke
<end of output>
Test time =   0.08 sec
----------------------------------------------------------
Test Passed.
"raw_engine_exhaustive_integrate_ready_smoke" end time: Mar 20 11:51 KST
"raw_engine_exhaustive_integrate_ready_smoke" time elapsed: 00:00:00
----------------------------------------------------------

61/115 Testing: raw_engine_exhaustive_mixed_smoke
61/115 Test: raw_engine_exhaustive_mixed_smoke
Command: "/Users/free_1/Library/Mobile Documents/iCloud~md~obsidian/Documents/cpp-checker/branch_2-1/raw_engine_v1_package/build-debug-phase19/tests/raw_engine_tests" "--case" "exhaustive_mixed_smoke"
Directory: /Users/free_1/Library/Mobile Documents/iCloud~md~obsidian/Documents/cpp-checker/branch_2-1/raw_engine_v1_package/build-debug-phase19/tests
"raw_engine_exhaustive_mixed_smoke" start time: Mar 20 11:51 KST
Output:
----------------------------------------------------------
raw_engine_v1 tests passed case=exhaustive_mixed_smoke
<end of output>
Test time =   0.18 sec
----------------------------------------------------------
Test Passed.
"raw_engine_exhaustive_mixed_smoke" end time: Mar 20 11:51 KST
"raw_engine_exhaustive_mixed_smoke" time elapsed: 00:00:00
----------------------------------------------------------

62/115 Testing: raw_engine_planner_tie_mixed_exhaustive_smoke
62/115 Test: raw_engine_planner_tie_mixed_exhaustive_smoke
Command: "/Users/free_1/Library/Mobile Documents/iCloud~md~obsidian/Documents/cpp-checker/branch_2-1/raw_engine_v1_package/build-debug-phase19/tests/raw_engine_tests" "--case" "planner_tie_mixed_exhaustive_smoke"
Directory: /Users/free_1/Library/Mobile Documents/iCloud~md~obsidian/Documents/cpp-checker/branch_2-1/raw_engine_v1_package/build-debug-phase19/tests
"raw_engine_planner_tie_mixed_exhaustive_smoke" start time: Mar 20 11:51 KST
Output:
----------------------------------------------------------
raw_engine_v1 tests passed case=planner_tie_mixed_exhaustive_smoke
<end of output>
Test time =   0.07 sec
----------------------------------------------------------
Test Passed.
"raw_engine_planner_tie_mixed_exhaustive_smoke" end time: Mar 20 11:51 KST
"raw_engine_planner_tie_mixed_exhaustive_smoke" time elapsed: 00:00:00
----------------------------------------------------------

63/115 Testing: raw_engine_exhaustive_canonical_dedupe_smoke
63/115 Test: raw_engine_exhaustive_canonical_dedupe_smoke
Command: "/Users/free_1/Library/Mobile Documents/iCloud~md~obsidian/Documents/cpp-checker/branch_2-1/raw_engine_v1_package/build-debug-phase19/tests/raw_engine_tests" "--case" "exhaustive_canonical_dedupe_smoke"
Directory: /Users/free_1/Library/Mobile Documents/iCloud~md~obsidian/Documents/cpp-checker/branch_2-1/raw_engine_v1_package/build-debug-phase19/tests
"raw_engine_exhaustive_canonical_dedupe_smoke" start time: Mar 20 11:51 KST
Output:
----------------------------------------------------------
raw_engine_v1 tests passed case=exhaustive_canonical_dedupe_smoke
<end of output>
Test time =   0.02 sec
----------------------------------------------------------
Test Passed.
"raw_engine_exhaustive_canonical_dedupe_smoke" end time: Mar 20 11:51 KST
"raw_engine_exhaustive_canonical_dedupe_smoke" time elapsed: 00:00:00
----------------------------------------------------------

64/115 Testing: raw_engine_exhaustive_natural_dedupe_smoke
64/115 Test: raw_engine_exhaustive_natural_dedupe_smoke
Command: "/Users/free_1/Library/Mobile Documents/iCloud~md~obsidian/Documents/cpp-checker/branch_2-1/raw_engine_v1_package/build-debug-phase19/tests/raw_engine_tests" "--case" "exhaustive_natural_dedupe_smoke"
Directory: /Users/free_1/Library/Mobile Documents/iCloud~md~obsidian/Documents/cpp-checker/branch_2-1/raw_engine_v1_package/build-debug-phase19/tests
"raw_engine_exhaustive_natural_dedupe_smoke" start time: Mar 20 11:51 KST
Output:
----------------------------------------------------------
raw_engine_v1 tests passed case=exhaustive_natural_dedupe_smoke
<end of output>
Test time =   9.14 sec
----------------------------------------------------------
Test Passed.
"raw_engine_exhaustive_natural_dedupe_smoke" end time: Mar 20 11:51 KST
"raw_engine_exhaustive_natural_dedupe_smoke" time elapsed: 00:00:09
----------------------------------------------------------

65/115 Testing: raw_engine_exhaustive_family_sweep_smoke
65/115 Test: raw_engine_exhaustive_family_sweep_smoke
Command: "/Users/free_1/Library/Mobile Documents/iCloud~md~obsidian/Documents/cpp-checker/branch_2-1/raw_engine_v1_package/build-debug-phase19/tests/raw_engine_tests" "--case" "exhaustive_family_sweep_smoke"
Directory: /Users/free_1/Library/Mobile Documents/iCloud~md~obsidian/Documents/cpp-checker/branch_2-1/raw_engine_v1_package/build-debug-phase19/tests
"raw_engine_exhaustive_family_sweep_smoke" start time: Mar 20 11:51 KST
Output:
----------------------------------------------------------
raw_engine_v1 tests passed case=exhaustive_family_sweep_smoke
<end of output>
Test time =  44.47 sec
----------------------------------------------------------
Test Passed.
"raw_engine_exhaustive_family_sweep_smoke" end time: Mar 20 11:52 KST
"raw_engine_exhaustive_family_sweep_smoke" time elapsed: 00:00:44
----------------------------------------------------------

66/115 Testing: raw_engine_exhaustive_collision_guard_smoke
66/115 Test: raw_engine_exhaustive_collision_guard_smoke
Command: "/Users/free_1/Library/Mobile Documents/iCloud~md~obsidian/Documents/cpp-checker/branch_2-1/raw_engine_v1_package/build-debug-phase19/tests/raw_engine_tests" "--case" "exhaustive_collision_guard_smoke"
Directory: /Users/free_1/Library/Mobile Documents/iCloud~md~obsidian/Documents/cpp-checker/branch_2-1/raw_engine_v1_package/build-debug-phase19/tests
"raw_engine_exhaustive_collision_guard_smoke" start time: Mar 20 11:52 KST
Output:
----------------------------------------------------------
raw_engine_v1 tests passed case=exhaustive_collision_guard_smoke
<end of output>
Test time =   8.92 sec
----------------------------------------------------------
Test Passed.
"raw_engine_exhaustive_collision_guard_smoke" end time: Mar 20 11:52 KST
"raw_engine_exhaustive_collision_guard_smoke" time elapsed: 00:00:08
----------------------------------------------------------

67/115 Testing: raw_engine_exact_canonicalizer_smoke
67/115 Test: raw_engine_exact_canonicalizer_smoke
Command: "/Users/free_1/Library/Mobile Documents/iCloud~md~obsidian/Documents/cpp-checker/branch_2-1/raw_engine_v1_package/build-debug-phase19/tests/raw_engine_tests" "--case" "exact_canonicalizer_smoke"
Directory: /Users/free_1/Library/Mobile Documents/iCloud~md~obsidian/Documents/cpp-checker/branch_2-1/raw_engine_v1_package/build-debug-phase19/tests
"raw_engine_exact_canonicalizer_smoke" start time: Mar 20 11:52 KST
Output:
----------------------------------------------------------
raw_engine_v1 tests passed case=exact_canonicalizer_smoke
<end of output>
Test time =  11.82 sec
----------------------------------------------------------
Test Passed.
"raw_engine_exact_canonicalizer_smoke" end time: Mar 20 11:52 KST
"raw_engine_exact_canonicalizer_smoke" time elapsed: 00:00:11
----------------------------------------------------------

68/115 Testing: raw_engine_metamorphic_relabel_invariance
68/115 Test: raw_engine_metamorphic_relabel_invariance
Command: "/Users/free_1/Library/Mobile Documents/iCloud~md~obsidian/Documents/cpp-checker/branch_2-1/raw_engine_v1_package/build-debug-phase19/tests/raw_engine_tests" "--case" "metamorphic_relabel_invariance"
Directory: /Users/free_1/Library/Mobile Documents/iCloud~md~obsidian/Documents/cpp-checker/branch_2-1/raw_engine_v1_package/build-debug-phase19/tests
"raw_engine_metamorphic_relabel_invariance" start time: Mar 20 11:52 KST
Output:
----------------------------------------------------------
raw_engine_v1 tests passed case=metamorphic_relabel_invariance
<end of output>
Test time =   1.61 sec
----------------------------------------------------------
Test Passed.
"raw_engine_metamorphic_relabel_invariance" end time: Mar 20 11:52 KST
"raw_engine_metamorphic_relabel_invariance" time elapsed: 00:00:01
----------------------------------------------------------

69/115 Testing: raw_engine_metamorphic_occid_invariance
69/115 Test: raw_engine_metamorphic_occid_invariance
Command: "/Users/free_1/Library/Mobile Documents/iCloud~md~obsidian/Documents/cpp-checker/branch_2-1/raw_engine_v1_package/build-debug-phase19/tests/raw_engine_tests" "--case" "metamorphic_occid_invariance"
Directory: /Users/free_1/Library/Mobile Documents/iCloud~md~obsidian/Documents/cpp-checker/branch_2-1/raw_engine_v1_package/build-debug-phase19/tests
"raw_engine_metamorphic_occid_invariance" start time: Mar 20 11:52 KST
Output:
----------------------------------------------------------
raw_engine_v1 tests passed case=metamorphic_occid_invariance
<end of output>
Test time =   1.50 sec
----------------------------------------------------------
Test Passed.
"raw_engine_metamorphic_occid_invariance" end time: Mar 20 11:52 KST
"raw_engine_metamorphic_occid_invariance" time elapsed: 00:00:01
----------------------------------------------------------

70/115 Testing: raw_engine_metamorphic_edge_order_invariance
70/115 Test: raw_engine_metamorphic_edge_order_invariance
Command: "/Users/free_1/Library/Mobile Documents/iCloud~md~obsidian/Documents/cpp-checker/branch_2-1/raw_engine_v1_package/build-debug-phase19/tests/raw_engine_tests" "--case" "metamorphic_edge_order_invariance"
Directory: /Users/free_1/Library/Mobile Documents/iCloud~md~obsidian/Documents/cpp-checker/branch_2-1/raw_engine_v1_package/build-debug-phase19/tests
"raw_engine_metamorphic_edge_order_invariance" start time: Mar 20 11:52 KST
Output:
----------------------------------------------------------
raw_engine_v1 tests passed case=metamorphic_edge_order_invariance
<end of output>
Test time =   1.47 sec
----------------------------------------------------------
Test Passed.
"raw_engine_metamorphic_edge_order_invariance" end time: Mar 20 11:52 KST
"raw_engine_metamorphic_edge_order_invariance" time elapsed: 00:00:01
----------------------------------------------------------

71/115 Testing: raw_engine_metamorphic_vertex_order_invariance
71/115 Test: raw_engine_metamorphic_vertex_order_invariance
Command: "/Users/free_1/Library/Mobile Documents/iCloud~md~obsidian/Documents/cpp-checker/branch_2-1/raw_engine_v1_package/build-debug-phase19/tests/raw_engine_tests" "--case" "metamorphic_vertex_order_invariance"
Directory: /Users/free_1/Library/Mobile Documents/iCloud~md~obsidian/Documents/cpp-checker/branch_2-1/raw_engine_v1_package/build-debug-phase19/tests
"raw_engine_metamorphic_vertex_order_invariance" start time: Mar 20 11:52 KST
Output:
----------------------------------------------------------
raw_engine_v1 tests passed case=metamorphic_vertex_order_invariance
<end of output>
Test time =   2.73 sec
----------------------------------------------------------
Test Passed.
"raw_engine_metamorphic_vertex_order_invariance" end time: Mar 20 11:52 KST
"raw_engine_metamorphic_vertex_order_invariance" time elapsed: 00:00:02
----------------------------------------------------------

72/115 Testing: raw_engine_replay_serialization_invariance
72/115 Test: raw_engine_replay_serialization_invariance
Command: "/Users/free_1/Library/Mobile Documents/iCloud~md~obsidian/Documents/cpp-checker/branch_2-1/raw_engine_v1_package/build-debug-phase19/tests/raw_engine_tests" "--case" "replay_serialization_invariance"
Directory: /Users/free_1/Library/Mobile Documents/iCloud~md~obsidian/Documents/cpp-checker/branch_2-1/raw_engine_v1_package/build-debug-phase19/tests
"raw_engine_replay_serialization_invariance" start time: Mar 20 11:52 KST
Output:
----------------------------------------------------------
raw_engine_v1 tests passed case=replay_serialization_invariance
<end of output>
Test time =   1.56 sec
----------------------------------------------------------
Test Passed.
"raw_engine_replay_serialization_invariance" end time: Mar 20 11:52 KST
"raw_engine_replay_serialization_invariance" time elapsed: 00:00:01
----------------------------------------------------------

73/115 Testing: raw_engine_metamorphic_family_matrix_smoke
73/115 Test: raw_engine_metamorphic_family_matrix_smoke
Command: "/Users/free_1/Library/Mobile Documents/iCloud~md~obsidian/Documents/cpp-checker/branch_2-1/raw_engine_v1_package/build-debug-phase19/tests/raw_engine_tests" "--case" "metamorphic_family_matrix_smoke"
Directory: /Users/free_1/Library/Mobile Documents/iCloud~md~obsidian/Documents/cpp-checker/branch_2-1/raw_engine_v1_package/build-debug-phase19/tests
"raw_engine_metamorphic_family_matrix_smoke" start time: Mar 20 11:52 KST
Output:
----------------------------------------------------------
raw_engine_v1 tests passed case=metamorphic_family_matrix_smoke
<end of output>
Test time =   7.99 sec
----------------------------------------------------------
Test Passed.
"raw_engine_metamorphic_family_matrix_smoke" end time: Mar 20 11:52 KST
"raw_engine_metamorphic_family_matrix_smoke" time elapsed: 00:00:07
----------------------------------------------------------

74/115 Testing: raw_engine_metamorphic_planner_multistep_smoke
74/115 Test: raw_engine_metamorphic_planner_multistep_smoke
Command: "/Users/free_1/Library/Mobile Documents/iCloud~md~obsidian/Documents/cpp-checker/branch_2-1/raw_engine_v1_package/build-debug-phase19/tests/raw_engine_tests" "--case" "metamorphic_planner_multistep_smoke"
Directory: /Users/free_1/Library/Mobile Documents/iCloud~md~obsidian/Documents/cpp-checker/branch_2-1/raw_engine_v1_package/build-debug-phase19/tests
"raw_engine_metamorphic_planner_multistep_smoke" start time: Mar 20 11:52 KST
Output:
----------------------------------------------------------
raw_engine_v1 tests passed case=metamorphic_planner_multistep_smoke
<end of output>
Test time =   1.84 sec
----------------------------------------------------------
Test Passed.
"raw_engine_metamorphic_planner_multistep_smoke" end time: Mar 20 11:52 KST
"raw_engine_metamorphic_planner_multistep_smoke" time elapsed: 00:00:01
----------------------------------------------------------

75/115 Testing: raw_engine_metamorphic_replay_matrix_smoke
75/115 Test: raw_engine_metamorphic_replay_matrix_smoke
Command: "/Users/free_1/Library/Mobile Documents/iCloud~md~obsidian/Documents/cpp-checker/branch_2-1/raw_engine_v1_package/build-debug-phase19/tests/raw_engine_tests" "--case" "metamorphic_replay_matrix_smoke"
Directory: /Users/free_1/Library/Mobile Documents/iCloud~md~obsidian/Documents/cpp-checker/branch_2-1/raw_engine_v1_package/build-debug-phase19/tests
"raw_engine_metamorphic_replay_matrix_smoke" start time: Mar 20 11:52 KST
Output:
----------------------------------------------------------
raw_engine_v1 tests passed case=metamorphic_replay_matrix_smoke
<end of output>
Test time =   1.93 sec
----------------------------------------------------------
Test Passed.
"raw_engine_metamorphic_replay_matrix_smoke" end time: Mar 20 11:52 KST
"raw_engine_metamorphic_replay_matrix_smoke" time elapsed: 00:00:01
----------------------------------------------------------

76/115 Testing: raw_engine_split_choice_oracle_smoke
76/115 Test: raw_engine_split_choice_oracle_smoke
Command: "/Users/free_1/Library/Mobile Documents/iCloud~md~obsidian/Documents/cpp-checker/branch_2-1/raw_engine_v1_package/build-debug-phase19/tests/raw_engine_tests" "--case" "split_choice_oracle_smoke"
Directory: /Users/free_1/Library/Mobile Documents/iCloud~md~obsidian/Documents/cpp-checker/branch_2-1/raw_engine_v1_package/build-debug-phase19/tests
"raw_engine_split_choice_oracle_smoke" start time: Mar 20 11:52 KST
Output:
----------------------------------------------------------
raw_engine_v1 tests passed case=split_choice_oracle_smoke
<end of output>
Test time =   0.89 sec
----------------------------------------------------------
Test Passed.
"raw_engine_split_choice_oracle_smoke" end time: Mar 20 11:52 KST
"raw_engine_split_choice_oracle_smoke" time elapsed: 00:00:00
----------------------------------------------------------

77/115 Testing: raw_engine_split_choice_relabel_invariance
77/115 Test: raw_engine_split_choice_relabel_invariance
Command: "/Users/free_1/Library/Mobile Documents/iCloud~md~obsidian/Documents/cpp-checker/branch_2-1/raw_engine_v1_package/build-debug-phase19/tests/raw_engine_tests" "--case" "split_choice_relabel_invariance"
Directory: /Users/free_1/Library/Mobile Documents/iCloud~md~obsidian/Documents/cpp-checker/branch_2-1/raw_engine_v1_package/build-debug-phase19/tests
"raw_engine_split_choice_relabel_invariance" start time: Mar 20 11:52 KST
Output:
----------------------------------------------------------
raw_engine_v1 tests passed case=split_choice_relabel_invariance
<end of output>
Test time =   0.93 sec
----------------------------------------------------------
Test Passed.
"raw_engine_split_choice_relabel_invariance" end time: Mar 20 11:52 KST
"raw_engine_split_choice_relabel_invariance" time elapsed: 00:00:00
----------------------------------------------------------

78/115 Testing: raw_engine_split_choice_edge_order_invariance
78/115 Test: raw_engine_split_choice_edge_order_invariance
Command: "/Users/free_1/Library/Mobile Documents/iCloud~md~obsidian/Documents/cpp-checker/branch_2-1/raw_engine_v1_package/build-debug-phase19/tests/raw_engine_tests" "--case" "split_choice_edge_order_invariance"
Directory: /Users/free_1/Library/Mobile Documents/iCloud~md~obsidian/Documents/cpp-checker/branch_2-1/raw_engine_v1_package/build-debug-phase19/tests
"raw_engine_split_choice_edge_order_invariance" start time: Mar 20 11:52 KST
Output:
----------------------------------------------------------
raw_engine_v1 tests passed case=split_choice_edge_order_invariance
<end of output>
Test time =   0.92 sec
----------------------------------------------------------
Test Passed.
"raw_engine_split_choice_edge_order_invariance" end time: Mar 20 11:52 KST
"raw_engine_split_choice_edge_order_invariance" time elapsed: 00:00:00
----------------------------------------------------------

79/115 Testing: raw_engine_split_choice_vertex_order_invariance
79/115 Test: raw_engine_split_choice_vertex_order_invariance
Command: "/Users/free_1/Library/Mobile Documents/iCloud~md~obsidian/Documents/cpp-checker/branch_2-1/raw_engine_v1_package/build-debug-phase19/tests/raw_engine_tests" "--case" "split_choice_vertex_order_invariance"
Directory: /Users/free_1/Library/Mobile Documents/iCloud~md~obsidian/Documents/cpp-checker/branch_2-1/raw_engine_v1_package/build-debug-phase19/tests
"raw_engine_split_choice_vertex_order_invariance" start time: Mar 20 11:52 KST
Output:
----------------------------------------------------------
raw_engine_v1 tests passed case=split_choice_vertex_order_invariance
<end of output>
Test time =   0.91 sec
----------------------------------------------------------
Test Passed.
"raw_engine_split_choice_vertex_order_invariance" end time: Mar 20 11:52 KST
"raw_engine_split_choice_vertex_order_invariance" time elapsed: 00:00:00
----------------------------------------------------------

80/115 Testing: raw_engine_split_choice_oracle_regression
80/115 Test: raw_engine_split_choice_oracle_regression
Command: "/Users/free_1/Library/Mobile Documents/iCloud~md~obsidian/Documents/cpp-checker/branch_2-1/raw_engine_v1_package/build-debug-phase19/tests/raw_engine_tests" "--case" "split_choice_oracle_regression"
Directory: /Users/free_1/Library/Mobile Documents/iCloud~md~obsidian/Documents/cpp-checker/branch_2-1/raw_engine_v1_package/build-debug-phase19/tests
"raw_engine_split_choice_oracle_regression" start time: Mar 20 11:52 KST
Output:
----------------------------------------------------------
raw_engine_v1 tests passed case=split_choice_oracle_regression
<end of output>
Test time =   2.80 sec
----------------------------------------------------------
Test Passed.
"raw_engine_split_choice_oracle_regression" end time: Mar 20 11:52 KST
"raw_engine_split_choice_oracle_regression" time elapsed: 00:00:02
----------------------------------------------------------

81/115 Testing: raw_engine_split_choice_policy_smoke
81/115 Test: raw_engine_split_choice_policy_smoke
Command: "/Users/free_1/Library/Mobile Documents/iCloud~md~obsidian/Documents/cpp-checker/branch_2-1/raw_engine_v1_package/build-debug-phase19/tests/raw_engine_tests" "--case" "split_choice_policy_smoke"
Directory: /Users/free_1/Library/Mobile Documents/iCloud~md~obsidian/Documents/cpp-checker/branch_2-1/raw_engine_v1_package/build-debug-phase19/tests
"raw_engine_split_choice_policy_smoke" start time: Mar 20 11:52 KST
Output:
----------------------------------------------------------
raw_engine_v1 tests passed case=split_choice_policy_smoke
<end of output>
Test time =   7.48 sec
----------------------------------------------------------
Test Passed.
"raw_engine_split_choice_policy_smoke" end time: Mar 20 11:53 KST
"raw_engine_split_choice_policy_smoke" time elapsed: 00:00:07
----------------------------------------------------------

82/115 Testing: raw_engine_split_choice_policy_relabel_invariance
82/115 Test: raw_engine_split_choice_policy_relabel_invariance
Command: "/Users/free_1/Library/Mobile Documents/iCloud~md~obsidian/Documents/cpp-checker/branch_2-1/raw_engine_v1_package/build-debug-phase19/tests/raw_engine_tests" "--case" "split_choice_policy_relabel_invariance"
Directory: /Users/free_1/Library/Mobile Documents/iCloud~md~obsidian/Documents/cpp-checker/branch_2-1/raw_engine_v1_package/build-debug-phase19/tests
"raw_engine_split_choice_policy_relabel_invariance" start time: Mar 20 11:53 KST
Output:
----------------------------------------------------------
raw_engine_v1 tests passed case=split_choice_policy_relabel_invariance
<end of output>
Test time =   1.51 sec
----------------------------------------------------------
Test Passed.
[...]
Directory: /Users/free_1/Library/Mobile Documents/iCloud~md~obsidian/Documents/cpp-checker/branch_2-1/raw_engine_v1_package/build-debug-phase19/tests
"raw_engine_split_choice_exact_shadow_relabel_invariance" start time: Mar 20 11:56 KST
Output:
----------------------------------------------------------
raw_engine_v1 tests passed case=split_choice_exact_shadow_relabel_invariance
<end of output>
Test time =   1.02 sec
----------------------------------------------------------
Test Passed.
"raw_engine_split_choice_exact_shadow_relabel_invariance" end time: Mar 20 11:56 KST
"raw_engine_split_choice_exact_shadow_relabel_invariance" time elapsed: 00:00:01
----------------------------------------------------------

97/115 Testing: raw_engine_split_choice_exact_shadow_vertex_order_invariance
97/115 Test: raw_engine_split_choice_exact_shadow_vertex_order_invariance
Command: "/Users/free_1/Library/Mobile Documents/iCloud~md~obsidian/Documents/cpp-checker/branch_2-1/raw_engine_v1_package/build-debug-phase19/tests/raw_engine_tests" "--case" "split_choice_exact_shadow_vertex_order_invariance"
Directory: /Users/free_1/Library/Mobile Documents/iCloud~md~obsidian/Documents/cpp-checker/branch_2-1/raw_engine_v1_package/build-debug-phase19/tests
"raw_engine_split_choice_exact_shadow_vertex_order_invariance" start time: Mar 20 11:56 KST
Output:
----------------------------------------------------------
raw_engine_v1 tests passed case=split_choice_exact_shadow_vertex_order_invariance
<end of output>
Test time =   1.00 sec
----------------------------------------------------------
Test Passed.
"raw_engine_split_choice_exact_shadow_vertex_order_invariance" end time: Mar 20 11:56 KST
"raw_engine_split_choice_exact_shadow_vertex_order_invariance" time elapsed: 00:00:01
----------------------------------------------------------

98/115 Testing: raw_engine_split_choice_exact_shadow_edge_order_invariance
98/115 Test: raw_engine_split_choice_exact_shadow_edge_order_invariance
Command: "/Users/free_1/Library/Mobile Documents/iCloud~md~obsidian/Documents/cpp-checker/branch_2-1/raw_engine_v1_package/build-debug-phase19/tests/raw_engine_tests" "--case" "split_choice_exact_shadow_edge_order_invariance"
Directory: /Users/free_1/Library/Mobile Documents/iCloud~md~obsidian/Documents/cpp-checker/branch_2-1/raw_engine_v1_package/build-debug-phase19/tests
"raw_engine_split_choice_exact_shadow_edge_order_invariance" start time: Mar 20 11:56 KST
Output:
----------------------------------------------------------
raw_engine_v1 tests passed case=split_choice_exact_shadow_edge_order_invariance
<end of output>
Test time =   1.03 sec
----------------------------------------------------------
Test Passed.
"raw_engine_split_choice_exact_shadow_edge_order_invariance" end time: Mar 20 11:56 KST
"raw_engine_split_choice_exact_shadow_edge_order_invariance" time elapsed: 00:00:01
----------------------------------------------------------

99/115 Testing: raw_engine_split_choice_fallback_zero_smoke
99/115 Test: raw_engine_split_choice_fallback_zero_smoke
Command: "/Users/free_1/Library/Mobile Documents/iCloud~md~obsidian/Documents/cpp-checker/branch_2-1/raw_engine_v1_package/build-debug-phase19/tests/raw_engine_tests" "--case" "split_choice_fallback_zero_smoke"
Directory: /Users/free_1/Library/Mobile Documents/iCloud~md~obsidian/Documents/cpp-checker/branch_2-1/raw_engine_v1_package/build-debug-phase19/tests
"raw_engine_split_choice_fallback_zero_smoke" start time: Mar 20 11:56 KST
Output:
----------------------------------------------------------
raw_engine_v1 tests passed case=split_choice_fallback_zero_smoke
<end of output>
Test time =  15.95 sec
----------------------------------------------------------
Test Passed.
"raw_engine_split_choice_fallback_zero_smoke" end time: Mar 20 11:57 KST
"raw_engine_split_choice_fallback_zero_smoke" time elapsed: 00:00:15
----------------------------------------------------------

100/115 Testing: raw_engine_planner_relabel_structural_regression
100/115 Test: raw_engine_planner_relabel_structural_regression
Command: "/Users/free_1/Library/Mobile Documents/iCloud~md~obsidian/Documents/cpp-checker/branch_2-1/raw_engine_v1_package/build-debug-phase19/tests/raw_engine_tests" "--case" "planner_relabel_structural_regression"
Directory: /Users/free_1/Library/Mobile Documents/iCloud~md~obsidian/Documents/cpp-checker/branch_2-1/raw_engine_v1_package/build-debug-phase19/tests
"raw_engine_planner_relabel_structural_regression" start time: Mar 20 11:57 KST
Output:
----------------------------------------------------------
raw_engine_v1 tests passed case=planner_relabel_structural_regression
<end of output>
Test time =   0.48 sec
----------------------------------------------------------
Test Passed.
"raw_engine_planner_relabel_structural_regression" end time: Mar 20 11:57 KST
"raw_engine_planner_relabel_structural_regression" time elapsed: 00:00:00
----------------------------------------------------------

101/115 Testing: raw_engine_planner_targeted_split_smoke
101/115 Test: raw_engine_planner_targeted_split_smoke
Command: "/Users/free_1/Library/Mobile Documents/iCloud~md~obsidian/Documents/cpp-checker/branch_2-1/raw_engine_v1_package/build-debug-phase19/tests/raw_engine_tests" "--case" "planner_targeted_split_smoke"
Directory: /Users/free_1/Library/Mobile Documents/iCloud~md~obsidian/Documents/cpp-checker/branch_2-1/raw_engine_v1_package/build-debug-phase19/tests
"raw_engine_planner_targeted_split_smoke" start time: Mar 20 11:57 KST
Output:
----------------------------------------------------------
raw_engine_v1 tests passed case=planner_targeted_split_smoke
<end of output>
Test time =   0.05 sec
----------------------------------------------------------
Test Passed.
"raw_engine_planner_targeted_split_smoke" end time: Mar 20 11:57 KST
"raw_engine_planner_targeted_split_smoke" time elapsed: 00:00:00
----------------------------------------------------------

102/115 Testing: raw_engine_planner_targeted_join_smoke
102/115 Test: raw_engine_planner_targeted_join_smoke
Command: "/Users/free_1/Library/Mobile Documents/iCloud~md~obsidian/Documents/cpp-checker/branch_2-1/raw_engine_v1_package/build-debug-phase19/tests/raw_engine_tests" "--case" "planner_targeted_join_smoke"
Directory: /Users/free_1/Library/Mobile Documents/iCloud~md~obsidian/Documents/cpp-checker/branch_2-1/raw_engine_v1_package/build-debug-phase19/tests
"raw_engine_planner_targeted_join_smoke" start time: Mar 20 11:57 KST
Output:
----------------------------------------------------------
raw_engine_v1 tests passed case=planner_targeted_join_smoke
<end of output>
Test time =   0.01 sec
----------------------------------------------------------
Test Passed.
"raw_engine_planner_targeted_join_smoke" end time: Mar 20 11:57 KST
"raw_engine_planner_targeted_join_smoke" time elapsed: 00:00:00
----------------------------------------------------------

103/115 Testing: raw_engine_planner_targeted_integrate_smoke
103/115 Test: raw_engine_planner_targeted_integrate_smoke
Command: "/Users/free_1/Library/Mobile Documents/iCloud~md~obsidian/Documents/cpp-checker/branch_2-1/raw_engine_v1_package/build-debug-phase19/tests/raw_engine_tests" "--case" "planner_targeted_integrate_smoke"
Directory: /Users/free_1/Library/Mobile Documents/iCloud~md~obsidian/Documents/cpp-checker/branch_2-1/raw_engine_v1_package/build-debug-phase19/tests
"raw_engine_planner_targeted_integrate_smoke" start time: Mar 20 11:57 KST
Output:
----------------------------------------------------------
raw_engine_v1 tests passed case=planner_targeted_integrate_smoke
<end of output>
Test time =   0.01 sec
----------------------------------------------------------
Test Passed.
"raw_engine_planner_targeted_integrate_smoke" end time: Mar 20 11:57 KST
"raw_engine_planner_targeted_integrate_smoke" time elapsed: 00:00:00
----------------------------------------------------------

104/115 Testing: raw_engine_planner_targeted_mixed_smoke
104/115 Test: raw_engine_planner_targeted_mixed_smoke
Command: "/Users/free_1/Library/Mobile Documents/iCloud~md~obsidian/Documents/cpp-checker/branch_2-1/raw_engine_v1_package/build-debug-phase19/tests/raw_engine_tests" "--case" "planner_targeted_mixed_smoke"
Directory: /Users/free_1/Library/Mobile Documents/iCloud~md~obsidian/Documents/cpp-checker/branch_2-1/raw_engine_v1_package/build-debug-phase19/tests
"raw_engine_planner_targeted_mixed_smoke" start time: Mar 20 11:57 KST
Output:
----------------------------------------------------------
raw_engine_v1 tests passed case=planner_targeted_mixed_smoke
<end of output>
Test time =   0.05 sec
----------------------------------------------------------
Test Passed.
"raw_engine_planner_targeted_mixed_smoke" end time: Mar 20 11:57 KST
"raw_engine_planner_targeted_mixed_smoke" time elapsed: 00:00:00
----------------------------------------------------------

105/115 Testing: raw_engine_split_ready_unique_orig_regression
105/115 Test: raw_engine_split_ready_unique_orig_regression
Command: "/Users/free_1/Library/Mobile Documents/iCloud~md~obsidian/Documents/cpp-checker/branch_2-1/raw_engine_v1_package/build-debug-phase19/tests/raw_engine_tests" "--case" "split_ready_unique_orig_regression"
Directory: /Users/free_1/Library/Mobile Documents/iCloud~md~obsidian/Documents/cpp-checker/branch_2-1/raw_engine_v1_package/build-debug-phase19/tests
"raw_engine_split_ready_unique_orig_regression" start time: Mar 20 11:57 KST
Output:
----------------------------------------------------------
raw_engine_v1 tests passed case=split_ready_unique_orig_regression
<end of output>
Test time =   0.04 sec
----------------------------------------------------------
Test Passed.
"raw_engine_split_ready_unique_orig_regression" end time: Mar 20 11:57 KST
"raw_engine_split_ready_unique_orig_regression" time elapsed: 00:00:00
----------------------------------------------------------

106/115 Testing: raw_engine_planner_coverage_smoke
106/115 Test: raw_engine_planner_coverage_smoke
Command: "/Users/free_1/Library/Mobile Documents/iCloud~md~obsidian/Documents/cpp-checker/branch_2-1/raw_engine_v1_package/build-debug-phase19/tests/raw_engine_tests" "--case" "planner_coverage_smoke"
Directory: /Users/free_1/Library/Mobile Documents/iCloud~md~obsidian/Documents/cpp-checker/branch_2-1/raw_engine_v1_package/build-debug-phase19/tests
"raw_engine_planner_coverage_smoke" start time: Mar 20 11:57 KST
Output:
----------------------------------------------------------
raw_engine_v1 tests passed case=planner_coverage_smoke
<end of output>
Test time =   0.05 sec
----------------------------------------------------------
Test Passed.
"raw_engine_planner_coverage_smoke" end time: Mar 20 11:57 KST
"raw_engine_planner_coverage_smoke" time elapsed: 00:00:00
----------------------------------------------------------

107/115 Testing: raw_engine_planner_random_coverage_smoke
107/115 Test: raw_engine_planner_random_coverage_smoke
Command: "/Users/free_1/Library/Mobile Documents/iCloud~md~obsidian/Documents/cpp-checker/branch_2-1/raw_engine_v1_package/build-debug-phase19/tests/raw_engine_tests" "--case" "planner_random_coverage_smoke"
Directory: /Users/free_1/Library/Mobile Documents/iCloud~md~obsidian/Documents/cpp-checker/branch_2-1/raw_engine_v1_package/build-debug-phase19/tests
"raw_engine_planner_random_coverage_smoke" start time: Mar 20 11:57 KST
Output:
----------------------------------------------------------
raw_engine_v1 tests passed case=planner_random_coverage_smoke
<end of output>
Test time =   1.16 sec
----------------------------------------------------------
Test Passed.
"raw_engine_planner_random_coverage_smoke" end time: Mar 20 11:57 KST
"raw_engine_planner_random_coverage_smoke" time elapsed: 00:00:01
----------------------------------------------------------

108/115 Testing: raw_engine_planner_weighted_coverage_smoke
108/115 Test: raw_engine_planner_weighted_coverage_smoke
Command: "/Users/free_1/Library/Mobile Documents/iCloud~md~obsidian/Documents/cpp-checker/branch_2-1/raw_engine_v1_package/build-debug-phase19/tests/raw_engine_tests" "--case" "planner_weighted_coverage_smoke"
Directory: /Users/free_1/Library/Mobile Documents/iCloud~md~obsidian/Documents/cpp-checker/branch_2-1/raw_engine_v1_package/build-debug-phase19/tests
"raw_engine_planner_weighted_coverage_smoke" start time: Mar 20 11:57 KST
Output:
----------------------------------------------------------
raw_engine_v1 tests passed case=planner_weighted_coverage_smoke
<end of output>
Test time =   2.17 sec
----------------------------------------------------------
Test Passed.
"raw_engine_planner_weighted_coverage_smoke" end time: Mar 20 11:57 KST
"raw_engine_planner_weighted_coverage_smoke" time elapsed: 00:00:02
----------------------------------------------------------

109/115 Testing: raw_engine_planner_join_ready_smoke
109/115 Test: raw_engine_planner_join_ready_smoke
Command: "/Users/free_1/Library/Mobile Documents/iCloud~md~obsidian/Documents/cpp-checker/branch_2-1/raw_engine_v1_package/build-debug-phase19/tests/raw_engine_tests" "--case" "planner_join_ready_smoke"
Directory: /Users/free_1/Library/Mobile Documents/iCloud~md~obsidian/Documents/cpp-checker/branch_2-1/raw_engine_v1_package/build-debug-phase19/tests
"raw_engine_planner_join_ready_smoke" start time: Mar 20 11:57 KST
Output:
----------------------------------------------------------
raw_engine_v1 tests passed case=planner_join_ready_smoke
<end of output>
Test time =   0.01 sec
----------------------------------------------------------
Test Passed.
"raw_engine_planner_join_ready_smoke" end time: Mar 20 11:57 KST
"raw_engine_planner_join_ready_smoke" time elapsed: 00:00:00
----------------------------------------------------------

110/115 Testing: raw_engine_planner_integrate_ready_smoke
110/115 Test: raw_engine_planner_integrate_ready_smoke
Command: "/Users/free_1/Library/Mobile Documents/iCloud~md~obsidian/Documents/cpp-checker/branch_2-1/raw_engine_v1_package/build-debug-phase19/tests/raw_engine_tests" "--case" "planner_integrate_ready_smoke"
Directory: /Users/free_1/Library/Mobile Documents/iCloud~md~obsidian/Documents/cpp-checker/branch_2-1/raw_engine_v1_package/build-debug-phase19/tests
"raw_engine_planner_integrate_ready_smoke" start time: Mar 20 11:57 KST
Output:
----------------------------------------------------------
raw_engine_v1 tests passed case=planner_integrate_ready_smoke
<end of output>
Test time =   0.01 sec
----------------------------------------------------------
Test Passed.
"raw_engine_planner_integrate_ready_smoke" end time: Mar 20 11:57 KST
"raw_engine_planner_integrate_ready_smoke" time elapsed: 00:00:00
----------------------------------------------------------

111/115 Testing: raw_engine_planner_structural_mixed_smoke
111/115 Test: raw_engine_planner_structural_mixed_smoke
Command: "/Users/free_1/Library/Mobile Documents/iCloud~md~obsidian/Documents/cpp-checker/branch_2-1/raw_engine_v1_package/build-debug-phase19/tests/raw_engine_tests" "--case" "planner_structural_mixed_smoke"
Directory: /Users/free_1/Library/Mobile Documents/iCloud~md~obsidian/Documents/cpp-checker/branch_2-1/raw_engine_v1_package/build-debug-phase19/tests
"raw_engine_planner_structural_mixed_smoke" start time: Mar 20 11:57 KST
Output:
----------------------------------------------------------
raw_engine_v1 tests passed case=planner_structural_mixed_smoke
<end of output>
Test time =   0.38 sec
----------------------------------------------------------
Test Passed.
"raw_engine_planner_structural_mixed_smoke" end time: Mar 20 11:57 KST
"raw_engine_planner_structural_mixed_smoke" time elapsed: 00:00:00
----------------------------------------------------------

112/115 Testing: raw_engine_planner_tie_mixed_smoke
112/115 Test: raw_engine_planner_tie_mixed_smoke
Command: "/Users/free_1/Library/Mobile Documents/iCloud~md~obsidian/Documents/cpp-checker/branch_2-1/raw_engine_v1_package/build-debug-phase19/tests/raw_engine_tests" "--case" "planner_tie_mixed_smoke"
Directory: /Users/free_1/Library/Mobile Documents/iCloud~md~obsidian/Documents/cpp-checker/branch_2-1/raw_engine_v1_package/build-debug-phase19/tests
"raw_engine_planner_tie_mixed_smoke" start time: Mar 20 11:57 KST
Output:
----------------------------------------------------------
raw_engine_v1 tests passed case=planner_tie_mixed_smoke
<end of output>
Test time =   0.01 sec
----------------------------------------------------------
Test Passed.
"raw_engine_planner_tie_mixed_smoke" end time: Mar 20 11:57 KST
"raw_engine_planner_tie_mixed_smoke" time elapsed: 00:00:00
----------------------------------------------------------

113/115 Testing: raw_engine_planner_tie_mixed_exact_shadow_smoke
113/115 Test: raw_engine_planner_tie_mixed_exact_shadow_smoke
Command: "/Users/free_1/Library/Mobile Documents/iCloud~md~obsidian/Documents/cpp-checker/branch_2-1/raw_engine_v1_package/build-debug-phase19/tests/raw_engine_tests" "--case" "planner_tie_mixed_exact_shadow_smoke"
Directory: /Users/free_1/Library/Mobile Documents/iCloud~md~obsidian/Documents/cpp-checker/branch_2-1/raw_engine_v1_package/build-debug-phase19/tests
"raw_engine_planner_tie_mixed_exact_shadow_smoke" start time: Mar 20 11:57 KST
Output:
----------------------------------------------------------
raw_engine_v1 tests passed case=planner_tie_mixed_exact_shadow_smoke
<end of output>
Test time =   0.01 sec
----------------------------------------------------------
Test Passed.
"raw_engine_planner_tie_mixed_exact_shadow_smoke" end time: Mar 20 11:57 KST
"raw_engine_planner_tie_mixed_exact_shadow_smoke" time elapsed: 00:00:00
----------------------------------------------------------

114/115 Testing: raw_engine_planner_tie_symmetric_smoke
114/115 Test: raw_engine_planner_tie_symmetric_smoke
Command: "/Users/free_1/Library/Mobile Documents/iCloud~md~obsidian/Documents/cpp-checker/branch_2-1/raw_engine_v1_package/build-debug-phase19/tests/raw_engine_tests" "--case" "planner_tie_symmetric_smoke"
Directory: /Users/free_1/Library/Mobile Documents/iCloud~md~obsidian/Documents/cpp-checker/branch_2-1/raw_engine_v1_package/build-debug-phase19/tests
"raw_engine_planner_tie_symmetric_smoke" start time: Mar 20 11:57 KST
Output:
----------------------------------------------------------
raw_engine_v1 tests passed case=planner_tie_symmetric_smoke
<end of output>
Test time =   0.01 sec
----------------------------------------------------------
Test Passed.
"raw_engine_planner_tie_symmetric_smoke" end time: Mar 20 11:57 KST
"raw_engine_planner_tie_symmetric_smoke" time elapsed: 00:00:00
----------------------------------------------------------

115/115 Testing: raw_engine_artifact_retention_smoke
115/115 Test: raw_engine_artifact_retention_smoke
Command: "/Users/free_1/Library/Mobile Documents/iCloud~md~obsidian/Documents/cpp-checker/branch_2-1/raw_engine_v1_package/build-debug-phase19/tests/raw_engine_tests" "--case" "artifact_retention_smoke" "--artifact-dir" "artifacts/artifact_retention_smoke"
Directory: /Users/free_1/Library/Mobile Documents/iCloud~md~obsidian/Documents/cpp-checker/branch_2-1/raw_engine_v1_package/build-debug-phase19/tests
"raw_engine_artifact_retention_smoke" start time: Mar 20 11:57 KST
Output:
----------------------------------------------------------
raw_engine_v1 tests passed case=artifact_retention_smoke
<end of output>
Test time =   0.01 sec
----------------------------------------------------------
Test Passed.
"raw_engine_artifact_retention_smoke" end time: Mar 20 11:57 KST
"raw_engine_artifact_retention_smoke" time elapsed: 00:00:00
----------------------------------------------------------

End testing: Mar 20 11:57 KST

asan_slow =   7.44 sec*proc

compare = 470.89 sec*proc

core = 277.25 sec*proc

exhaustive =  63.57 sec*proc

fuzz =  15.68 sec*proc

nightly =   0.06 sec*proc

policy_core =   0.12 sec*proc

policy_nightly =   0.06 sec*proc

policy_refresh =   0.37 sec*proc

slow = 300.64 sec*proc

