<?xml version="1.0" encoding="UTF-8"?>
<testsuite name="(empty)"
	tests="412"
	failures="0"
	disabled="0"
	skipped="0"
	hostname=""
	time="4286"
	timestamp="2026-04-22T21:10:57"
	>
	<testcase name="raw_engine_micro" classname="raw_engine_micro" time="1.19857" status="run">
		<properties>
			<property name="cmake_labels" value="core"/>
		</properties>
		<system-out>raw_engine_v1 tests passed case=micro
</system-out>
	</testcase>
	<testcase name="raw_engine_roundtrip" classname="raw_engine_roundtrip" time="2.00546" status="run">
		<properties>
			<property name="cmake_labels" value="core"/>
		</properties>
		<system-out>raw_engine_v1 tests passed case=roundtrip
</system-out>
	</testcase>
	<testcase name="raw_engine_split_integrate_ensure" classname="raw_engine_split_integrate_ensure" time="1.81586" status="run">
		<properties>
			<property name="cmake_labels" value="core"/>
		</properties>
		<system-out>raw_engine_v1 tests passed case=split_integrate_ensure
</system-out>
	</testcase>
	<testcase name="raw_engine_regression_44001" classname="raw_engine_regression_44001" time="1.19629" status="run">
		<properties>
			<property name="cmake_labels" value="core"/>
		</properties>
		<system-out>raw_engine_v1 tests passed case=regression_44001
</system-out>
	</testcase>
	<testcase name="raw_engine_regression_isolate_split_no_sep" classname="raw_engine_regression_isolate_split_no_sep" time="0.0789613" status="run">
		<properties>
			<property name="cmake_labels" value="core"/>
		</properties>
		<system-out>raw_engine_v1 tests passed case=regression_isolate_split_no_sep
</system-out>
	</testcase>
	<testcase name="raw_engine_planner" classname="raw_engine_planner" time="54.3529" status="run">
		<properties>
			<property name="cmake_labels" value="core"/>
		</properties>
		<system-out>raw_engine_v1 tests passed case=planner
</system-out>
	</testcase>
	<testcase name="raw_engine_fuzz_matrix" classname="raw_engine_fuzz_matrix" time="20.1901" status="run">
		<properties>
			<property name="cmake_labels" value="fuzz"/>
		</properties>
		<system-out>raw_engine_v1 tests passed case=fuzz_matrix
</system-out>
	</testcase>
	<testcase name="raw_engine_fuzz" classname="raw_engine_fuzz" time="8.47623" status="run">
		<properties>
			<property name="cmake_labels" value="fuzz;slow"/>
		</properties>
		<system-out>raw_engine_v1 tests passed case=fuzz
</system-out>
	</testcase>
	<testcase name="raw_engine_isolate_oracle" classname="raw_engine_isolate_oracle" time="1.11312" status="run">
		<properties>
			<property name="cmake_labels" value="core"/>
		</properties>
		<system-out>raw_engine_v1 tests passed case=isolate_oracle
</system-out>
	</testcase>
	<testcase name="raw_engine_split_oracle" classname="raw_engine_split_oracle" time="1.83003" status="run">
		<properties>
			<property name="cmake_labels" value="core"/>
		</properties>
		<system-out>raw_engine_v1 tests passed case=split_oracle
</system-out>
	</testcase>
	<testcase name="raw_engine_join_oracle" classname="raw_engine_join_oracle" time="3.15358" status="run">
		<properties>
			<property name="cmake_labels" value="core"/>
		</properties>
		<system-out>raw_engine_v1 tests passed case=join_oracle
</system-out>
	</testcase>
	<testcase name="raw_engine_integrate_oracle" classname="raw_engine_integrate_oracle" time="2.53423" status="run">
		<properties>
			<property name="cmake_labels" value="core"/>
		</properties>
		<system-out>raw_engine_v1 tests passed case=integrate_oracle
</system-out>
	</testcase>
	<testcase name="raw_engine_planner_oracle" classname="raw_engine_planner_oracle" time="55.6485" status="run">
		<properties>
			<property name="cmake_labels" value="core"/>
		</properties>
		<system-out>raw_engine_v1 tests passed case=planner_oracle
</system-out>
	</testcase>
	<testcase name="raw_engine_planner_oracle_fuzz" classname="raw_engine_planner_oracle_fuzz" time="43.9347" status="run">
		<properties>
			<property name="cmake_labels" value="asan_slow;fuzz"/>
		</properties>
		<system-out>raw_engine_v1 tests passed case=planner_oracle_fuzz
</system-out>
	</testcase>
	<testcase name="raw_engine_replay_state" classname="raw_engine_replay_state" time="0.264809" status="run">
		<properties>
			<property name="cmake_labels" value="core"/>
		</properties>
		<system-out>FAIL_CLASS=none
FAIL_STAGE=none
FAIL_PRIMITIVE=none
FAIL_PLANNER_PHASE=none
FAIL_TARGET_OCC=4294967295
FAIL_MISMATCH=none
raw_engine_v1 tests passed case=replay_state
</system-out>
	</testcase>
	<testcase name="raw_engine_reducer_smoke" classname="raw_engine_reducer_smoke" time="5.55848" status="run">
		<properties>
			<property name="cmake_labels" value="core"/>
		</properties>
		<system-out>raw_engine_v1 tests passed case=reducer_smoke
</system-out>
	</testcase>
	<testcase name="raw_engine_replay_planner_state" classname="raw_engine_replay_planner_state" time="0.138457" status="run">
		<properties>
			<property name="cmake_labels" value="core"/>
		</properties>
		<system-out>FAIL_CLASS=none
FAIL_STAGE=none
FAIL_PRIMITIVE=none
FAIL_PLANNER_PHASE=none
FAIL_TARGET_OCC=4294967295
FAIL_MISMATCH=none
raw_engine_v1 tests passed case=replay_planner_state
</system-out>
	</testcase>
	<testcase name="raw_engine_reduce_planner_state_smoke" classname="raw_engine_reduce_planner_state_smoke" time="3.42129" status="run">
		<properties>
			<property name="cmake_labels" value="core"/>
		</properties>
		<system-out>raw_engine_v1 tests passed case=reduce_planner_state_smoke
</system-out>
	</testcase>
	<testcase name="raw_engine_failure_signature_smoke" classname="raw_engine_failure_signature_smoke" time="0.141891" status="run">
		<properties>
			<property name="cmake_labels" value="core"/>
		</properties>
		<system-out>raw_engine_v1 tests passed case=failure_signature_smoke
</system-out>
	</testcase>
	<testcase name="raw_engine_planner_failure_signature_smoke" classname="raw_engine_planner_failure_signature_smoke" time="0.139979" status="run">
		<properties>
			<property name="cmake_labels" value="core"/>
		</properties>
		<system-out>raw_engine_v1 tests passed case=planner_failure_signature_smoke
</system-out>
	</testcase>
	<testcase name="raw_engine_reduce_planner_state_step_budget" classname="raw_engine_reduce_planner_state_step_budget" time="10.8422" status="run">
		<properties>
			<property name="cmake_labels" value="core"/>
		</properties>
		<system-out>raw_engine_v1 tests passed case=reduce_planner_state_step_budget
</system-out>
	</testcase>
	<testcase name="raw_engine_reduce_planner_state_trace_prefix" classname="raw_engine_reduce_planner_state_trace_prefix" time="3.26659" status="run">
		<properties>
			<property name="cmake_labels" value="core"/>
		</properties>
		<system-out>raw_engine_v1 tests passed case=reduce_planner_state_trace_prefix
</system-out>
	</testcase>
	<testcase name="raw_engine_planner_oracle_fuzz_stats" classname="raw_engine_planner_oracle_fuzz_stats" time="6.54453" status="run">
		<properties>
			<property name="cmake_labels" value="asan_slow;fuzz;slow"/>
		</properties>
		<system-out>raw_engine_v1 tests passed case=planner_oracle_fuzz_stats
</system-out>
	</testcase>
	<testcase name="raw_engine_primitive_fault_detection_smoke" classname="raw_engine_primitive_fault_detection_smoke" time="0.285128" status="run">
		<properties>
			<property name="cmake_labels" value="core"/>
		</properties>
		<system-out>raw_engine_v1 tests passed case=primitive_fault_detection_smoke
</system-out>
	</testcase>
	<testcase name="raw_engine_planner_fault_detection_smoke" classname="raw_engine_planner_fault_detection_smoke" time="0.154782" status="run">
		<properties>
			<property name="cmake_labels" value="core"/>
		</properties>
		<system-out>raw_engine_v1 tests passed case=planner_fault_detection_smoke
</system-out>
	</testcase>
	<testcase name="raw_engine_mutation_matrix_smoke" classname="raw_engine_mutation_matrix_smoke" time="0.159515" status="run">
		<properties>
			<property name="cmake_labels" value="core"/>
		</properties>
		<system-out>raw_engine_v1 tests passed case=mutation_matrix_smoke
</system-out>
	</testcase>
	<testcase name="raw_engine_planner_fixpoint_idempotence" classname="raw_engine_planner_fixpoint_idempotence" time="0.150073" status="run">
		<properties>
			<property name="cmake_labels" value="core"/>
		</properties>
		<system-out>raw_engine_v1 tests passed case=planner_fixpoint_idempotence
</system-out>
	</testcase>
	<testcase name="raw_engine_planner_replay_determinism" classname="raw_engine_planner_replay_determinism" time="0.151639" status="run">
		<properties>
			<property name="cmake_labels" value="core"/>
		</properties>
		<system-out>raw_engine_v1 tests passed case=planner_replay_determinism
</system-out>
	</testcase>
	<testcase name="raw_engine_reducer_determinism_smoke" classname="raw_engine_reducer_determinism_smoke" time="6.61808" status="run">
		<properties>
			<property name="cmake_labels" value="core"/>
		</properties>
		<system-out>raw_engine_v1 tests passed case=reducer_determinism_smoke
</system-out>
	</testcase>
	<testcase name="raw_engine_corpus_roundtrip_smoke" classname="raw_engine_corpus_roundtrip_smoke" time="2.16981" status="run">
		<properties>
			<property name="cmake_labels" value="core;fuzz"/>
		</properties>
		<system-out>raw_engine_v1 tests passed case=corpus_roundtrip_smoke
</system-out>
	</testcase>
	<testcase name="raw_engine_corpus_replay_smoke" classname="raw_engine_corpus_replay_smoke" time="1.05168" status="run">
		<properties>
			<property name="cmake_labels" value="core;fuzz"/>
		</properties>
		<system-out>raw_engine_v1 tests passed case=corpus_replay_smoke
</system-out>
	</testcase>
	<testcase name="raw_engine_compare_ready_lineage_smoke" classname="raw_engine_compare_ready_lineage_smoke" time="392.451" status="run">
		<properties>
			<property name="cmake_labels" value="compare;slow"/>
		</properties>
		<system-out>raw_engine_v1 tests passed case=compare_ready_lineage_smoke
</system-out>
	</testcase>
	<testcase name="raw_engine_planner_tie_organic_applicability_smoke" classname="raw_engine_planner_tie_organic_applicability_smoke" time="0.513879" status="run">
		<properties>
			<property name="cmake_labels" value="compare;slow"/>
		</properties>
		<system-out>raw_engine_v1 tests passed case=planner_tie_organic_applicability_smoke
</system-out>
	</testcase>
	<testcase name="raw_engine_planner_tie_organic_proxy_pass_smoke" classname="raw_engine_planner_tie_organic_proxy_pass_smoke" time="0.116974" status="run">
		<properties>
			<property name="cmake_labels" value="compare;slow"/>
		</properties>
		<system-out>raw_engine_v1 tests passed case=planner_tie_organic_proxy_pass_smoke
</system-out>
	</testcase>
	<testcase name="raw_engine_campaign_phase16_resume_gate_smoke" classname="raw_engine_campaign_phase16_resume_gate_smoke" time="405.019" status="run">
		<properties>
			<property name="cmake_labels" value="compare"/>
		</properties>
		<system-out>raw_engine_v1 tests passed case=campaign_phase16_resume_gate_smoke
</system-out>
	</testcase>
	<testcase name="raw_engine_campaign_phase16_manifest_compatibility_smoke" classname="raw_engine_campaign_phase16_manifest_compatibility_smoke" time="114.171" status="run">
		<properties>
			<property name="cmake_labels" value="compare;core"/>
		</properties>
		<system-out>raw_engine_v1 tests passed case=campaign_phase16_manifest_compatibility_smoke
</system-out>
	</testcase>
	<testcase name="raw_engine_split_choice_policy_graduation_smoke" classname="raw_engine_split_choice_policy_graduation_smoke" time="0.116691" status="run">
		<properties>
			<property name="cmake_labels" value="compare;core"/>
		</properties>
		<system-out>raw_engine_v1 tests passed case=split_choice_policy_graduation_smoke
</system-out>
	</testcase>
	<testcase name="raw_engine_policy_graduation_gate_smoke" classname="raw_engine_policy_graduation_gate_smoke" time="0.117616" status="run">
		<properties>
			<property name="cmake_labels" value="compare;core"/>
		</properties>
		<system-out>raw_engine_v1 tests passed case=policy_graduation_gate_smoke
</system-out>
	</testcase>
	<testcase name="raw_engine_policy_gate_manifest_smoke" classname="raw_engine_policy_gate_manifest_smoke" time="0.132126" status="run">
		<properties>
			<property name="cmake_labels" value="compare;core;policy_core"/>
		</properties>
		<system-out>raw_engine_v1 tests passed case=policy_gate_manifest_smoke
</system-out>
	</testcase>
	<testcase name="raw_engine_policy_baseline_promote_smoke" classname="raw_engine_policy_baseline_promote_smoke" time="0.18301" status="run">
		<properties>
			<property name="cmake_labels" value="policy_core;policy_refresh"/>
		</properties>
		<system-out>raw_engine_v1 tests passed case=policy_baseline_promote_smoke
</system-out>
	</testcase>
	<testcase name="raw_engine_policy_baseline_roundtrip_smoke" classname="raw_engine_policy_baseline_roundtrip_smoke" time="0.092141" status="run">
		<properties>
			<property name="cmake_labels" value="policy_core;policy_refresh"/>
		</properties>
		<system-out>raw_engine_v1 tests passed case=policy_baseline_roundtrip_smoke
</system-out>
	</testcase>
	<testcase name="raw_engine_policy_promote_reject_fail_smoke" classname="raw_engine_policy_promote_reject_fail_smoke" time="0.0886045" status="run">
		<properties>
			<property name="cmake_labels" value="policy_core;policy_refresh"/>
		</properties>
		<system-out>raw_engine_v1 tests passed case=policy_promote_reject_fail_smoke
</system-out>
	</testcase>
	<testcase name="raw_engine_policy_refresh_smoke" classname="raw_engine_policy_refresh_smoke" time="0.0896412" status="run">
		<properties>
			<property name="cmake_labels" value="compare;core;policy_core;policy_refresh"/>
		</properties>
		<system-out>raw_engine_v1 tests passed case=policy_refresh_smoke
</system-out>
	</testcase>
	<testcase name="raw_engine_policy_refresh_against_promoted_baseline_smoke" classname="raw_engine_policy_refresh_against_promoted_baseline_smoke" time="0.0952223" status="run">
		<properties>
			<property name="cmake_labels" value="policy_core;policy_refresh"/>
		</properties>
		<system-out>raw_engine_v1 tests passed case=policy_refresh_against_promoted_baseline_smoke
</system-out>
	</testcase>
	<testcase name="raw_engine_policy_refresh_family_filter_smoke" classname="raw_engine_policy_refresh_family_filter_smoke" time="0.0910538" status="run">
		<properties>
			<property name="cmake_labels" value="compare;core;policy_core;policy_refresh"/>
		</properties>
		<system-out>raw_engine_v1 tests passed case=policy_refresh_family_filter_smoke
</system-out>
	</testcase>
	<testcase name="raw_engine_policy_refresh_freshness_only_smoke" classname="raw_engine_policy_refresh_freshness_only_smoke" time="0.0954243" status="run">
		<properties>
			<property name="cmake_labels" value="policy_core;policy_refresh"/>
		</properties>
		<system-out>raw_engine_v1 tests passed case=policy_refresh_freshness_only_smoke
</system-out>
	</testcase>
	<testcase name="raw_engine_policy_refresh_stale_hash_smoke" classname="raw_engine_policy_refresh_stale_hash_smoke" time="0.090603" status="run">
		<properties>
			<property name="cmake_labels" value="compare;policy_refresh;policy_sentinel"/>
		</properties>
		<system-out>raw_engine_v1 tests passed case=policy_refresh_stale_hash_smoke
</system-out>
	</testcase>
	<testcase name="raw_engine_policy_refresh_compare_engine_hash_smoke" classname="raw_engine_policy_refresh_compare_engine_hash_smoke" time="0.091916" status="run">
		<properties>
			<property name="cmake_labels" value="compare;policy_refresh;policy_sentinel"/>
		</properties>
		<system-out>raw_engine_v1 tests passed case=policy_refresh_compare_engine_hash_smoke
</system-out>
	</testcase>
	<testcase name="raw_engine_policy_refresh_generator_hash_smoke" classname="raw_engine_policy_refresh_generator_hash_smoke" time="0.0928756" status="run">
		<properties>
			<property name="cmake_labels" value="compare;policy_refresh;policy_sentinel"/>
		</properties>
		<system-out>raw_engine_v1 tests passed case=policy_refresh_generator_hash_smoke
</system-out>
	</testcase>
	<testcase name="raw_engine_policy_refresh_campaign_config_hash_smoke" classname="raw_engine_policy_refresh_campaign_config_hash_smoke" time="0.0934172" status="run">
		<properties>
			<property name="cmake_labels" value="compare;policy_refresh;policy_sentinel"/>
		</properties>
		<system-out>raw_engine_v1 tests passed case=policy_refresh_campaign_config_hash_smoke
</system-out>
	</testcase>
	<testcase name="raw_engine_policy_gate_family_filter_smoke" classname="raw_engine_policy_gate_family_filter_smoke" time="0.135423" status="run">
		<properties>
			<property name="cmake_labels" value="compare;core"/>
		</properties>
		<system-out>raw_engine_v1 tests passed case=policy_gate_family_filter_smoke
</system-out>
	</testcase>
	<testcase name="raw_engine_policy_gate_non_applicable_smoke" classname="raw_engine_policy_gate_non_applicable_smoke" time="0.125801" status="run">
		<properties>
			<property name="cmake_labels" value="compare;core;policy_sentinel"/>
		</properties>
		<system-out>raw_engine_v1 tests passed case=policy_gate_non_applicable_smoke
</system-out>
	</testcase>
	<testcase name="raw_engine_policy_gate_non_applicable_drift_smoke" classname="raw_engine_policy_gate_non_applicable_drift_smoke" time="0.0927556" status="run">
		<properties>
			<property name="cmake_labels" value="compare;core;policy_refresh;policy_sentinel"/>
		</properties>
		<system-out>raw_engine_v1 tests passed case=policy_gate_non_applicable_drift_smoke
</system-out>
	</testcase>
	<testcase name="raw_engine_planner_tie_organic_applicability_drift_smoke" classname="raw_engine_planner_tie_organic_applicability_drift_smoke" time="0.128303" status="run">
		<properties>
			<property name="cmake_labels" value="compare;core;policy_sentinel"/>
		</properties>
		<system-out>raw_engine_v1 tests passed case=planner_tie_organic_applicability_drift_smoke
</system-out>
	</testcase>
	<testcase name="raw_engine_planner_tie_organic_reclassify_trigger_smoke" classname="raw_engine_planner_tie_organic_reclassify_trigger_smoke" time="0.0943859" status="run">
		<properties>
			<property name="cmake_labels" value="compare;core;policy_refresh;policy_sentinel"/>
		</properties>
		<system-out>raw_engine_v1 tests passed case=planner_tie_organic_reclassify_trigger_smoke
</system-out>
	</testcase>
	<testcase name="raw_engine_policy_reclassify_non_applicable_smoke" classname="raw_engine_policy_reclassify_non_applicable_smoke" time="0.0933301" status="run">
		<properties>
			<property name="cmake_labels" value="compare;policy_refresh;policy_sentinel"/>
		</properties>
		<system-out>raw_engine_v1 tests passed case=policy_reclassify_non_applicable_smoke
</system-out>
	</testcase>
	<testcase name="raw_engine_compare_ready_lineage_gate_smoke" classname="raw_engine_compare_ready_lineage_gate_smoke" time="0.132398" status="run">
		<properties>
			<property name="cmake_labels" value="compare;core;policy_sentinel"/>
		</properties>
		<system-out>raw_engine_v1 tests passed case=compare_ready_lineage_gate_smoke
</system-out>
	</testcase>
	<testcase name="raw_engine_compare_ready_not_counted_as_pass_smoke" classname="raw_engine_compare_ready_not_counted_as_pass_smoke" time="0.128457" status="run">
		<properties>
			<property name="cmake_labels" value="compare;core;policy_sentinel"/>
		</properties>
		<system-out>raw_engine_v1 tests passed case=compare_ready_not_counted_as_pass_smoke
</system-out>
	</testcase>
	<testcase name="raw_engine_policy_gate_diagnostic_only_smoke" classname="raw_engine_policy_gate_diagnostic_only_smoke" time="0.14894" status="run">
		<properties>
			<property name="cmake_labels" value="compare;core;policy_core;policy_refresh;policy_sentinel"/>
		</properties>
		<system-out>raw_engine_v1 tests passed case=policy_gate_diagnostic_only_smoke
</system-out>
	</testcase>
	<testcase name="raw_engine_compare_ready_not_promoted_smoke" classname="raw_engine_compare_ready_not_promoted_smoke" time="0.151832" status="run">
		<properties>
			<property name="cmake_labels" value="compare;core;policy_refresh;policy_sentinel"/>
		</properties>
		<system-out>raw_engine_v1 tests passed case=compare_ready_not_promoted_smoke
</system-out>
	</testcase>
	<testcase name="raw_engine_policy_reject_diagnostic_promotion_smoke" classname="raw_engine_policy_reject_diagnostic_promotion_smoke" time="0.149885" status="run">
		<properties>
			<property name="cmake_labels" value="compare;policy_refresh;policy_sentinel"/>
		</properties>
		<system-out>raw_engine_v1 tests passed case=policy_reject_diagnostic_promotion_smoke
</system-out>
	</testcase>
	<testcase name="raw_engine_policy_gate_nightly_smoke" classname="raw_engine_policy_gate_nightly_smoke" time="0.150259" status="run">
		<properties>
			<property name="cmake_labels" value="compare;core;nightly;policy_nightly"/>
		</properties>
		<system-out>raw_engine_v1 tests passed case=policy_gate_nightly_smoke
</system-out>
	</testcase>
	<testcase name="raw_engine_policy_refresh_nightly_smoke" classname="raw_engine_policy_refresh_nightly_smoke" time="0.155866" status="run">
		<properties>
			<property name="cmake_labels" value="compare;core;nightly;policy_nightly;policy_refresh"/>
		</properties>
		<system-out>raw_engine_v1 tests passed case=policy_refresh_nightly_smoke
</system-out>
	</testcase>
	<testcase name="raw_engine_manifest_roundtrip_smoke" classname="raw_engine_manifest_roundtrip_smoke" time="0.139363" status="run">
		<properties>
			<property name="cmake_labels" value="compare;core"/>
		</properties>
		<system-out>raw_engine_v1 tests passed case=manifest_roundtrip_smoke
</system-out>
	</testcase>
	<testcase name="raw_engine_evidence_bundle_smoke" classname="raw_engine_evidence_bundle_smoke" time="1.28207" status="run">
		<properties>
			<property name="cmake_labels" value="compare;core;policy_sentinel"/>
		</properties>
		<system-out>/private/tmp/raw_engine_phase49_stage/build-asan/tests/artifacts/evidence_bundle_smoke/manifests/policy_runtime_current_phase19.json
/private/tmp/raw_engine_phase49_stage/build-asan/tests/artifacts/evidence_bundle_smoke/manifests/policy_runtime_baseline_phase19_approved.json
/private/tmp/raw_engine_phase49_stage/build-asan/tests/artifacts/evidence_bundle_smoke/manifests/runtime_baseline_registry_v1.json
/private/tmp/raw_engine_phase49_stage/build-asan/tests/artifacts/evidence_bundle_smoke/manifests/policy_runtime_refresh_phase19.json
/private/tmp/raw_engine_phase49_stage/build-asan/tests/artifacts/evidence_bundle_smoke/manifests/runtime_history_index_v1_summary.json
/private/tmp/raw_engine_phase49_stage/build-asan/tests/artifacts/evidence_bundle_smoke/manifests/runtime_rebaseline_proposal_phase19.json
/private/tmp/raw_engine_phase49_stage/build-asan/tests/artifacts/evidence_bundle_smoke/manifests/policy_runtime_rerun_phase19.json
/private/tmp/raw_engine_phase49_stage/build-asan/tests/artifacts/evidence_bundle...
[This part of the test output was removed since it exceeds the threshold of 1024 bytes.]
</system-out>
	</testcase>
	<testcase name="raw_engine_evidence_bundle_manifest_freshness_smoke" classname="raw_engine_evidence_bundle_manifest_freshness_smoke" time="1.22325" status="run">
		<properties>
			<property name="cmake_labels" value="compare;core;policy_refresh;policy_sentinel"/>
		</properties>
		<system-out>/private/tmp/raw_engine_phase49_stage/build-asan/tests/artifacts/evidence_bundle_manifest_freshness_smoke/manifests/policy_runtime_current_phase19.json
/private/tmp/raw_engine_phase49_stage/build-asan/tests/artifacts/evidence_bundle_manifest_freshness_smoke/manifests/policy_runtime_baseline_phase19_approved.json
/private/tmp/raw_engine_phase49_stage/build-asan/tests/artifacts/evidence_bundle_manifest_freshness_smoke/manifests/runtime_baseline_registry_v1.json
/private/tmp/raw_engine_phase49_stage/build-asan/tests/artifacts/evidence_bundle_manifest_freshness_smoke/manifests/policy_runtime_refresh_phase19.json
/private/tmp/raw_engine_phase49_stage/build-asan/tests/artifacts/evidence_bundle_manifest_freshness_smoke/manifests/runtime_history_index_v1_summary.json
/private/tmp/raw_engine_phase49_stage/build-asan/tests/artifacts/evidence_bundle_manifest_freshness_smoke/manifests/runtime_rebaseline_proposal_phase19.json
/private/tmp/raw_engine_phase49_stage/build-asan/tests/artifacts/evidence_bundle_manifest_freshne...
[This part of the test output was removed since it exceeds the threshold of 1024 bytes.]
</system-out>
	</testcase>
	<testcase name="raw_engine_evidence_bundle_policy_refresh_smoke" classname="raw_engine_evidence_bundle_policy_refresh_smoke" time="1.21309" status="run">
		<properties>
			<property name="cmake_labels" value="policy_refresh;policy_sentinel"/>
		</properties>
		<system-out>/private/tmp/raw_engine_phase49_stage/build-asan/tests/artifacts/evidence_bundle_policy_refresh_smoke/manifests/policy_runtime_current_phase19.json
/private/tmp/raw_engine_phase49_stage/build-asan/tests/artifacts/evidence_bundle_policy_refresh_smoke/manifests/policy_runtime_baseline_phase19_approved.json
/private/tmp/raw_engine_phase49_stage/build-asan/tests/artifacts/evidence_bundle_policy_refresh_smoke/manifests/runtime_baseline_registry_v1.json
/private/tmp/raw_engine_phase49_stage/build-asan/tests/artifacts/evidence_bundle_policy_refresh_smoke/manifests/policy_runtime_refresh_phase19.json
/private/tmp/raw_engine_phase49_stage/build-asan/tests/artifacts/evidence_bundle_policy_refresh_smoke/manifests/runtime_history_index_v1_summary.json
/private/tmp/raw_engine_phase49_stage/build-asan/tests/artifacts/evidence_bundle_policy_refresh_smoke/manifests/runtime_rebaseline_proposal_phase19.json
/private/tmp/raw_engine_phase49_stage/build-asan/tests/artifacts/evidence_bundle_policy_refresh_smoke/manifests/policy_ru...
[This part of the test output was removed since it exceeds the threshold of 1024 bytes.]
</system-out>
	</testcase>
	<testcase name="raw_engine_evidence_bundle_rerun_plan_smoke" classname="raw_engine_evidence_bundle_rerun_plan_smoke" time="1.20945" status="run">
		<properties>
			<property name="cmake_labels" value="policy_refresh;policy_sentinel"/>
		</properties>
		<system-out>/private/tmp/raw_engine_phase49_stage/build-asan/tests/artifacts/evidence_bundle_rerun_plan_smoke/manifests/policy_runtime_current_phase19.json
/private/tmp/raw_engine_phase49_stage/build-asan/tests/artifacts/evidence_bundle_rerun_plan_smoke/manifests/policy_runtime_baseline_phase19_approved.json
/private/tmp/raw_engine_phase49_stage/build-asan/tests/artifacts/evidence_bundle_rerun_plan_smoke/manifests/runtime_baseline_registry_v1.json
/private/tmp/raw_engine_phase49_stage/build-asan/tests/artifacts/evidence_bundle_rerun_plan_smoke/manifests/policy_runtime_refresh_phase19.json
/private/tmp/raw_engine_phase49_stage/build-asan/tests/artifacts/evidence_bundle_rerun_plan_smoke/manifests/runtime_history_index_v1_summary.json
/private/tmp/raw_engine_phase49_stage/build-asan/tests/artifacts/evidence_bundle_rerun_plan_smoke/manifests/runtime_rebaseline_proposal_phase19.json
/private/tmp/raw_engine_phase49_stage/build-asan/tests/artifacts/evidence_bundle_rerun_plan_smoke/manifests/policy_runtime_rerun_phase19.json
/pr...
[This part of the test output was removed since it exceeds the threshold of 1024 bytes.]
</system-out>
	</testcase>
	<testcase name="raw_engine_evidence_bundle_idempotent_smoke" classname="raw_engine_evidence_bundle_idempotent_smoke" time="2.32987" status="run">
		<properties>
			<property name="cmake_labels" value="compare;policy_refresh;policy_sentinel"/>
		</properties>
		<system-out>/private/tmp/raw_engine_phase49_stage/build-asan/tests/artifacts/evidence_bundle_idempotent_smoke/manifests/policy_runtime_current_phase19.json
/private/tmp/raw_engine_phase49_stage/build-asan/tests/artifacts/evidence_bundle_idempotent_smoke/manifests/policy_runtime_baseline_phase19_approved.json
/private/tmp/raw_engine_phase49_stage/build-asan/tests/artifacts/evidence_bundle_idempotent_smoke/manifests/runtime_baseline_registry_v1.json
/private/tmp/raw_engine_phase49_stage/build-asan/tests/artifacts/evidence_bundle_idempotent_smoke/manifests/policy_runtime_refresh_phase19.json
/private/tmp/raw_engine_phase49_stage/build-asan/tests/artifacts/evidence_bundle_idempotent_smoke/manifests/runtime_history_index_v1_summary.json
/private/tmp/raw_engine_phase49_stage/build-asan/tests/artifacts/evidence_bundle_idempotent_smoke/manifests/runtime_rebaseline_proposal_phase19.json
/private/tmp/raw_engine_phase49_stage/build-asan/tests/artifacts/evidence_bundle_idempotent_smoke/manifests/policy_runtime_rerun_phase19.json
/pr...
[This part of the test output was removed since it exceeds the threshold of 1024 bytes.]
</system-out>
	</testcase>
	<testcase name="raw_engine_evidence_bundle_policy_summary_smoke" classname="raw_engine_evidence_bundle_policy_summary_smoke" time="1.22388" status="run">
		<properties>
			<property name="cmake_labels" value="compare;policy_refresh;policy_sentinel"/>
		</properties>
		<system-out>/private/tmp/raw_engine_phase49_stage/build-asan/tests/artifacts/evidence_bundle_policy_summary_smoke/manifests/policy_runtime_current_phase19.json
/private/tmp/raw_engine_phase49_stage/build-asan/tests/artifacts/evidence_bundle_policy_summary_smoke/manifests/policy_runtime_baseline_phase19_approved.json
/private/tmp/raw_engine_phase49_stage/build-asan/tests/artifacts/evidence_bundle_policy_summary_smoke/manifests/runtime_baseline_registry_v1.json
/private/tmp/raw_engine_phase49_stage/build-asan/tests/artifacts/evidence_bundle_policy_summary_smoke/manifests/policy_runtime_refresh_phase19.json
/private/tmp/raw_engine_phase49_stage/build-asan/tests/artifacts/evidence_bundle_policy_summary_smoke/manifests/runtime_history_index_v1_summary.json
/private/tmp/raw_engine_phase49_stage/build-asan/tests/artifacts/evidence_bundle_policy_summary_smoke/manifests/runtime_rebaseline_proposal_phase19.json
/private/tmp/raw_engine_phase49_stage/build-asan/tests/artifacts/evidence_bundle_policy_summary_smoke/manifests/policy_ru...
[This part of the test output was removed since it exceeds the threshold of 1024 bytes.]
</system-out>
	</testcase>
	<testcase name="raw_engine_stale_family_selective_rerun_smoke" classname="raw_engine_stale_family_selective_rerun_smoke" time="0.151078" status="run">
		<properties>
			<property name="cmake_labels" value="compare;core;policy_refresh;policy_sentinel"/>
		</properties>
		<system-out>raw_engine_v1 tests passed case=stale_family_selective_rerun_smoke
</system-out>
	</testcase>
	<testcase name="raw_engine_policy_rerun_plan_smoke" classname="raw_engine_policy_rerun_plan_smoke" time="0.0948848" status="run">
		<properties>
			<property name="cmake_labels" value="policy_refresh;policy_sentinel"/>
		</properties>
		<system-out>raw_engine_v1 tests passed case=policy_rerun_plan_smoke
</system-out>
	</testcase>
	<testcase name="raw_engine_policy_rerun_plan_empty_smoke" classname="raw_engine_policy_rerun_plan_empty_smoke" time="0.090995" status="run">
		<properties>
			<property name="cmake_labels" value="policy_refresh;policy_sentinel"/>
		</properties>
		<system-out>raw_engine_v1 tests passed case=policy_rerun_plan_empty_smoke
</system-out>
	</testcase>
	<testcase name="raw_engine_policy_rerun_plan_family_filter_smoke" classname="raw_engine_policy_rerun_plan_family_filter_smoke" time="0.0950445" status="run">
		<properties>
			<property name="cmake_labels" value="policy_refresh;policy_sentinel"/>
		</properties>
		<system-out>raw_engine_v1 tests passed case=policy_rerun_plan_family_filter_smoke
</system-out>
	</testcase>
	<testcase name="raw_engine_policy_rerun_plan_mode_selection_smoke" classname="raw_engine_policy_rerun_plan_mode_selection_smoke" time="0.0951302" status="run">
		<properties>
			<property name="cmake_labels" value="compare;policy_refresh;policy_sentinel"/>
		</properties>
		<system-out>raw_engine_v1 tests passed case=policy_rerun_plan_mode_selection_smoke
</system-out>
	</testcase>
	<testcase name="raw_engine_policy_selective_rerun_execute_smoke" classname="raw_engine_policy_selective_rerun_execute_smoke" time="0.13286" status="run">
		<properties>
			<property name="cmake_labels" value="compare;policy_nightly;policy_refresh"/>
		</properties>
		<system-out>raw_engine_v1 tests passed case=policy_selective_rerun_execute_smoke
</system-out>
	</testcase>
	<testcase name="raw_engine_policy_selective_rerun_noop_smoke" classname="raw_engine_policy_selective_rerun_noop_smoke" time="0.135653" status="run">
		<properties>
			<property name="cmake_labels" value="compare;policy_refresh;policy_sentinel"/>
		</properties>
		<system-out>raw_engine_v1 tests passed case=policy_selective_rerun_noop_smoke
</system-out>
	</testcase>
	<testcase name="raw_engine_policy_baseline_history_smoke" classname="raw_engine_policy_baseline_history_smoke" time="0.096008" status="run">
		<properties>
			<property name="cmake_labels" value="compare;policy_refresh"/>
		</properties>
		<system-out>raw_engine_v1 tests passed case=policy_baseline_history_smoke
</system-out>
	</testcase>
	<testcase name="raw_engine_policy_baseline_archive_roundtrip_smoke" classname="raw_engine_policy_baseline_archive_roundtrip_smoke" time="0.097313" status="run">
		<properties>
			<property name="cmake_labels" value="compare;policy_refresh"/>
		</properties>
		<system-out>raw_engine_v1 tests passed case=policy_baseline_archive_roundtrip_smoke
</system-out>
	</testcase>
	<testcase name="raw_engine_policy_ci_check_smoke" classname="raw_engine_policy_ci_check_smoke" time="0.174269" status="run">
		<properties>
			<property name="cmake_labels" value="compare;policy_core;policy_refresh"/>
		</properties>
		<system-out>policy_lifecycle_summary case=policy_ci_check current_verdict=PASS freshness_verdict=FRESH plan_verdict=PASS stale_family_count=0 requires_rerun_family_count=0 reclassify_required_count=0 selected_entry_count=0
baseline_manifest=/tmp/raw_engine_phase49_stage/build-asan/tests/artifacts/policy_ci_check_smoke/manifests/policy_graduation_manifest_phase22_approved_v1.txt
current_manifest=/tmp/raw_engine_phase49_stage/build-asan/tests/artifacts/policy_ci_check_smoke/manifests/policy_graduation_manifest_v1.json
refresh_manifest=/tmp/raw_engine_phase49_stage/build-asan/tests/artifacts/policy_ci_check_smoke/manifests/policy_graduation_manifest_refresh_v1.json
rerun_plan=/tmp/raw_engine_phase49_stage/build-asan/tests/artifacts/policy_ci_check_smoke/manifests/policy_rerun_plan_v1.json
family_status=family=split_tie_organic_symmetric current_status=PASS freshness_status=FRESH drift_flag=0 reclassify_required=0 counts_as_production_evidence=1 rationale=direct compare evidence satisfied
family_status=family=automorphism_pr...
[This part of the test output was removed since it exceeds the threshold of 1024 bytes.]
</system-out>
	</testcase>
	<testcase name="raw_engine_policy_nightly_refresh_smoke" classname="raw_engine_policy_nightly_refresh_smoke" time="0.163846" status="run">
		<properties>
			<property name="cmake_labels" value="compare;policy_nightly;policy_refresh"/>
		</properties>
		<system-out>policy_lifecycle_summary case=policy_nightly_refresh current_verdict=PASS freshness_verdict=FRESH plan_verdict=PASS stale_family_count=0 requires_rerun_family_count=0 reclassify_required_count=0 selected_entry_count=0
baseline_manifest=/tmp/raw_engine_phase49_stage/build-asan/tests/artifacts/policy_nightly_refresh_smoke/manifests/policy_graduation_manifest_phase22_approved_v1.txt
current_manifest=/tmp/raw_engine_phase49_stage/build-asan/tests/artifacts/policy_nightly_refresh_smoke/manifests/policy_graduation_manifest_v1.json
refresh_manifest=/tmp/raw_engine_phase49_stage/build-asan/tests/artifacts/policy_nightly_refresh_smoke/manifests/policy_graduation_manifest_refresh_v1.json
rerun_plan=/tmp/raw_engine_phase49_stage/build-asan/tests/artifacts/policy_nightly_refresh_smoke/manifests/policy_rerun_plan_v1.json
policy_rerun_execution_summary summary_verdict=PASS selected_family_count=0 executed_family_count=0 noop_family_count=0 failed_family_count=0 artifact_root=/tmp/raw_engine_phase49_stage/build-asan/tests/a...
[This part of the test output was removed since it exceeds the threshold of 1024 bytes.]
</system-out>
	</testcase>
	<testcase name="raw_engine_policy_severity_smoke" classname="raw_engine_policy_severity_smoke" time="2.54076" status="run">
		<properties>
			<property name="cmake_labels" value="compare;policy_core;policy_refresh"/>
		</properties>
		<system-out>/private/tmp/raw_engine_phase49_stage/build-asan/tests/artifacts/policy_severity_smoke/manifests/policy_runtime_current_phase22.json
/private/tmp/raw_engine_phase49_stage/build-asan/tests/artifacts/policy_severity_smoke/manifests/policy_runtime_baseline_phase22_approved.json
/private/tmp/raw_engine_phase49_stage/build-asan/tests/artifacts/policy_severity_smoke/manifests/runtime_baseline_registry_v1.json
/private/tmp/raw_engine_phase49_stage/build-asan/tests/artifacts/policy_severity_smoke/manifests/policy_runtime_refresh_phase22.json
/private/tmp/raw_engine_phase49_stage/build-asan/tests/artifacts/policy_severity_smoke/manifests/policy_runtime_rerun_phase22.json
/private/tmp/raw_engine_phase49_stage/build-asan/tests/artifacts/policy_severity_smoke/manifests/runtime_history_index_v1_summary.json
/private/tmp/raw_engine_phase49_stage/build-asan/tests/artifacts/policy_severity_smoke/manifests/runtime_rebaseline_proposal_phase22.json
policy_pipeline_summary mode=quick severity=OK exit_code=0 current_verdict=PASS ...
[This part of the test output was removed since it exceeds the threshold of 1024 bytes.]
</system-out>
	</testcase>
	<testcase name="raw_engine_pipeline_exit_code_smoke" classname="raw_engine_pipeline_exit_code_smoke" time="4.94631" status="run">
		<properties>
			<property name="cmake_labels" value="compare;policy_core;policy_refresh"/>
		</properties>
		<system-out>/private/tmp/raw_engine_phase49_stage/build-asan/tests/artifacts/pipeline_exit_code_warn_smoke/manifests/policy_runtime_current_phase22.json
/private/tmp/raw_engine_phase49_stage/build-asan/tests/artifacts/pipeline_exit_code_warn_smoke/manifests/policy_runtime_baseline_phase22_approved.json
/private/tmp/raw_engine_phase49_stage/build-asan/tests/artifacts/pipeline_exit_code_warn_smoke/manifests/runtime_baseline_registry_v1.json
/private/tmp/raw_engine_phase49_stage/build-asan/tests/artifacts/pipeline_exit_code_warn_smoke/manifests/policy_runtime_refresh_phase22.json
/private/tmp/raw_engine_phase49_stage/build-asan/tests/artifacts/pipeline_exit_code_warn_smoke/manifests/policy_runtime_rerun_phase22.json
/private/tmp/raw_engine_phase49_stage/build-asan/tests/artifacts/pipeline_exit_code_warn_smoke/manifests/runtime_history_index_v1_summary.json
/private/tmp/raw_engine_phase49_stage/build-asan/tests/artifacts/pipeline_exit_code_warn_smoke/manifests/runtime_rebaseline_proposal_phase22.json
policy_pipeline_summary ...
[This part of the test output was removed since it exceeds the threshold of 1024 bytes.]
</system-out>
	</testcase>
	<testcase name="raw_engine_stale_warn_mode_smoke" classname="raw_engine_stale_warn_mode_smoke" time="2.63467" status="run">
		<properties>
			<property name="cmake_labels" value="compare;policy_refresh;policy_sentinel"/>
		</properties>
		<system-out>/private/tmp/raw_engine_phase49_stage/build-asan/tests/artifacts/stale_warn_mode_smoke/manifests/policy_runtime_current_phase22.json
/private/tmp/raw_engine_phase49_stage/build-asan/tests/artifacts/stale_warn_mode_smoke/manifests/policy_runtime_baseline_phase22_approved.json
/private/tmp/raw_engine_phase49_stage/build-asan/tests/artifacts/stale_warn_mode_smoke/manifests/runtime_baseline_registry_v1.json
/private/tmp/raw_engine_phase49_stage/build-asan/tests/artifacts/stale_warn_mode_smoke/manifests/policy_runtime_refresh_phase22.json
/private/tmp/raw_engine_phase49_stage/build-asan/tests/artifacts/stale_warn_mode_smoke/manifests/policy_runtime_rerun_phase22.json
/private/tmp/raw_engine_phase49_stage/build-asan/tests/artifacts/stale_warn_mode_smoke/manifests/runtime_history_index_v1_summary.json
/private/tmp/raw_engine_phase49_stage/build-asan/tests/artifacts/stale_warn_mode_smoke/manifests/runtime_rebaseline_proposal_phase22.json
policy_pipeline_summary mode=quick severity=WARN exit_code=10 current_verdict=PA...
[This part of the test output was removed since it exceeds the threshold of 1024 bytes.]
</system-out>
	</testcase>
	<testcase name="raw_engine_action_required_mode_smoke" classname="raw_engine_action_required_mode_smoke" time="2.5454" status="run">
		<properties>
			<property name="cmake_labels" value="compare;policy_refresh;policy_sentinel"/>
		</properties>
		<system-out>/private/tmp/raw_engine_phase49_stage/build-asan/tests/artifacts/action_required_mode_smoke/manifests/policy_runtime_current_phase22.json
/private/tmp/raw_engine_phase49_stage/build-asan/tests/artifacts/action_required_mode_smoke/manifests/policy_runtime_baseline_phase22_approved.json
/private/tmp/raw_engine_phase49_stage/build-asan/tests/artifacts/action_required_mode_smoke/manifests/runtime_baseline_registry_v1.json
/private/tmp/raw_engine_phase49_stage/build-asan/tests/artifacts/action_required_mode_smoke/manifests/policy_runtime_refresh_phase22.json
/private/tmp/raw_engine_phase49_stage/build-asan/tests/artifacts/action_required_mode_smoke/manifests/policy_runtime_rerun_phase22.json
/private/tmp/raw_engine_phase49_stage/build-asan/tests/artifacts/action_required_mode_smoke/manifests/runtime_history_index_v1_summary.json
/private/tmp/raw_engine_phase49_stage/build-asan/tests/artifacts/action_required_mode_smoke/manifests/runtime_rebaseline_proposal_phase22.json
policy_pipeline_summary mode=quick severity=A...
[This part of the test output was removed since it exceeds the threshold of 1024 bytes.]
</system-out>
	</testcase>
	<testcase name="raw_engine_runtime_budget_smoke" classname="raw_engine_runtime_budget_smoke" time="0.137429" status="run">
		<properties>
			<property name="cmake_labels" value="compare;policy_core;policy_refresh;policy_sentinel"/>
		</properties>
		<system-out>raw_engine_v1 tests passed case=runtime_budget_smoke
</system-out>
	</testcase>
	<testcase name="raw_engine_runtime_budget_manifest_roundtrip_smoke" classname="raw_engine_runtime_budget_manifest_roundtrip_smoke" time="0.138827" status="run">
		<properties>
			<property name="cmake_labels" value="compare;policy_core;policy_refresh"/>
		</properties>
		<system-out>raw_engine_v1 tests passed case=runtime_budget_manifest_roundtrip_smoke
</system-out>
	</testcase>
	<testcase name="raw_engine_runtime_fingerprint_roundtrip_smoke" classname="raw_engine_runtime_fingerprint_roundtrip_smoke" time="0.931612" status="run">
		<properties>
			<property name="cmake_labels" value="compare;policy_core;policy_refresh;policy_sentinel"/>
		</properties>
		<system-out>/private/tmp/raw_engine_phase49_stage/build-asan/tests/artifacts/runtime_fingerprint_roundtrip_smoke/manifests/policy_runtime_current_phase22.json
/private/tmp/raw_engine_phase49_stage/build-asan/tests/artifacts/runtime_fingerprint_roundtrip_smoke/manifests/policy_runtime_baseline_phase22_approved.json
/private/tmp/raw_engine_phase49_stage/build-asan/tests/artifacts/runtime_fingerprint_roundtrip_smoke/manifests/runtime_baseline_registry_v1.json
/private/tmp/raw_engine_phase49_stage/build-asan/tests/artifacts/runtime_fingerprint_roundtrip_smoke/manifests/policy_runtime_refresh_phase22.json
/private/tmp/raw_engine_phase49_stage/build-asan/tests/artifacts/runtime_fingerprint_roundtrip_smoke/manifests/policy_runtime_rerun_phase22.json
/private/tmp/raw_engine_phase49_stage/build-asan/tests/artifacts/runtime_fingerprint_roundtrip_smoke/manifests/runtime_history_index_v1_summary.json
/private/tmp/raw_engine_phase49_stage/build-asan/tests/artifacts/runtime_fingerprint_roundtrip_smoke/manifests/runtime_rebaseline_prop...
[This part of the test output was removed since it exceeds the threshold of 1024 bytes.]
</system-out>
	</testcase>
	<testcase name="raw_engine_runtime_not_comparable_smoke" classname="raw_engine_runtime_not_comparable_smoke" time="1.03334" status="run">
		<properties>
			<property name="cmake_labels" value="compare;policy_refresh;policy_sentinel"/>
		</properties>
		<system-out>/private/tmp/raw_engine_phase49_stage/build-asan/tests/artifacts/runtime_not_comparable_smoke/manifests/policy_runtime_current_phase22.json
/private/tmp/raw_engine_phase49_stage/build-asan/tests/artifacts/runtime_not_comparable_smoke/manifests/policy_runtime_baseline_phase22_approved.json
/private/tmp/raw_engine_phase49_stage/build-asan/tests/artifacts/runtime_not_comparable_smoke/manifests/runtime_baseline_registry_v1.json
/private/tmp/raw_engine_phase49_stage/build-asan/tests/artifacts/runtime_not_comparable_smoke/manifests/policy_runtime_refresh_phase22.json
/private/tmp/raw_engine_phase49_stage/build-asan/tests/artifacts/runtime_not_comparable_smoke/manifests/policy_runtime_rerun_phase22.json
/private/tmp/raw_engine_phase49_stage/build-asan/tests/artifacts/runtime_not_comparable_smoke/manifests/runtime_history_index_v1_summary.json
/private/tmp/raw_engine_phase49_stage/build-asan/tests/artifacts/runtime_not_comparable_smoke/manifests/runtime_rebaseline_proposal_phase22.json
/private/tmp/raw_engine_phase49...
[This part of the test output was removed since it exceeds the threshold of 1024 bytes.]
</system-out>
	</testcase>
	<testcase name="raw_engine_runtime_refresh_same_fingerprint_smoke" classname="raw_engine_runtime_refresh_same_fingerprint_smoke" time="0.956853" status="run">
		<properties>
			<property name="cmake_labels" value="compare;policy_core;policy_refresh;policy_sentinel"/>
		</properties>
		<system-out>/private/tmp/raw_engine_phase49_stage/build-asan/tests/artifacts/runtime_refresh_same_fingerprint_smoke/manifests/policy_runtime_current_phase22.json
/private/tmp/raw_engine_phase49_stage/build-asan/tests/artifacts/runtime_refresh_same_fingerprint_smoke/manifests/policy_runtime_baseline_phase22_approved.json
/private/tmp/raw_engine_phase49_stage/build-asan/tests/artifacts/runtime_refresh_same_fingerprint_smoke/manifests/runtime_baseline_registry_v1.json
/private/tmp/raw_engine_phase49_stage/build-asan/tests/artifacts/runtime_refresh_same_fingerprint_smoke/manifests/policy_runtime_refresh_phase22.json
/private/tmp/raw_engine_phase49_stage/build-asan/tests/artifacts/runtime_refresh_same_fingerprint_smoke/manifests/policy_runtime_rerun_phase22.json
/private/tmp/raw_engine_phase49_stage/build-asan/tests/artifacts/runtime_refresh_same_fingerprint_smoke/manifests/runtime_history_index_v1_summary.json
/private/tmp/raw_engine_phase49_stage/build-asan/tests/artifacts/runtime_refresh_same_fingerprint_smoke/manifests/ru...
[This part of the test output was removed since it exceeds the threshold of 1024 bytes.]
</system-out>
	</testcase>
	<testcase name="raw_engine_runtime_baseline_promote_smoke" classname="raw_engine_runtime_baseline_promote_smoke" time="1.12735" status="run">
		<properties>
			<property name="cmake_labels" value="compare;policy_core;policy_refresh"/>
		</properties>
		<system-out>/private/tmp/raw_engine_phase49_stage/build-asan/tests/artifacts/runtime_baseline_promote_smoke/manifests/policy_runtime_current_phase22.json
/private/tmp/raw_engine_phase49_stage/build-asan/tests/artifacts/runtime_baseline_promote_smoke/manifests/policy_runtime_baseline_phase22_approved.json
/private/tmp/raw_engine_phase49_stage/build-asan/tests/artifacts/runtime_baseline_promote_smoke/manifests/runtime_baseline_registry_v1.json
/private/tmp/raw_engine_phase49_stage/build-asan/tests/artifacts/runtime_baseline_promote_smoke/manifests/policy_runtime_refresh_phase22.json
/private/tmp/raw_engine_phase49_stage/build-asan/tests/artifacts/runtime_baseline_promote_smoke/manifests/policy_runtime_rerun_phase22.json
/private/tmp/raw_engine_phase49_stage/build-asan/tests/artifacts/runtime_baseline_promote_smoke/manifests/runtime_history_index_v1_summary.json
/private/tmp/raw_engine_phase49_stage/build-asan/tests/artifacts/runtime_baseline_promote_smoke/manifests/runtime_rebaseline_proposal_phase22.json
/private/tmp/raw_...
[This part of the test output was removed since it exceeds the threshold of 1024 bytes.]
</system-out>
	</testcase>
	<testcase name="raw_engine_runtime_registry_promote_smoke" classname="raw_engine_runtime_registry_promote_smoke" time="0.661893" status="run">
		<properties/>
		<system-out>/private/tmp/raw_engine_phase49_stage/build-asan/tests/artifacts/runtime_registry_promote_smoke/manifests/policy_runtime_current_phase22.json
/private/tmp/raw_engine_phase49_stage/build-asan/tests/artifacts/runtime_registry_promote_smoke/manifests/policy_runtime_baseline_phase22_approved.json
/private/tmp/raw_engine_phase49_stage/build-asan/tests/artifacts/runtime_registry_promote_smoke/manifests/runtime_baseline_registry_v1.json
/private/tmp/raw_engine_phase49_stage/build-asan/tests/artifacts/runtime_registry_promote_smoke/manifests/policy_runtime_refresh_phase22.json
/private/tmp/raw_engine_phase49_stage/build-asan/tests/artifacts/runtime_registry_promote_smoke/manifests/policy_runtime_rerun_phase22.json
/private/tmp/raw_engine_phase49_stage/build-asan/tests/artifacts/runtime_registry_promote_smoke/manifests/runtime_history_index_v1_summary.json
/private/tmp/raw_engine_phase49_stage/build-asan/tests/artifacts/runtime_registry_promote_smoke/manifests/runtime_rebaseline_proposal_phase22.json
raw_engine_v1 tes...
[This part of the test output was removed since it exceeds the threshold of 1024 bytes.]
</system-out>
	</testcase>
	<testcase name="raw_engine_runtime_registry_activate_retire_smoke" classname="raw_engine_runtime_registry_activate_retire_smoke" time="0.529549" status="run">
		<properties/>
		<system-out>/private/tmp/raw_engine_phase49_stage/build-asan/tests/artifacts/runtime_registry_activate_retire_smoke/manifests/policy_runtime_current_phase22.json
/private/tmp/raw_engine_phase49_stage/build-asan/tests/artifacts/runtime_registry_activate_retire_smoke/manifests/policy_runtime_baseline_phase22_approved.json
/private/tmp/raw_engine_phase49_stage/build-asan/tests/artifacts/runtime_registry_activate_retire_smoke/manifests/runtime_baseline_registry_v1.json
/private/tmp/raw_engine_phase49_stage/build-asan/tests/artifacts/runtime_registry_activate_retire_smoke/manifests/policy_runtime_refresh_phase22.json
/private/tmp/raw_engine_phase49_stage/build-asan/tests/artifacts/runtime_registry_activate_retire_smoke/manifests/policy_runtime_rerun_phase22.json
/private/tmp/raw_engine_phase49_stage/build-asan/tests/artifacts/runtime_registry_activate_retire_smoke/manifests/runtime_history_index_v1_summary.json
/private/tmp/raw_engine_phase49_stage/build-asan/tests/artifacts/runtime_registry_activate_retire_smoke/manifests/ru...
[This part of the test output was removed since it exceeds the threshold of 1024 bytes.]
</system-out>
	</testcase>
	<testcase name="raw_engine_runtime_registry_roundtrip_smoke" classname="raw_engine_runtime_registry_roundtrip_smoke" time="0.930151" status="run">
		<properties/>
		<system-out>/private/tmp/raw_engine_phase49_stage/build-asan/tests/artifacts/runtime_registry_promote_smoke/manifests/policy_runtime_current_phase22.json
/private/tmp/raw_engine_phase49_stage/build-asan/tests/artifacts/runtime_registry_promote_smoke/manifests/policy_runtime_baseline_phase22_approved.json
/private/tmp/raw_engine_phase49_stage/build-asan/tests/artifacts/runtime_registry_promote_smoke/manifests/runtime_baseline_registry_v1.json
/private/tmp/raw_engine_phase49_stage/build-asan/tests/artifacts/runtime_registry_promote_smoke/manifests/policy_runtime_refresh_phase22.json
/private/tmp/raw_engine_phase49_stage/build-asan/tests/artifacts/runtime_registry_promote_smoke/manifests/policy_runtime_rerun_phase22.json
/private/tmp/raw_engine_phase49_stage/build-asan/tests/artifacts/runtime_registry_promote_smoke/manifests/runtime_history_index_v1_summary.json
/private/tmp/raw_engine_phase49_stage/build-asan/tests/artifacts/runtime_registry_promote_smoke/manifests/runtime_rebaseline_proposal_phase22.json
/private/tmp/raw_...
[This part of the test output was removed since it exceeds the threshold of 1024 bytes.]
</system-out>
	</testcase>
	<testcase name="raw_engine_runtime_registry_select_exact_match_smoke" classname="raw_engine_runtime_registry_select_exact_match_smoke" time="1.07745" status="run">
		<properties/>
		<system-out>/private/tmp/raw_engine_phase49_stage/build-asan/tests/artifacts/runtime_registry_select_exact_match_smoke/manifests/policy_runtime_current_phase22.json
/private/tmp/raw_engine_phase49_stage/build-asan/tests/artifacts/runtime_registry_select_exact_match_smoke/manifests/policy_runtime_baseline_phase22_approved.json
/private/tmp/raw_engine_phase49_stage/build-asan/tests/artifacts/runtime_registry_select_exact_match_smoke/manifests/runtime_baseline_registry_v1.json
/private/tmp/raw_engine_phase49_stage/build-asan/tests/artifacts/runtime_registry_select_exact_match_smoke/manifests/policy_runtime_refresh_phase22.json
/private/tmp/raw_engine_phase49_stage/build-asan/tests/artifacts/runtime_registry_select_exact_match_smoke/manifests/policy_runtime_rerun_phase22.json
/private/tmp/raw_engine_phase49_stage/build-asan/tests/artifacts/runtime_registry_select_exact_match_smoke/manifests/runtime_history_index_v1_summary.json
/private/tmp/raw_engine_phase49_stage/build-asan/tests/artifacts/runtime_registry_select_exact_mat...
[This part of the test output was removed since it exceeds the threshold of 1024 bytes.]
</system-out>
	</testcase>
	<testcase name="raw_engine_runtime_registry_select_no_match_smoke" classname="raw_engine_runtime_registry_select_no_match_smoke" time="1.0515" status="run">
		<properties/>
		<system-out>/private/tmp/raw_engine_phase49_stage/build-asan/tests/artifacts/runtime_registry_select_no_match_smoke/manifests/policy_runtime_current_phase22.json
/private/tmp/raw_engine_phase49_stage/build-asan/tests/artifacts/runtime_registry_select_no_match_smoke/manifests/policy_runtime_baseline_phase22_approved.json
/private/tmp/raw_engine_phase49_stage/build-asan/tests/artifacts/runtime_registry_select_no_match_smoke/manifests/runtime_baseline_registry_v1.json
/private/tmp/raw_engine_phase49_stage/build-asan/tests/artifacts/runtime_registry_select_no_match_smoke/manifests/policy_runtime_refresh_phase22.json
/private/tmp/raw_engine_phase49_stage/build-asan/tests/artifacts/runtime_registry_select_no_match_smoke/manifests/policy_runtime_rerun_phase22.json
/private/tmp/raw_engine_phase49_stage/build-asan/tests/artifacts/runtime_registry_select_no_match_smoke/manifests/runtime_history_index_v1_summary.json
/private/tmp/raw_engine_phase49_stage/build-asan/tests/artifacts/runtime_registry_select_no_match_smoke/manifests/ru...
[This part of the test output was removed since it exceeds the threshold of 1024 bytes.]
</system-out>
	</testcase>
	<testcase name="raw_engine_runtime_registry_rebaseline_required_smoke" classname="raw_engine_runtime_registry_rebaseline_required_smoke" time="1.03765" status="run">
		<properties/>
		<system-out>/private/tmp/raw_engine_phase49_stage/build-asan/tests/artifacts/runtime_registry_rebaseline_required_smoke/manifests/policy_runtime_current_phase22.json
/private/tmp/raw_engine_phase49_stage/build-asan/tests/artifacts/runtime_registry_rebaseline_required_smoke/manifests/policy_runtime_baseline_phase22_approved.json
/private/tmp/raw_engine_phase49_stage/build-asan/tests/artifacts/runtime_registry_rebaseline_required_smoke/manifests/runtime_baseline_registry_v1.json
/private/tmp/raw_engine_phase49_stage/build-asan/tests/artifacts/runtime_registry_rebaseline_required_smoke/manifests/policy_runtime_refresh_phase22.json
/private/tmp/raw_engine_phase49_stage/build-asan/tests/artifacts/runtime_registry_rebaseline_required_smoke/manifests/policy_runtime_rerun_phase22.json
/private/tmp/raw_engine_phase49_stage/build-asan/tests/artifacts/runtime_registry_rebaseline_required_smoke/manifests/runtime_history_index_v1_summary.json
/private/tmp/raw_engine_phase49_stage/build-asan/tests/artifacts/runtime_registry_rebaseline...
[This part of the test output was removed since it exceeds the threshold of 1024 bytes.]
</system-out>
	</testcase>
	<testcase name="raw_engine_runtime_refresh_against_promoted_baseline_smoke" classname="raw_engine_runtime_refresh_against_promoted_baseline_smoke" time="1.05098" status="run">
		<properties>
			<property name="cmake_labels" value="compare;policy_core;policy_refresh"/>
		</properties>
		<system-out>/private/tmp/raw_engine_phase49_stage/build-asan/tests/artifacts/runtime_refresh_against_promoted_baseline_smoke/manifests/policy_runtime_current_phase22.json
/private/tmp/raw_engine_phase49_stage/build-asan/tests/artifacts/runtime_refresh_against_promoted_baseline_smoke/manifests/policy_runtime_baseline_phase22_approved.json
/private/tmp/raw_engine_phase49_stage/build-asan/tests/artifacts/runtime_refresh_against_promoted_baseline_smoke/manifests/runtime_baseline_registry_v1.json
/private/tmp/raw_engine_phase49_stage/build-asan/tests/artifacts/runtime_refresh_against_promoted_baseline_smoke/manifests/policy_runtime_refresh_phase22.json
/private/tmp/raw_engine_phase49_stage/build-asan/tests/artifacts/runtime_refresh_against_promoted_baseline_smoke/manifests/policy_runtime_rerun_phase22.json
/private/tmp/raw_engine_phase49_stage/build-asan/tests/artifacts/runtime_refresh_against_promoted_baseline_smoke/manifests/runtime_history_index_v1_summary.json
/private/tmp/raw_engine_phase49_stage/build-asan/tests/artifac...
[This part of the test output was removed since it exceeds the threshold of 1024 bytes.]
</system-out>
	</testcase>
	<testcase name="raw_engine_runtime_rerun_plan_smoke" classname="raw_engine_runtime_rerun_plan_smoke" time="1.28621" status="run">
		<properties>
			<property name="cmake_labels" value="compare;policy_refresh;policy_sentinel"/>
		</properties>
		<system-out>/private/tmp/raw_engine_phase49_stage/build-asan/tests/artifacts/runtime_rerun_plan_smoke/manifests/policy_runtime_current_phase22.json
/private/tmp/raw_engine_phase49_stage/build-asan/tests/artifacts/runtime_rerun_plan_smoke/manifests/policy_runtime_baseline_phase22_approved.json
/private/tmp/raw_engine_phase49_stage/build-asan/tests/artifacts/runtime_rerun_plan_smoke/manifests/runtime_baseline_registry_v1.json
/private/tmp/raw_engine_phase49_stage/build-asan/tests/artifacts/runtime_rerun_plan_smoke/manifests/policy_runtime_refresh_phase22.json
/private/tmp/raw_engine_phase49_stage/build-asan/tests/artifacts/runtime_rerun_plan_smoke/manifests/policy_runtime_rerun_phase22.json
/private/tmp/raw_engine_phase49_stage/build-asan/tests/artifacts/runtime_rerun_plan_smoke/manifests/runtime_history_index_v1_summary.json
/private/tmp/raw_engine_phase49_stage/build-asan/tests/artifacts/runtime_rerun_plan_smoke/manifests/runtime_rebaseline_proposal_phase22.json
/private/tmp/raw_engine_phase49_stage/build-asan/tests/arti...
[This part of the test output was removed since it exceeds the threshold of 1024 bytes.]
</system-out>
	</testcase>
	<testcase name="raw_engine_runtime_rerun_plan_empty_smoke" classname="raw_engine_runtime_rerun_plan_empty_smoke" time="0.937963" status="run">
		<properties>
			<property name="cmake_labels" value="compare;policy_core;policy_refresh;policy_sentinel"/>
		</properties>
		<system-out>/private/tmp/raw_engine_phase49_stage/build-asan/tests/artifacts/runtime_rerun_plan_empty_smoke/manifests/policy_runtime_current_phase22.json
/private/tmp/raw_engine_phase49_stage/build-asan/tests/artifacts/runtime_rerun_plan_empty_smoke/manifests/policy_runtime_baseline_phase22_approved.json
/private/tmp/raw_engine_phase49_stage/build-asan/tests/artifacts/runtime_rerun_plan_empty_smoke/manifests/runtime_baseline_registry_v1.json
/private/tmp/raw_engine_phase49_stage/build-asan/tests/artifacts/runtime_rerun_plan_empty_smoke/manifests/policy_runtime_refresh_phase22.json
/private/tmp/raw_engine_phase49_stage/build-asan/tests/artifacts/runtime_rerun_plan_empty_smoke/manifests/policy_runtime_rerun_phase22.json
/private/tmp/raw_engine_phase49_stage/build-asan/tests/artifacts/runtime_rerun_plan_empty_smoke/manifests/runtime_history_index_v1_summary.json
/private/tmp/raw_engine_phase49_stage/build-asan/tests/artifacts/runtime_rerun_plan_empty_smoke/manifests/runtime_rebaseline_proposal_phase22.json
raw_engine_v1 tes...
[This part of the test output was removed since it exceeds the threshold of 1024 bytes.]
</system-out>
	</testcase>
	<testcase name="raw_engine_runtime_proposal_gate_smoke" classname="raw_engine_runtime_proposal_gate_smoke" time="1.94398" status="run">
		<properties>
			<property name="cmake_labels" value="compare"/>
		</properties>
		<system-out>/private/tmp/raw_engine_phase49_stage/build-asan/tests/artifacts/runtime_proposal_gate_smoke/manifests/policy_runtime_current_phase22.json
/private/tmp/raw_engine_phase49_stage/build-asan/tests/artifacts/runtime_proposal_gate_smoke/manifests/policy_runtime_baseline_phase22_approved.json
/private/tmp/raw_engine_phase49_stage/build-asan/tests/artifacts/runtime_proposal_gate_smoke/manifests/runtime_baseline_registry_v1.json
/private/tmp/raw_engine_phase49_stage/build-asan/tests/artifacts/runtime_proposal_gate_smoke/manifests/policy_runtime_refresh_phase22.json
/private/tmp/raw_engine_phase49_stage/build-asan/tests/artifacts/runtime_proposal_gate_smoke/manifests/policy_runtime_rerun_phase22.json
/private/tmp/raw_engine_phase49_stage/build-asan/tests/artifacts/runtime_proposal_gate_smoke/manifests/runtime_history_index_v1_summary.json
/private/tmp/raw_engine_phase49_stage/build-asan/tests/artifacts/runtime_proposal_gate_smoke/manifests/runtime_rebaseline_proposal_phase22.json
/private/tmp/raw_engine_phase49_stage/...
[This part of the test output was removed since it exceeds the threshold of 1024 bytes.]
</system-out>
	</testcase>
	<testcase name="raw_engine_runtime_proposal_gate_need_more_samples_smoke" classname="raw_engine_runtime_proposal_gate_need_more_samples_smoke" time="1.50229" status="run">
		<properties>
			<property name="cmake_labels" value="compare"/>
		</properties>
		<system-out>/private/tmp/raw_engine_phase49_stage/build-asan/tests/artifacts/runtime_proposal_gate_need_more_samples_smoke/manifests/policy_runtime_current_phase22.json
/private/tmp/raw_engine_phase49_stage/build-asan/tests/artifacts/runtime_proposal_gate_need_more_samples_smoke/manifests/policy_runtime_baseline_phase22_approved.json
/private/tmp/raw_engine_phase49_stage/build-asan/tests/artifacts/runtime_proposal_gate_need_more_samples_smoke/manifests/runtime_baseline_registry_v1.json
/private/tmp/raw_engine_phase49_stage/build-asan/tests/artifacts/runtime_proposal_gate_need_more_samples_smoke/manifests/policy_runtime_refresh_phase22.json
/private/tmp/raw_engine_phase49_stage/build-asan/tests/artifacts/runtime_proposal_gate_need_more_samples_smoke/manifests/policy_runtime_rerun_phase22.json
/private/tmp/raw_engine_phase49_stage/build-asan/tests/artifacts/runtime_proposal_gate_need_more_samples_smoke/manifests/runtime_history_index_v1_summary.json
/private/tmp/raw_engine_phase49_stage/build-asan/tests/artifacts/runtime_p...
[This part of the test output was removed since it exceeds the threshold of 1024 bytes.]
</system-out>
	</testcase>
	<testcase name="raw_engine_runtime_proposal_gate_approvable_smoke" classname="raw_engine_runtime_proposal_gate_approvable_smoke" time="2.5307" status="run">
		<properties>
			<property name="cmake_labels" value="compare"/>
		</properties>
		<system-out>/private/tmp/raw_engine_phase49_stage/build-asan/tests/artifacts/runtime_proposal_gate_approvable_smoke/manifests/policy_runtime_current_phase22.json
/private/tmp/raw_engine_phase49_stage/build-asan/tests/artifacts/runtime_proposal_gate_approvable_smoke/manifests/policy_runtime_baseline_phase22_approved.json
/private/tmp/raw_engine_phase49_stage/build-asan/tests/artifacts/runtime_proposal_gate_approvable_smoke/manifests/runtime_baseline_registry_v1.json
/private/tmp/raw_engine_phase49_stage/build-asan/tests/artifacts/runtime_proposal_gate_approvable_smoke/manifests/policy_runtime_refresh_phase22.json
/private/tmp/raw_engine_phase49_stage/build-asan/tests/artifacts/runtime_proposal_gate_approvable_smoke/manifests/policy_runtime_rerun_phase22.json
/private/tmp/raw_engine_phase49_stage/build-asan/tests/artifacts/runtime_proposal_gate_approvable_smoke/manifests/runtime_history_index_v1_summary.json
/private/tmp/raw_engine_phase49_stage/build-asan/tests/artifacts/runtime_proposal_gate_approvable_smoke/manifests/ru...
[This part of the test output was removed since it exceeds the threshold of 1024 bytes.]
</system-out>
	</testcase>
	<testcase name="raw_engine_runtime_proposal_gate_reject_hard_breach_smoke" classname="raw_engine_runtime_proposal_gate_reject_hard_breach_smoke" time="2.22914" status="run">
		<properties>
			<property name="cmake_labels" value="compare"/>
		</properties>
		<system-out>/private/tmp/raw_engine_phase49_stage/build-asan/tests/artifacts/runtime_proposal_gate_reject_hard_breach_smoke/manifests/policy_runtime_current_phase22.json
/private/tmp/raw_engine_phase49_stage/build-asan/tests/artifacts/runtime_proposal_gate_reject_hard_breach_smoke/manifests/policy_runtime_baseline_phase22_approved.json
/private/tmp/raw_engine_phase49_stage/build-asan/tests/artifacts/runtime_proposal_gate_reject_hard_breach_smoke/manifests/runtime_baseline_registry_v1.json
/private/tmp/raw_engine_phase49_stage/build-asan/tests/artifacts/runtime_proposal_gate_reject_hard_breach_smoke/manifests/policy_runtime_refresh_phase22.json
/private/tmp/raw_engine_phase49_stage/build-asan/tests/artifacts/runtime_proposal_gate_reject_hard_breach_smoke/manifests/policy_runtime_rerun_phase22.json
/private/tmp/raw_engine_phase49_stage/build-asan/tests/artifacts/runtime_proposal_gate_reject_hard_breach_smoke/manifests/runtime_history_index_v1_summary.json
/private/tmp/raw_engine_phase49_stage/build-asan/tests/artifacts/run...
[This part of the test output was removed since it exceeds the threshold of 1024 bytes.]
</system-out>
	</testcase>
	<testcase name="raw_engine_runtime_approve_rebaseline_smoke" classname="raw_engine_runtime_approve_rebaseline_smoke" time="2.79391" status="run">
		<properties>
			<property name="cmake_labels" value="compare"/>
		</properties>
		<system-out>/private/tmp/raw_engine_phase49_stage/build-asan/tests/artifacts/runtime_approve_rebaseline_smoke/manifests/policy_runtime_current_phase22.json
/private/tmp/raw_engine_phase49_stage/build-asan/tests/artifacts/runtime_approve_rebaseline_smoke/manifests/policy_runtime_baseline_phase22_approved.json
/private/tmp/raw_engine_phase49_stage/build-asan/tests/artifacts/runtime_approve_rebaseline_smoke/manifests/runtime_baseline_registry_v1.json
/private/tmp/raw_engine_phase49_stage/build-asan/tests/artifacts/runtime_approve_rebaseline_smoke/manifests/policy_runtime_refresh_phase22.json
/private/tmp/raw_engine_phase49_stage/build-asan/tests/artifacts/runtime_approve_rebaseline_smoke/manifests/policy_runtime_rerun_phase22.json
/private/tmp/raw_engine_phase49_stage/build-asan/tests/artifacts/runtime_approve_rebaseline_smoke/manifests/runtime_history_index_v1_summary.json
/private/tmp/raw_engine_phase49_stage/build-asan/tests/artifacts/runtime_approve_rebaseline_smoke/manifests/runtime_rebaseline_proposal_phase22.json
/pr...
[This part of the test output was removed since it exceeds the threshold of 1024 bytes.]
</system-out>
	</testcase>
	<testcase name="raw_engine_runtime_approve_rebaseline_from_gate_smoke" classname="raw_engine_runtime_approve_rebaseline_from_gate_smoke" time="2.79361" status="run">
		<properties>
			<property name="cmake_labels" value="compare"/>
		</properties>
		<system-out>/private/tmp/raw_engine_phase49_stage/build-asan/tests/artifacts/runtime_approve_rebaseline_from_gate_smoke/manifests/policy_runtime_current_phase22.json
/private/tmp/raw_engine_phase49_stage/build-asan/tests/artifacts/runtime_approve_rebaseline_from_gate_smoke/manifests/policy_runtime_baseline_phase22_approved.json
/private/tmp/raw_engine_phase49_stage/build-asan/tests/artifacts/runtime_approve_rebaseline_from_gate_smoke/manifests/runtime_baseline_registry_v1.json
/private/tmp/raw_engine_phase49_stage/build-asan/tests/artifacts/runtime_approve_rebaseline_from_gate_smoke/manifests/policy_runtime_refresh_phase22.json
/private/tmp/raw_engine_phase49_stage/build-asan/tests/artifacts/runtime_approve_rebaseline_from_gate_smoke/manifests/policy_runtime_rerun_phase22.json
/private/tmp/raw_engine_phase49_stage/build-asan/tests/artifacts/runtime_approve_rebaseline_from_gate_smoke/manifests/runtime_history_index_v1_summary.json
/private/tmp/raw_engine_phase49_stage/build-asan/tests/artifacts/runtime_approve_rebaseline_...
[This part of the test output was removed since it exceeds the threshold of 1024 bytes.]
</system-out>
	</testcase>
	<testcase name="raw_engine_runtime_approve_rebaseline_registry_switch_smoke" classname="raw_engine_runtime_approve_rebaseline_registry_switch_smoke" time="2.65275" status="run">
		<properties>
			<property name="cmake_labels" value="compare"/>
		</properties>
		<system-out>/private/tmp/raw_engine_phase49_stage/build-asan/tests/artifacts/runtime_approve_rebaseline_registry_switch_smoke/manifests/policy_runtime_current_phase22.json
/private/tmp/raw_engine_phase49_stage/build-asan/tests/artifacts/runtime_approve_rebaseline_registry_switch_smoke/manifests/policy_runtime_baseline_phase22_approved.json
/private/tmp/raw_engine_phase49_stage/build-asan/tests/artifacts/runtime_approve_rebaseline_registry_switch_smoke/manifests/runtime_baseline_registry_v1.json
/private/tmp/raw_engine_phase49_stage/build-asan/tests/artifacts/runtime_approve_rebaseline_registry_switch_smoke/manifests/policy_runtime_refresh_phase22.json
/private/tmp/raw_engine_phase49_stage/build-asan/tests/artifacts/runtime_approve_rebaseline_registry_switch_smoke/manifests/policy_runtime_rerun_phase22.json
/private/tmp/raw_engine_phase49_stage/build-asan/tests/artifacts/runtime_approve_rebaseline_registry_switch_smoke/manifests/runtime_history_index_v1_summary.json
/private/tmp/raw_engine_phase49_stage/build-asan/tests/a...
[This part of the test output was removed since it exceeds the threshold of 1024 bytes.]
</system-out>
	</testcase>
	<testcase name="raw_engine_runtime_registry_active_switch_phase30_smoke" classname="raw_engine_runtime_registry_active_switch_phase30_smoke" time="2.76572" status="run">
		<properties>
			<property name="cmake_labels" value="compare"/>
		</properties>
		<system-out>/private/tmp/raw_engine_phase49_stage/build-asan/tests/artifacts/runtime_registry_active_switch_phase30_smoke/manifests/policy_runtime_current_phase22.json
/private/tmp/raw_engine_phase49_stage/build-asan/tests/artifacts/runtime_registry_active_switch_phase30_smoke/manifests/policy_runtime_baseline_phase22_approved.json
/private/tmp/raw_engine_phase49_stage/build-asan/tests/artifacts/runtime_registry_active_switch_phase30_smoke/manifests/runtime_baseline_registry_v1.json
/private/tmp/raw_engine_phase49_stage/build-asan/tests/artifacts/runtime_registry_active_switch_phase30_smoke/manifests/policy_runtime_refresh_phase22.json
/private/tmp/raw_engine_phase49_stage/build-asan/tests/artifacts/runtime_registry_active_switch_phase30_smoke/manifests/policy_runtime_rerun_phase22.json
/private/tmp/raw_engine_phase49_stage/build-asan/tests/artifacts/runtime_registry_active_switch_phase30_smoke/manifests/runtime_history_index_v1_summary.json
/private/tmp/raw_engine_phase49_stage/build-asan/tests/artifacts/runtime_registr...
[This part of the test output was removed since it exceeds the threshold of 1024 bytes.]
</system-out>
	</testcase>
	<testcase name="raw_engine_runtime_approve_rebaseline_archive_proposal_smoke" classname="raw_engine_runtime_approve_rebaseline_archive_proposal_smoke" time="2.58391" status="run">
		<properties>
			<property name="cmake_labels" value="compare"/>
		</properties>
		<system-out>/private/tmp/raw_engine_phase49_stage/build-asan/tests/artifacts/runtime_approve_rebaseline_archive_proposal_smoke/manifests/policy_runtime_current_phase22.json
/private/tmp/raw_engine_phase49_stage/build-asan/tests/artifacts/runtime_approve_rebaseline_archive_proposal_smoke/manifests/policy_runtime_baseline_phase22_approved.json
/private/tmp/raw_engine_phase49_stage/build-asan/tests/artifacts/runtime_approve_rebaseline_archive_proposal_smoke/manifests/runtime_baseline_registry_v1.json
/private/tmp/raw_engine_phase49_stage/build-asan/tests/artifacts/runtime_approve_rebaseline_archive_proposal_smoke/manifests/policy_runtime_refresh_phase22.json
/private/tmp/raw_engine_phase49_stage/build-asan/tests/artifacts/runtime_approve_rebaseline_archive_proposal_smoke/manifests/policy_runtime_rerun_phase22.json
/private/tmp/raw_engine_phase49_stage/build-asan/tests/artifacts/runtime_approve_rebaseline_archive_proposal_smoke/manifests/runtime_history_index_v1_summary.json
/private/tmp/raw_engine_phase49_stage/build-asan/t...
[This part of the test output was removed since it exceeds the threshold of 1024 bytes.]
</system-out>
	</testcase>
	<testcase name="raw_engine_runtime_approve_rebaseline_reject_without_gate_smoke" classname="raw_engine_runtime_approve_rebaseline_reject_without_gate_smoke" time="7.83246" status="run">
		<properties>
			<property name="cmake_labels" value="compare"/>
		</properties>
		<system-out>/private/tmp/raw_engine_phase49_stage/build-asan/tests/artifacts/runtime_approve_rebaseline_reject_without_gate_smoke/manifests/policy_runtime_current_phase22.json
/private/tmp/raw_engine_phase49_stage/build-asan/tests/artifacts/runtime_approve_rebaseline_reject_without_gate_smoke/manifests/policy_runtime_baseline_phase22_approved.json
/private/tmp/raw_engine_phase49_stage/build-asan/tests/artifacts/runtime_approve_rebaseline_reject_without_gate_smoke/manifests/runtime_baseline_registry_v1.json
/private/tmp/raw_engine_phase49_stage/build-asan/tests/artifacts/runtime_approve_rebaseline_reject_without_gate_smoke/manifests/policy_runtime_refresh_phase22.json
/private/tmp/raw_engine_phase49_stage/build-asan/tests/artifacts/runtime_approve_rebaseline_reject_without_gate_smoke/manifests/policy_runtime_rerun_phase22.json
/private/tmp/raw_engine_phase49_stage/build-asan/tests/artifacts/runtime_approve_rebaseline_reject_without_gate_smoke/manifests/runtime_history_index_v1_summary.json
/private/tmp/raw_engine_phase49_...
[This part of the test output was removed since it exceeds the threshold of 1024 bytes.]
</system-out>
	</testcase>
	<testcase name="raw_engine_runtime_refresh_after_rebaseline_smoke" classname="raw_engine_runtime_refresh_after_rebaseline_smoke" time="1.36855" status="run">
		<properties>
			<property name="cmake_labels" value="compare"/>
		</properties>
		<system-out>/private/tmp/raw_engine_phase49_stage/build-asan/tests/artifacts/runtime_refresh_after_rebaseline_smoke/manifests/policy_runtime_current_phase22.json
/private/tmp/raw_engine_phase49_stage/build-asan/tests/artifacts/runtime_refresh_after_rebaseline_smoke/manifests/policy_runtime_baseline_phase22_approved.json
/private/tmp/raw_engine_phase49_stage/build-asan/tests/artifacts/runtime_refresh_after_rebaseline_smoke/manifests/runtime_baseline_registry_v1.json
/private/tmp/raw_engine_phase49_stage/build-asan/tests/artifacts/runtime_refresh_after_rebaseline_smoke/manifests/policy_runtime_refresh_phase22.json
/private/tmp/raw_engine_phase49_stage/build-asan/tests/artifacts/runtime_refresh_after_rebaseline_smoke/manifests/policy_runtime_rerun_phase22.json
/private/tmp/raw_engine_phase49_stage/build-asan/tests/artifacts/runtime_refresh_after_rebaseline_smoke/manifests/runtime_history_index_v1_summary.json
/private/tmp/raw_engine_phase49_stage/build-asan/tests/artifacts/runtime_refresh_after_rebaseline_smoke/manifests/ru...
[This part of the test output was removed since it exceeds the threshold of 1024 bytes.]
</system-out>
	</testcase>
	<testcase name="raw_engine_runtime_refresh_after_phase30_approval_smoke" classname="raw_engine_runtime_refresh_after_phase30_approval_smoke" time="2.47552" status="run">
		<properties>
			<property name="cmake_labels" value="compare"/>
		</properties>
		<system-out>/private/tmp/raw_engine_phase49_stage/build-asan/tests/artifacts/runtime_refresh_after_rebaseline_smoke/manifests/policy_runtime_current_phase22.json
/private/tmp/raw_engine_phase49_stage/build-asan/tests/artifacts/runtime_refresh_after_rebaseline_smoke/manifests/policy_runtime_baseline_phase22_approved.json
/private/tmp/raw_engine_phase49_stage/build-asan/tests/artifacts/runtime_refresh_after_rebaseline_smoke/manifests/runtime_baseline_registry_v1.json
/private/tmp/raw_engine_phase49_stage/build-asan/tests/artifacts/runtime_refresh_after_rebaseline_smoke/manifests/policy_runtime_refresh_phase22.json
/private/tmp/raw_engine_phase49_stage/build-asan/tests/artifacts/runtime_refresh_after_rebaseline_smoke/manifests/policy_runtime_rerun_phase22.json
/private/tmp/raw_engine_phase49_stage/build-asan/tests/artifacts/runtime_refresh_after_rebaseline_smoke/manifests/runtime_history_index_v1_summary.json
/private/tmp/raw_engine_phase49_stage/build-asan/tests/artifacts/runtime_refresh_after_rebaseline_smoke/manifests/ru...
[This part of the test output was removed since it exceeds the threshold of 1024 bytes.]
</system-out>
	</testcase>
	<testcase name="raw_engine_runtime_rerun_plan_after_rebaseline_smoke" classname="raw_engine_runtime_rerun_plan_after_rebaseline_smoke" time="1.4234" status="run">
		<properties>
			<property name="cmake_labels" value="compare"/>
		</properties>
		<system-out>/private/tmp/raw_engine_phase49_stage/build-asan/tests/artifacts/runtime_rerun_plan_after_rebaseline_smoke/manifests/policy_runtime_current_phase22.json
/private/tmp/raw_engine_phase49_stage/build-asan/tests/artifacts/runtime_rerun_plan_after_rebaseline_smoke/manifests/policy_runtime_baseline_phase22_approved.json
/private/tmp/raw_engine_phase49_stage/build-asan/tests/artifacts/runtime_rerun_plan_after_rebaseline_smoke/manifests/runtime_baseline_registry_v1.json
/private/tmp/raw_engine_phase49_stage/build-asan/tests/artifacts/runtime_rerun_plan_after_rebaseline_smoke/manifests/policy_runtime_refresh_phase22.json
/private/tmp/raw_engine_phase49_stage/build-asan/tests/artifacts/runtime_rerun_plan_after_rebaseline_smoke/manifests/policy_runtime_rerun_phase22.json
/private/tmp/raw_engine_phase49_stage/build-asan/tests/artifacts/runtime_rerun_plan_after_rebaseline_smoke/manifests/runtime_history_index_v1_summary.json
/private/tmp/raw_engine_phase49_stage/build-asan/tests/artifacts/runtime_rerun_plan_after_rebaseli...
[This part of the test output was removed since it exceeds the threshold of 1024 bytes.]
</system-out>
	</testcase>
	<testcase name="raw_engine_runtime_rerun_plan_after_phase30_approval_smoke" classname="raw_engine_runtime_rerun_plan_after_phase30_approval_smoke" time="2.45942" status="run">
		<properties>
			<property name="cmake_labels" value="compare"/>
		</properties>
		<system-out>/private/tmp/raw_engine_phase49_stage/build-asan/tests/artifacts/runtime_rerun_plan_after_rebaseline_smoke/manifests/policy_runtime_current_phase22.json
/private/tmp/raw_engine_phase49_stage/build-asan/tests/artifacts/runtime_rerun_plan_after_rebaseline_smoke/manifests/policy_runtime_baseline_phase22_approved.json
/private/tmp/raw_engine_phase49_stage/build-asan/tests/artifacts/runtime_rerun_plan_after_rebaseline_smoke/manifests/runtime_baseline_registry_v1.json
/private/tmp/raw_engine_phase49_stage/build-asan/tests/artifacts/runtime_rerun_plan_after_rebaseline_smoke/manifests/policy_runtime_refresh_phase22.json
/private/tmp/raw_engine_phase49_stage/build-asan/tests/artifacts/runtime_rerun_plan_after_rebaseline_smoke/manifests/policy_runtime_rerun_phase22.json
/private/tmp/raw_engine_phase49_stage/build-asan/tests/artifacts/runtime_rerun_plan_after_rebaseline_smoke/manifests/runtime_history_index_v1_summary.json
[...]
</system-out>
	</testcase>
	<testcase name="raw_engine_compare_evidence_threshold_smoke" classname="raw_engine_compare_evidence_threshold_smoke" time="0.144252" status="run">
		<properties>
			<property name="cmake_labels" value="compare;core"/>
		</properties>
		<system-out>raw_engine_v1 tests passed case=compare_evidence_threshold_smoke
</system-out>
	</testcase>
	<testcase name="raw_engine_exhaustive_split_ready_smoke" classname="raw_engine_exhaustive_split_ready_smoke" time="1.94704" status="run">
		<properties>
			<property name="cmake_labels" value="exhaustive;slow"/>
		</properties>
		<system-out>raw_engine_v1 tests passed case=exhaustive_split_ready_smoke
</system-out>
	</testcase>
	<testcase name="raw_engine_exhaustive_join_ready_smoke" classname="raw_engine_exhaustive_join_ready_smoke" time="2.86831" status="run">
		<properties>
			<property name="cmake_labels" value="exhaustive;slow"/>
		</properties>
		<system-out>raw_engine_v1 tests passed case=exhaustive_join_ready_smoke
</system-out>
	</testcase>
	<testcase name="raw_engine_exhaustive_integrate_ready_smoke" classname="raw_engine_exhaustive_integrate_ready_smoke" time="0.549365" status="run">
		<properties>
			<property name="cmake_labels" value="exhaustive;slow"/>
		</properties>
		<system-out>raw_engine_v1 tests passed case=exhaustive_integrate_ready_smoke
</system-out>
	</testcase>
	<testcase name="raw_engine_exhaustive_mixed_smoke" classname="raw_engine_exhaustive_mixed_smoke" time="0.944343" status="run">
		<properties>
			<property name="cmake_labels" value="exhaustive;slow"/>
		</properties>
		<system-out>raw_engine_v1 tests passed case=exhaustive_mixed_smoke
</system-out>
	</testcase>
	<testcase name="raw_engine_planner_tie_mixed_exhaustive_smoke" classname="raw_engine_planner_tie_mixed_exhaustive_smoke" time="0.373924" status="run">
		<properties>
			<property name="cmake_labels" value="exhaustive;slow"/>
		</properties>
		<system-out>raw_engine_v1 tests passed case=planner_tie_mixed_exhaustive_smoke
</system-out>
	</testcase>
	<testcase name="raw_engine_exhaustive_canonical_dedupe_smoke" classname="raw_engine_exhaustive_canonical_dedupe_smoke" time="0.198235" status="run">
		<properties>
			<property name="cmake_labels" value="exhaustive;slow"/>
		</properties>
		<system-out>raw_engine_v1 tests passed case=exhaustive_canonical_dedupe_smoke
</system-out>
	</testcase>
	<testcase name="raw_engine_exhaustive_natural_dedupe_smoke" classname="raw_engine_exhaustive_natural_dedupe_smoke" time="55.8562" status="run">
		<properties>
			<property name="cmake_labels" value="exhaustive;slow"/>
		</properties>
		<system-out>raw_engine_v1 tests passed case=exhaustive_natural_dedupe_smoke
</system-out>
	</testcase>
	<testcase name="raw_engine_exhaustive_family_sweep_smoke" classname="raw_engine_exhaustive_family_sweep_smoke" time="275.454" status="run">
		<properties>
			<property name="cmake_labels" value="exhaustive;slow"/>
		</properties>
		<system-out>raw_engine_v1 tests passed case=exhaustive_family_sweep_smoke
</system-out>
	</testcase>
	<testcase name="raw_engine_exhaustive_collision_guard_smoke" classname="raw_engine_exhaustive_collision_guard_smoke" time="55.8397" status="run">
		<properties>
			<property name="cmake_labels" value="exhaustive;slow"/>
		</properties>
		<system-out>raw_engine_v1 tests passed case=exhaustive_collision_guard_smoke
</system-out>
	</testcase>
	<testcase name="raw_engine_exact_canonicalizer_smoke" classname="raw_engine_exact_canonicalizer_smoke" time="73.6062" status="run">
		<properties>
			<property name="cmake_labels" value="core"/>
		</properties>
		<system-out>raw_engine_v1 tests passed case=exact_canonicalizer_smoke
</system-out>
	</testcase>
	<testcase name="raw_engine_metamorphic_relabel_invariance" classname="raw_engine_metamorphic_relabel_invariance" time="9.29446" status="run">
		<properties>
			<property name="cmake_labels" value="core"/>
		</properties>
		<system-out>raw_engine_v1 tests passed case=metamorphic_relabel_invariance
</system-out>
	</testcase>
	<testcase name="raw_engine_metamorphic_occid_invariance" classname="raw_engine_metamorphic_occid_invariance" time="9.24074" status="run">
		<properties>
			<property name="cmake_labels" value="core"/>
		</properties>
		<system-out>raw_engine_v1 tests passed case=metamorphic_occid_invariance
</system-out>
	</testcase>
	<testcase name="raw_engine_metamorphic_edge_order_invariance" classname="raw_engine_metamorphic_edge_order_invariance" time="9.80272" status="run">
		<properties>
			<property name="cmake_labels" value="core"/>
		</properties>
		<system-out>raw_engine_v1 tests passed case=metamorphic_edge_order_invariance
</system-out>
	</testcase>
	<testcase name="raw_engine_metamorphic_vertex_order_invariance" classname="raw_engine_metamorphic_vertex_order_invariance" time="16.6908" status="run">
		<properties>
			<property name="cmake_labels" value="core"/>
		</properties>
		<system-out>raw_engine_v1 tests passed case=metamorphic_vertex_order_invariance
</system-out>
	</testcase>
	<testcase name="raw_engine_replay_serialization_invariance" classname="raw_engine_replay_serialization_invariance" time="8.92857" status="run">
		<properties>
			<property name="cmake_labels" value="core"/>
		</properties>
		<system-out>raw_engine_v1 tests passed case=replay_serialization_invariance
</system-out>
	</testcase>
	<testcase name="raw_engine_metamorphic_family_matrix_smoke" classname="raw_engine_metamorphic_family_matrix_smoke" time="50.7196" status="run">
		<properties>
			<property name="cmake_labels" value="slow"/>
		</properties>
		<system-out>raw_engine_v1 tests passed case=metamorphic_family_matrix_smoke
</system-out>
	</testcase>
	<testcase name="raw_engine_metamorphic_planner_multistep_smoke" classname="raw_engine_metamorphic_planner_multistep_smoke" time="10.9177" status="run">
		<properties>
			<property name="cmake_labels" value="slow"/>
		</properties>
		<system-out>raw_engine_v1 tests passed case=metamorphic_planner_multistep_smoke
</system-out>
	</testcase>
	<testcase name="raw_engine_metamorphic_replay_matrix_smoke" classname="raw_engine_metamorphic_replay_matrix_smoke" time="11.8798" status="run">
		<properties>
			<property name="cmake_labels" value="slow"/>
		</properties>
		<system-out>raw_engine_v1 tests passed case=metamorphic_replay_matrix_smoke
</system-out>
	</testcase>
	<testcase name="raw_engine_split_choice_oracle_smoke" classname="raw_engine_split_choice_oracle_smoke" time="6.09545" status="run">
		<properties>
			<property name="cmake_labels" value="compare;slow"/>
		</properties>
		<system-out>raw_engine_v1 tests passed case=split_choice_oracle_smoke
</system-out>
	</testcase>
	<testcase name="raw_engine_split_choice_relabel_invariance" classname="raw_engine_split_choice_relabel_invariance" time="5.08965" status="run">
		<properties>
			<property name="cmake_labels" value="core"/>
		</properties>
		<system-out>raw_engine_v1 tests passed case=split_choice_relabel_invariance
</system-out>
	</testcase>
	<testcase name="raw_engine_split_choice_edge_order_invariance" classname="raw_engine_split_choice_edge_order_invariance" time="5.04182" status="run">
		<properties>
			<property name="cmake_labels" value="core"/>
		</properties>
		<system-out>raw_engine_v1 tests passed case=split_choice_edge_order_invariance
</system-out>
	</testcase>
	<testcase name="raw_engine_split_choice_vertex_order_invariance" classname="raw_engine_split_choice_vertex_order_invariance" time="5.14662" status="run">
		<properties>
			<property name="cmake_labels" value="core"/>
		</properties>
		<system-out>raw_engine_v1 tests passed case=split_choice_vertex_order_invariance
</system-out>
	</testcase>
	<testcase name="raw_engine_split_choice_oracle_regression" classname="raw_engine_split_choice_oracle_regression" time="15.2313" status="run">
		<properties>
			<property name="cmake_labels" value="core"/>
		</properties>
		<system-out>raw_engine_v1 tests passed case=split_choice_oracle_regression
</system-out>
	</testcase>
	<testcase name="raw_engine_split_choice_policy_smoke" classname="raw_engine_split_choice_policy_smoke" time="46.326" status="run">
		<properties>
			<property name="cmake_labels" value="core"/>
		</properties>
		<system-out>raw_engine_v1 tests passed case=split_choice_policy_smoke
</system-out>
	</testcase>
	<testcase name="raw_engine_split_choice_policy_relabel_invariance" classname="raw_engine_split_choice_policy_relabel_invariance" time="6.97641" status="run">
		<properties>
			<property name="cmake_labels" value="core"/>
		</properties>
		<system-out>raw_engine_v1 tests passed case=split_choice_policy_relabel_invariance
</system-out>
	</testcase>
	<testcase name="raw_engine_split_choice_policy_edge_order_invariance" classname="raw_engine_split_choice_policy_edge_order_invariance" time="7.14108" status="run">
		<properties>
			<property name="cmake_labels" value="core"/>
		</properties>
		<system-out>raw_engine_v1 tests passed case=split_choice_policy_edge_order_invariance
</system-out>
	</testcase>
	<testcase name="raw_engine_split_choice_policy_vertex_order_invariance" classname="raw_engine_split_choice_policy_vertex_order_invariance" time="6.85537" status="run">
		<properties>
			<property name="cmake_labels" value="core"/>
		</properties>
		<system-out>raw_engine_v1 tests passed case=split_choice_policy_vertex_order_invariance
</system-out>
	</testcase>
	<testcase name="raw_engine_split_choice_policy_occid_invariance" classname="raw_engine_split_choice_policy_occid_invariance" time="7.51437" status="run">
		<properties>
			<property name="cmake_labels" value="core"/>
		</properties>
		<system-out>raw_engine_v1 tests passed case=split_choice_policy_occid_invariance
</system-out>
	</testcase>
	<testcase name="raw_engine_split_choice_policy_multiclass_smoke" classname="raw_engine_split_choice_policy_multiclass_smoke" time="7.29121" status="run">
		<properties>
			<property name="cmake_labels" value="core"/>
		</properties>
		<system-out>raw_engine_v1 tests passed case=split_choice_policy_multiclass_smoke
</system-out>
	</testcase>
	<testcase name="raw_engine_split_choice_exact_class_smoke" classname="raw_engine_split_choice_exact_class_smoke" time="4.41414" status="run">
		<properties>
			<property name="cmake_labels" value="compare;slow"/>
		</properties>
		<system-out>raw_engine_v1 tests passed case=split_choice_exact_class_smoke
</system-out>
	</testcase>
	<testcase name="raw_engine_split_choice_exact_relabel_invariance" classname="raw_engine_split_choice_exact_relabel_invariance" time="7.39053" status="run">
		<properties>
			<property name="cmake_labels" value="core"/>
		</properties>
		<system-out>raw_engine_v1 tests passed case=split_choice_exact_relabel_invariance
</system-out>
	</testcase>
	<testcase name="raw_engine_split_choice_exact_vertex_order_invariance" classname="raw_engine_split_choice_exact_vertex_order_invariance" time="7.34355" status="run">
		<properties>
			<property name="cmake_labels" value="core"/>
		</properties>
		<system-out>raw_engine_v1 tests passed case=split_choice_exact_vertex_order_invariance
</system-out>
	</testcase>
	<testcase name="raw_engine_split_choice_exact_edge_order_invariance" classname="raw_engine_split_choice_exact_edge_order_invariance" time="7.17944" status="run">
		<properties>
			<property name="cmake_labels" value="core"/>
		</properties>
		<system-out>raw_engine_v1 tests passed case=split_choice_exact_edge_order_invariance
</system-out>
	</testcase>
	<testcase name="raw_engine_split_choice_representative_shift_smoke" classname="raw_engine_split_choice_representative_shift_smoke" time="173.47" status="run">
		<properties>
			<property name="cmake_labels" value="compare;slow"/>
		</properties>
		<system-out>raw_engine_v1 tests passed case=split_choice_representative_shift_smoke
</system-out>
	</testcase>
	<testcase name="raw_engine_split_choice_semantic_shift_smoke" classname="raw_engine_split_choice_semantic_shift_smoke" time="388.041" status="run">
		<properties>
			<property name="cmake_labels" value="compare;slow"/>
		</properties>
		<system-out>raw_engine_v1 tests passed case=split_choice_semantic_shift_smoke
</system-out>
	</testcase>
	<testcase name="raw_engine_split_choice_semantic_shift_regression" classname="raw_engine_split_choice_semantic_shift_regression" time="133.867" status="run">
		<properties>
			<property name="cmake_labels" value="core"/>
		</properties>
		<system-out>raw_engine_v1 tests passed case=split_choice_semantic_shift_regression
</system-out>
	</testcase>
	<testcase name="raw_engine_split_choice_policy_exact_shadow_smoke" classname="raw_engine_split_choice_policy_exact_shadow_smoke" time="162.313" status="run">
		<properties>
			<property name="cmake_labels" value="core"/>
		</properties>
		<system-out>raw_engine_v1 tests passed case=split_choice_policy_exact_shadow_smoke
</system-out>
	</testcase>
	<testcase name="raw_engine_split_choice_policy_fast_vs_exact_shadow_compare" classname="raw_engine_split_choice_policy_fast_vs_exact_shadow_compare" time="188.124" status="run">
		<properties>
			<property name="cmake_labels" value="compare;slow"/>
		</properties>
		<system-out>raw_engine_v1 tests passed case=split_choice_policy_fast_vs_exact_shadow_compare
</system-out>
	</testcase>
	<testcase name="raw_engine_split_choice_exact_shadow_relabel_invariance" classname="raw_engine_split_choice_exact_shadow_relabel_invariance" time="6.4025" status="run">
		<properties>
			<property name="cmake_labels" value="core"/>
		</properties>
		<system-out>raw_engine_v1 tests passed case=split_choice_exact_shadow_relabel_invariance
</system-out>
	</testcase>
	<testcase name="raw_engine_split_choice_exact_shadow_vertex_order_invariance" classname="raw_engine_split_choice_exact_shadow_vertex_order_invariance" time="6.18366" status="run">
		<properties>
			<property name="cmake_labels" value="core"/>
		</properties>
		<system-out>raw_engine_v1 tests passed case=split_choice_exact_shadow_vertex_order_invariance
</system-out>
	</testcase>
	<testcase name="raw_engine_split_choice_exact_shadow_edge_order_invariance" classname="raw_engine_split_choice_exact_shadow_edge_order_invariance" time="6.3684" status="run">
		<properties>
			<property name="cmake_labels" value="core"/>
		</properties>
		<system-out>raw_engine_v1 tests passed case=split_choice_exact_shadow_edge_order_invariance
</system-out>
	</testcase>
	<testcase name="raw_engine_split_choice_fallback_zero_smoke" classname="raw_engine_split_choice_fallback_zero_smoke" time="83.1496" status="run">
		<properties>
			<property name="cmake_labels" value="core"/>
		</properties>
		<system-out>raw_engine_v1 tests passed case=split_choice_fallback_zero_smoke
</system-out>
	</testcase>
	<testcase name="raw_engine_planner_relabel_structural_regression" classname="raw_engine_planner_relabel_structural_regression" time="3.07153" status="run">
		<properties>
			<property name="cmake_labels" value="core"/>
		</properties>
		<system-out>raw_engine_v1 tests passed case=planner_relabel_structural_regression
</system-out>
	</testcase>
	<testcase name="raw_engine_planner_targeted_split_smoke" classname="raw_engine_planner_targeted_split_smoke" time="0.36187" status="run">
		<properties>
			<property name="cmake_labels" value="core"/>
		</properties>
		<system-out>raw_engine_v1 tests passed case=planner_targeted_split_smoke
</system-out>
	</testcase>
	<testcase name="raw_engine_planner_targeted_join_smoke" classname="raw_engine_planner_targeted_join_smoke" time="0.144323" status="run">
		<properties>
			<property name="cmake_labels" value="core"/>
		</properties>
		<system-out>raw_engine_v1 tests passed case=planner_targeted_join_smoke
</system-out>
	</testcase>
	<testcase name="raw_engine_planner_targeted_integrate_smoke" classname="raw_engine_planner_targeted_integrate_smoke" time="0.140841" status="run">
		<properties>
			<property name="cmake_labels" value="core"/>
		</properties>
		<system-out>raw_engine_v1 tests passed case=planner_targeted_integrate_smoke
</system-out>
	</testcase>
	<testcase name="raw_engine_planner_targeted_mixed_smoke" classname="raw_engine_planner_targeted_mixed_smoke" time="0.382517" status="run">
		<properties>
			<property name="cmake_labels" value="core"/>
		</properties>
		<system-out>raw_engine_v1 tests passed case=planner_targeted_mixed_smoke
</system-out>
	</testcase>
	<testcase name="raw_engine_split_ready_unique_orig_regression" classname="raw_engine_split_ready_unique_orig_regression" time="0.350356" status="run">
		<properties>
			<property name="cmake_labels" value="core"/>
		</properties>
		<system-out>raw_engine_v1 tests passed case=split_ready_unique_orig_regression
</system-out>
	</testcase>
	<testcase name="raw_engine_planner_coverage_smoke" classname="raw_engine_planner_coverage_smoke" time="0.362271" status="run">
		<properties>
			<property name="cmake_labels" value="slow"/>
		</properties>
		<system-out>raw_engine_v1 tests passed case=planner_coverage_smoke
</system-out>
	</testcase>
	<testcase name="raw_engine_planner_random_coverage_smoke" classname="raw_engine_planner_random_coverage_smoke" time="6.31437" status="run">
		<properties>
			<property name="cmake_labels" value="fuzz"/>
		</properties>
		<system-out>raw_engine_v1 tests passed case=planner_random_coverage_smoke
</system-out>
	</testcase>
	<testcase name="raw_engine_planner_weighted_coverage_smoke" classname="raw_engine_planner_weighted_coverage_smoke" time="10.906" status="run">
		<properties>
			<property name="cmake_labels" value="fuzz"/>
		</properties>
		<system-out>raw_engine_v1 tests passed case=planner_weighted_coverage_smoke
</system-out>
	</testcase>
	<testcase name="raw_engine_planner_join_ready_smoke" classname="raw_engine_planner_join_ready_smoke" time="0.139851" status="run">
		<properties>
			<property name="cmake_labels" value="slow"/>
		</properties>
		<system-out>raw_engine_v1 tests passed case=planner_join_ready_smoke
</system-out>
	</testcase>
	<testcase name="raw_engine_planner_integrate_ready_smoke" classname="raw_engine_planner_integrate_ready_smoke" time="0.138759" status="run">
		<properties>
			<property name="cmake_labels" value="slow"/>
		</properties>
		<system-out>raw_engine_v1 tests passed case=planner_integrate_ready_smoke
</system-out>
	</testcase>
	<testcase name="raw_engine_planner_structural_mixed_smoke" classname="raw_engine_planner_structural_mixed_smoke" time="2.18314" status="run">
		<properties>
			<property name="cmake_labels" value="slow"/>
		</properties>
		<system-out>raw_engine_v1 tests passed case=planner_structural_mixed_smoke
</system-out>
	</testcase>
	<testcase name="raw_engine_planner_tie_mixed_smoke" classname="raw_engine_planner_tie_mixed_smoke" time="0.143603" status="run">
		<properties>
			<property name="cmake_labels" value="slow"/>
		</properties>
		<system-out>raw_engine_v1 tests passed case=planner_tie_mixed_smoke
</system-out>
	</testcase>
	<testcase name="raw_engine_planner_tie_mixed_exact_shadow_smoke" classname="raw_engine_planner_tie_mixed_exact_shadow_smoke" time="0.158445" status="run">
		<properties>
			<property name="cmake_labels" value="slow"/>
		</properties>
		<system-out>raw_engine_v1 tests passed case=planner_tie_mixed_exact_shadow_smoke
</system-out>
	</testcase>
	<testcase name="raw_engine_planner_tie_symmetric_smoke" classname="raw_engine_planner_tie_symmetric_smoke" time="0.145802" status="run">
		<properties>
			<property name="cmake_labels" value="slow"/>
		</properties>
		<system-out>raw_engine_v1 tests passed case=planner_tie_symmetric_smoke
</system-out>
	</testcase>
	<testcase name="raw_engine_artifact_retention_smoke" classname="raw_engine_artifact_retention_smoke" time="0.16396" status="run">
		<properties>
			<property name="cmake_labels" value="slow"/>
		</properties>
		<system-out>raw_engine_v1 tests passed case=artifact_retention_smoke
</system-out>
	</testcase>
</testsuite>
