<?xml version="1.0" encoding="UTF-8"?>
<testsuite name="(empty)"
	tests="442"
	failures="0"
	disabled="0"
	skipped="0"
	hostname=""
	time="1098"
	timestamp="2026-04-22T20:21:27"
	>
	<testcase name="raw_engine_micro" classname="raw_engine_micro" time="0.00436054" status="run">
		<properties>
			<property name="cmake_labels" value="core"/>
		</properties>
		<system-out>raw_engine_v1 tests passed case=micro
</system-out>
	</testcase>
	<testcase name="raw_engine_roundtrip" classname="raw_engine_roundtrip" time="0.0490542" status="run">
		<properties>
			<property name="cmake_labels" value="core"/>
		</properties>
		<system-out>raw_engine_v1 tests passed case=roundtrip
</system-out>
	</testcase>
	<testcase name="raw_engine_split_integrate_ensure" classname="raw_engine_split_integrate_ensure" time="0.0415724" status="run">
		<properties>
			<property name="cmake_labels" value="core"/>
		</properties>
		<system-out>raw_engine_v1 tests passed case=split_integrate_ensure
</system-out>
	</testcase>
	<testcase name="raw_engine_regression_44001" classname="raw_engine_regression_44001" time="0.00424129" status="run">
		<properties>
			<property name="cmake_labels" value="core"/>
		</properties>
		<system-out>raw_engine_v1 tests passed case=regression_44001
</system-out>
	</testcase>
	<testcase name="raw_engine_regression_isolate_split_no_sep" classname="raw_engine_regression_isolate_split_no_sep" time="0.00460129" status="run">
		<properties>
			<property name="cmake_labels" value="core"/>
		</properties>
		<system-out>raw_engine_v1 tests passed case=regression_isolate_split_no_sep
</system-out>
	</testcase>
	<testcase name="raw_engine_planner" classname="raw_engine_planner" time="3.13418" status="run">
		<properties>
			<property name="cmake_labels" value="core"/>
		</properties>
		<system-out>raw_engine_v1 tests passed case=planner
</system-out>
	</testcase>
	<testcase name="raw_engine_fuzz_matrix" classname="raw_engine_fuzz_matrix" time="1.212" status="run">
		<properties>
			<property name="cmake_labels" value="fuzz;nightly"/>
		</properties>
		<system-out>raw_engine_v1 tests passed case=fuzz_matrix
</system-out>
	</testcase>
	<testcase name="raw_engine_fuzz" classname="raw_engine_fuzz" time="0.645248" status="run">
		<properties>
			<property name="cmake_labels" value="fuzz;nightly;slow"/>
		</properties>
		<system-out>raw_engine_v1 tests passed case=fuzz
</system-out>
	</testcase>
	<testcase name="raw_engine_isolate_oracle" classname="raw_engine_isolate_oracle" time="0.073589" status="run">
		<properties>
			<property name="cmake_labels" value="core"/>
		</properties>
		<system-out>raw_engine_v1 tests passed case=isolate_oracle
</system-out>
	</testcase>
	<testcase name="raw_engine_split_oracle" classname="raw_engine_split_oracle" time="0.108501" status="run">
		<properties>
			<property name="cmake_labels" value="core"/>
		</properties>
		<system-out>raw_engine_v1 tests passed case=split_oracle
</system-out>
	</testcase>
	<testcase name="raw_engine_join_oracle" classname="raw_engine_join_oracle" time="0.156577" status="run">
		<properties>
			<property name="cmake_labels" value="core"/>
		</properties>
		<system-out>raw_engine_v1 tests passed case=join_oracle
</system-out>
	</testcase>
	<testcase name="raw_engine_integrate_oracle" classname="raw_engine_integrate_oracle" time="0.101304" status="run">
		<properties>
			<property name="cmake_labels" value="core"/>
		</properties>
		<system-out>raw_engine_v1 tests passed case=integrate_oracle
</system-out>
	</testcase>
	<testcase name="raw_engine_planner_oracle" classname="raw_engine_planner_oracle" time="3.13195" status="run">
		<properties>
			<property name="cmake_labels" value="core"/>
		</properties>
		<system-out>raw_engine_v1 tests passed case=planner_oracle
</system-out>
	</testcase>
	<testcase name="raw_engine_planner_oracle_fuzz" classname="raw_engine_planner_oracle_fuzz" time="2.40018" status="run">
		<properties>
			<property name="cmake_labels" value="asan_slow;fuzz;nightly"/>
		</properties>
		<system-out>raw_engine_v1 tests passed case=planner_oracle_fuzz
</system-out>
	</testcase>
	<testcase name="raw_engine_replay_state" classname="raw_engine_replay_state" time="0.00438133" status="run">
		<properties>
			<property name="cmake_labels" value="core"/>
		</properties>
		<system-out>FAIL_CLASS=none
FAIL_STAGE=none
FAIL_PRIMITIVE=none
FAIL_PLANNER_PHASE=none
FAIL_TARGET_OCC=4294967295
FAIL_MISMATCH=none
raw_engine_v1 tests passed case=replay_state
</system-out>
	</testcase>
	<testcase name="raw_engine_reducer_smoke" classname="raw_engine_reducer_smoke" time="0.433491" status="run">
		<properties>
			<property name="cmake_labels" value="core"/>
		</properties>
		<system-out>raw_engine_v1 tests passed case=reducer_smoke
</system-out>
	</testcase>
	<testcase name="raw_engine_replay_planner_state" classname="raw_engine_replay_planner_state" time="0.00491646" status="run">
		<properties>
			<property name="cmake_labels" value="core"/>
		</properties>
		<system-out>FAIL_CLASS=none
FAIL_STAGE=none
FAIL_PRIMITIVE=none
FAIL_PLANNER_PHASE=none
FAIL_TARGET_OCC=4294967295
FAIL_MISMATCH=none
raw_engine_v1 tests passed case=replay_planner_state
</system-out>
	</testcase>
	<testcase name="raw_engine_reduce_planner_state_smoke" classname="raw_engine_reduce_planner_state_smoke" time="0.225606" status="run">
		<properties>
			<property name="cmake_labels" value="core"/>
		</properties>
		<system-out>raw_engine_v1 tests passed case=reduce_planner_state_smoke
</system-out>
	</testcase>
	<testcase name="raw_engine_failure_signature_smoke" classname="raw_engine_failure_signature_smoke" time="0.00565537" status="run">
		<properties>
			<property name="cmake_labels" value="core"/>
		</properties>
		<system-out>raw_engine_v1 tests passed case=failure_signature_smoke
</system-out>
	</testcase>
	<testcase name="raw_engine_planner_failure_signature_smoke" classname="raw_engine_planner_failure_signature_smoke" time="0.00486483" status="run">
		<properties>
			<property name="cmake_labels" value="core"/>
		</properties>
		<system-out>raw_engine_v1 tests passed case=planner_failure_signature_smoke
</system-out>
	</testcase>
	<testcase name="raw_engine_reduce_planner_state_step_budget" classname="raw_engine_reduce_planner_state_step_budget" time="0.799562" status="run">
		<properties>
			<property name="cmake_labels" value="core"/>
		</properties>
		<system-out>raw_engine_v1 tests passed case=reduce_planner_state_step_budget
</system-out>
	</testcase>
	<testcase name="raw_engine_reduce_planner_state_trace_prefix" classname="raw_engine_reduce_planner_state_trace_prefix" time="0.219361" status="run">
		<properties>
			<property name="cmake_labels" value="core"/>
		</properties>
		<system-out>raw_engine_v1 tests passed case=reduce_planner_state_trace_prefix
</system-out>
	</testcase>
	<testcase name="raw_engine_planner_oracle_fuzz_stats" classname="raw_engine_planner_oracle_fuzz_stats" time="0.390729" status="run">
		<properties>
			<property name="cmake_labels" value="asan_slow;fuzz;nightly;slow"/>
		</properties>
		<system-out>raw_engine_v1 tests passed case=planner_oracle_fuzz_stats
</system-out>
	</testcase>
	<testcase name="raw_engine_primitive_fault_detection_smoke" classname="raw_engine_primitive_fault_detection_smoke" time="0.00611783" status="run">
		<properties>
			<property name="cmake_labels" value="core"/>
		</properties>
		<system-out>raw_engine_v1 tests passed case=primitive_fault_detection_smoke
</system-out>
	</testcase>
	<testcase name="raw_engine_planner_fault_detection_smoke" classname="raw_engine_planner_fault_detection_smoke" time="0.0059575" status="run">
		<properties>
			<property name="cmake_labels" value="core"/>
		</properties>
		<system-out>raw_engine_v1 tests passed case=planner_fault_detection_smoke
</system-out>
	</testcase>
	<testcase name="raw_engine_mutation_matrix_smoke" classname="raw_engine_mutation_matrix_smoke" time="0.00734892" status="run">
		<properties>
			<property name="cmake_labels" value="core"/>
		</properties>
		<system-out>raw_engine_v1 tests passed case=mutation_matrix_smoke
</system-out>
	</testcase>
	<testcase name="raw_engine_planner_fixpoint_idempotence" classname="raw_engine_planner_fixpoint_idempotence" time="0.00584379" status="run">
		<properties>
			<property name="cmake_labels" value="core"/>
		</properties>
		<system-out>raw_engine_v1 tests passed case=planner_fixpoint_idempotence
</system-out>
	</testcase>
	<testcase name="raw_engine_planner_replay_determinism" classname="raw_engine_planner_replay_determinism" time="0.00805308" status="run">
		<properties>
			<property name="cmake_labels" value="core"/>
		</properties>
		<system-out>raw_engine_v1 tests passed case=planner_replay_determinism
</system-out>
	</testcase>
	<testcase name="raw_engine_reducer_determinism_smoke" classname="raw_engine_reducer_determinism_smoke" time="0.450085" status="run">
		<properties>
			<property name="cmake_labels" value="core"/>
		</properties>
		<system-out>raw_engine_v1 tests passed case=reducer_determinism_smoke
</system-out>
	</testcase>
	<testcase name="raw_engine_corpus_roundtrip_smoke" classname="raw_engine_corpus_roundtrip_smoke" time="0.137463" status="run">
		<properties>
			<property name="cmake_labels" value="core;fuzz"/>
		</properties>
		<system-out>raw_engine_v1 tests passed case=corpus_roundtrip_smoke
</system-out>
	</testcase>
	<testcase name="raw_engine_corpus_replay_smoke" classname="raw_engine_corpus_replay_smoke" time="0.0649099" status="run">
		<properties>
			<property name="cmake_labels" value="core;fuzz"/>
		</properties>
		<system-out>raw_engine_v1 tests passed case=corpus_replay_smoke
</system-out>
	</testcase>
	<testcase name="raw_engine_compare_ready_lineage_smoke" classname="raw_engine_compare_ready_lineage_smoke" time="24.623" status="run">
		<properties>
			<property name="cmake_labels" value="compare;slow"/>
		</properties>
		<system-out>raw_engine_v1 tests passed case=compare_ready_lineage_smoke
</system-out>
	</testcase>
	<testcase name="raw_engine_planner_tie_organic_applicability_smoke" classname="raw_engine_planner_tie_organic_applicability_smoke" time="0.0168008" status="run">
		<properties>
			<property name="cmake_labels" value="compare;slow"/>
		</properties>
		<system-out>raw_engine_v1 tests passed case=planner_tie_organic_applicability_smoke
</system-out>
	</testcase>
	<testcase name="raw_engine_planner_tie_organic_proxy_pass_smoke" classname="raw_engine_planner_tie_organic_proxy_pass_smoke" time="0.00429383" status="run">
		<properties>
			<property name="cmake_labels" value="compare;slow"/>
		</properties>
		<system-out>raw_engine_v1 tests passed case=planner_tie_organic_proxy_pass_smoke
</system-out>
	</testcase>
	<testcase name="raw_engine_campaign_phase16_resume_gate_smoke" classname="raw_engine_campaign_phase16_resume_gate_smoke" time="26.3952" status="run">
		<properties>
			<property name="cmake_labels" value="compare"/>
		</properties>
		<system-out>raw_engine_v1 tests passed case=campaign_phase16_resume_gate_smoke
</system-out>
	</testcase>
	<testcase name="raw_engine_campaign_phase16_manifest_compatibility_smoke" classname="raw_engine_campaign_phase16_manifest_compatibility_smoke" time="8.17519" status="run">
		<properties>
			<property name="cmake_labels" value="compare;core"/>
		</properties>
		<system-out>raw_engine_v1 tests passed case=campaign_phase16_manifest_compatibility_smoke
</system-out>
	</testcase>
	<testcase name="raw_engine_split_choice_policy_graduation_smoke" classname="raw_engine_split_choice_policy_graduation_smoke" time="0.00518596" status="run">
		<properties>
			<property name="cmake_labels" value="compare;core"/>
		</properties>
		<system-out>raw_engine_v1 tests passed case=split_choice_policy_graduation_smoke
</system-out>
	</testcase>
	<testcase name="raw_engine_policy_graduation_gate_smoke" classname="raw_engine_policy_graduation_gate_smoke" time="0.00382817" status="run">
		<properties>
			<property name="cmake_labels" value="compare;core"/>
		</properties>
		<system-out>raw_engine_v1 tests passed case=policy_graduation_gate_smoke
</system-out>
	</testcase>
	<testcase name="raw_engine_policy_gate_manifest_smoke" classname="raw_engine_policy_gate_manifest_smoke" time="0.00794079" status="run">
		<properties>
			<property name="cmake_labels" value="compare;core;policy_core"/>
		</properties>
		<system-out>raw_engine_v1 tests passed case=policy_gate_manifest_smoke
</system-out>
	</testcase>
	<testcase name="raw_engine_policy_baseline_promote_smoke" classname="raw_engine_policy_baseline_promote_smoke" time="0.00472188" status="run">
		<properties>
			<property name="cmake_labels" value="policy_core;policy_refresh"/>
		</properties>
		<system-out>raw_engine_v1 tests passed case=policy_baseline_promote_smoke
</system-out>
	</testcase>
	<testcase name="raw_engine_policy_baseline_roundtrip_smoke" classname="raw_engine_policy_baseline_roundtrip_smoke" time="0.00490313" status="run">
		<properties>
			<property name="cmake_labels" value="policy_core;policy_refresh"/>
		</properties>
		<system-out>raw_engine_v1 tests passed case=policy_baseline_roundtrip_smoke
</system-out>
	</testcase>
	<testcase name="raw_engine_policy_promote_reject_fail_smoke" classname="raw_engine_policy_promote_reject_fail_smoke" time="0.00441333" status="run">
		<properties>
			<property name="cmake_labels" value="policy_core;policy_refresh"/>
		</properties>
		<system-out>raw_engine_v1 tests passed case=policy_promote_reject_fail_smoke
</system-out>
	</testcase>
	<testcase name="raw_engine_policy_refresh_smoke" classname="raw_engine_policy_refresh_smoke" time="0.00438658" status="run">
		<properties>
			<property name="cmake_labels" value="compare;core;policy_core;policy_refresh"/>
		</properties>
		<system-out>raw_engine_v1 tests passed case=policy_refresh_smoke
</system-out>
	</testcase>
	<testcase name="raw_engine_policy_refresh_against_promoted_baseline_smoke" classname="raw_engine_policy_refresh_against_promoted_baseline_smoke" time="0.00498367" status="run">
		<properties>
			<property name="cmake_labels" value="policy_core;policy_refresh"/>
		</properties>
		<system-out>raw_engine_v1 tests passed case=policy_refresh_against_promoted_baseline_smoke
</system-out>
	</testcase>
	<testcase name="raw_engine_policy_refresh_family_filter_smoke" classname="raw_engine_policy_refresh_family_filter_smoke" time="0.00393171" status="run">
		<properties>
			<property name="cmake_labels" value="compare;core;policy_core;policy_refresh"/>
		</properties>
		<system-out>raw_engine_v1 tests passed case=policy_refresh_family_filter_smoke
</system-out>
	</testcase>
	<testcase name="raw_engine_policy_refresh_freshness_only_smoke" classname="raw_engine_policy_refresh_freshness_only_smoke" time="0.00555404" status="run">
		<properties>
			<property name="cmake_labels" value="policy_core;policy_refresh"/>
		</properties>
		<system-out>raw_engine_v1 tests passed case=policy_refresh_freshness_only_smoke
</system-out>
	</testcase>
	<testcase name="raw_engine_policy_refresh_stale_hash_smoke" classname="raw_engine_policy_refresh_stale_hash_smoke" time="0.004665" status="run">
		<properties>
			<property name="cmake_labels" value="compare;policy_refresh;policy_sentinel"/>
		</properties>
		<system-out>raw_engine_v1 tests passed case=policy_refresh_stale_hash_smoke
</system-out>
	</testcase>
	<testcase name="raw_engine_policy_refresh_compare_engine_hash_smoke" classname="raw_engine_policy_refresh_compare_engine_hash_smoke" time="0.00488479" status="run">
		<properties>
			<property name="cmake_labels" value="compare;policy_refresh;policy_sentinel"/>
		</properties>
		<system-out>raw_engine_v1 tests passed case=policy_refresh_compare_engine_hash_smoke
</system-out>
	</testcase>
	<testcase name="raw_engine_policy_refresh_generator_hash_smoke" classname="raw_engine_policy_refresh_generator_hash_smoke" time="0.00484988" status="run">
		<properties>
			<property name="cmake_labels" value="compare;policy_refresh;policy_sentinel"/>
		</properties>
		<system-out>raw_engine_v1 tests passed case=policy_refresh_generator_hash_smoke
</system-out>
	</testcase>
	<testcase name="raw_engine_policy_refresh_campaign_config_hash_smoke" classname="raw_engine_policy_refresh_campaign_config_hash_smoke" time="0.0047995" status="run">
		<properties>
			<property name="cmake_labels" value="compare;policy_refresh;policy_sentinel"/>
		</properties>
		<system-out>raw_engine_v1 tests passed case=policy_refresh_campaign_config_hash_smoke
</system-out>
	</testcase>
	<testcase name="raw_engine_policy_gate_family_filter_smoke" classname="raw_engine_policy_gate_family_filter_smoke" time="0.00748996" status="run">
		<properties>
			<property name="cmake_labels" value="compare;core"/>
		</properties>
		<system-out>raw_engine_v1 tests passed case=policy_gate_family_filter_smoke
</system-out>
	</testcase>
	<testcase name="raw_engine_policy_gate_non_applicable_smoke" classname="raw_engine_policy_gate_non_applicable_smoke" time="0.00432779" status="run">
		<properties>
			<property name="cmake_labels" value="compare;core;policy_sentinel"/>
		</properties>
		<system-out>raw_engine_v1 tests passed case=policy_gate_non_applicable_smoke
</system-out>
	</testcase>
	<testcase name="raw_engine_policy_gate_non_applicable_drift_smoke" classname="raw_engine_policy_gate_non_applicable_drift_smoke" time="0.0046235" status="run">
		<properties>
			<property name="cmake_labels" value="compare;core;policy_refresh;policy_sentinel"/>
		</properties>
		<system-out>raw_engine_v1 tests passed case=policy_gate_non_applicable_drift_smoke
</system-out>
	</testcase>
	<testcase name="raw_engine_planner_tie_organic_applicability_drift_smoke" classname="raw_engine_planner_tie_organic_applicability_drift_smoke" time="0.00390675" status="run">
		<properties>
			<property name="cmake_labels" value="compare;core;policy_sentinel"/>
		</properties>
		<system-out>raw_engine_v1 tests passed case=planner_tie_organic_applicability_drift_smoke
</system-out>
	</testcase>
	<testcase name="raw_engine_planner_tie_organic_reclassify_trigger_smoke" classname="raw_engine_planner_tie_organic_reclassify_trigger_smoke" time="0.00446979" status="run">
		<properties>
			<property name="cmake_labels" value="compare;core;policy_refresh;policy_sentinel"/>
		</properties>
		<system-out>raw_engine_v1 tests passed case=planner_tie_organic_reclassify_trigger_smoke
</system-out>
	</testcase>
	<testcase name="raw_engine_policy_reclassify_non_applicable_smoke" classname="raw_engine_policy_reclassify_non_applicable_smoke" time="0.00477296" status="run">
		<properties>
			<property name="cmake_labels" value="compare;policy_refresh;policy_sentinel"/>
		</properties>
		<system-out>raw_engine_v1 tests passed case=policy_reclassify_non_applicable_smoke
</system-out>
	</testcase>
	<testcase name="raw_engine_compare_ready_lineage_gate_smoke" classname="raw_engine_compare_ready_lineage_gate_smoke" time="0.00489175" status="run">
		<properties>
			<property name="cmake_labels" value="compare;core;policy_sentinel"/>
		</properties>
		<system-out>raw_engine_v1 tests passed case=compare_ready_lineage_gate_smoke
</system-out>
	</testcase>
	<testcase name="raw_engine_compare_ready_not_counted_as_pass_smoke" classname="raw_engine_compare_ready_not_counted_as_pass_smoke" time="0.00376517" status="run">
		<properties>
			<property name="cmake_labels" value="compare;core;policy_sentinel"/>
		</properties>
		<system-out>raw_engine_v1 tests passed case=compare_ready_not_counted_as_pass_smoke
</system-out>
	</testcase>
	<testcase name="raw_engine_policy_gate_diagnostic_only_smoke" classname="raw_engine_policy_gate_diagnostic_only_smoke" time="0.0117135" status="run">
		<properties>
			<property name="cmake_labels" value="compare;core;policy_core;policy_refresh;policy_sentinel"/>
		</properties>
		<system-out>raw_engine_v1 tests passed case=policy_gate_diagnostic_only_smoke
</system-out>
	</testcase>
	<testcase name="raw_engine_compare_ready_not_promoted_smoke" classname="raw_engine_compare_ready_not_promoted_smoke" time="0.0115889" status="run">
		<properties>
			<property name="cmake_labels" value="compare;core;policy_refresh;policy_sentinel"/>
		</properties>
		<system-out>raw_engine_v1 tests passed case=compare_ready_not_promoted_smoke
</system-out>
	</testcase>
	<testcase name="raw_engine_policy_reject_diagnostic_promotion_smoke" classname="raw_engine_policy_reject_diagnostic_promotion_smoke" time="0.0105132" status="run">
		<properties>
			<property name="cmake_labels" value="compare;policy_refresh;policy_sentinel"/>
		</properties>
		<system-out>raw_engine_v1 tests passed case=policy_reject_diagnostic_promotion_smoke
</system-out>
	</testcase>
	<testcase name="raw_engine_policy_gate_nightly_smoke" classname="raw_engine_policy_gate_nightly_smoke" time="0.00828542" status="run">
		<properties>
			<property name="cmake_labels" value="compare;core;nightly;policy_nightly"/>
		</properties>
		<system-out>raw_engine_v1 tests passed case=policy_gate_nightly_smoke
</system-out>
	</testcase>
	<testcase name="raw_engine_policy_refresh_nightly_smoke" classname="raw_engine_policy_refresh_nightly_smoke" time="0.0120817" status="run">
		<properties>
			<property name="cmake_labels" value="compare;core;nightly;policy_nightly;policy_refresh"/>
		</properties>
		<system-out>raw_engine_v1 tests passed case=policy_refresh_nightly_smoke
</system-out>
	</testcase>
	<testcase name="raw_engine_manifest_roundtrip_smoke" classname="raw_engine_manifest_roundtrip_smoke" time="0.00813462" status="run">
		<properties>
			<property name="cmake_labels" value="compare;core"/>
		</properties>
		<system-out>raw_engine_v1 tests passed case=manifest_roundtrip_smoke
</system-out>
	</testcase>
	<testcase name="raw_engine_evidence_bundle_smoke" classname="raw_engine_evidence_bundle_smoke" time="1.0865" status="run">
		<properties>
			<property name="cmake_labels" value="compare;core;policy_sentinel"/>
		</properties>
		<system-out>/private/tmp/raw_engine_phase49_stage/build-release/tests/artifacts/evidence_bundle_smoke/manifests/policy_runtime_current_phase19.json
/private/tmp/raw_engine_phase49_stage/build-release/tests/artifacts/evidence_bundle_smoke/manifests/policy_runtime_baseline_phase19_approved.json
/private/tmp/raw_engine_phase49_stage/build-release/tests/artifacts/evidence_bundle_smoke/manifests/runtime_baseline_registry_v1.json
/private/tmp/raw_engine_phase49_stage/build-release/tests/artifacts/evidence_bundle_smoke/manifests/policy_runtime_refresh_phase19.json
/private/tmp/raw_engine_phase49_stage/build-release/tests/artifacts/evidence_bundle_smoke/manifests/runtime_history_index_v1_summary.json
/private/tmp/raw_engine_phase49_stage/build-release/tests/artifacts/evidence_bundle_smoke/manifests/runtime_rebaseline_proposal_phase19.json
/private/tmp/raw_engine_phase49_stage/build-release/tests/artifacts/evidence_bundle_smoke/manifests/policy_runtime_rerun_phase19.json
/private/tmp/raw_engine_phase49_stage/build-release/tests/a...
[This part of the test output was removed since it exceeds the threshold of 1024 bytes.]
</system-out>
	</testcase>
	<testcase name="raw_engine_evidence_bundle_manifest_freshness_smoke" classname="raw_engine_evidence_bundle_manifest_freshness_smoke" time="1.08493" status="run">
		<properties>
			<property name="cmake_labels" value="compare;core;policy_refresh;policy_sentinel"/>
		</properties>
		<system-out>/private/tmp/raw_engine_phase49_stage/build-release/tests/artifacts/evidence_bundle_manifest_freshness_smoke/manifests/policy_runtime_current_phase19.json
/private/tmp/raw_engine_phase49_stage/build-release/tests/artifacts/evidence_bundle_manifest_freshness_smoke/manifests/policy_runtime_baseline_phase19_approved.json
/private/tmp/raw_engine_phase49_stage/build-release/tests/artifacts/evidence_bundle_manifest_freshness_smoke/manifests/runtime_baseline_registry_v1.json
/private/tmp/raw_engine_phase49_stage/build-release/tests/artifacts/evidence_bundle_manifest_freshness_smoke/manifests/policy_runtime_refresh_phase19.json
/private/tmp/raw_engine_phase49_stage/build-release/tests/artifacts/evidence_bundle_manifest_freshness_smoke/manifests/runtime_history_index_v1_summary.json
/private/tmp/raw_engine_phase49_stage/build-release/tests/artifacts/evidence_bundle_manifest_freshness_smoke/manifests/runtime_rebaseline_proposal_phase19.json
/private/tmp/raw_engine_phase49_stage/build-release/tests/artifacts/evidence_bu...
[This part of the test output was removed since it exceeds the threshold of 1024 bytes.]
</system-out>
	</testcase>
	<testcase name="raw_engine_evidence_bundle_policy_refresh_smoke" classname="raw_engine_evidence_bundle_policy_refresh_smoke" time="1.07921" status="run">
		<properties>
			<property name="cmake_labels" value="policy_refresh;policy_sentinel"/>
		</properties>
		<system-out>/private/tmp/raw_engine_phase49_stage/build-release/tests/artifacts/evidence_bundle_policy_refresh_smoke/manifests/policy_runtime_current_phase19.json
/private/tmp/raw_engine_phase49_stage/build-release/tests/artifacts/evidence_bundle_policy_refresh_smoke/manifests/policy_runtime_baseline_phase19_approved.json
/private/tmp/raw_engine_phase49_stage/build-release/tests/artifacts/evidence_bundle_policy_refresh_smoke/manifests/runtime_baseline_registry_v1.json
/private/tmp/raw_engine_phase49_stage/build-release/tests/artifacts/evidence_bundle_policy_refresh_smoke/manifests/policy_runtime_refresh_phase19.json
/private/tmp/raw_engine_phase49_stage/build-release/tests/artifacts/evidence_bundle_policy_refresh_smoke/manifests/runtime_history_index_v1_summary.json
/private/tmp/raw_engine_phase49_stage/build-release/tests/artifacts/evidence_bundle_policy_refresh_smoke/manifests/runtime_rebaseline_proposal_phase19.json
/private/tmp/raw_engine_phase49_stage/build-release/tests/artifacts/evidence_bundle_policy_refresh_smok...
[This part of the test output was removed since it exceeds the threshold of 1024 bytes.]
</system-out>
	</testcase>
	<testcase name="raw_engine_evidence_bundle_rerun_plan_smoke" classname="raw_engine_evidence_bundle_rerun_plan_smoke" time="1.13786" status="run">
		<properties>
			<property name="cmake_labels" value="policy_refresh;policy_sentinel"/>
		</properties>
		<system-out>/private/tmp/raw_engine_phase49_stage/build-release/tests/artifacts/evidence_bundle_rerun_plan_smoke/manifests/policy_runtime_current_phase19.json
/private/tmp/raw_engine_phase49_stage/build-release/tests/artifacts/evidence_bundle_rerun_plan_smoke/manifests/policy_runtime_baseline_phase19_approved.json
/private/tmp/raw_engine_phase49_stage/build-release/tests/artifacts/evidence_bundle_rerun_plan_smoke/manifests/runtime_baseline_registry_v1.json
/private/tmp/raw_engine_phase49_stage/build-release/tests/artifacts/evidence_bundle_rerun_plan_smoke/manifests/policy_runtime_refresh_phase19.json
/private/tmp/raw_engine_phase49_stage/build-release/tests/artifacts/evidence_bundle_rerun_plan_smoke/manifests/runtime_history_index_v1_summary.json
/private/tmp/raw_engine_phase49_stage/build-release/tests/artifacts/evidence_bundle_rerun_plan_smoke/manifests/runtime_rebaseline_proposal_phase19.json
/private/tmp/raw_engine_phase49_stage/build-release/tests/artifacts/evidence_bundle_rerun_plan_smoke/manifests/policy_runtime_r...
[This part of the test output was removed since it exceeds the threshold of 1024 bytes.]
</system-out>
	</testcase>
	<testcase name="raw_engine_evidence_bundle_idempotent_smoke" classname="raw_engine_evidence_bundle_idempotent_smoke" time="2.07368" status="run">
		<properties>
			<property name="cmake_labels" value="compare;policy_refresh;policy_sentinel"/>
		</properties>
		<system-out>/private/tmp/raw_engine_phase49_stage/build-release/tests/artifacts/evidence_bundle_idempotent_smoke/manifests/policy_runtime_current_phase19.json
/private/tmp/raw_engine_phase49_stage/build-release/tests/artifacts/evidence_bundle_idempotent_smoke/manifests/policy_runtime_baseline_phase19_approved.json
/private/tmp/raw_engine_phase49_stage/build-release/tests/artifacts/evidence_bundle_idempotent_smoke/manifests/runtime_baseline_registry_v1.json
/private/tmp/raw_engine_phase49_stage/build-release/tests/artifacts/evidence_bundle_idempotent_smoke/manifests/policy_runtime_refresh_phase19.json
/private/tmp/raw_engine_phase49_stage/build-release/tests/artifacts/evidence_bundle_idempotent_smoke/manifests/runtime_history_index_v1_summary.json
/private/tmp/raw_engine_phase49_stage/build-release/tests/artifacts/evidence_bundle_idempotent_smoke/manifests/runtime_rebaseline_proposal_phase19.json
/private/tmp/raw_engine_phase49_stage/build-release/tests/artifacts/evidence_bundle_idempotent_smoke/manifests/policy_runtime_r...
[This part of the test output was removed since it exceeds the threshold of 1024 bytes.]
</system-out>
	</testcase>
	<testcase name="raw_engine_evidence_bundle_policy_summary_smoke" classname="raw_engine_evidence_bundle_policy_summary_smoke" time="1.09294" status="run">
		<properties>
			<property name="cmake_labels" value="compare;policy_refresh;policy_sentinel"/>
		</properties>
		<system-out>/private/tmp/raw_engine_phase49_stage/build-release/tests/artifacts/evidence_bundle_policy_summary_smoke/manifests/policy_runtime_current_phase19.json
/private/tmp/raw_engine_phase49_stage/build-release/tests/artifacts/evidence_bundle_policy_summary_smoke/manifests/policy_runtime_baseline_phase19_approved.json
/private/tmp/raw_engine_phase49_stage/build-release/tests/artifacts/evidence_bundle_policy_summary_smoke/manifests/runtime_baseline_registry_v1.json
/private/tmp/raw_engine_phase49_stage/build-release/tests/artifacts/evidence_bundle_policy_summary_smoke/manifests/policy_runtime_refresh_phase19.json
/private/tmp/raw_engine_phase49_stage/build-release/tests/artifacts/evidence_bundle_policy_summary_smoke/manifests/runtime_history_index_v1_summary.json
/private/tmp/raw_engine_phase49_stage/build-release/tests/artifacts/evidence_bundle_policy_summary_smoke/manifests/runtime_rebaseline_proposal_phase19.json
/private/tmp/raw_engine_phase49_stage/build-release/tests/artifacts/evidence_bundle_policy_summary_smok...
[This part of the test output was removed since it exceeds the threshold of 1024 bytes.]
</system-out>
	</testcase>
	<testcase name="raw_engine_stale_family_selective_rerun_smoke" classname="raw_engine_stale_family_selective_rerun_smoke" time="0.0109459" status="run">
		<properties>
			<property name="cmake_labels" value="compare;core;policy_refresh;policy_sentinel"/>
		</properties>
		<system-out>raw_engine_v1 tests passed case=stale_family_selective_rerun_smoke
</system-out>
	</testcase>
	<testcase name="raw_engine_policy_rerun_plan_smoke" classname="raw_engine_policy_rerun_plan_smoke" time="0.00545667" status="run">
		<properties>
			<property name="cmake_labels" value="policy_refresh;policy_sentinel"/>
		</properties>
		<system-out>raw_engine_v1 tests passed case=policy_rerun_plan_smoke
</system-out>
	</testcase>
	<testcase name="raw_engine_policy_rerun_plan_empty_smoke" classname="raw_engine_policy_rerun_plan_empty_smoke" time="0.00523592" status="run">
		<properties>
			<property name="cmake_labels" value="policy_refresh;policy_sentinel"/>
		</properties>
		<system-out>raw_engine_v1 tests passed case=policy_rerun_plan_empty_smoke
</system-out>
	</testcase>
	<testcase name="raw_engine_policy_rerun_plan_family_filter_smoke" classname="raw_engine_policy_rerun_plan_family_filter_smoke" time="0.00567046" status="run">
		<properties>
			<property name="cmake_labels" value="policy_refresh;policy_sentinel"/>
		</properties>
		<system-out>raw_engine_v1 tests passed case=policy_rerun_plan_family_filter_smoke
</system-out>
	</testcase>
	<testcase name="raw_engine_policy_rerun_plan_mode_selection_smoke" classname="raw_engine_policy_rerun_plan_mode_selection_smoke" time="0.00599317" status="run">
		<properties>
			<property name="cmake_labels" value="compare;policy_refresh;policy_sentinel"/>
		</properties>
		<system-out>raw_engine_v1 tests passed case=policy_rerun_plan_mode_selection_smoke
</system-out>
	</testcase>
	<testcase name="raw_engine_policy_selective_rerun_execute_smoke" classname="raw_engine_policy_selective_rerun_execute_smoke" time="0.00552871" status="run">
		<properties>
			<property name="cmake_labels" value="compare;policy_nightly;policy_refresh"/>
		</properties>
		<system-out>raw_engine_v1 tests passed case=policy_selective_rerun_execute_smoke
</system-out>
	</testcase>
	<testcase name="raw_engine_policy_selective_rerun_noop_smoke" classname="raw_engine_policy_selective_rerun_noop_smoke" time="0.00746233" status="run">
		<properties>
			<property name="cmake_labels" value="compare;policy_refresh;policy_sentinel"/>
		</properties>
		<system-out>raw_engine_v1 tests passed case=policy_selective_rerun_noop_smoke
</system-out>
	</testcase>
	<testcase name="raw_engine_policy_baseline_history_smoke" classname="raw_engine_policy_baseline_history_smoke" time="0.00966096" status="run">
		<properties>
			<property name="cmake_labels" value="compare;policy_refresh"/>
		</properties>
		<system-out>raw_engine_v1 tests passed case=policy_baseline_history_smoke
</system-out>
	</testcase>
	<testcase name="raw_engine_policy_baseline_archive_roundtrip_smoke" classname="raw_engine_policy_baseline_archive_roundtrip_smoke" time="0.0125853" status="run">
		<properties>
			<property name="cmake_labels" value="compare;policy_refresh"/>
		</properties>
		<system-out>raw_engine_v1 tests passed case=policy_baseline_archive_roundtrip_smoke
</system-out>
	</testcase>
	<testcase name="raw_engine_policy_ci_check_smoke" classname="raw_engine_policy_ci_check_smoke" time="0.0221319" status="run">
		<properties>
			<property name="cmake_labels" value="compare;policy_core;policy_refresh"/>
		</properties>
		<system-out>policy_lifecycle_summary case=policy_ci_check current_verdict=PASS freshness_verdict=FRESH plan_verdict=PASS stale_family_count=0 requires_rerun_family_count=0 reclassify_required_count=0 selected_entry_count=0
baseline_manifest=/private/tmp/raw_engine_phase49_stage/build-release/tests/artifacts/policy_ci_check_smoke/manifests/policy_graduation_manifest_phase22_approved_v1.txt
current_manifest=/private/tmp/raw_engine_phase49_stage/build-release/tests/artifacts/policy_ci_check_smoke/manifests/policy_graduation_manifest_v1.json
refresh_manifest=/private/tmp/raw_engine_phase49_stage/build-release/tests/artifacts/policy_ci_check_smoke/manifests/policy_graduation_manifest_refresh_v1.json
rerun_plan=/private/tmp/raw_engine_phase49_stage/build-release/tests/artifacts/policy_ci_check_smoke/manifests/policy_rerun_plan_v1.json
family_status=family=split_tie_organic_symmetric current_status=PASS freshness_status=FRESH drift_flag=0 reclassify_required=0 counts_as_production_evidence=1 rationale=direct compare evidence sa...
[This part of the test output was removed since it exceeds the threshold of 1024 bytes.]
</system-out>
	</testcase>
	<testcase name="raw_engine_policy_nightly_refresh_smoke" classname="raw_engine_policy_nightly_refresh_smoke" time="0.0207146" status="run">
		<properties>
			<property name="cmake_labels" value="compare;policy_nightly;policy_refresh"/>
		</properties>
		<system-out>policy_lifecycle_summary case=policy_nightly_refresh current_verdict=PASS freshness_verdict=FRESH plan_verdict=PASS stale_family_count=0 requires_rerun_family_count=0 reclassify_required_count=0 selected_entry_count=0
baseline_manifest=/private/tmp/raw_engine_phase49_stage/build-release/tests/artifacts/policy_nightly_refresh_smoke/manifests/policy_graduation_manifest_phase22_approved_v1.txt
current_manifest=/private/tmp/raw_engine_phase49_stage/build-release/tests/artifacts/policy_nightly_refresh_smoke/manifests/policy_graduation_manifest_v1.json
refresh_manifest=/private/tmp/raw_engine_phase49_stage/build-release/tests/artifacts/policy_nightly_refresh_smoke/manifests/policy_graduation_manifest_refresh_v1.json
rerun_plan=/private/tmp/raw_engine_phase49_stage/build-release/tests/artifacts/policy_nightly_refresh_smoke/manifests/policy_rerun_plan_v1.json
policy_rerun_execution_summary summary_verdict=PASS selected_family_count=0 executed_family_count=0 noop_family_count=0 failed_family_count=0 artifact_root=/pri...
[This part of the test output was removed since it exceeds the threshold of 1024 bytes.]
</system-out>
	</testcase>
	<testcase name="raw_engine_policy_severity_smoke" classname="raw_engine_policy_severity_smoke" time="2.14786" status="run">
		<properties>
			<property name="cmake_labels" value="compare;policy_core;policy_refresh"/>
		</properties>
		<system-out>/private/tmp/raw_engine_phase49_stage/build-release/tests/artifacts/policy_severity_smoke/manifests/policy_runtime_current_phase22.json
/private/tmp/raw_engine_phase49_stage/build-release/tests/artifacts/policy_severity_smoke/manifests/policy_runtime_baseline_phase22_approved.json
/private/tmp/raw_engine_phase49_stage/build-release/tests/artifacts/policy_severity_smoke/manifests/runtime_baseline_registry_v1.json
/private/tmp/raw_engine_phase49_stage/build-release/tests/artifacts/policy_severity_smoke/manifests/policy_runtime_refresh_phase22.json
/private/tmp/raw_engine_phase49_stage/build-release/tests/artifacts/policy_severity_smoke/manifests/policy_runtime_rerun_phase22.json
/private/tmp/raw_engine_phase49_stage/build-release/tests/artifacts/policy_severity_smoke/manifests/runtime_history_index_v1_summary.json
/private/tmp/raw_engine_phase49_stage/build-release/tests/artifacts/policy_severity_smoke/manifests/runtime_rebaseline_proposal_phase22.json
policy_pipeline_summary mode=quick severity=OK exit_code=0 ...
[This part of the test output was removed since it exceeds the threshold of 1024 bytes.]
</system-out>
	</testcase>
	<testcase name="raw_engine_pipeline_exit_code_smoke" classname="raw_engine_pipeline_exit_code_smoke" time="3.30321" status="run">
		<properties>
			<property name="cmake_labels" value="compare;policy_core;policy_refresh"/>
		</properties>
		<system-out>/private/tmp/raw_engine_phase49_stage/build-release/tests/artifacts/pipeline_exit_code_warn_smoke/manifests/policy_runtime_current_phase22.json
/private/tmp/raw_engine_phase49_stage/build-release/tests/artifacts/pipeline_exit_code_warn_smoke/manifests/policy_runtime_baseline_phase22_approved.json
/private/tmp/raw_engine_phase49_stage/build-release/tests/artifacts/pipeline_exit_code_warn_smoke/manifests/runtime_baseline_registry_v1.json
/private/tmp/raw_engine_phase49_stage/build-release/tests/artifacts/pipeline_exit_code_warn_smoke/manifests/policy_runtime_refresh_phase22.json
/private/tmp/raw_engine_phase49_stage/build-release/tests/artifacts/pipeline_exit_code_warn_smoke/manifests/policy_runtime_rerun_phase22.json
/private/tmp/raw_engine_phase49_stage/build-release/tests/artifacts/pipeline_exit_code_warn_smoke/manifests/runtime_history_index_v1_summary.json
/private/tmp/raw_engine_phase49_stage/build-release/tests/artifacts/pipeline_exit_code_warn_smoke/manifests/runtime_rebaseline_proposal_phase22.json
pol...
[This part of the test output was removed since it exceeds the threshold of 1024 bytes.]
</system-out>
	</testcase>
	<testcase name="raw_engine_stale_warn_mode_smoke" classname="raw_engine_stale_warn_mode_smoke" time="2.17368" status="run">
		<properties>
			<property name="cmake_labels" value="compare;policy_refresh;policy_sentinel"/>
		</properties>
		<system-out>/private/tmp/raw_engine_phase49_stage/build-release/tests/artifacts/stale_warn_mode_smoke/manifests/policy_runtime_current_phase22.json
/private/tmp/raw_engine_phase49_stage/build-release/tests/artifacts/stale_warn_mode_smoke/manifests/policy_runtime_baseline_phase22_approved.json
/private/tmp/raw_engine_phase49_stage/build-release/tests/artifacts/stale_warn_mode_smoke/manifests/runtime_baseline_registry_v1.json
/private/tmp/raw_engine_phase49_stage/build-release/tests/artifacts/stale_warn_mode_smoke/manifests/policy_runtime_refresh_phase22.json
/private/tmp/raw_engine_phase49_stage/build-release/tests/artifacts/stale_warn_mode_smoke/manifests/policy_runtime_rerun_phase22.json
/private/tmp/raw_engine_phase49_stage/build-release/tests/artifacts/stale_warn_mode_smoke/manifests/runtime_history_index_v1_summary.json
/private/tmp/raw_engine_phase49_stage/build-release/tests/artifacts/stale_warn_mode_smoke/manifests/runtime_rebaseline_proposal_phase22.json
policy_pipeline_summary mode=quick severity=WARN exit_code=...
[This part of the test output was removed since it exceeds the threshold of 1024 bytes.]
</system-out>
	</testcase>
	<testcase name="raw_engine_action_required_mode_smoke" classname="raw_engine_action_required_mode_smoke" time="2.11712" status="run">
		<properties>
			<property name="cmake_labels" value="compare;policy_refresh;policy_sentinel"/>
		</properties>
		<system-out>/private/tmp/raw_engine_phase49_stage/build-release/tests/artifacts/action_required_mode_smoke/manifests/policy_runtime_current_phase22.json
/private/tmp/raw_engine_phase49_stage/build-release/tests/artifacts/action_required_mode_smoke/manifests/policy_runtime_baseline_phase22_approved.json
/private/tmp/raw_engine_phase49_stage/build-release/tests/artifacts/action_required_mode_smoke/manifests/runtime_baseline_registry_v1.json
/private/tmp/raw_engine_phase49_stage/build-release/tests/artifacts/action_required_mode_smoke/manifests/policy_runtime_refresh_phase22.json
/private/tmp/raw_engine_phase49_stage/build-release/tests/artifacts/action_required_mode_smoke/manifests/policy_runtime_rerun_phase22.json
/private/tmp/raw_engine_phase49_stage/build-release/tests/artifacts/action_required_mode_smoke/manifests/runtime_history_index_v1_summary.json
/private/tmp/raw_engine_phase49_stage/build-release/tests/artifacts/action_required_mode_smoke/manifests/runtime_rebaseline_proposal_phase22.json
policy_pipeline_summary ...
[This part of the test output was removed since it exceeds the threshold of 1024 bytes.]
</system-out>
	</testcase>
	<testcase name="raw_engine_runtime_budget_smoke" classname="raw_engine_runtime_budget_smoke" time="0.00745137" status="run">
		<properties>
			<property name="cmake_labels" value="compare;policy_core;policy_refresh;policy_sentinel"/>
		</properties>
		<system-out>raw_engine_v1 tests passed case=runtime_budget_smoke
</system-out>
	</testcase>
	<testcase name="raw_engine_runtime_budget_manifest_roundtrip_smoke" classname="raw_engine_runtime_budget_manifest_roundtrip_smoke" time="0.00870942" status="run">
		<properties>
			<property name="cmake_labels" value="compare;policy_core;policy_refresh"/>
		</properties>
		<system-out>raw_engine_v1 tests passed case=runtime_budget_manifest_roundtrip_smoke
</system-out>
	</testcase>
	<testcase name="raw_engine_runtime_fingerprint_roundtrip_smoke" classname="raw_engine_runtime_fingerprint_roundtrip_smoke" time="0.788714" status="run">
		<properties>
			<property name="cmake_labels" value="compare;policy_core;policy_refresh;policy_sentinel"/>
		</properties>
		<system-out>/private/tmp/raw_engine_phase49_stage/build-release/tests/artifacts/runtime_fingerprint_roundtrip_smoke/manifests/policy_runtime_current_phase22.json
/private/tmp/raw_engine_phase49_stage/build-release/tests/artifacts/runtime_fingerprint_roundtrip_smoke/manifests/policy_runtime_baseline_phase22_approved.json
/private/tmp/raw_engine_phase49_stage/build-release/tests/artifacts/runtime_fingerprint_roundtrip_smoke/manifests/runtime_baseline_registry_v1.json
/private/tmp/raw_engine_phase49_stage/build-release/tests/artifacts/runtime_fingerprint_roundtrip_smoke/manifests/policy_runtime_refresh_phase22.json
/private/tmp/raw_engine_phase49_stage/build-release/tests/artifacts/runtime_fingerprint_roundtrip_smoke/manifests/policy_runtime_rerun_phase22.json
/private/tmp/raw_engine_phase49_stage/build-release/tests/artifacts/runtime_fingerprint_roundtrip_smoke/manifests/runtime_history_index_v1_summary.json
/private/tmp/raw_engine_phase49_stage/build-release/tests/artifacts/runtime_fingerprint_roundtrip_smoke/manifests/ru...
[This part of the test output was removed since it exceeds the threshold of 1024 bytes.]
</system-out>
	</testcase>
	<testcase name="raw_engine_runtime_not_comparable_smoke" classname="raw_engine_runtime_not_comparable_smoke" time="0.962232" status="run">
		<properties>
			<property name="cmake_labels" value="compare;policy_refresh;policy_sentinel"/>
		</properties>
		<system-out>/private/tmp/raw_engine_phase49_stage/build-release/tests/artifacts/runtime_not_comparable_smoke/manifests/policy_runtime_current_phase22.json
/private/tmp/raw_engine_phase49_stage/build-release/tests/artifacts/runtime_not_comparable_smoke/manifests/policy_runtime_baseline_phase22_approved.json
/private/tmp/raw_engine_phase49_stage/build-release/tests/artifacts/runtime_not_comparable_smoke/manifests/runtime_baseline_registry_v1.json
/private/tmp/raw_engine_phase49_stage/build-release/tests/artifacts/runtime_not_comparable_smoke/manifests/policy_runtime_refresh_phase22.json
/private/tmp/raw_engine_phase49_stage/build-release/tests/artifacts/runtime_not_comparable_smoke/manifests/policy_runtime_rerun_phase22.json
/private/tmp/raw_engine_phase49_stage/build-release/tests/artifacts/runtime_not_comparable_smoke/manifests/runtime_history_index_v1_summary.json
/private/tmp/raw_engine_phase49_stage/build-release/tests/artifacts/runtime_not_comparable_smoke/manifests/runtime_rebaseline_proposal_phase22.json
/private/t...
[This part of the test output was removed since it exceeds the threshold of 1024 bytes.]
</system-out>
	</testcase>
	<testcase name="raw_engine_runtime_refresh_same_fingerprint_smoke" classname="raw_engine_runtime_refresh_same_fingerprint_smoke" time="0.790253" status="run">
		<properties>
			<property name="cmake_labels" value="compare;policy_core;policy_refresh;policy_sentinel"/>
		</properties>
		<system-out>/private/tmp/raw_engine_phase49_stage/build-release/tests/artifacts/runtime_refresh_same_fingerprint_smoke/manifests/policy_runtime_current_phase22.json
/private/tmp/raw_engine_phase49_stage/build-release/tests/artifacts/runtime_refresh_same_fingerprint_smoke/manifests/policy_runtime_baseline_phase22_approved.json
/private/tmp/raw_engine_phase49_stage/build-release/tests/artifacts/runtime_refresh_same_fingerprint_smoke/manifests/runtime_baseline_registry_v1.json
/private/tmp/raw_engine_phase49_stage/build-release/tests/artifacts/runtime_refresh_same_fingerprint_smoke/manifests/policy_runtime_refresh_phase22.json
/private/tmp/raw_engine_phase49_stage/build-release/tests/artifacts/runtime_refresh_same_fingerprint_smoke/manifests/policy_runtime_rerun_phase22.json
/private/tmp/raw_engine_phase49_stage/build-release/tests/artifacts/runtime_refresh_same_fingerprint_smoke/manifests/runtime_history_index_v1_summary.json
/private/tmp/raw_engine_phase49_stage/build-release/tests/artifacts/runtime_refresh_same_fingerpri...
[This part of the test output was removed since it exceeds the threshold of 1024 bytes.]
</system-out>
	</testcase>
	<testcase name="raw_engine_runtime_baseline_promote_smoke" classname="raw_engine_runtime_baseline_promote_smoke" time="0.933466" status="run">
		<properties>
			<property name="cmake_labels" value="compare;policy_core;policy_refresh"/>
		</properties>
		<system-out>/private/tmp/raw_engine_phase49_stage/build-release/tests/artifacts/runtime_baseline_promote_smoke/manifests/policy_runtime_current_phase22.json
/private/tmp/raw_engine_phase49_stage/build-release/tests/artifacts/runtime_baseline_promote_smoke/manifests/policy_runtime_baseline_phase22_approved.json
/private/tmp/raw_engine_phase49_stage/build-release/tests/artifacts/runtime_baseline_promote_smoke/manifests/runtime_baseline_registry_v1.json
/private/tmp/raw_engine_phase49_stage/build-release/tests/artifacts/runtime_baseline_promote_smoke/manifests/policy_runtime_refresh_phase22.json
/private/tmp/raw_engine_phase49_stage/build-release/tests/artifacts/runtime_baseline_promote_smoke/manifests/policy_runtime_rerun_phase22.json
/private/tmp/raw_engine_phase49_stage/build-release/tests/artifacts/runtime_baseline_promote_smoke/manifests/runtime_history_index_v1_summary.json
/private/tmp/raw_engine_phase49_stage/build-release/tests/artifacts/runtime_baseline_promote_smoke/manifests/runtime_rebaseline_proposal_phase22.j...
[This part of the test output was removed since it exceeds the threshold of 1024 bytes.]
</system-out>
	</testcase>
	<testcase name="raw_engine_runtime_registry_promote_smoke" classname="raw_engine_runtime_registry_promote_smoke" time="0.650618" status="run">
		<properties/>
		<system-out>/private/tmp/raw_engine_phase49_stage/build-release/tests/artifacts/runtime_registry_promote_smoke/manifests/policy_runtime_current_phase22.json
/private/tmp/raw_engine_phase49_stage/build-release/tests/artifacts/runtime_registry_promote_smoke/manifests/policy_runtime_baseline_phase22_approved.json
/private/tmp/raw_engine_phase49_stage/build-release/tests/artifacts/runtime_registry_promote_smoke/manifests/runtime_baseline_registry_v1.json
/private/tmp/raw_engine_phase49_stage/build-release/tests/artifacts/runtime_registry_promote_smoke/manifests/policy_runtime_refresh_phase22.json
/private/tmp/raw_engine_phase49_stage/build-release/tests/artifacts/runtime_registry_promote_smoke/manifests/policy_runtime_rerun_phase22.json
/private/tmp/raw_engine_phase49_stage/build-release/tests/artifacts/runtime_registry_promote_smoke/manifests/runtime_history_index_v1_summary.json
/private/tmp/raw_engine_phase49_stage/build-release/tests/artifacts/runtime_registry_promote_smoke/manifests/runtime_rebaseline_proposal_phase22.j...
[This part of the test output was removed since it exceeds the threshold of 1024 bytes.]
</system-out>
	</testcase>
	<testcase name="raw_engine_runtime_registry_activate_retire_smoke" classname="raw_engine_runtime_registry_activate_retire_smoke" time="0.481651" status="run">
		<properties/>
		<system-out>/private/tmp/raw_engine_phase49_stage/build-release/tests/artifacts/runtime_registry_activate_retire_smoke/manifests/policy_runtime_current_phase22.json
/private/tmp/raw_engine_phase49_stage/build-release/tests/artifacts/runtime_registry_activate_retire_smoke/manifests/policy_runtime_baseline_phase22_approved.json
/private/tmp/raw_engine_phase49_stage/build-release/tests/artifacts/runtime_registry_activate_retire_smoke/manifests/runtime_baseline_registry_v1.json
/private/tmp/raw_engine_phase49_stage/build-release/tests/artifacts/runtime_registry_activate_retire_smoke/manifests/policy_runtime_refresh_phase22.json
/private/tmp/raw_engine_phase49_stage/build-release/tests/artifacts/runtime_registry_activate_retire_smoke/manifests/policy_runtime_rerun_phase22.json
/private/tmp/raw_engine_phase49_stage/build-release/tests/artifacts/runtime_registry_activate_retire_smoke/manifests/runtime_history_index_v1_summary.json
/private/tmp/raw_engine_phase49_stage/build-release/tests/artifacts/runtime_registry_activate_reti...
[This part of the test output was removed since it exceeds the threshold of 1024 bytes.]
</system-out>
	</testcase>
	<testcase name="raw_engine_runtime_registry_roundtrip_smoke" classname="raw_engine_runtime_registry_roundtrip_smoke" time="0.894469" status="run">
		<properties/>
		<system-out>/private/tmp/raw_engine_phase49_stage/build-release/tests/artifacts/runtime_registry_promote_smoke/manifests/policy_runtime_current_phase22.json
/private/tmp/raw_engine_phase49_stage/build-release/tests/artifacts/runtime_registry_promote_smoke/manifests/policy_runtime_baseline_phase22_approved.json
/private/tmp/raw_engine_phase49_stage/build-release/tests/artifacts/runtime_registry_promote_smoke/manifests/runtime_baseline_registry_v1.json
/private/tmp/raw_engine_phase49_stage/build-release/tests/artifacts/runtime_registry_promote_smoke/manifests/policy_runtime_refresh_phase22.json
/private/tmp/raw_engine_phase49_stage/build-release/tests/artifacts/runtime_registry_promote_smoke/manifests/policy_runtime_rerun_phase22.json
/private/tmp/raw_engine_phase49_stage/build-release/tests/artifacts/runtime_registry_promote_smoke/manifests/runtime_history_index_v1_summary.json
/private/tmp/raw_engine_phase49_stage/build-release/tests/artifacts/runtime_registry_promote_smoke/manifests/runtime_rebaseline_proposal_phase22.j...
[This part of the test output was removed since it exceeds the threshold of 1024 bytes.]
</system-out>
	</testcase>
	<testcase name="raw_engine_runtime_registry_select_exact_match_smoke" classname="raw_engine_runtime_registry_select_exact_match_smoke" time="0.946252" status="run">
		<properties/>
		<system-out>/private/tmp/raw_engine_phase49_stage/build-release/tests/artifacts/runtime_registry_select_exact_match_smoke/manifests/policy_runtime_current_phase22.json
/private/tmp/raw_engine_phase49_stage/build-release/tests/artifacts/runtime_registry_select_exact_match_smoke/manifests/policy_runtime_baseline_phase22_approved.json
/private/tmp/raw_engine_phase49_stage/build-release/tests/artifacts/runtime_registry_select_exact_match_smoke/manifests/runtime_baseline_registry_v1.json
/private/tmp/raw_engine_phase49_stage/build-release/tests/artifacts/runtime_registry_select_exact_match_smoke/manifests/policy_runtime_refresh_phase22.json
/private/tmp/raw_engine_phase49_stage/build-release/tests/artifacts/runtime_registry_select_exact_match_smoke/manifests/policy_runtime_rerun_phase22.json
/private/tmp/raw_engine_phase49_stage/build-release/tests/artifacts/runtime_registry_select_exact_match_smoke/manifests/runtime_history_index_v1_summary.json
/private/tmp/raw_engine_phase49_stage/build-release/tests/artifacts/runtime_regi...
[This part of the test output was removed since it exceeds the threshold of 1024 bytes.]
</system-out>
	</testcase>
	<testcase name="raw_engine_runtime_registry_select_no_match_smoke" classname="raw_engine_runtime_registry_select_no_match_smoke" time="0.946683" status="run">
		<properties/>
		<system-out>/private/tmp/raw_engine_phase49_stage/build-release/tests/artifacts/runtime_registry_select_no_match_smoke/manifests/policy_runtime_current_phase22.json
/private/tmp/raw_engine_phase49_stage/build-release/tests/artifacts/runtime_registry_select_no_match_smoke/manifests/policy_runtime_baseline_phase22_approved.json
/private/tmp/raw_engine_phase49_stage/build-release/tests/artifacts/runtime_registry_select_no_match_smoke/manifests/runtime_baseline_registry_v1.json
/private/tmp/raw_engine_phase49_stage/build-release/tests/artifacts/runtime_registry_select_no_match_smoke/manifests/policy_runtime_refresh_phase22.json
/private/tmp/raw_engine_phase49_stage/build-release/tests/artifacts/runtime_registry_select_no_match_smoke/manifests/policy_runtime_rerun_phase22.json
/private/tmp/raw_engine_phase49_stage/build-release/tests/artifacts/runtime_registry_select_no_match_smoke/manifests/runtime_history_index_v1_summary.json
/private/tmp/raw_engine_phase49_stage/build-release/tests/artifacts/runtime_registry_select_no_mat...
[This part of the test output was removed since it exceeds the threshold of 1024 bytes.]
</system-out>
	</testcase>
	<testcase name="raw_engine_runtime_registry_rebaseline_required_smoke" classname="raw_engine_runtime_registry_rebaseline_required_smoke" time="0.939545" status="run">
		<properties/>
		<system-out>/private/tmp/raw_engine_phase49_stage/build-release/tests/artifacts/runtime_registry_rebaseline_required_smoke/manifests/policy_runtime_current_phase22.json
/private/tmp/raw_engine_phase49_stage/build-release/tests/artifacts/runtime_registry_rebaseline_required_smoke/manifests/policy_runtime_baseline_phase22_approved.json
/private/tmp/raw_engine_phase49_stage/build-release/tests/artifacts/runtime_registry_rebaseline_required_smoke/manifests/runtime_baseline_registry_v1.json
/private/tmp/raw_engine_phase49_stage/build-release/tests/artifacts/runtime_registry_rebaseline_required_smoke/manifests/policy_runtime_refresh_phase22.json
/private/tmp/raw_engine_phase49_stage/build-release/tests/artifacts/runtime_registry_rebaseline_required_smoke/manifests/policy_runtime_rerun_phase22.json
/private/tmp/raw_engine_phase49_stage/build-release/tests/artifacts/runtime_registry_rebaseline_required_smoke/manifests/runtime_history_index_v1_summary.json
/private/tmp/raw_engine_phase49_stage/build-release/tests/artifacts/runtim...
[This part of the test output was removed since it exceeds the threshold of 1024 bytes.]
</system-out>
	</testcase>
	<testcase name="raw_engine_runtime_refresh_against_promoted_baseline_smoke" classname="raw_engine_runtime_refresh_against_promoted_baseline_smoke" time="0.921655" status="run">
		<properties>
			<property name="cmake_labels" value="compare;policy_core;policy_refresh"/>
		</properties>
		<system-out>/private/tmp/raw_engine_phase49_stage/build-release/tests/artifacts/runtime_refresh_against_promoted_baseline_smoke/manifests/policy_runtime_current_phase22.json
/private/tmp/raw_engine_phase49_stage/build-release/tests/artifacts/runtime_refresh_against_promoted_baseline_smoke/manifests/policy_runtime_baseline_phase22_approved.json
/private/tmp/raw_engine_phase49_stage/build-release/tests/artifacts/runtime_refresh_against_promoted_baseline_smoke/manifests/runtime_baseline_registry_v1.json
/private/tmp/raw_engine_phase49_stage/build-release/tests/artifacts/runtime_refresh_against_promoted_baseline_smoke/manifests/policy_runtime_refresh_phase22.json
/private/tmp/raw_engine_phase49_stage/build-release/tests/artifacts/runtime_refresh_against_promoted_baseline_smoke/manifests/policy_runtime_rerun_phase22.json
/private/tmp/raw_engine_phase49_stage/build-release/tests/artifacts/runtime_refresh_against_promoted_baseline_smoke/manifests/runtime_history_index_v1_summary.json
/private/tmp/raw_engine_phase49_stage/build-...
[This part of the test output was removed since it exceeds the threshold of 1024 bytes.]
</system-out>
	</testcase>
	<testcase name="raw_engine_runtime_rerun_plan_smoke" classname="raw_engine_runtime_rerun_plan_smoke" time="1.2074" status="run">
		<properties>
			<property name="cmake_labels" value="compare;policy_refresh;policy_sentinel"/>
		</properties>
		<system-out>/private/tmp/raw_engine_phase49_stage/build-release/tests/artifacts/runtime_rerun_plan_smoke/manifests/policy_runtime_current_phase22.json
/private/tmp/raw_engine_phase49_stage/build-release/tests/artifacts/runtime_rerun_plan_smoke/manifests/policy_runtime_baseline_phase22_approved.json
/private/tmp/raw_engine_phase49_stage/build-release/tests/artifacts/runtime_rerun_plan_smoke/manifests/runtime_baseline_registry_v1.json
/private/tmp/raw_engine_phase49_stage/build-release/tests/artifacts/runtime_rerun_plan_smoke/manifests/policy_runtime_refresh_phase22.json
/private/tmp/raw_engine_phase49_stage/build-release/tests/artifacts/runtime_rerun_plan_smoke/manifests/policy_runtime_rerun_phase22.json
/private/tmp/raw_engine_phase49_stage/build-release/tests/artifacts/runtime_rerun_plan_smoke/manifests/runtime_history_index_v1_summary.json
/private/tmp/raw_engine_phase49_stage/build-release/tests/artifacts/runtime_rerun_plan_smoke/manifests/runtime_rebaseline_proposal_phase22.json
/private/tmp/raw_engine_phase49_stage/...
[This part of the test output was removed since it exceeds the threshold of 1024 bytes.]
</system-out>
	</testcase>
	<testcase name="raw_engine_runtime_rerun_plan_empty_smoke" classname="raw_engine_runtime_rerun_plan_empty_smoke" time="0.846466" status="run">
		<properties>
			<property name="cmake_labels" value="compare;policy_core;policy_refresh;policy_sentinel"/>
		</properties>
		<system-out>/private/tmp/raw_engine_phase49_stage/build-release/tests/artifacts/runtime_rerun_plan_empty_smoke/manifests/policy_runtime_current_phase22.json
/private/tmp/raw_engine_phase49_stage/build-release/tests/artifacts/runtime_rerun_plan_empty_smoke/manifests/policy_runtime_baseline_phase22_approved.json
/private/tmp/raw_engine_phase49_stage/build-release/tests/artifacts/runtime_rerun_plan_empty_smoke/manifests/runtime_baseline_registry_v1.json
/private/tmp/raw_engine_phase49_stage/build-release/tests/artifacts/runtime_rerun_plan_empty_smoke/manifests/policy_runtime_refresh_phase22.json
/private/tmp/raw_engine_phase49_stage/build-release/tests/artifacts/runtime_rerun_plan_empty_smoke/manifests/policy_runtime_rerun_phase22.json
/private/tmp/raw_engine_phase49_stage/build-release/tests/artifacts/runtime_rerun_plan_empty_smoke/manifests/runtime_history_index_v1_summary.json
/private/tmp/raw_engine_phase49_stage/build-release/tests/artifacts/runtime_rerun_plan_empty_smoke/manifests/runtime_rebaseline_proposal_phase22.j...
[This part of the test output was removed since it exceeds the threshold of 1024 bytes.]
</system-out>
	</testcase>
	<testcase name="raw_engine_runtime_proposal_gate_smoke" classname="raw_engine_runtime_proposal_gate_smoke" time="1.79686" status="run">
		<properties>
			<property name="cmake_labels" value="compare"/>
		</properties>
		<system-out>/private/tmp/raw_engine_phase49_stage/build-release/tests/artifacts/runtime_proposal_gate_smoke/manifests/policy_runtime_current_phase22.json
/private/tmp/raw_engine_phase49_stage/build-release/tests/artifacts/runtime_proposal_gate_smoke/manifests/policy_runtime_baseline_phase22_approved.json
/private/tmp/raw_engine_phase49_stage/build-release/tests/artifacts/runtime_proposal_gate_smoke/manifests/runtime_baseline_registry_v1.json
/private/tmp/raw_engine_phase49_stage/build-release/tests/artifacts/runtime_proposal_gate_smoke/manifests/policy_runtime_refresh_phase22.json
/private/tmp/raw_engine_phase49_stage/build-release/tests/artifacts/runtime_proposal_gate_smoke/manifests/policy_runtime_rerun_phase22.json
/private/tmp/raw_engine_phase49_stage/build-release/tests/artifacts/runtime_proposal_gate_smoke/manifests/runtime_history_index_v1_summary.json
/private/tmp/raw_engine_phase49_stage/build-release/tests/artifacts/runtime_proposal_gate_smoke/manifests/runtime_rebaseline_proposal_phase22.json
/private/tmp/raw_...
[This part of the test output was removed since it exceeds the threshold of 1024 bytes.]
</system-out>
	</testcase>
	<testcase name="raw_engine_runtime_proposal_gate_need_more_samples_smoke" classname="raw_engine_runtime_proposal_gate_need_more_samples_smoke" time="1.33677" status="run">
		<properties>
			<property name="cmake_labels" value="compare"/>
		</properties>
		<system-out>/private/tmp/raw_engine_phase49_stage/build-release/tests/artifacts/runtime_proposal_gate_need_more_samples_smoke/manifests/policy_runtime_current_phase22.json
/private/tmp/raw_engine_phase49_stage/build-release/tests/artifacts/runtime_proposal_gate_need_more_samples_smoke/manifests/policy_runtime_baseline_phase22_approved.json
/private/tmp/raw_engine_phase49_stage/build-release/tests/artifacts/runtime_proposal_gate_need_more_samples_smoke/manifests/runtime_baseline_registry_v1.json
/private/tmp/raw_engine_phase49_stage/build-release/tests/artifacts/runtime_proposal_gate_need_more_samples_smoke/manifests/policy_runtime_refresh_phase22.json
/private/tmp/raw_engine_phase49_stage/build-release/tests/artifacts/runtime_proposal_gate_need_more_samples_smoke/manifests/policy_runtime_rerun_phase22.json
/private/tmp/raw_engine_phase49_stage/build-release/tests/artifacts/runtime_proposal_gate_need_more_samples_smoke/manifests/runtime_history_index_v1_summary.json
/private/tmp/raw_engine_phase49_stage/build-release/test...
[This part of the test output was removed since it exceeds the threshold of 1024 bytes.]
</system-out>
	</testcase>
	<testcase name="raw_engine_runtime_proposal_gate_approvable_smoke" classname="raw_engine_runtime_proposal_gate_approvable_smoke" time="2.32804" status="run">
		<properties>
			<property name="cmake_labels" value="compare"/>
		</properties>
		<system-out>/private/tmp/raw_engine_phase49_stage/build-release/tests/artifacts/runtime_proposal_gate_approvable_smoke/manifests/policy_runtime_current_phase22.json
/private/tmp/raw_engine_phase49_stage/build-release/tests/artifacts/runtime_proposal_gate_approvable_smoke/manifests/policy_runtime_baseline_phase22_approved.json
/private/tmp/raw_engine_phase49_stage/build-release/tests/artifacts/runtime_proposal_gate_approvable_smoke/manifests/runtime_baseline_registry_v1.json
/private/tmp/raw_engine_phase49_stage/build-release/tests/artifacts/runtime_proposal_gate_approvable_smoke/manifests/policy_runtime_refresh_phase22.json
/private/tmp/raw_engine_phase49_stage/build-release/tests/artifacts/runtime_proposal_gate_approvable_smoke/manifests/policy_runtime_rerun_phase22.json
/private/tmp/raw_engine_phase49_stage/build-release/tests/artifacts/runtime_proposal_gate_approvable_smoke/manifests/runtime_history_index_v1_summary.json
/private/tmp/raw_engine_phase49_stage/build-release/tests/artifacts/runtime_proposal_gate_approvab...
[This part of the test output was removed since it exceeds the threshold of 1024 bytes.]
</system-out>
	</testcase>
	<testcase name="raw_engine_runtime_proposal_gate_reject_hard_breach_smoke" classname="raw_engine_runtime_proposal_gate_reject_hard_breach_smoke" time="1.98045" status="run">
		<properties>
			<property name="cmake_labels" value="compare"/>
		</properties>
		<system-out>/private/tmp/raw_engine_phase49_stage/build-release/tests/artifacts/runtime_proposal_gate_reject_hard_breach_smoke/manifests/policy_runtime_current_phase22.json
/private/tmp/raw_engine_phase49_stage/build-release/tests/artifacts/runtime_proposal_gate_reject_hard_breach_smoke/manifests/policy_runtime_baseline_phase22_approved.json
/private/tmp/raw_engine_phase49_stage/build-release/tests/artifacts/runtime_proposal_gate_reject_hard_breach_smoke/manifests/runtime_baseline_registry_v1.json
/private/tmp/raw_engine_phase49_stage/build-release/tests/artifacts/runtime_proposal_gate_reject_hard_breach_smoke/manifests/policy_runtime_refresh_phase22.json
/private/tmp/raw_engine_phase49_stage/build-release/tests/artifacts/runtime_proposal_gate_reject_hard_breach_smoke/manifests/policy_runtime_rerun_phase22.json
/private/tmp/raw_engine_phase49_stage/build-release/tests/artifacts/runtime_proposal_gate_reject_hard_breach_smoke/manifests/runtime_history_index_v1_summary.json
/private/tmp/raw_engine_phase49_stage/build-releas...
[This part of the test output was removed since it exceeds the threshold of 1024 bytes.]
</system-out>
	</testcase>
	<testcase name="raw_engine_runtime_approve_rebaseline_smoke" classname="raw_engine_runtime_approve_rebaseline_smoke" time="2.46253" status="run">
		<properties>
			<property name="cmake_labels" value="compare"/>
		</properties>
		<system-out>/private/tmp/raw_engine_phase49_stage/build-release/tests/artifacts/runtime_approve_rebaseline_smoke/manifests/policy_runtime_current_phase22.json
/private/tmp/raw_engine_phase49_stage/build-release/tests/artifacts/runtime_approve_rebaseline_smoke/manifests/policy_runtime_baseline_phase22_approved.json
/private/tmp/raw_engine_phase49_stage/build-release/tests/artifacts/runtime_approve_rebaseline_smoke/manifests/runtime_baseline_registry_v1.json
/private/tmp/raw_engine_phase49_stage/build-release/tests/artifacts/runtime_approve_rebaseline_smoke/manifests/policy_runtime_refresh_phase22.json
/private/tmp/raw_engine_phase49_stage/build-release/tests/artifacts/runtime_approve_rebaseline_smoke/manifests/policy_runtime_rerun_phase22.json
/private/tmp/raw_engine_phase49_stage/build-release/tests/artifacts/runtime_approve_rebaseline_smoke/manifests/runtime_history_index_v1_summary.json
/private/tmp/raw_engine_phase49_stage/build-release/tests/artifacts/runtime_approve_rebaseline_smoke/manifests/runtime_rebaseline_prop...
[This part of the test output was removed since it exceeds the threshold of 1024 bytes.]
</system-out>
	</testcase>
	<testcase name="raw_engine_runtime_approve_rebaseline_from_gate_smoke" classname="raw_engine_runtime_approve_rebaseline_from_gate_smoke" time="2.24549" status="run">
		<properties>
			<property name="cmake_labels" value="compare"/>
		</properties>
		<system-out>/private/tmp/raw_engine_phase49_stage/build-release/tests/artifacts/runtime_approve_rebaseline_from_gate_smoke/manifests/policy_runtime_current_phase22.json
/private/tmp/raw_engine_phase49_stage/build-release/tests/artifacts/runtime_approve_rebaseline_from_gate_smoke/manifests/policy_runtime_baseline_phase22_approved.json
/private/tmp/raw_engine_phase49_stage/build-release/tests/artifacts/runtime_approve_rebaseline_from_gate_smoke/manifests/runtime_baseline_registry_v1.json
/private/tmp/raw_engine_phase49_stage/build-release/tests/artifacts/runtime_approve_rebaseline_from_gate_smoke/manifests/policy_runtime_refresh_phase22.json
/private/tmp/raw_engine_phase49_stage/build-release/tests/artifacts/runtime_approve_rebaseline_from_gate_smoke/manifests/policy_runtime_rerun_phase22.json
/private/tmp/raw_engine_phase49_stage/build-release/tests/artifacts/runtime_approve_rebaseline_from_gate_smoke/manifests/runtime_history_index_v1_summary.json
/private/tmp/raw_engine_phase49_stage/build-release/tests/artifacts/runtim...
[This part of the test output was removed since it exceeds the threshold of 1024 bytes.]
</system-out>
	</testcase>
	<testcase name="raw_engine_runtime_approve_rebaseline_registry_switch_smoke" classname="raw_engine_runtime_approve_rebaseline_registry_switch_smoke" time="2.33625" status="run">
		<properties>
			<property name="cmake_labels" value="compare"/>
		</properties>
		<system-out>/private/tmp/raw_engine_phase49_stage/build-release/tests/artifacts/runtime_approve_rebaseline_registry_switch_smoke/manifests/policy_runtime_current_phase22.json
/private/tmp/raw_engine_phase49_stage/build-release/tests/artifacts/runtime_approve_rebaseline_registry_switch_smoke/manifests/policy_runtime_baseline_phase22_approved.json
/private/tmp/raw_engine_phase49_stage/build-release/tests/artifacts/runtime_approve_rebaseline_registry_switch_smoke/manifests/runtime_baseline_registry_v1.json
/private/tmp/raw_engine_phase49_stage/build-release/tests/artifacts/runtime_approve_rebaseline_registry_switch_smoke/manifests/policy_runtime_refresh_phase22.json
/private/tmp/raw_engine_phase49_stage/build-release/tests/artifacts/runtime_approve_rebaseline_registry_switch_smoke/manifests/policy_runtime_rerun_phase22.json
/private/tmp/raw_engine_phase49_stage/build-release/tests/artifacts/runtime_approve_rebaseline_registry_switch_smoke/manifests/runtime_history_index_v1_summary.json
/private/tmp/raw_engine_phase49_stage/...
[This part of the test output was removed since it exceeds the threshold of 1024 bytes.]
</system-out>
	</testcase>
	<testcase name="raw_engine_runtime_registry_active_switch_phase30_smoke" classname="raw_engine_runtime_registry_active_switch_phase30_smoke" time="2.28266" status="run">
		<properties>
			<property name="cmake_labels" value="compare"/>
		</properties>
		<system-out>/private/tmp/raw_engine_phase49_stage/build-release/tests/artifacts/runtime_registry_active_switch_phase30_smoke/manifests/policy_runtime_current_phase22.json
/private/tmp/raw_engine_phase49_stage/build-release/tests/artifacts/runtime_registry_active_switch_phase30_smoke/manifests/policy_runtime_baseline_phase22_approved.json
/private/tmp/raw_engine_phase49_stage/build-release/tests/artifacts/runtime_registry_active_switch_phase30_smoke/manifests/runtime_baseline_registry_v1.json
/private/tmp/raw_engine_phase49_stage/build-release/tests/artifacts/runtime_registry_active_switch_phase30_smoke/manifests/policy_runtime_refresh_phase22.json
/private/tmp/raw_engine_phase49_stage/build-release/tests/artifacts/runtime_registry_active_switch_phase30_smoke/manifests/policy_runtime_rerun_phase22.json
/private/tmp/raw_engine_phase49_stage/build-release/tests/artifacts/runtime_registry_active_switch_phase30_smoke/manifests/runtime_history_index_v1_summary.json
/private/tmp/raw_engine_phase49_stage/build-release/tests/arti...
[This part of the test output was removed since it exceeds the threshold of 1024 bytes.]
</system-out>
	</testcase>
	<testcase name="raw_engine_runtime_approve_rebaseline_archive_proposal_smoke" classname="raw_engine_runtime_approve_rebaseline_archive_proposal_smoke" time="2.53417" status="run">
		<properties>
			<property name="cmake_labels" value="compare"/>
		</properties>
		<system-out>/private/tmp/raw_engine_phase49_stage/build-release/tests/artifacts/runtime_approve_rebaseline_archive_proposal_smoke/manifests/policy_runtime_current_phase22.json
/private/tmp/raw_engine_phase49_stage/build-release/tests/artifacts/runtime_approve_rebaseline_archive_proposal_smoke/manifests/policy_runtime_baseline_phase22_approved.json
/private/tmp/raw_engine_phase49_stage/build-release/tests/artifacts/runtime_approve_rebaseline_archive_proposal_smoke/manifests/runtime_baseline_registry_v1.json
/private/tmp/raw_engine_phase49_stage/build-release/tests/artifacts/runtime_approve_rebaseline_archive_proposal_smoke/manifests/policy_runtime_refresh_phase22.json
/private/tmp/raw_engine_phase49_stage/build-release/tests/artifacts/runtime_approve_rebaseline_archive_proposal_smoke/manifests/policy_runtime_rerun_phase22.json
/private/tmp/raw_engine_phase49_stage/build-release/tests/artifacts/runtime_approve_rebaseline_archive_proposal_smoke/manifests/runtime_history_index_v1_summary.json
/private/tmp/raw_engine_phase49_...
[This part of the test output was removed since it exceeds the threshold of 1024 bytes.]
</system-out>
	</testcase>
	<testcase name="raw_engine_runtime_approve_rebaseline_reject_without_gate_smoke" classname="raw_engine_runtime_approve_rebaseline_reject_without_gate_smoke" time="7.42486" status="run">
		<properties>
			<property name="cmake_labels" value="compare"/>
		</properties>
		<system-out>/private/tmp/raw_engine_phase49_stage/build-release/tests/artifacts/runtime_approve_rebaseline_reject_without_gate_smoke/manifests/policy_runtime_current_phase22.json
/private/tmp/raw_engine_phase49_stage/build-release/tests/artifacts/runtime_approve_rebaseline_reject_without_gate_smoke/manifests/policy_runtime_baseline_phase22_approved.json
/private/tmp/raw_engine_phase49_stage/build-release/tests/artifacts/runtime_approve_rebaseline_reject_without_gate_smoke/manifests/runtime_baseline_registry_v1.json
/private/tmp/raw_engine_phase49_stage/build-release/tests/artifacts/runtime_approve_rebaseline_reject_without_gate_smoke/manifests/policy_runtime_refresh_phase22.json
/private/tmp/raw_engine_phase49_stage/build-release/tests/artifacts/runtime_approve_rebaseline_reject_without_gate_smoke/manifests/policy_runtime_rerun_phase22.json
/private/tmp/raw_engine_phase49_stage/build-release/tests/artifacts/runtime_approve_rebaseline_reject_without_gate_smoke/manifests/runtime_history_index_v1_summary.json
/private/tmp/r...
[This part of the test output was removed since it exceeds the threshold of 1024 bytes.]
</system-out>
	</testcase>
	<testcase name="raw_engine_runtime_refresh_after_rebaseline_smoke" classname="raw_engine_runtime_refresh_after_rebaseline_smoke" time="1.29541" status="run">
		<properties>
			<property name="cmake_labels" value="compare"/>
		</properties>
		<system-out>/private/tmp/raw_engine_phase49_stage/build-release/tests/artifacts/runtime_refresh_after_rebaseline_smoke/manifests/policy_runtime_current_phase22.json
/private/tmp/raw_engine_phase49_stage/build-release/tests/artifacts/runtime_refresh_after_rebaseline_smoke/manifests/policy_runtime_baseline_phase22_approved.json
/private/tmp/raw_engine_phase49_stage/build-release/tests/artifacts/runtime_refresh_after_rebaseline_smoke/manifests/runtime_baseline_registry_v1.json
/private/tmp/raw_engine_phase49_stage/build-release/tests/artifacts/runtime_refresh_after_rebaseline_smoke/manifests/policy_runtime_refresh_phase22.json
/private/tmp/raw_engine_phase49_stage/build-release/tests/artifacts/runtime_refresh_after_rebaseline_smoke/manifests/policy_runtime_rerun_phase22.json
/private/tmp/raw_engine_phase49_stage/build-release/tests/artifacts/runtime_refresh_after_rebaseline_smoke/manifests/runtime_history_index_v1_summary.json
/private/tmp/raw_engine_phase49_stage/build-release/tests/artifacts/runtime_refresh_after_rebaseli...
[This part of the test output was removed since it exceeds the threshold of 1024 bytes.]
</system-out>
	</testcase>
	<testcase name="raw_engine_runtime_refresh_after_phase30_approval_smoke" classname="raw_engine_runtime_refresh_after_phase30_approval_smoke" time="2.58832" status="run">
		<properties>
			<property name="cmake_labels" value="compare"/>
		</properties>
		<system-out>/private/tmp/raw_engine_phase49_stage/build-release/tests/artifacts/runtime_refresh_after_rebaseline_smoke/manifests/policy_runtime_current_phase22.json
/private/tmp/raw_engine_phase49_stage/build-release/tests/artifacts/runtime_refresh_after_rebaseline_smoke/manifests/policy_runtime_baseline_phase22_approved.json
/private/tmp/raw_engine_phase49_stage/build-release/tests/artifacts/runtime_refresh_after_rebaseline_smoke/manifests/runtime_baseline_registry_v1.json
/private/tmp/raw_engine_phase49_stage/build-release/tests/artifacts/runtime_refresh_after_rebaseline_smoke/manifests/policy_runtime_refresh_phase22.json
/private/tmp/raw_engine_phase49_stage/build-release/tests/artifacts/runtime_refresh_after_rebaseline_smoke/manifests/policy_runtime_rerun_phase22.json
/private/tmp/raw_engine_phase49_stage/build-release/tests/artifacts/runtime_refresh_after_rebaseline_smoke/manifests/runtime_history_index_v1_summary.json
/private/tmp/raw_engine_phase49_stage/build-release/tests/artifacts/runtime_refresh_after_rebaseli...
[This part of the test output was removed since it exceeds the threshold of 1024 bytes.]
</system-out>
	</testcase>
	<testcase name="raw_engine_runtime_rerun_plan_after_rebaseline_smoke" classname="raw_engine_runtime_rerun_plan_after_rebaseline_smoke" time="1.35188" status="run">
		<properties>
			<property name="cmake_labels" value="compare"/>
		</properties>
		<system-out>/private/tmp/raw_engine_phase49_stage/build-release/tests/artifacts/runtime_rerun_plan_after_rebaseline_smoke/manifests/policy_runtime_current_phase22.json
/private/tmp/raw_engine_phase49_stage/build-release/tests/artifacts/runtime_rerun_plan_after_rebaseline_smoke/manifests/policy_runtime_baseline_phase22_approved.json
/private/tmp/raw_engine_phase49_stage/build-release/tests/artifacts/runtime_rerun_plan_after_rebaseline_smoke/manifests/runtime_baseline_registry_v1.json
/private/tmp/raw_engine_phase49_stage/build-release/tests/artifacts/runtime_rerun_plan_after_rebaseline_smoke/manifests/policy_runtime_refresh_phase22.json
/private/tmp/raw_engine_phase49_stage/build-release/tests/artifacts/runtime_rerun_plan_after_rebaseline_smoke/manifests/policy_runtime_rerun_phase22.json
/private/tmp/raw_engine_phase49_stage/build-release/tests/artifacts/runtime_rerun_plan_after_rebaseline_smoke/manifests/runtime_history_index_v1_summary.json
/private/tmp/raw_engine_phase49_stage/build-release/tests/artifacts/runtime_reru...
[This part of the test output was removed since it exceeds the threshold of 1024 bytes.]
</system-out>
	</testcase>
	<testcase name="raw_engine_runtime_rerun_plan_after_phase30_approval_smoke" classname="raw_engine_runtime_rerun_plan_after_phase30_approval_smoke" time="2.58093" status="run">
		<properties>
			<property name="cmake_labels" value="compare"/>
		</properties>
		<system-out>/private/tmp/raw_engine_phase49_stage/build-release/tests/artifacts/runtime_rerun_plan_after_rebaseline_smoke/manifests/policy_runtime_current_phase22.json
/private/tmp/raw_engine_phase49_stage/build-release/tests/artifacts/runtime_rerun_plan_after_rebaseline_smoke/manifests/policy_runtime_baseline_phase22_approved.json
/private/tmp/raw_engine_phase49_stage/build-release/tests/artifacts/runtime_rerun_plan_after_rebaseline_smoke/manifests/runtime_baseline_registry_v1.json
/private/tmp/raw_engine_phase49_stage/build-release/tests/artifacts/runtime_rerun_plan_after_rebaseline_smoke/manifests/policy_runtime_refresh_phase22.json
/private/tmp/raw_engine_phase49_stage/build-release/tests/artifacts/runtime_rerun_plan_after_rebaseline_smoke/manifests/policy_runtime_rerun_phase22.json
[...]
		<properties>
			<property name="cmake_labels" value="core"/>
		</properties>
		<system-out>raw_engine_v1 tests passed case=metamorphic_vertex_order_invariance
</system-out>
	</testcase>
	<testcase name="raw_engine_replay_serialization_invariance" classname="raw_engine_replay_serialization_invariance" time="0.67439" status="run">
		<properties>
			<property name="cmake_labels" value="core"/>
		</properties>
		<system-out>raw_engine_v1 tests passed case=replay_serialization_invariance
</system-out>
	</testcase>
	<testcase name="raw_engine_metamorphic_family_matrix_smoke" classname="raw_engine_metamorphic_family_matrix_smoke" time="3.20846" status="run">
		<properties>
			<property name="cmake_labels" value="slow"/>
		</properties>
		<system-out>raw_engine_v1 tests passed case=metamorphic_family_matrix_smoke
</system-out>
	</testcase>
	<testcase name="raw_engine_metamorphic_planner_multistep_smoke" classname="raw_engine_metamorphic_planner_multistep_smoke" time="0.863644" status="run">
		<properties>
			<property name="cmake_labels" value="slow"/>
		</properties>
		<system-out>raw_engine_v1 tests passed case=metamorphic_planner_multistep_smoke
</system-out>
	</testcase>
	<testcase name="raw_engine_metamorphic_replay_matrix_smoke" classname="raw_engine_metamorphic_replay_matrix_smoke" time="0.95592" status="run">
		<properties>
			<property name="cmake_labels" value="slow"/>
		</properties>
		<system-out>raw_engine_v1 tests passed case=metamorphic_replay_matrix_smoke
</system-out>
	</testcase>
	<testcase name="raw_engine_split_choice_oracle_smoke" classname="raw_engine_split_choice_oracle_smoke" time="0.419731" status="run">
		<properties>
			<property name="cmake_labels" value="compare;slow"/>
		</properties>
		<system-out>raw_engine_v1 tests passed case=split_choice_oracle_smoke
</system-out>
	</testcase>
	<testcase name="raw_engine_split_choice_relabel_invariance" classname="raw_engine_split_choice_relabel_invariance" time="0.353363" status="run">
		<properties>
			<property name="cmake_labels" value="core"/>
		</properties>
		<system-out>raw_engine_v1 tests passed case=split_choice_relabel_invariance
</system-out>
	</testcase>
	<testcase name="raw_engine_split_choice_edge_order_invariance" classname="raw_engine_split_choice_edge_order_invariance" time="0.353398" status="run">
		<properties>
			<property name="cmake_labels" value="core"/>
		</properties>
		<system-out>raw_engine_v1 tests passed case=split_choice_edge_order_invariance
</system-out>
	</testcase>
	<testcase name="raw_engine_split_choice_vertex_order_invariance" classname="raw_engine_split_choice_vertex_order_invariance" time="0.348674" status="run">
		<properties>
			<property name="cmake_labels" value="core"/>
		</properties>
		<system-out>raw_engine_v1 tests passed case=split_choice_vertex_order_invariance
</system-out>
	</testcase>
	<testcase name="raw_engine_split_choice_oracle_regression" classname="raw_engine_split_choice_oracle_regression" time="1.04537" status="run">
		<properties>
			<property name="cmake_labels" value="core"/>
		</properties>
		<system-out>raw_engine_v1 tests passed case=split_choice_oracle_regression
</system-out>
	</testcase>
	<testcase name="raw_engine_split_choice_policy_smoke" classname="raw_engine_split_choice_policy_smoke" time="2.88996" status="run">
		<properties>
			<property name="cmake_labels" value="core"/>
		</properties>
		<system-out>raw_engine_v1 tests passed case=split_choice_policy_smoke
</system-out>
	</testcase>
	<testcase name="raw_engine_split_choice_policy_relabel_invariance" classname="raw_engine_split_choice_policy_relabel_invariance" time="0.491567" status="run">
		<properties>
			<property name="cmake_labels" value="core"/>
		</properties>
		<system-out>raw_engine_v1 tests passed case=split_choice_policy_relabel_invariance
</system-out>
	</testcase>
	<testcase name="raw_engine_split_choice_policy_edge_order_invariance" classname="raw_engine_split_choice_policy_edge_order_invariance" time="0.484961" status="run">
		<properties>
			<property name="cmake_labels" value="core"/>
		</properties>
		<system-out>raw_engine_v1 tests passed case=split_choice_policy_edge_order_invariance
</system-out>
	</testcase>
	<testcase name="raw_engine_split_choice_policy_vertex_order_invariance" classname="raw_engine_split_choice_policy_vertex_order_invariance" time="0.485628" status="run">
		<properties>
			<property name="cmake_labels" value="core"/>
		</properties>
		<system-out>raw_engine_v1 tests passed case=split_choice_policy_vertex_order_invariance
</system-out>
	</testcase>
	<testcase name="raw_engine_split_choice_policy_occid_invariance" classname="raw_engine_split_choice_policy_occid_invariance" time="0.48647" status="run">
		<properties>
			<property name="cmake_labels" value="core"/>
		</properties>
		<system-out>raw_engine_v1 tests passed case=split_choice_policy_occid_invariance
</system-out>
	</testcase>
	<testcase name="raw_engine_split_choice_policy_multiclass_smoke" classname="raw_engine_split_choice_policy_multiclass_smoke" time="0.476765" status="run">
		<properties>
			<property name="cmake_labels" value="core"/>
		</properties>
		<system-out>raw_engine_v1 tests passed case=split_choice_policy_multiclass_smoke
</system-out>
	</testcase>
	<testcase name="raw_engine_split_choice_exact_class_smoke" classname="raw_engine_split_choice_exact_class_smoke" time="0.284619" status="run">
		<properties>
			<property name="cmake_labels" value="compare;slow"/>
		</properties>
		<system-out>raw_engine_v1 tests passed case=split_choice_exact_class_smoke
</system-out>
	</testcase>
	<testcase name="raw_engine_split_choice_exact_relabel_invariance" classname="raw_engine_split_choice_exact_relabel_invariance" time="0.500086" status="run">
		<properties>
			<property name="cmake_labels" value="core"/>
		</properties>
		<system-out>raw_engine_v1 tests passed case=split_choice_exact_relabel_invariance
</system-out>
	</testcase>
	<testcase name="raw_engine_split_choice_exact_vertex_order_invariance" classname="raw_engine_split_choice_exact_vertex_order_invariance" time="0.488238" status="run">
		<properties>
			<property name="cmake_labels" value="core"/>
		</properties>
		<system-out>raw_engine_v1 tests passed case=split_choice_exact_vertex_order_invariance
</system-out>
	</testcase>
	<testcase name="raw_engine_split_choice_exact_edge_order_invariance" classname="raw_engine_split_choice_exact_edge_order_invariance" time="0.497127" status="run">
		<properties>
			<property name="cmake_labels" value="core"/>
		</properties>
		<system-out>raw_engine_v1 tests passed case=split_choice_exact_edge_order_invariance
</system-out>
	</testcase>
	<testcase name="raw_engine_split_choice_representative_shift_smoke" classname="raw_engine_split_choice_representative_shift_smoke" time="10.0319" status="run">
		<properties>
			<property name="cmake_labels" value="compare;slow"/>
		</properties>
		<system-out>raw_engine_v1 tests passed case=split_choice_representative_shift_smoke
</system-out>
	</testcase>
	<testcase name="raw_engine_split_choice_semantic_shift_smoke" classname="raw_engine_split_choice_semantic_shift_smoke" time="30.7839" status="run">
		<properties>
			<property name="cmake_labels" value="compare;slow"/>
		</properties>
		<system-out>raw_engine_v1 tests passed case=split_choice_semantic_shift_smoke
</system-out>
	</testcase>
	<testcase name="raw_engine_split_choice_semantic_shift_regression" classname="raw_engine_split_choice_semantic_shift_regression" time="7.83818" status="run">
		<properties>
			<property name="cmake_labels" value="core"/>
		</properties>
		<system-out>raw_engine_v1 tests passed case=split_choice_semantic_shift_regression
</system-out>
	</testcase>
	<testcase name="raw_engine_split_choice_policy_exact_shadow_smoke" classname="raw_engine_split_choice_policy_exact_shadow_smoke" time="10.8217" status="run">
		<properties>
			<property name="cmake_labels" value="core"/>
		</properties>
		<system-out>raw_engine_v1 tests passed case=split_choice_policy_exact_shadow_smoke
</system-out>
	</testcase>
	<testcase name="raw_engine_split_choice_policy_fast_vs_exact_shadow_compare" classname="raw_engine_split_choice_policy_fast_vs_exact_shadow_compare" time="15.3256" status="run">
		<properties>
			<property name="cmake_labels" value="compare;slow"/>
		</properties>
		<system-out>raw_engine_v1 tests passed case=split_choice_policy_fast_vs_exact_shadow_compare
</system-out>
	</testcase>
	<testcase name="raw_engine_split_choice_exact_shadow_relabel_invariance" classname="raw_engine_split_choice_exact_shadow_relabel_invariance" time="0.485283" status="run">
		<properties>
			<property name="cmake_labels" value="core"/>
		</properties>
		<system-out>raw_engine_v1 tests passed case=split_choice_exact_shadow_relabel_invariance
</system-out>
	</testcase>
	<testcase name="raw_engine_split_choice_exact_shadow_vertex_order_invariance" classname="raw_engine_split_choice_exact_shadow_vertex_order_invariance" time="0.485632" status="run">
		<properties>
			<property name="cmake_labels" value="core"/>
		</properties>
		<system-out>raw_engine_v1 tests passed case=split_choice_exact_shadow_vertex_order_invariance
</system-out>
	</testcase>
	<testcase name="raw_engine_split_choice_exact_shadow_edge_order_invariance" classname="raw_engine_split_choice_exact_shadow_edge_order_invariance" time="0.489592" status="run">
		<properties>
			<property name="cmake_labels" value="core"/>
		</properties>
		<system-out>raw_engine_v1 tests passed case=split_choice_exact_shadow_edge_order_invariance
</system-out>
	</testcase>
	<testcase name="raw_engine_split_choice_fallback_zero_smoke" classname="raw_engine_split_choice_fallback_zero_smoke" time="5.57605" status="run">
		<properties>
			<property name="cmake_labels" value="core"/>
		</properties>
		<system-out>raw_engine_v1 tests passed case=split_choice_fallback_zero_smoke
</system-out>
	</testcase>
	<testcase name="raw_engine_planner_relabel_structural_regression" classname="raw_engine_planner_relabel_structural_regression" time="0.222455" status="run">
		<properties>
			<property name="cmake_labels" value="core"/>
		</properties>
		<system-out>raw_engine_v1 tests passed case=planner_relabel_structural_regression
</system-out>
	</testcase>
	<testcase name="raw_engine_planner_targeted_split_smoke" classname="raw_engine_planner_targeted_split_smoke" time="0.0227442" status="run">
		<properties>
			<property name="cmake_labels" value="core"/>
		</properties>
		<system-out>raw_engine_v1 tests passed case=planner_targeted_split_smoke
</system-out>
	</testcase>
	<testcase name="raw_engine_planner_targeted_join_smoke" classname="raw_engine_planner_targeted_join_smoke" time="0.00749392" status="run">
		<properties>
			<property name="cmake_labels" value="core"/>
		</properties>
		<system-out>raw_engine_v1 tests passed case=planner_targeted_join_smoke
</system-out>
	</testcase>
	<testcase name="raw_engine_planner_targeted_integrate_smoke" classname="raw_engine_planner_targeted_integrate_smoke" time="0.00622021" status="run">
		<properties>
			<property name="cmake_labels" value="core"/>
		</properties>
		<system-out>raw_engine_v1 tests passed case=planner_targeted_integrate_smoke
</system-out>
	</testcase>
	<testcase name="raw_engine_planner_targeted_mixed_smoke" classname="raw_engine_planner_targeted_mixed_smoke" time="0.0246428" status="run">
		<properties>
			<property name="cmake_labels" value="core"/>
		</properties>
		<system-out>raw_engine_v1 tests passed case=planner_targeted_mixed_smoke
</system-out>
	</testcase>
	<testcase name="raw_engine_split_ready_unique_orig_regression" classname="raw_engine_split_ready_unique_orig_regression" time="0.0214534" status="run">
		<properties>
			<property name="cmake_labels" value="core"/>
		</properties>
		<system-out>raw_engine_v1 tests passed case=split_ready_unique_orig_regression
</system-out>
	</testcase>
	<testcase name="raw_engine_planner_coverage_smoke" classname="raw_engine_planner_coverage_smoke" time="0.0238743" status="run">
		<properties>
			<property name="cmake_labels" value="slow"/>
		</properties>
		<system-out>raw_engine_v1 tests passed case=planner_coverage_smoke
</system-out>
	</testcase>
	<testcase name="raw_engine_planner_random_coverage_smoke" classname="raw_engine_planner_random_coverage_smoke" time="0.478325" status="run">
		<properties>
			<property name="cmake_labels" value="fuzz"/>
		</properties>
		<system-out>raw_engine_v1 tests passed case=planner_random_coverage_smoke
</system-out>
	</testcase>
	<testcase name="raw_engine_planner_weighted_coverage_smoke" classname="raw_engine_planner_weighted_coverage_smoke" time="0.954013" status="run">
		<properties>
			<property name="cmake_labels" value="fuzz"/>
		</properties>
		<system-out>raw_engine_v1 tests passed case=planner_weighted_coverage_smoke
</system-out>
	</testcase>
	<testcase name="raw_engine_planner_join_ready_smoke" classname="raw_engine_planner_join_ready_smoke" time="0.00593833" status="run">
		<properties>
			<property name="cmake_labels" value="slow"/>
		</properties>
		<system-out>raw_engine_v1 tests passed case=planner_join_ready_smoke
</system-out>
	</testcase>
	<testcase name="raw_engine_planner_integrate_ready_smoke" classname="raw_engine_planner_integrate_ready_smoke" time="0.00565483" status="run">
		<properties>
			<property name="cmake_labels" value="slow"/>
		</properties>
		<system-out>raw_engine_v1 tests passed case=planner_integrate_ready_smoke
</system-out>
	</testcase>
	<testcase name="raw_engine_planner_structural_mixed_smoke" classname="raw_engine_planner_structural_mixed_smoke" time="0.165254" status="run">
		<properties>
			<property name="cmake_labels" value="slow"/>
		</properties>
		<system-out>raw_engine_v1 tests passed case=planner_structural_mixed_smoke
</system-out>
	</testcase>
	<testcase name="raw_engine_planner_tie_mixed_smoke" classname="raw_engine_planner_tie_mixed_smoke" time="0.00614254" status="run">
		<properties>
			<property name="cmake_labels" value="slow"/>
		</properties>
		<system-out>raw_engine_v1 tests passed case=planner_tie_mixed_smoke
</system-out>
	</testcase>
	<testcase name="raw_engine_planner_tie_mixed_exact_shadow_smoke" classname="raw_engine_planner_tie_mixed_exact_shadow_smoke" time="0.00707871" status="run">
		<properties>
			<property name="cmake_labels" value="slow"/>
		</properties>
		<system-out>raw_engine_v1 tests passed case=planner_tie_mixed_exact_shadow_smoke
</system-out>
	</testcase>
	<testcase name="raw_engine_planner_tie_symmetric_smoke" classname="raw_engine_planner_tie_symmetric_smoke" time="0.00608046" status="run">
		<properties>
			<property name="cmake_labels" value="slow"/>
		</properties>
		<system-out>raw_engine_v1 tests passed case=planner_tie_symmetric_smoke
</system-out>
	</testcase>
	<testcase name="raw_engine_artifact_retention_smoke" classname="raw_engine_artifact_retention_smoke" time="0.00519508" status="run">
		<properties>
			<property name="cmake_labels" value="slow"/>
		</properties>
		<system-out>raw_engine_v1 tests passed case=artifact_retention_smoke
</system-out>
	</testcase>
	<testcase name="raw_engine_exhaustive_natural_dedupe_large_smoke" classname="raw_engine_exhaustive_natural_dedupe_large_smoke" time="71.2119" status="run">
		<properties>
			<property name="cmake_labels" value="asan_slow;exhaustive;nightly"/>
		</properties>
		<system-out>raw_engine_v1 tests passed case=exhaustive_natural_dedupe_large_smoke
</system-out>
	</testcase>
	<testcase name="raw_engine_exhaustive_organic_duplicate_examples_smoke" classname="raw_engine_exhaustive_organic_duplicate_examples_smoke" time="36.5279" status="run">
		<properties>
			<property name="cmake_labels" value="asan_slow;exhaustive;nightly"/>
		</properties>
		<system-out>raw_engine_v1 tests passed case=exhaustive_organic_duplicate_examples_smoke
</system-out>
	</testcase>
	<testcase name="raw_engine_fast_vs_exact_canonical_dedupe_smoke" classname="raw_engine_fast_vs_exact_canonical_dedupe_smoke" time="19.545" status="run">
		<properties>
			<property name="cmake_labels" value="asan_slow;compare;nightly"/>
		</properties>
		<system-out>raw_engine_v1 tests passed case=fast_vs_exact_canonical_dedupe_smoke
</system-out>
	</testcase>
	<testcase name="raw_engine_split_choice_harmless_shift_smoke" classname="raw_engine_split_choice_harmless_shift_smoke" time="38.0477" status="run">
		<properties>
			<property name="cmake_labels" value="asan_slow;compare;nightly;slow"/>
		</properties>
		<system-out>raw_engine_v1 tests passed case=split_choice_harmless_shift_smoke
</system-out>
	</testcase>
	<testcase name="raw_engine_canonical_collision_probe_smoke" classname="raw_engine_canonical_collision_probe_smoke" time="106.903" status="run">
		<properties>
			<property name="cmake_labels" value="asan_slow;compare;exhaustive;nightly"/>
		</properties>
		<system-out>raw_engine_v1 tests passed case=canonical_collision_probe_smoke
</system-out>
	</testcase>
	<testcase name="raw_engine_split_tie_organic_symmetric_smoke" classname="raw_engine_split_tie_organic_symmetric_smoke" time="11.5675" status="run">
		<properties>
			<property name="cmake_labels" value="nightly;slow"/>
		</properties>
		<system-out>raw_engine_v1 tests passed case=split_tie_organic_symmetric_smoke
</system-out>
	</testcase>
	<testcase name="raw_engine_planner_tie_mixed_organic_smoke" classname="raw_engine_planner_tie_mixed_organic_smoke" time="0.00571408" status="run">
		<properties>
			<property name="cmake_labels" value="nightly;slow"/>
		</properties>
		<system-out>raw_engine_v1 tests passed case=planner_tie_mixed_organic_smoke
</system-out>
	</testcase>
	<testcase name="raw_engine_planner_tie_mixed_organic_compare_ready_smoke" classname="raw_engine_planner_tie_mixed_organic_compare_ready_smoke" time="10.9777" status="run">
		<properties>
			<property name="cmake_labels" value="asan_slow;compare;nightly;slow"/>
		</properties>
		<system-out>raw_engine_v1 tests passed case=planner_tie_mixed_organic_compare_ready_smoke
</system-out>
	</testcase>
	<testcase name="raw_engine_automorphism_probe_large_smoke" classname="raw_engine_automorphism_probe_large_smoke" time="10.9949" status="run">
		<properties>
			<property name="cmake_labels" value="asan_slow;compare;exhaustive;nightly"/>
		</properties>
		<system-out>raw_engine_v1 tests passed case=automorphism_probe_large_smoke
</system-out>
	</testcase>
	<testcase name="raw_engine_sampled_exact_audit_smoke" classname="raw_engine_sampled_exact_audit_smoke" time="13.8985" status="run">
		<properties>
			<property name="cmake_labels" value="compare;slow"/>
		</properties>
		<system-out>raw_engine_v1 tests passed case=sampled_exact_audit_smoke
</system-out>
	</testcase>
	<testcase name="raw_engine_duplicate_attribution_smoke" classname="raw_engine_duplicate_attribution_smoke" time="10.8592" status="run">
		<properties>
			<property name="cmake_labels" value="nightly;slow"/>
		</properties>
		<system-out>raw_engine_v1 tests passed case=duplicate_attribution_smoke
</system-out>
	</testcase>
	<testcase name="raw_engine_compare_campaign_checkpoint_smoke" classname="raw_engine_compare_campaign_checkpoint_smoke" time="0.0854233" status="run">
		<properties>
			<property name="cmake_labels" value="asan_slow;compare;nightly"/>
		</properties>
		<system-out></system-out>
	</testcase>
	<testcase name="raw_engine_campaign_resume_smoke" classname="raw_engine_campaign_resume_smoke" time="0.108296" status="run">
		<properties>
			<property name="cmake_labels" value="asan_slow;compare;nightly"/>
		</properties>
		<system-out></system-out>
	</testcase>
	<testcase name="raw_engine_campaign_partial_merge_smoke" classname="raw_engine_campaign_partial_merge_smoke" time="13.3524" status="run">
		<properties>
			<property name="cmake_labels" value="asan_slow;compare;nightly"/>
		</properties>
		<system-out></system-out>
	</testcase>
</testsuite>
