<?xml version="1.0" encoding="UTF-8"?>
<testsuite name="(empty)"
	tests="412"
	failures="0"
	disabled="0"
	skipped="0"
	hostname=""
	time="1813"
	timestamp="2026-04-22T20:40:07"
	>
	<testcase name="raw_engine_micro" classname="raw_engine_micro" time="0.534293" status="run">
		<properties>
			<property name="cmake_labels" value="core"/>
		</properties>
		<system-out>raw_engine_v1 tests passed case=micro
</system-out>
	</testcase>
	<testcase name="raw_engine_roundtrip" classname="raw_engine_roundtrip" time="0.756361" status="run">
		<properties>
			<property name="cmake_labels" value="core"/>
		</properties>
		<system-out>raw_engine_v1 tests passed case=roundtrip
</system-out>
	</testcase>
	<testcase name="raw_engine_split_integrate_ensure" classname="raw_engine_split_integrate_ensure" time="0.710234" status="run">
		<properties>
			<property name="cmake_labels" value="core"/>
		</properties>
		<system-out>raw_engine_v1 tests passed case=split_integrate_ensure
</system-out>
	</testcase>
	<testcase name="raw_engine_regression_44001" classname="raw_engine_regression_44001" time="0.531451" status="run">
		<properties>
			<property name="cmake_labels" value="core"/>
		</properties>
		<system-out>raw_engine_v1 tests passed case=regression_44001
</system-out>
	</testcase>
	<testcase name="raw_engine_regression_isolate_split_no_sep" classname="raw_engine_regression_isolate_split_no_sep" time="0.0120519" status="run">
		<properties>
			<property name="cmake_labels" value="core"/>
		</properties>
		<system-out>raw_engine_v1 tests passed case=regression_isolate_split_no_sep
</system-out>
	</testcase>
	<testcase name="raw_engine_planner" classname="raw_engine_planner" time="14.9368" status="run">
		<properties>
			<property name="cmake_labels" value="core"/>
		</properties>
		<system-out>raw_engine_v1 tests passed case=planner
</system-out>
	</testcase>
	<testcase name="raw_engine_fuzz_matrix" classname="raw_engine_fuzz_matrix" time="5.1473" status="run">
		<properties>
			<property name="cmake_labels" value="fuzz"/>
		</properties>
		<system-out>raw_engine_v1 tests passed case=fuzz_matrix
</system-out>
	</testcase>
	<testcase name="raw_engine_fuzz" classname="raw_engine_fuzz" time="2.21457" status="run">
		<properties>
			<property name="cmake_labels" value="fuzz;slow"/>
		</properties>
		<system-out>raw_engine_v1 tests passed case=fuzz
</system-out>
	</testcase>
	<testcase name="raw_engine_isolate_oracle" classname="raw_engine_isolate_oracle" time="0.257987" status="run">
		<properties>
			<property name="cmake_labels" value="core"/>
		</properties>
		<system-out>raw_engine_v1 tests passed case=isolate_oracle
</system-out>
	</testcase>
	<testcase name="raw_engine_split_oracle" classname="raw_engine_split_oracle" time="0.49317" status="run">
		<properties>
			<property name="cmake_labels" value="core"/>
		</properties>
		<system-out>raw_engine_v1 tests passed case=split_oracle
</system-out>
	</testcase>
	<testcase name="raw_engine_join_oracle" classname="raw_engine_join_oracle" time="0.82085" status="run">
		<properties>
			<property name="cmake_labels" value="core"/>
		</properties>
		<system-out>raw_engine_v1 tests passed case=join_oracle
</system-out>
	</testcase>
	<testcase name="raw_engine_integrate_oracle" classname="raw_engine_integrate_oracle" time="0.526018" status="run">
		<properties>
			<property name="cmake_labels" value="core"/>
		</properties>
		<system-out>raw_engine_v1 tests passed case=integrate_oracle
</system-out>
	</testcase>
	<testcase name="raw_engine_planner_oracle" classname="raw_engine_planner_oracle" time="15.4283" status="run">
		<properties>
			<property name="cmake_labels" value="core"/>
		</properties>
		<system-out>raw_engine_v1 tests passed case=planner_oracle
</system-out>
	</testcase>
	<testcase name="raw_engine_planner_oracle_fuzz" classname="raw_engine_planner_oracle_fuzz" time="12.1304" status="run">
		<properties>
			<property name="cmake_labels" value="asan_slow;fuzz"/>
		</properties>
		<system-out>raw_engine_v1 tests passed case=planner_oracle_fuzz
</system-out>
	</testcase>
	<testcase name="raw_engine_replay_state" classname="raw_engine_replay_state" time="0.0171886" status="run">
		<properties>
			<property name="cmake_labels" value="core"/>
		</properties>
		<system-out>FAIL_CLASS=none
FAIL_STAGE=none
FAIL_PRIMITIVE=none
FAIL_PLANNER_PHASE=none
FAIL_TARGET_OCC=4294967295
FAIL_MISMATCH=none
raw_engine_v1 tests passed case=replay_state
</system-out>
	</testcase>
	<testcase name="raw_engine_reducer_smoke" classname="raw_engine_reducer_smoke" time="0.809287" status="run">
		<properties>
			<property name="cmake_labels" value="core"/>
		</properties>
		<system-out>raw_engine_v1 tests passed case=reducer_smoke
</system-out>
	</testcase>
	<testcase name="raw_engine_replay_planner_state" classname="raw_engine_replay_planner_state" time="0.0162228" status="run">
		<properties>
			<property name="cmake_labels" value="core"/>
		</properties>
		<system-out>FAIL_CLASS=none
FAIL_STAGE=none
FAIL_PRIMITIVE=none
FAIL_PLANNER_PHASE=none
FAIL_TARGET_OCC=4294967295
FAIL_MISMATCH=none
raw_engine_v1 tests passed case=replay_planner_state
</system-out>
	</testcase>
	<testcase name="raw_engine_reduce_planner_state_smoke" classname="raw_engine_reduce_planner_state_smoke" time="0.432319" status="run">
		<properties>
			<property name="cmake_labels" value="core"/>
		</properties>
		<system-out>raw_engine_v1 tests passed case=reduce_planner_state_smoke
</system-out>
	</testcase>
	<testcase name="raw_engine_failure_signature_smoke" classname="raw_engine_failure_signature_smoke" time="0.0159177" status="run">
		<properties>
			<property name="cmake_labels" value="core"/>
		</properties>
		<system-out>raw_engine_v1 tests passed case=failure_signature_smoke
</system-out>
	</testcase>
	<testcase name="raw_engine_planner_failure_signature_smoke" classname="raw_engine_planner_failure_signature_smoke" time="0.0160092" status="run">
		<properties>
			<property name="cmake_labels" value="core"/>
		</properties>
		<system-out>raw_engine_v1 tests passed case=planner_failure_signature_smoke
</system-out>
	</testcase>
	<testcase name="raw_engine_reduce_planner_state_step_budget" classname="raw_engine_reduce_planner_state_step_budget" time="1.52985" status="run">
		<properties>
			<property name="cmake_labels" value="core"/>
		</properties>
		<system-out>raw_engine_v1 tests passed case=reduce_planner_state_step_budget
</system-out>
	</testcase>
	<testcase name="raw_engine_reduce_planner_state_trace_prefix" classname="raw_engine_reduce_planner_state_trace_prefix" time="0.434693" status="run">
		<properties>
			<property name="cmake_labels" value="core"/>
		</properties>
		<system-out>raw_engine_v1 tests passed case=reduce_planner_state_trace_prefix
</system-out>
	</testcase>
	<testcase name="raw_engine_planner_oracle_fuzz_stats" classname="raw_engine_planner_oracle_fuzz_stats" time="1.77632" status="run">
		<properties>
			<property name="cmake_labels" value="asan_slow;fuzz;slow"/>
		</properties>
		<system-out>raw_engine_v1 tests passed case=planner_oracle_fuzz_stats
</system-out>
	</testcase>
	<testcase name="raw_engine_primitive_fault_detection_smoke" classname="raw_engine_primitive_fault_detection_smoke" time="0.0189798" status="run">
		<properties>
			<property name="cmake_labels" value="core"/>
		</properties>
		<system-out>raw_engine_v1 tests passed case=primitive_fault_detection_smoke
</system-out>
	</testcase>
	<testcase name="raw_engine_planner_fault_detection_smoke" classname="raw_engine_planner_fault_detection_smoke" time="0.0214488" status="run">
		<properties>
			<property name="cmake_labels" value="core"/>
		</properties>
		<system-out>raw_engine_v1 tests passed case=planner_fault_detection_smoke
</system-out>
	</testcase>
	<testcase name="raw_engine_mutation_matrix_smoke" classname="raw_engine_mutation_matrix_smoke" time="0.0234516" status="run">
		<properties>
			<property name="cmake_labels" value="core"/>
		</properties>
		<system-out>raw_engine_v1 tests passed case=mutation_matrix_smoke
</system-out>
	</testcase>
	<testcase name="raw_engine_planner_fixpoint_idempotence" classname="raw_engine_planner_fixpoint_idempotence" time="0.0185158" status="run">
		<properties>
			<property name="cmake_labels" value="core"/>
		</properties>
		<system-out>raw_engine_v1 tests passed case=planner_fixpoint_idempotence
</system-out>
	</testcase>
	<testcase name="raw_engine_planner_replay_determinism" classname="raw_engine_planner_replay_determinism" time="0.0219114" status="run">
		<properties>
			<property name="cmake_labels" value="core"/>
		</properties>
		<system-out>raw_engine_v1 tests passed case=planner_replay_determinism
</system-out>
	</testcase>
	<testcase name="raw_engine_reducer_determinism_smoke" classname="raw_engine_reducer_determinism_smoke" time="0.852716" status="run">
		<properties>
			<property name="cmake_labels" value="core"/>
		</properties>
		<system-out>raw_engine_v1 tests passed case=reducer_determinism_smoke
</system-out>
	</testcase>
	<testcase name="raw_engine_corpus_roundtrip_smoke" classname="raw_engine_corpus_roundtrip_smoke" time="0.579755" status="run">
		<properties>
			<property name="cmake_labels" value="core;fuzz"/>
		</properties>
		<system-out>raw_engine_v1 tests passed case=corpus_roundtrip_smoke
</system-out>
	</testcase>
	<testcase name="raw_engine_corpus_replay_smoke" classname="raw_engine_corpus_replay_smoke" time="0.279626" status="run">
		<properties>
			<property name="cmake_labels" value="core;fuzz"/>
		</properties>
		<system-out>raw_engine_v1 tests passed case=corpus_replay_smoke
</system-out>
	</testcase>
	<testcase name="raw_engine_compare_ready_lineage_smoke" classname="raw_engine_compare_ready_lineage_smoke" time="109.846" status="run">
		<properties>
			<property name="cmake_labels" value="compare;slow"/>
		</properties>
		<system-out>raw_engine_v1 tests passed case=compare_ready_lineage_smoke
</system-out>
	</testcase>
	<testcase name="raw_engine_planner_tie_organic_applicability_smoke" classname="raw_engine_planner_tie_organic_applicability_smoke" time="0.104703" status="run">
		<properties>
			<property name="cmake_labels" value="compare;slow"/>
		</properties>
		<system-out>raw_engine_v1 tests passed case=planner_tie_organic_applicability_smoke
</system-out>
	</testcase>
	<testcase name="raw_engine_planner_tie_organic_proxy_pass_smoke" classname="raw_engine_planner_tie_organic_proxy_pass_smoke" time="0.0162152" status="run">
		<properties>
			<property name="cmake_labels" value="compare;slow"/>
		</properties>
		<system-out>raw_engine_v1 tests passed case=planner_tie_organic_proxy_pass_smoke
</system-out>
	</testcase>
	<testcase name="raw_engine_campaign_phase16_resume_gate_smoke" classname="raw_engine_campaign_phase16_resume_gate_smoke" time="122.613" status="run">
		<properties>
			<property name="cmake_labels" value="compare"/>
		</properties>
		<system-out>raw_engine_v1 tests passed case=campaign_phase16_resume_gate_smoke
</system-out>
	</testcase>
	<testcase name="raw_engine_campaign_phase16_manifest_compatibility_smoke" classname="raw_engine_campaign_phase16_manifest_compatibility_smoke" time="34.7799" status="run">
		<properties>
			<property name="cmake_labels" value="compare;core"/>
		</properties>
		<system-out>raw_engine_v1 tests passed case=campaign_phase16_manifest_compatibility_smoke
</system-out>
	</testcase>
	<testcase name="raw_engine_split_choice_policy_graduation_smoke" classname="raw_engine_split_choice_policy_graduation_smoke" time="0.0161883" status="run">
		<properties>
			<property name="cmake_labels" value="compare;core"/>
		</properties>
		<system-out>raw_engine_v1 tests passed case=split_choice_policy_graduation_smoke
</system-out>
	</testcase>
	<testcase name="raw_engine_policy_graduation_gate_smoke" classname="raw_engine_policy_graduation_gate_smoke" time="0.0158193" status="run">
		<properties>
			<property name="cmake_labels" value="compare;core"/>
		</properties>
		<system-out>raw_engine_v1 tests passed case=policy_graduation_gate_smoke
</system-out>
	</testcase>
	<testcase name="raw_engine_policy_gate_manifest_smoke" classname="raw_engine_policy_gate_manifest_smoke" time="0.0196022" status="run">
		<properties>
			<property name="cmake_labels" value="compare;core;policy_core"/>
		</properties>
		<system-out>raw_engine_v1 tests passed case=policy_gate_manifest_smoke
</system-out>
	</testcase>
	<testcase name="raw_engine_policy_baseline_promote_smoke" classname="raw_engine_policy_baseline_promote_smoke" time="0.0119882" status="run">
		<properties>
			<property name="cmake_labels" value="policy_core;policy_refresh"/>
		</properties>
		<system-out>raw_engine_v1 tests passed case=policy_baseline_promote_smoke
</system-out>
	</testcase>
	<testcase name="raw_engine_policy_baseline_roundtrip_smoke" classname="raw_engine_policy_baseline_roundtrip_smoke" time="0.0118486" status="run">
		<properties>
			<property name="cmake_labels" value="policy_core;policy_refresh"/>
		</properties>
		<system-out>raw_engine_v1 tests passed case=policy_baseline_roundtrip_smoke
</system-out>
	</testcase>
	<testcase name="raw_engine_policy_promote_reject_fail_smoke" classname="raw_engine_policy_promote_reject_fail_smoke" time="0.00950292" status="run">
		<properties>
			<property name="cmake_labels" value="policy_core;policy_refresh"/>
		</properties>
		<system-out>raw_engine_v1 tests passed case=policy_promote_reject_fail_smoke
</system-out>
	</testcase>
	<testcase name="raw_engine_policy_refresh_smoke" classname="raw_engine_policy_refresh_smoke" time="0.00957446" status="run">
		<properties>
			<property name="cmake_labels" value="compare;core;policy_core;policy_refresh"/>
		</properties>
		<system-out>raw_engine_v1 tests passed case=policy_refresh_smoke
</system-out>
	</testcase>
	<testcase name="raw_engine_policy_refresh_against_promoted_baseline_smoke" classname="raw_engine_policy_refresh_against_promoted_baseline_smoke" time="0.0111276" status="run">
		<properties>
			<property name="cmake_labels" value="policy_core;policy_refresh"/>
		</properties>
		<system-out>raw_engine_v1 tests passed case=policy_refresh_against_promoted_baseline_smoke
</system-out>
	</testcase>
	<testcase name="raw_engine_policy_refresh_family_filter_smoke" classname="raw_engine_policy_refresh_family_filter_smoke" time="0.00943333" status="run">
		<properties>
			<property name="cmake_labels" value="compare;core;policy_core;policy_refresh"/>
		</properties>
		<system-out>raw_engine_v1 tests passed case=policy_refresh_family_filter_smoke
</system-out>
	</testcase>
	<testcase name="raw_engine_policy_refresh_freshness_only_smoke" classname="raw_engine_policy_refresh_freshness_only_smoke" time="0.0122498" status="run">
		<properties>
			<property name="cmake_labels" value="policy_core;policy_refresh"/>
		</properties>
		<system-out>raw_engine_v1 tests passed case=policy_refresh_freshness_only_smoke
</system-out>
	</testcase>
	<testcase name="raw_engine_policy_refresh_stale_hash_smoke" classname="raw_engine_policy_refresh_stale_hash_smoke" time="0.0111307" status="run">
		<properties>
			<property name="cmake_labels" value="compare;policy_refresh;policy_sentinel"/>
		</properties>
		<system-out>raw_engine_v1 tests passed case=policy_refresh_stale_hash_smoke
</system-out>
	</testcase>
	<testcase name="raw_engine_policy_refresh_compare_engine_hash_smoke" classname="raw_engine_policy_refresh_compare_engine_hash_smoke" time="0.0109355" status="run">
		<properties>
			<property name="cmake_labels" value="compare;policy_refresh;policy_sentinel"/>
		</properties>
		<system-out>raw_engine_v1 tests passed case=policy_refresh_compare_engine_hash_smoke
</system-out>
	</testcase>
	<testcase name="raw_engine_policy_refresh_generator_hash_smoke" classname="raw_engine_policy_refresh_generator_hash_smoke" time="0.010817" status="run">
		<properties>
			<property name="cmake_labels" value="compare;policy_refresh;policy_sentinel"/>
		</properties>
		<system-out>raw_engine_v1 tests passed case=policy_refresh_generator_hash_smoke
</system-out>
	</testcase>
	<testcase name="raw_engine_policy_refresh_campaign_config_hash_smoke" classname="raw_engine_policy_refresh_campaign_config_hash_smoke" time="0.0110253" status="run">
		<properties>
			<property name="cmake_labels" value="compare;policy_refresh;policy_sentinel"/>
		</properties>
		<system-out>raw_engine_v1 tests passed case=policy_refresh_campaign_config_hash_smoke
</system-out>
	</testcase>
	<testcase name="raw_engine_policy_gate_family_filter_smoke" classname="raw_engine_policy_gate_family_filter_smoke" time="0.0191868" status="run">
		<properties>
			<property name="cmake_labels" value="compare;core"/>
		</properties>
		<system-out>raw_engine_v1 tests passed case=policy_gate_family_filter_smoke
</system-out>
	</testcase>
	<testcase name="raw_engine_policy_gate_non_applicable_smoke" classname="raw_engine_policy_gate_non_applicable_smoke" time="0.0156074" status="run">
		<properties>
			<property name="cmake_labels" value="compare;core;policy_sentinel"/>
		</properties>
		<system-out>raw_engine_v1 tests passed case=policy_gate_non_applicable_smoke
</system-out>
	</testcase>
	<testcase name="raw_engine_policy_gate_non_applicable_drift_smoke" classname="raw_engine_policy_gate_non_applicable_drift_smoke" time="0.0105705" status="run">
		<properties>
			<property name="cmake_labels" value="compare;core;policy_refresh;policy_sentinel"/>
		</properties>
		<system-out>raw_engine_v1 tests passed case=policy_gate_non_applicable_drift_smoke
</system-out>
	</testcase>
	<testcase name="raw_engine_planner_tie_organic_applicability_drift_smoke" classname="raw_engine_planner_tie_organic_applicability_drift_smoke" time="0.0156699" status="run">
		<properties>
			<property name="cmake_labels" value="compare;core;policy_sentinel"/>
		</properties>
		<system-out>raw_engine_v1 tests passed case=planner_tie_organic_applicability_drift_smoke
</system-out>
	</testcase>
	<testcase name="raw_engine_planner_tie_organic_reclassify_trigger_smoke" classname="raw_engine_planner_tie_organic_reclassify_trigger_smoke" time="0.0106843" status="run">
		<properties>
			<property name="cmake_labels" value="compare;core;policy_refresh;policy_sentinel"/>
		</properties>
		<system-out>raw_engine_v1 tests passed case=planner_tie_organic_reclassify_trigger_smoke
</system-out>
	</testcase>
	<testcase name="raw_engine_policy_reclassify_non_applicable_smoke" classname="raw_engine_policy_reclassify_non_applicable_smoke" time="0.011027" status="run">
		<properties>
			<property name="cmake_labels" value="compare;policy_refresh;policy_sentinel"/>
		</properties>
		<system-out>raw_engine_v1 tests passed case=policy_reclassify_non_applicable_smoke
</system-out>
	</testcase>
	<testcase name="raw_engine_compare_ready_lineage_gate_smoke" classname="raw_engine_compare_ready_lineage_gate_smoke" time="0.0156705" status="run">
		<properties>
			<property name="cmake_labels" value="compare;core;policy_sentinel"/>
		</properties>
		<system-out>raw_engine_v1 tests passed case=compare_ready_lineage_gate_smoke
</system-out>
	</testcase>
	<testcase name="raw_engine_compare_ready_not_counted_as_pass_smoke" classname="raw_engine_compare_ready_not_counted_as_pass_smoke" time="0.0155359" status="run">
		<properties>
			<property name="cmake_labels" value="compare;core;policy_sentinel"/>
		</properties>
		<system-out>raw_engine_v1 tests passed case=compare_ready_not_counted_as_pass_smoke
</system-out>
	</testcase>
	<testcase name="raw_engine_policy_gate_diagnostic_only_smoke" classname="raw_engine_policy_gate_diagnostic_only_smoke" time="0.0250935" status="run">
		<properties>
			<property name="cmake_labels" value="compare;core;policy_core;policy_refresh;policy_sentinel"/>
		</properties>
		<system-out>raw_engine_v1 tests passed case=policy_gate_diagnostic_only_smoke
</system-out>
	</testcase>
	<testcase name="raw_engine_compare_ready_not_promoted_smoke" classname="raw_engine_compare_ready_not_promoted_smoke" time="0.024962" status="run">
		<properties>
			<property name="cmake_labels" value="compare;core;policy_refresh;policy_sentinel"/>
		</properties>
		<system-out>raw_engine_v1 tests passed case=compare_ready_not_promoted_smoke
</system-out>
	</testcase>
	<testcase name="raw_engine_policy_reject_diagnostic_promotion_smoke" classname="raw_engine_policy_reject_diagnostic_promotion_smoke" time="0.0232767" status="run">
		<properties>
			<property name="cmake_labels" value="compare;policy_refresh;policy_sentinel"/>
		</properties>
		<system-out>raw_engine_v1 tests passed case=policy_reject_diagnostic_promotion_smoke
</system-out>
	</testcase>
	<testcase name="raw_engine_policy_gate_nightly_smoke" classname="raw_engine_policy_gate_nightly_smoke" time="0.0235677" status="run">
		<properties>
			<property name="cmake_labels" value="compare;core;nightly;policy_nightly"/>
		</properties>
		<system-out>raw_engine_v1 tests passed case=policy_gate_nightly_smoke
</system-out>
	</testcase>
	<testcase name="raw_engine_policy_refresh_nightly_smoke" classname="raw_engine_policy_refresh_nightly_smoke" time="0.0265323" status="run">
		<properties>
			<property name="cmake_labels" value="compare;core;nightly;policy_nightly;policy_refresh"/>
		</properties>
		<system-out>raw_engine_v1 tests passed case=policy_refresh_nightly_smoke
</system-out>
	</testcase>
	<testcase name="raw_engine_manifest_roundtrip_smoke" classname="raw_engine_manifest_roundtrip_smoke" time="0.0194467" status="run">
		<properties>
			<property name="cmake_labels" value="compare;core"/>
		</properties>
		<system-out>raw_engine_v1 tests passed case=manifest_roundtrip_smoke
</system-out>
	</testcase>
	<testcase name="raw_engine_evidence_bundle_smoke" classname="raw_engine_evidence_bundle_smoke" time="1.23472" status="run">
		<properties>
			<property name="cmake_labels" value="compare;core;policy_sentinel"/>
		</properties>
		<system-out>/private/tmp/raw_engine_phase49_stage/build-debug/tests/artifacts/evidence_bundle_smoke/manifests/policy_runtime_current_phase19.json
/private/tmp/raw_engine_phase49_stage/build-debug/tests/artifacts/evidence_bundle_smoke/manifests/policy_runtime_baseline_phase19_approved.json
/private/tmp/raw_engine_phase49_stage/build-debug/tests/artifacts/evidence_bundle_smoke/manifests/runtime_baseline_registry_v1.json
/private/tmp/raw_engine_phase49_stage/build-debug/tests/artifacts/evidence_bundle_smoke/manifests/policy_runtime_refresh_phase19.json
/private/tmp/raw_engine_phase49_stage/build-debug/tests/artifacts/evidence_bundle_smoke/manifests/runtime_history_index_v1_summary.json
/private/tmp/raw_engine_phase49_stage/build-debug/tests/artifacts/evidence_bundle_smoke/manifests/runtime_rebaseline_proposal_phase19.json
/private/tmp/raw_engine_phase49_stage/build-debug/tests/artifacts/evidence_bundle_smoke/manifests/policy_runtime_rerun_phase19.json
/private/tmp/raw_engine_phase49_stage/build-debug/tests/artifacts/evidenc...
[This part of the test output was removed since it exceeds the threshold of 1024 bytes.]
</system-out>
	</testcase>
	<testcase name="raw_engine_evidence_bundle_manifest_freshness_smoke" classname="raw_engine_evidence_bundle_manifest_freshness_smoke" time="1.22147" status="run">
		<properties>
			<property name="cmake_labels" value="compare;core;policy_refresh;policy_sentinel"/>
		</properties>
		<system-out>/private/tmp/raw_engine_phase49_stage/build-debug/tests/artifacts/evidence_bundle_manifest_freshness_smoke/manifests/policy_runtime_current_phase19.json
/private/tmp/raw_engine_phase49_stage/build-debug/tests/artifacts/evidence_bundle_manifest_freshness_smoke/manifests/policy_runtime_baseline_phase19_approved.json
/private/tmp/raw_engine_phase49_stage/build-debug/tests/artifacts/evidence_bundle_manifest_freshness_smoke/manifests/runtime_baseline_registry_v1.json
/private/tmp/raw_engine_phase49_stage/build-debug/tests/artifacts/evidence_bundle_manifest_freshness_smoke/manifests/policy_runtime_refresh_phase19.json
/private/tmp/raw_engine_phase49_stage/build-debug/tests/artifacts/evidence_bundle_manifest_freshness_smoke/manifests/runtime_history_index_v1_summary.json
/private/tmp/raw_engine_phase49_stage/build-debug/tests/artifacts/evidence_bundle_manifest_freshness_smoke/manifests/runtime_rebaseline_proposal_phase19.json
/private/tmp/raw_engine_phase49_stage/build-debug/tests/artifacts/evidence_bundle_manifest_...
[This part of the test output was removed since it exceeds the threshold of 1024 bytes.]
</system-out>
	</testcase>
	<testcase name="raw_engine_evidence_bundle_policy_refresh_smoke" classname="raw_engine_evidence_bundle_policy_refresh_smoke" time="1.10119" status="run">
		<properties>
			<property name="cmake_labels" value="policy_refresh;policy_sentinel"/>
		</properties>
		<system-out>/private/tmp/raw_engine_phase49_stage/build-debug/tests/artifacts/evidence_bundle_policy_refresh_smoke/manifests/policy_runtime_current_phase19.json
/private/tmp/raw_engine_phase49_stage/build-debug/tests/artifacts/evidence_bundle_policy_refresh_smoke/manifests/policy_runtime_baseline_phase19_approved.json
/private/tmp/raw_engine_phase49_stage/build-debug/tests/artifacts/evidence_bundle_policy_refresh_smoke/manifests/runtime_baseline_registry_v1.json
/private/tmp/raw_engine_phase49_stage/build-debug/tests/artifacts/evidence_bundle_policy_refresh_smoke/manifests/policy_runtime_refresh_phase19.json
/private/tmp/raw_engine_phase49_stage/build-debug/tests/artifacts/evidence_bundle_policy_refresh_smoke/manifests/runtime_history_index_v1_summary.json
/private/tmp/raw_engine_phase49_stage/build-debug/tests/artifacts/evidence_bundle_policy_refresh_smoke/manifests/runtime_rebaseline_proposal_phase19.json
/private/tmp/raw_engine_phase49_stage/build-debug/tests/artifacts/evidence_bundle_policy_refresh_smoke/manifests/po...
[This part of the test output was removed since it exceeds the threshold of 1024 bytes.]
</system-out>
	</testcase>
	<testcase name="raw_engine_evidence_bundle_rerun_plan_smoke" classname="raw_engine_evidence_bundle_rerun_plan_smoke" time="1.09859" status="run">
		<properties>
			<property name="cmake_labels" value="policy_refresh;policy_sentinel"/>
		</properties>
		<system-out>/private/tmp/raw_engine_phase49_stage/build-debug/tests/artifacts/evidence_bundle_rerun_plan_smoke/manifests/policy_runtime_current_phase19.json
/private/tmp/raw_engine_phase49_stage/build-debug/tests/artifacts/evidence_bundle_rerun_plan_smoke/manifests/policy_runtime_baseline_phase19_approved.json
/private/tmp/raw_engine_phase49_stage/build-debug/tests/artifacts/evidence_bundle_rerun_plan_smoke/manifests/runtime_baseline_registry_v1.json
/private/tmp/raw_engine_phase49_stage/build-debug/tests/artifacts/evidence_bundle_rerun_plan_smoke/manifests/policy_runtime_refresh_phase19.json
/private/tmp/raw_engine_phase49_stage/build-debug/tests/artifacts/evidence_bundle_rerun_plan_smoke/manifests/runtime_history_index_v1_summary.json
/private/tmp/raw_engine_phase49_stage/build-debug/tests/artifacts/evidence_bundle_rerun_plan_smoke/manifests/runtime_rebaseline_proposal_phase19.json
/private/tmp/raw_engine_phase49_stage/build-debug/tests/artifacts/evidence_bundle_rerun_plan_smoke/manifests/policy_runtime_rerun_phase19.j...
[This part of the test output was removed since it exceeds the threshold of 1024 bytes.]
</system-out>
	</testcase>
	<testcase name="raw_engine_evidence_bundle_idempotent_smoke" classname="raw_engine_evidence_bundle_idempotent_smoke" time="2.22278" status="run">
		<properties>
			<property name="cmake_labels" value="compare;policy_refresh;policy_sentinel"/>
		</properties>
		<system-out>/private/tmp/raw_engine_phase49_stage/build-debug/tests/artifacts/evidence_bundle_idempotent_smoke/manifests/policy_runtime_current_phase19.json
/private/tmp/raw_engine_phase49_stage/build-debug/tests/artifacts/evidence_bundle_idempotent_smoke/manifests/policy_runtime_baseline_phase19_approved.json
/private/tmp/raw_engine_phase49_stage/build-debug/tests/artifacts/evidence_bundle_idempotent_smoke/manifests/runtime_baseline_registry_v1.json
/private/tmp/raw_engine_phase49_stage/build-debug/tests/artifacts/evidence_bundle_idempotent_smoke/manifests/policy_runtime_refresh_phase19.json
/private/tmp/raw_engine_phase49_stage/build-debug/tests/artifacts/evidence_bundle_idempotent_smoke/manifests/runtime_history_index_v1_summary.json
/private/tmp/raw_engine_phase49_stage/build-debug/tests/artifacts/evidence_bundle_idempotent_smoke/manifests/runtime_rebaseline_proposal_phase19.json
/private/tmp/raw_engine_phase49_stage/build-debug/tests/artifacts/evidence_bundle_idempotent_smoke/manifests/policy_runtime_rerun_phase19.j...
[This part of the test output was removed since it exceeds the threshold of 1024 bytes.]
</system-out>
	</testcase>
	<testcase name="raw_engine_evidence_bundle_policy_summary_smoke" classname="raw_engine_evidence_bundle_policy_summary_smoke" time="1.0856" status="run">
		<properties>
			<property name="cmake_labels" value="compare;policy_refresh;policy_sentinel"/>
		</properties>
		<system-out>/private/tmp/raw_engine_phase49_stage/build-debug/tests/artifacts/evidence_bundle_policy_summary_smoke/manifests/policy_runtime_current_phase19.json
/private/tmp/raw_engine_phase49_stage/build-debug/tests/artifacts/evidence_bundle_policy_summary_smoke/manifests/policy_runtime_baseline_phase19_approved.json
/private/tmp/raw_engine_phase49_stage/build-debug/tests/artifacts/evidence_bundle_policy_summary_smoke/manifests/runtime_baseline_registry_v1.json
/private/tmp/raw_engine_phase49_stage/build-debug/tests/artifacts/evidence_bundle_policy_summary_smoke/manifests/policy_runtime_refresh_phase19.json
/private/tmp/raw_engine_phase49_stage/build-debug/tests/artifacts/evidence_bundle_policy_summary_smoke/manifests/runtime_history_index_v1_summary.json
/private/tmp/raw_engine_phase49_stage/build-debug/tests/artifacts/evidence_bundle_policy_summary_smoke/manifests/runtime_rebaseline_proposal_phase19.json
/private/tmp/raw_engine_phase49_stage/build-debug/tests/artifacts/evidence_bundle_policy_summary_smoke/manifests/po...
[This part of the test output was removed since it exceeds the threshold of 1024 bytes.]
</system-out>
	</testcase>
	<testcase name="raw_engine_stale_family_selective_rerun_smoke" classname="raw_engine_stale_family_selective_rerun_smoke" time="0.0210802" status="run">
		<properties>
			<property name="cmake_labels" value="compare;core;policy_refresh;policy_sentinel"/>
		</properties>
		<system-out>raw_engine_v1 tests passed case=stale_family_selective_rerun_smoke
</system-out>
	</testcase>
	<testcase name="raw_engine_policy_rerun_plan_smoke" classname="raw_engine_policy_rerun_plan_smoke" time="0.0118775" status="run">
		<properties>
			<property name="cmake_labels" value="policy_refresh;policy_sentinel"/>
		</properties>
		<system-out>raw_engine_v1 tests passed case=policy_rerun_plan_smoke
</system-out>
	</testcase>
	<testcase name="raw_engine_policy_rerun_plan_empty_smoke" classname="raw_engine_policy_rerun_plan_empty_smoke" time="0.0114671" status="run">
		<properties>
			<property name="cmake_labels" value="policy_refresh;policy_sentinel"/>
		</properties>
		<system-out>raw_engine_v1 tests passed case=policy_rerun_plan_empty_smoke
</system-out>
	</testcase>
	<testcase name="raw_engine_policy_rerun_plan_family_filter_smoke" classname="raw_engine_policy_rerun_plan_family_filter_smoke" time="0.0115784" status="run">
		<properties>
			<property name="cmake_labels" value="policy_refresh;policy_sentinel"/>
		</properties>
		<system-out>raw_engine_v1 tests passed case=policy_rerun_plan_family_filter_smoke
</system-out>
	</testcase>
	<testcase name="raw_engine_policy_rerun_plan_mode_selection_smoke" classname="raw_engine_policy_rerun_plan_mode_selection_smoke" time="0.0121283" status="run">
		<properties>
			<property name="cmake_labels" value="compare;policy_refresh;policy_sentinel"/>
		</properties>
		<system-out>raw_engine_v1 tests passed case=policy_rerun_plan_mode_selection_smoke
</system-out>
	</testcase>
	<testcase name="raw_engine_policy_selective_rerun_execute_smoke" classname="raw_engine_policy_selective_rerun_execute_smoke" time="0.0153043" status="run">
		<properties>
			<property name="cmake_labels" value="compare;policy_nightly;policy_refresh"/>
		</properties>
		<system-out>raw_engine_v1 tests passed case=policy_selective_rerun_execute_smoke
</system-out>
	</testcase>
	<testcase name="raw_engine_policy_selective_rerun_noop_smoke" classname="raw_engine_policy_selective_rerun_noop_smoke" time="0.0152701" status="run">
		<properties>
			<property name="cmake_labels" value="compare;policy_refresh;policy_sentinel"/>
		</properties>
		<system-out>raw_engine_v1 tests passed case=policy_selective_rerun_noop_smoke
</system-out>
	</testcase>
	<testcase name="raw_engine_policy_baseline_history_smoke" classname="raw_engine_policy_baseline_history_smoke" time="0.0134477" status="run">
		<properties>
			<property name="cmake_labels" value="compare;policy_refresh"/>
		</properties>
		<system-out>raw_engine_v1 tests passed case=policy_baseline_history_smoke
</system-out>
	</testcase>
	<testcase name="raw_engine_policy_baseline_archive_roundtrip_smoke" classname="raw_engine_policy_baseline_archive_roundtrip_smoke" time="0.0142638" status="run">
		<properties>
			<property name="cmake_labels" value="compare;policy_refresh"/>
		</properties>
		<system-out>raw_engine_v1 tests passed case=policy_baseline_archive_roundtrip_smoke
</system-out>
	</testcase>
	<testcase name="raw_engine_policy_ci_check_smoke" classname="raw_engine_policy_ci_check_smoke" time="0.0288859" status="run">
		<properties>
			<property name="cmake_labels" value="compare;policy_core;policy_refresh"/>
		</properties>
		<system-out>policy_lifecycle_summary case=policy_ci_check current_verdict=PASS freshness_verdict=FRESH plan_verdict=PASS stale_family_count=0 requires_rerun_family_count=0 reclassify_required_count=0 selected_entry_count=0
baseline_manifest=/tmp/raw_engine_phase49_stage/build-debug/tests/artifacts/policy_ci_check_smoke/manifests/policy_graduation_manifest_phase22_approved_v1.txt
current_manifest=/tmp/raw_engine_phase49_stage/build-debug/tests/artifacts/policy_ci_check_smoke/manifests/policy_graduation_manifest_v1.json
refresh_manifest=/tmp/raw_engine_phase49_stage/build-debug/tests/artifacts/policy_ci_check_smoke/manifests/policy_graduation_manifest_refresh_v1.json
rerun_plan=/tmp/raw_engine_phase49_stage/build-debug/tests/artifacts/policy_ci_check_smoke/manifests/policy_rerun_plan_v1.json
family_status=family=split_tie_organic_symmetric current_status=PASS freshness_status=FRESH drift_flag=0 reclassify_required=0 counts_as_production_evidence=1 rationale=direct compare evidence satisfied
family_status=family=automorphis...
[This part of the test output was removed since it exceeds the threshold of 1024 bytes.]
</system-out>
	</testcase>
	<testcase name="raw_engine_policy_nightly_refresh_smoke" classname="raw_engine_policy_nightly_refresh_smoke" time="0.0306132" status="run">
		<properties>
			<property name="cmake_labels" value="compare;policy_nightly;policy_refresh"/>
		</properties>
		<system-out>policy_lifecycle_summary case=policy_nightly_refresh current_verdict=PASS freshness_verdict=FRESH plan_verdict=PASS stale_family_count=0 requires_rerun_family_count=0 reclassify_required_count=0 selected_entry_count=0
baseline_manifest=/tmp/raw_engine_phase49_stage/build-debug/tests/artifacts/policy_nightly_refresh_smoke/manifests/policy_graduation_manifest_phase22_approved_v1.txt
current_manifest=/tmp/raw_engine_phase49_stage/build-debug/tests/artifacts/policy_nightly_refresh_smoke/manifests/policy_graduation_manifest_v1.json
refresh_manifest=/tmp/raw_engine_phase49_stage/build-debug/tests/artifacts/policy_nightly_refresh_smoke/manifests/policy_graduation_manifest_refresh_v1.json
rerun_plan=/tmp/raw_engine_phase49_stage/build-debug/tests/artifacts/policy_nightly_refresh_smoke/manifests/policy_rerun_plan_v1.json
policy_rerun_execution_summary summary_verdict=PASS selected_family_count=0 executed_family_count=0 noop_family_count=0 failed_family_count=0 artifact_root=/tmp/raw_engine_phase49_stage/build-debug/te...
[This part of the test output was removed since it exceeds the threshold of 1024 bytes.]
</system-out>
	</testcase>
	<testcase name="raw_engine_policy_severity_smoke" classname="raw_engine_policy_severity_smoke" time="2.23367" status="run">
		<properties>
			<property name="cmake_labels" value="compare;policy_core;policy_refresh"/>
		</properties>
		<system-out>/private/tmp/raw_engine_phase49_stage/build-debug/tests/artifacts/policy_severity_smoke/manifests/policy_runtime_current_phase22.json
/private/tmp/raw_engine_phase49_stage/build-debug/tests/artifacts/policy_severity_smoke/manifests/policy_runtime_baseline_phase22_approved.json
/private/tmp/raw_engine_phase49_stage/build-debug/tests/artifacts/policy_severity_smoke/manifests/runtime_baseline_registry_v1.json
/private/tmp/raw_engine_phase49_stage/build-debug/tests/artifacts/policy_severity_smoke/manifests/policy_runtime_refresh_phase22.json
/private/tmp/raw_engine_phase49_stage/build-debug/tests/artifacts/policy_severity_smoke/manifests/policy_runtime_rerun_phase22.json
/private/tmp/raw_engine_phase49_stage/build-debug/tests/artifacts/policy_severity_smoke/manifests/runtime_history_index_v1_summary.json
/private/tmp/raw_engine_phase49_stage/build-debug/tests/artifacts/policy_severity_smoke/manifests/runtime_rebaseline_proposal_phase22.json
policy_pipeline_summary mode=quick severity=OK exit_code=0 current_verdic...
[This part of the test output was removed since it exceeds the threshold of 1024 bytes.]
</system-out>
	</testcase>
	<testcase name="raw_engine_pipeline_exit_code_smoke" classname="raw_engine_pipeline_exit_code_smoke" time="4.62232" status="run">
		<properties>
			<property name="cmake_labels" value="compare;policy_core;policy_refresh"/>
		</properties>
		<system-out>/private/tmp/raw_engine_phase49_stage/build-debug/tests/artifacts/pipeline_exit_code_warn_smoke/manifests/policy_runtime_current_phase22.json
/private/tmp/raw_engine_phase49_stage/build-debug/tests/artifacts/pipeline_exit_code_warn_smoke/manifests/policy_runtime_baseline_phase22_approved.json
/private/tmp/raw_engine_phase49_stage/build-debug/tests/artifacts/pipeline_exit_code_warn_smoke/manifests/runtime_baseline_registry_v1.json
/private/tmp/raw_engine_phase49_stage/build-debug/tests/artifacts/pipeline_exit_code_warn_smoke/manifests/policy_runtime_refresh_phase22.json
/private/tmp/raw_engine_phase49_stage/build-debug/tests/artifacts/pipeline_exit_code_warn_smoke/manifests/policy_runtime_rerun_phase22.json
/private/tmp/raw_engine_phase49_stage/build-debug/tests/artifacts/pipeline_exit_code_warn_smoke/manifests/runtime_history_index_v1_summary.json
/private/tmp/raw_engine_phase49_stage/build-debug/tests/artifacts/pipeline_exit_code_warn_smoke/manifests/runtime_rebaseline_proposal_phase22.json
policy_pipeline_s...
[This part of the test output was removed since it exceeds the threshold of 1024 bytes.]
</system-out>
	</testcase>
	<testcase name="raw_engine_stale_warn_mode_smoke" classname="raw_engine_stale_warn_mode_smoke" time="2.33469" status="run">
		<properties>
			<property name="cmake_labels" value="compare;policy_refresh;policy_sentinel"/>
		</properties>
		<system-out>/private/tmp/raw_engine_phase49_stage/build-debug/tests/artifacts/stale_warn_mode_smoke/manifests/policy_runtime_current_phase22.json
/private/tmp/raw_engine_phase49_stage/build-debug/tests/artifacts/stale_warn_mode_smoke/manifests/policy_runtime_baseline_phase22_approved.json
/private/tmp/raw_engine_phase49_stage/build-debug/tests/artifacts/stale_warn_mode_smoke/manifests/runtime_baseline_registry_v1.json
/private/tmp/raw_engine_phase49_stage/build-debug/tests/artifacts/stale_warn_mode_smoke/manifests/policy_runtime_refresh_phase22.json
/private/tmp/raw_engine_phase49_stage/build-debug/tests/artifacts/stale_warn_mode_smoke/manifests/policy_runtime_rerun_phase22.json
/private/tmp/raw_engine_phase49_stage/build-debug/tests/artifacts/stale_warn_mode_smoke/manifests/runtime_history_index_v1_summary.json
/private/tmp/raw_engine_phase49_stage/build-debug/tests/artifacts/stale_warn_mode_smoke/manifests/runtime_rebaseline_proposal_phase22.json
policy_pipeline_summary mode=quick severity=WARN exit_code=10 current_ver...
[This part of the test output was removed since it exceeds the threshold of 1024 bytes.]
</system-out>
	</testcase>
	<testcase name="raw_engine_action_required_mode_smoke" classname="raw_engine_action_required_mode_smoke" time="2.37129" status="run">
		<properties>
			<property name="cmake_labels" value="compare;policy_refresh;policy_sentinel"/>
		</properties>
		<system-out>/private/tmp/raw_engine_phase49_stage/build-debug/tests/artifacts/action_required_mode_smoke/manifests/policy_runtime_current_phase22.json
/private/tmp/raw_engine_phase49_stage/build-debug/tests/artifacts/action_required_mode_smoke/manifests/policy_runtime_baseline_phase22_approved.json
/private/tmp/raw_engine_phase49_stage/build-debug/tests/artifacts/action_required_mode_smoke/manifests/runtime_baseline_registry_v1.json
/private/tmp/raw_engine_phase49_stage/build-debug/tests/artifacts/action_required_mode_smoke/manifests/policy_runtime_refresh_phase22.json
/private/tmp/raw_engine_phase49_stage/build-debug/tests/artifacts/action_required_mode_smoke/manifests/policy_runtime_rerun_phase22.json
/private/tmp/raw_engine_phase49_stage/build-debug/tests/artifacts/action_required_mode_smoke/manifests/runtime_history_index_v1_summary.json
/private/tmp/raw_engine_phase49_stage/build-debug/tests/artifacts/action_required_mode_smoke/manifests/runtime_rebaseline_proposal_phase22.json
policy_pipeline_summary mode=quick sev...
[This part of the test output was removed since it exceeds the threshold of 1024 bytes.]
</system-out>
	</testcase>
	<testcase name="raw_engine_runtime_budget_smoke" classname="raw_engine_runtime_budget_smoke" time="0.018521" status="run">
		<properties>
			<property name="cmake_labels" value="compare;policy_core;policy_refresh;policy_sentinel"/>
		</properties>
		<system-out>raw_engine_v1 tests passed case=runtime_budget_smoke
</system-out>
	</testcase>
	<testcase name="raw_engine_runtime_budget_manifest_roundtrip_smoke" classname="raw_engine_runtime_budget_manifest_roundtrip_smoke" time="0.0173177" status="run">
		<properties>
			<property name="cmake_labels" value="compare;policy_core;policy_refresh"/>
		</properties>
		<system-out>raw_engine_v1 tests passed case=runtime_budget_manifest_roundtrip_smoke
</system-out>
	</testcase>
	<testcase name="raw_engine_runtime_fingerprint_roundtrip_smoke" classname="raw_engine_runtime_fingerprint_roundtrip_smoke" time="0.857462" status="run">
		<properties>
			<property name="cmake_labels" value="compare;policy_core;policy_refresh;policy_sentinel"/>
		</properties>
		<system-out>/private/tmp/raw_engine_phase49_stage/build-debug/tests/artifacts/runtime_fingerprint_roundtrip_smoke/manifests/policy_runtime_current_phase22.json
/private/tmp/raw_engine_phase49_stage/build-debug/tests/artifacts/runtime_fingerprint_roundtrip_smoke/manifests/policy_runtime_baseline_phase22_approved.json
/private/tmp/raw_engine_phase49_stage/build-debug/tests/artifacts/runtime_fingerprint_roundtrip_smoke/manifests/runtime_baseline_registry_v1.json
/private/tmp/raw_engine_phase49_stage/build-debug/tests/artifacts/runtime_fingerprint_roundtrip_smoke/manifests/policy_runtime_refresh_phase22.json
/private/tmp/raw_engine_phase49_stage/build-debug/tests/artifacts/runtime_fingerprint_roundtrip_smoke/manifests/policy_runtime_rerun_phase22.json
/private/tmp/raw_engine_phase49_stage/build-debug/tests/artifacts/runtime_fingerprint_roundtrip_smoke/manifests/runtime_history_index_v1_summary.json
/private/tmp/raw_engine_phase49_stage/build-debug/tests/artifacts/runtime_fingerprint_roundtrip_smoke/manifests/runtime_rebaseli...
[This part of the test output was removed since it exceeds the threshold of 1024 bytes.]
</system-out>
	</testcase>
	<testcase name="raw_engine_runtime_not_comparable_smoke" classname="raw_engine_runtime_not_comparable_smoke" time="0.935545" status="run">
		<properties>
			<property name="cmake_labels" value="compare;policy_refresh;policy_sentinel"/>
		</properties>
		<system-out>/private/tmp/raw_engine_phase49_stage/build-debug/tests/artifacts/runtime_not_comparable_smoke/manifests/policy_runtime_current_phase22.json
/private/tmp/raw_engine_phase49_stage/build-debug/tests/artifacts/runtime_not_comparable_smoke/manifests/policy_runtime_baseline_phase22_approved.json
/private/tmp/raw_engine_phase49_stage/build-debug/tests/artifacts/runtime_not_comparable_smoke/manifests/runtime_baseline_registry_v1.json
/private/tmp/raw_engine_phase49_stage/build-debug/tests/artifacts/runtime_not_comparable_smoke/manifests/policy_runtime_refresh_phase22.json
/private/tmp/raw_engine_phase49_stage/build-debug/tests/artifacts/runtime_not_comparable_smoke/manifests/policy_runtime_rerun_phase22.json
/private/tmp/raw_engine_phase49_stage/build-debug/tests/artifacts/runtime_not_comparable_smoke/manifests/runtime_history_index_v1_summary.json
/private/tmp/raw_engine_phase49_stage/build-debug/tests/artifacts/runtime_not_comparable_smoke/manifests/runtime_rebaseline_proposal_phase22.json
/private/tmp/raw_engine_...
[This part of the test output was removed since it exceeds the threshold of 1024 bytes.]
</system-out>
	</testcase>
	<testcase name="raw_engine_runtime_refresh_same_fingerprint_smoke" classname="raw_engine_runtime_refresh_same_fingerprint_smoke" time="0.816746" status="run">
		<properties>
			<property name="cmake_labels" value="compare;policy_core;policy_refresh;policy_sentinel"/>
		</properties>
		<system-out>/private/tmp/raw_engine_phase49_stage/build-debug/tests/artifacts/runtime_refresh_same_fingerprint_smoke/manifests/policy_runtime_current_phase22.json
/private/tmp/raw_engine_phase49_stage/build-debug/tests/artifacts/runtime_refresh_same_fingerprint_smoke/manifests/policy_runtime_baseline_phase22_approved.json
/private/tmp/raw_engine_phase49_stage/build-debug/tests/artifacts/runtime_refresh_same_fingerprint_smoke/manifests/runtime_baseline_registry_v1.json
/private/tmp/raw_engine_phase49_stage/build-debug/tests/artifacts/runtime_refresh_same_fingerprint_smoke/manifests/policy_runtime_refresh_phase22.json
/private/tmp/raw_engine_phase49_stage/build-debug/tests/artifacts/runtime_refresh_same_fingerprint_smoke/manifests/policy_runtime_rerun_phase22.json
/private/tmp/raw_engine_phase49_stage/build-debug/tests/artifacts/runtime_refresh_same_fingerprint_smoke/manifests/runtime_history_index_v1_summary.json
/private/tmp/raw_engine_phase49_stage/build-debug/tests/artifacts/runtime_refresh_same_fingerprint_smoke/manif...
[This part of the test output was removed since it exceeds the threshold of 1024 bytes.]
</system-out>
	</testcase>
	<testcase name="raw_engine_runtime_baseline_promote_smoke" classname="raw_engine_runtime_baseline_promote_smoke" time="0.910405" status="run">
		<properties>
			<property name="cmake_labels" value="compare;policy_core;policy_refresh"/>
		</properties>
		<system-out>/private/tmp/raw_engine_phase49_stage/build-debug/tests/artifacts/runtime_baseline_promote_smoke/manifests/policy_runtime_current_phase22.json
/private/tmp/raw_engine_phase49_stage/build-debug/tests/artifacts/runtime_baseline_promote_smoke/manifests/policy_runtime_baseline_phase22_approved.json
/private/tmp/raw_engine_phase49_stage/build-debug/tests/artifacts/runtime_baseline_promote_smoke/manifests/runtime_baseline_registry_v1.json
/private/tmp/raw_engine_phase49_stage/build-debug/tests/artifacts/runtime_baseline_promote_smoke/manifests/policy_runtime_refresh_phase22.json
/private/tmp/raw_engine_phase49_stage/build-debug/tests/artifacts/runtime_baseline_promote_smoke/manifests/policy_runtime_rerun_phase22.json
/private/tmp/raw_engine_phase49_stage/build-debug/tests/artifacts/runtime_baseline_promote_smoke/manifests/runtime_history_index_v1_summary.json
/private/tmp/raw_engine_phase49_stage/build-debug/tests/artifacts/runtime_baseline_promote_smoke/manifests/runtime_rebaseline_proposal_phase22.json
/private/t...
[This part of the test output was removed since it exceeds the threshold of 1024 bytes.]
</system-out>
	</testcase>
	<testcase name="raw_engine_runtime_registry_promote_smoke" classname="raw_engine_runtime_registry_promote_smoke" time="0.451669" status="run">
		<properties/>
		<system-out>/private/tmp/raw_engine_phase49_stage/build-debug/tests/artifacts/runtime_registry_promote_smoke/manifests/policy_runtime_current_phase22.json
/private/tmp/raw_engine_phase49_stage/build-debug/tests/artifacts/runtime_registry_promote_smoke/manifests/policy_runtime_baseline_phase22_approved.json
/private/tmp/raw_engine_phase49_stage/build-debug/tests/artifacts/runtime_registry_promote_smoke/manifests/runtime_baseline_registry_v1.json
/private/tmp/raw_engine_phase49_stage/build-debug/tests/artifacts/runtime_registry_promote_smoke/manifests/policy_runtime_refresh_phase22.json
/private/tmp/raw_engine_phase49_stage/build-debug/tests/artifacts/runtime_registry_promote_smoke/manifests/policy_runtime_rerun_phase22.json
/private/tmp/raw_engine_phase49_stage/build-debug/tests/artifacts/runtime_registry_promote_smoke/manifests/runtime_history_index_v1_summary.json
/private/tmp/raw_engine_phase49_stage/build-debug/tests/artifacts/runtime_registry_promote_smoke/manifests/runtime_rebaseline_proposal_phase22.json
raw_engine...
[This part of the test output was removed since it exceeds the threshold of 1024 bytes.]
</system-out>
	</testcase>
	<testcase name="raw_engine_runtime_registry_activate_retire_smoke" classname="raw_engine_runtime_registry_activate_retire_smoke" time="0.44396" status="run">
		<properties/>
		<system-out>/private/tmp/raw_engine_phase49_stage/build-debug/tests/artifacts/runtime_registry_activate_retire_smoke/manifests/policy_runtime_current_phase22.json
/private/tmp/raw_engine_phase49_stage/build-debug/tests/artifacts/runtime_registry_activate_retire_smoke/manifests/policy_runtime_baseline_phase22_approved.json
/private/tmp/raw_engine_phase49_stage/build-debug/tests/artifacts/runtime_registry_activate_retire_smoke/manifests/runtime_baseline_registry_v1.json
/private/tmp/raw_engine_phase49_stage/build-debug/tests/artifacts/runtime_registry_activate_retire_smoke/manifests/policy_runtime_refresh_phase22.json
/private/tmp/raw_engine_phase49_stage/build-debug/tests/artifacts/runtime_registry_activate_retire_smoke/manifests/policy_runtime_rerun_phase22.json
/private/tmp/raw_engine_phase49_stage/build-debug/tests/artifacts/runtime_registry_activate_retire_smoke/manifests/runtime_history_index_v1_summary.json
/private/tmp/raw_engine_phase49_stage/build-debug/tests/artifacts/runtime_registry_activate_retire_smoke/manif...
[This part of the test output was removed since it exceeds the threshold of 1024 bytes.]
</system-out>
	</testcase>
	<testcase name="raw_engine_runtime_registry_roundtrip_smoke" classname="raw_engine_runtime_registry_roundtrip_smoke" time="0.831069" status="run">
		<properties/>
		<system-out>/private/tmp/raw_engine_phase49_stage/build-debug/tests/artifacts/runtime_registry_promote_smoke/manifests/policy_runtime_current_phase22.json
/private/tmp/raw_engine_phase49_stage/build-debug/tests/artifacts/runtime_registry_promote_smoke/manifests/policy_runtime_baseline_phase22_approved.json
/private/tmp/raw_engine_phase49_stage/build-debug/tests/artifacts/runtime_registry_promote_smoke/manifests/runtime_baseline_registry_v1.json
/private/tmp/raw_engine_phase49_stage/build-debug/tests/artifacts/runtime_registry_promote_smoke/manifests/policy_runtime_refresh_phase22.json
/private/tmp/raw_engine_phase49_stage/build-debug/tests/artifacts/runtime_registry_promote_smoke/manifests/policy_runtime_rerun_phase22.json
/private/tmp/raw_engine_phase49_stage/build-debug/tests/artifacts/runtime_registry_promote_smoke/manifests/runtime_history_index_v1_summary.json
/private/tmp/raw_engine_phase49_stage/build-debug/tests/artifacts/runtime_registry_promote_smoke/manifests/runtime_rebaseline_proposal_phase22.json
/private/t...
[This part of the test output was removed since it exceeds the threshold of 1024 bytes.]
</system-out>
	</testcase>
	<testcase name="raw_engine_runtime_registry_select_exact_match_smoke" classname="raw_engine_runtime_registry_select_exact_match_smoke" time="0.921818" status="run">
		<properties/>
		<system-out>/private/tmp/raw_engine_phase49_stage/build-debug/tests/artifacts/runtime_registry_select_exact_match_smoke/manifests/policy_runtime_current_phase22.json
/private/tmp/raw_engine_phase49_stage/build-debug/tests/artifacts/runtime_registry_select_exact_match_smoke/manifests/policy_runtime_baseline_phase22_approved.json
/private/tmp/raw_engine_phase49_stage/build-debug/tests/artifacts/runtime_registry_select_exact_match_smoke/manifests/runtime_baseline_registry_v1.json
/private/tmp/raw_engine_phase49_stage/build-debug/tests/artifacts/runtime_registry_select_exact_match_smoke/manifests/policy_runtime_refresh_phase22.json
/private/tmp/raw_engine_phase49_stage/build-debug/tests/artifacts/runtime_registry_select_exact_match_smoke/manifests/policy_runtime_rerun_phase22.json
/private/tmp/raw_engine_phase49_stage/build-debug/tests/artifacts/runtime_registry_select_exact_match_smoke/manifests/runtime_history_index_v1_summary.json
/private/tmp/raw_engine_phase49_stage/build-debug/tests/artifacts/runtime_registry_select_ex...
[This part of the test output was removed since it exceeds the threshold of 1024 bytes.]
</system-out>
	</testcase>
	<testcase name="raw_engine_runtime_registry_select_no_match_smoke" classname="raw_engine_runtime_registry_select_no_match_smoke" time="0.98202" status="run">
		<properties/>
		<system-out>/private/tmp/raw_engine_phase49_stage/build-debug/tests/artifacts/runtime_registry_select_no_match_smoke/manifests/policy_runtime_current_phase22.json
/private/tmp/raw_engine_phase49_stage/build-debug/tests/artifacts/runtime_registry_select_no_match_smoke/manifests/policy_runtime_baseline_phase22_approved.json
/private/tmp/raw_engine_phase49_stage/build-debug/tests/artifacts/runtime_registry_select_no_match_smoke/manifests/runtime_baseline_registry_v1.json
/private/tmp/raw_engine_phase49_stage/build-debug/tests/artifacts/runtime_registry_select_no_match_smoke/manifests/policy_runtime_refresh_phase22.json
/private/tmp/raw_engine_phase49_stage/build-debug/tests/artifacts/runtime_registry_select_no_match_smoke/manifests/policy_runtime_rerun_phase22.json
/private/tmp/raw_engine_phase49_stage/build-debug/tests/artifacts/runtime_registry_select_no_match_smoke/manifests/runtime_history_index_v1_summary.json
/private/tmp/raw_engine_phase49_stage/build-debug/tests/artifacts/runtime_registry_select_no_match_smoke/manif...
[This part of the test output was removed since it exceeds the threshold of 1024 bytes.]
</system-out>
	</testcase>
	<testcase name="raw_engine_runtime_registry_rebaseline_required_smoke" classname="raw_engine_runtime_registry_rebaseline_required_smoke" time="0.951967" status="run">
		<properties/>
		<system-out>/private/tmp/raw_engine_phase49_stage/build-debug/tests/artifacts/runtime_registry_rebaseline_required_smoke/manifests/policy_runtime_current_phase22.json
/private/tmp/raw_engine_phase49_stage/build-debug/tests/artifacts/runtime_registry_rebaseline_required_smoke/manifests/policy_runtime_baseline_phase22_approved.json
/private/tmp/raw_engine_phase49_stage/build-debug/tests/artifacts/runtime_registry_rebaseline_required_smoke/manifests/runtime_baseline_registry_v1.json
/private/tmp/raw_engine_phase49_stage/build-debug/tests/artifacts/runtime_registry_rebaseline_required_smoke/manifests/policy_runtime_refresh_phase22.json
/private/tmp/raw_engine_phase49_stage/build-debug/tests/artifacts/runtime_registry_rebaseline_required_smoke/manifests/policy_runtime_rerun_phase22.json
/private/tmp/raw_engine_phase49_stage/build-debug/tests/artifacts/runtime_registry_rebaseline_required_smoke/manifests/runtime_history_index_v1_summary.json
/private/tmp/raw_engine_phase49_stage/build-debug/tests/artifacts/runtime_registry_reb...
[This part of the test output was removed since it exceeds the threshold of 1024 bytes.]
</system-out>
	</testcase>
	<testcase name="raw_engine_runtime_refresh_against_promoted_baseline_smoke" classname="raw_engine_runtime_refresh_against_promoted_baseline_smoke" time="0.96135" status="run">
		<properties>
			<property name="cmake_labels" value="compare;policy_core;policy_refresh"/>
		</properties>
		<system-out>/private/tmp/raw_engine_phase49_stage/build-debug/tests/artifacts/runtime_refresh_against_promoted_baseline_smoke/manifests/policy_runtime_current_phase22.json
/private/tmp/raw_engine_phase49_stage/build-debug/tests/artifacts/runtime_refresh_against_promoted_baseline_smoke/manifests/policy_runtime_baseline_phase22_approved.json
/private/tmp/raw_engine_phase49_stage/build-debug/tests/artifacts/runtime_refresh_against_promoted_baseline_smoke/manifests/runtime_baseline_registry_v1.json
/private/tmp/raw_engine_phase49_stage/build-debug/tests/artifacts/runtime_refresh_against_promoted_baseline_smoke/manifests/policy_runtime_refresh_phase22.json
/private/tmp/raw_engine_phase49_stage/build-debug/tests/artifacts/runtime_refresh_against_promoted_baseline_smoke/manifests/policy_runtime_rerun_phase22.json
/private/tmp/raw_engine_phase49_stage/build-debug/tests/artifacts/runtime_refresh_against_promoted_baseline_smoke/manifests/runtime_history_index_v1_summary.json
/private/tmp/raw_engine_phase49_stage/build-debug/tests/...
[This part of the test output was removed since it exceeds the threshold of 1024 bytes.]
</system-out>
	</testcase>
	<testcase name="raw_engine_runtime_rerun_plan_smoke" classname="raw_engine_runtime_rerun_plan_smoke" time="1.18837" status="run">
		<properties>
			<property name="cmake_labels" value="compare;policy_refresh;policy_sentinel"/>
		</properties>
		<system-out>/private/tmp/raw_engine_phase49_stage/build-debug/tests/artifacts/runtime_rerun_plan_smoke/manifests/policy_runtime_current_phase22.json
/private/tmp/raw_engine_phase49_stage/build-debug/tests/artifacts/runtime_rerun_plan_smoke/manifests/policy_runtime_baseline_phase22_approved.json
/private/tmp/raw_engine_phase49_stage/build-debug/tests/artifacts/runtime_rerun_plan_smoke/manifests/runtime_baseline_registry_v1.json
/private/tmp/raw_engine_phase49_stage/build-debug/tests/artifacts/runtime_rerun_plan_smoke/manifests/policy_runtime_refresh_phase22.json
/private/tmp/raw_engine_phase49_stage/build-debug/tests/artifacts/runtime_rerun_plan_smoke/manifests/policy_runtime_rerun_phase22.json
/private/tmp/raw_engine_phase49_stage/build-debug/tests/artifacts/runtime_rerun_plan_smoke/manifests/runtime_history_index_v1_summary.json
/private/tmp/raw_engine_phase49_stage/build-debug/tests/artifacts/runtime_rerun_plan_smoke/manifests/runtime_rebaseline_proposal_phase22.json
/private/tmp/raw_engine_phase49_stage/build-debug/te...
[This part of the test output was removed since it exceeds the threshold of 1024 bytes.]
</system-out>
	</testcase>
	<testcase name="raw_engine_runtime_rerun_plan_empty_smoke" classname="raw_engine_runtime_rerun_plan_empty_smoke" time="0.831579" status="run">
		<properties>
			<property name="cmake_labels" value="compare;policy_core;policy_refresh;policy_sentinel"/>
		</properties>
		<system-out>/private/tmp/raw_engine_phase49_stage/build-debug/tests/artifacts/runtime_rerun_plan_empty_smoke/manifests/policy_runtime_current_phase22.json
/private/tmp/raw_engine_phase49_stage/build-debug/tests/artifacts/runtime_rerun_plan_empty_smoke/manifests/policy_runtime_baseline_phase22_approved.json
/private/tmp/raw_engine_phase49_stage/build-debug/tests/artifacts/runtime_rerun_plan_empty_smoke/manifests/runtime_baseline_registry_v1.json
/private/tmp/raw_engine_phase49_stage/build-debug/tests/artifacts/runtime_rerun_plan_empty_smoke/manifests/policy_runtime_refresh_phase22.json
/private/tmp/raw_engine_phase49_stage/build-debug/tests/artifacts/runtime_rerun_plan_empty_smoke/manifests/policy_runtime_rerun_phase22.json
/private/tmp/raw_engine_phase49_stage/build-debug/tests/artifacts/runtime_rerun_plan_empty_smoke/manifests/runtime_history_index_v1_summary.json
/private/tmp/raw_engine_phase49_stage/build-debug/tests/artifacts/runtime_rerun_plan_empty_smoke/manifests/runtime_rebaseline_proposal_phase22.json
raw_engine...
[This part of the test output was removed since it exceeds the threshold of 1024 bytes.]
</system-out>
	</testcase>
	<testcase name="raw_engine_runtime_proposal_gate_smoke" classname="raw_engine_runtime_proposal_gate_smoke" time="1.88883" status="run">
		<properties>
			<property name="cmake_labels" value="compare"/>
		</properties>
		<system-out>/private/tmp/raw_engine_phase49_stage/build-debug/tests/artifacts/runtime_proposal_gate_smoke/manifests/policy_runtime_current_phase22.json
/private/tmp/raw_engine_phase49_stage/build-debug/tests/artifacts/runtime_proposal_gate_smoke/manifests/policy_runtime_baseline_phase22_approved.json
/private/tmp/raw_engine_phase49_stage/build-debug/tests/artifacts/runtime_proposal_gate_smoke/manifests/runtime_baseline_registry_v1.json
/private/tmp/raw_engine_phase49_stage/build-debug/tests/artifacts/runtime_proposal_gate_smoke/manifests/policy_runtime_refresh_phase22.json
/private/tmp/raw_engine_phase49_stage/build-debug/tests/artifacts/runtime_proposal_gate_smoke/manifests/policy_runtime_rerun_phase22.json
/private/tmp/raw_engine_phase49_stage/build-debug/tests/artifacts/runtime_proposal_gate_smoke/manifests/runtime_history_index_v1_summary.json
/private/tmp/raw_engine_phase49_stage/build-debug/tests/artifacts/runtime_proposal_gate_smoke/manifests/runtime_rebaseline_proposal_phase22.json
/private/tmp/raw_engine_phase49...
[This part of the test output was removed since it exceeds the threshold of 1024 bytes.]
</system-out>
	</testcase>
	<testcase name="raw_engine_runtime_proposal_gate_need_more_samples_smoke" classname="raw_engine_runtime_proposal_gate_need_more_samples_smoke" time="1.42362" status="run">
		<properties>
			<property name="cmake_labels" value="compare"/>
		</properties>
		<system-out>/private/tmp/raw_engine_phase49_stage/build-debug/tests/artifacts/runtime_proposal_gate_need_more_samples_smoke/manifests/policy_runtime_current_phase22.json
/private/tmp/raw_engine_phase49_stage/build-debug/tests/artifacts/runtime_proposal_gate_need_more_samples_smoke/manifests/policy_runtime_baseline_phase22_approved.json
/private/tmp/raw_engine_phase49_stage/build-debug/tests/artifacts/runtime_proposal_gate_need_more_samples_smoke/manifests/runtime_baseline_registry_v1.json
/private/tmp/raw_engine_phase49_stage/build-debug/tests/artifacts/runtime_proposal_gate_need_more_samples_smoke/manifests/policy_runtime_refresh_phase22.json
/private/tmp/raw_engine_phase49_stage/build-debug/tests/artifacts/runtime_proposal_gate_need_more_samples_smoke/manifests/policy_runtime_rerun_phase22.json
/private/tmp/raw_engine_phase49_stage/build-debug/tests/artifacts/runtime_proposal_gate_need_more_samples_smoke/manifests/runtime_history_index_v1_summary.json
/private/tmp/raw_engine_phase49_stage/build-debug/tests/artifacts/ru...
[This part of the test output was removed since it exceeds the threshold of 1024 bytes.]
</system-out>
	</testcase>
	<testcase name="raw_engine_runtime_proposal_gate_approvable_smoke" classname="raw_engine_runtime_proposal_gate_approvable_smoke" time="2.48074" status="run">
		<properties>
			<property name="cmake_labels" value="compare"/>
		</properties>
		<system-out>/private/tmp/raw_engine_phase49_stage/build-debug/tests/artifacts/runtime_proposal_gate_approvable_smoke/manifests/policy_runtime_current_phase22.json
/private/tmp/raw_engine_phase49_stage/build-debug/tests/artifacts/runtime_proposal_gate_approvable_smoke/manifests/policy_runtime_baseline_phase22_approved.json
/private/tmp/raw_engine_phase49_stage/build-debug/tests/artifacts/runtime_proposal_gate_approvable_smoke/manifests/runtime_baseline_registry_v1.json
/private/tmp/raw_engine_phase49_stage/build-debug/tests/artifacts/runtime_proposal_gate_approvable_smoke/manifests/policy_runtime_refresh_phase22.json
/private/tmp/raw_engine_phase49_stage/build-debug/tests/artifacts/runtime_proposal_gate_approvable_smoke/manifests/policy_runtime_rerun_phase22.json
/private/tmp/raw_engine_phase49_stage/build-debug/tests/artifacts/runtime_proposal_gate_approvable_smoke/manifests/runtime_history_index_v1_summary.json
/private/tmp/raw_engine_phase49_stage/build-debug/tests/artifacts/runtime_proposal_gate_approvable_smoke/manif...
[This part of the test output was removed since it exceeds the threshold of 1024 bytes.]
</system-out>
	</testcase>
	<testcase name="raw_engine_runtime_proposal_gate_reject_hard_breach_smoke" classname="raw_engine_runtime_proposal_gate_reject_hard_breach_smoke" time="1.99227" status="run">
		<properties>
			<property name="cmake_labels" value="compare"/>
		</properties>
		<system-out>/private/tmp/raw_engine_phase49_stage/build-debug/tests/artifacts/runtime_proposal_gate_reject_hard_breach_smoke/manifests/policy_runtime_current_phase22.json
/private/tmp/raw_engine_phase49_stage/build-debug/tests/artifacts/runtime_proposal_gate_reject_hard_breach_smoke/manifests/policy_runtime_baseline_phase22_approved.json
/private/tmp/raw_engine_phase49_stage/build-debug/tests/artifacts/runtime_proposal_gate_reject_hard_breach_smoke/manifests/runtime_baseline_registry_v1.json
/private/tmp/raw_engine_phase49_stage/build-debug/tests/artifacts/runtime_proposal_gate_reject_hard_breach_smoke/manifests/policy_runtime_refresh_phase22.json
/private/tmp/raw_engine_phase49_stage/build-debug/tests/artifacts/runtime_proposal_gate_reject_hard_breach_smoke/manifests/policy_runtime_rerun_phase22.json
/private/tmp/raw_engine_phase49_stage/build-debug/tests/artifacts/runtime_proposal_gate_reject_hard_breach_smoke/manifests/runtime_history_index_v1_summary.json
/private/tmp/raw_engine_phase49_stage/build-debug/tests/artifa...
[This part of the test output was removed since it exceeds the threshold of 1024 bytes.]
</system-out>
	</testcase>
	<testcase name="raw_engine_runtime_approve_rebaseline_smoke" classname="raw_engine_runtime_approve_rebaseline_smoke" time="2.57825" status="run">
		<properties>
			<property name="cmake_labels" value="compare"/>
		</properties>
		<system-out>/private/tmp/raw_engine_phase49_stage/build-debug/tests/artifacts/runtime_approve_rebaseline_smoke/manifests/policy_runtime_current_phase22.json
/private/tmp/raw_engine_phase49_stage/build-debug/tests/artifacts/runtime_approve_rebaseline_smoke/manifests/policy_runtime_baseline_phase22_approved.json
/private/tmp/raw_engine_phase49_stage/build-debug/tests/artifacts/runtime_approve_rebaseline_smoke/manifests/runtime_baseline_registry_v1.json
/private/tmp/raw_engine_phase49_stage/build-debug/tests/artifacts/runtime_approve_rebaseline_smoke/manifests/policy_runtime_refresh_phase22.json
/private/tmp/raw_engine_phase49_stage/build-debug/tests/artifacts/runtime_approve_rebaseline_smoke/manifests/policy_runtime_rerun_phase22.json
/private/tmp/raw_engine_phase49_stage/build-debug/tests/artifacts/runtime_approve_rebaseline_smoke/manifests/runtime_history_index_v1_summary.json
/private/tmp/raw_engine_phase49_stage/build-debug/tests/artifacts/runtime_approve_rebaseline_smoke/manifests/runtime_rebaseline_proposal_phase22.j...
[This part of the test output was removed since it exceeds the threshold of 1024 bytes.]
</system-out>
	</testcase>
	<testcase name="raw_engine_runtime_approve_rebaseline_from_gate_smoke" classname="raw_engine_runtime_approve_rebaseline_from_gate_smoke" time="2.5556" status="run">
		<properties>
			<property name="cmake_labels" value="compare"/>
		</properties>
		<system-out>/private/tmp/raw_engine_phase49_stage/build-debug/tests/artifacts/runtime_approve_rebaseline_from_gate_smoke/manifests/policy_runtime_current_phase22.json
/private/tmp/raw_engine_phase49_stage/build-debug/tests/artifacts/runtime_approve_rebaseline_from_gate_smoke/manifests/policy_runtime_baseline_phase22_approved.json
/private/tmp/raw_engine_phase49_stage/build-debug/tests/artifacts/runtime_approve_rebaseline_from_gate_smoke/manifests/runtime_baseline_registry_v1.json
/private/tmp/raw_engine_phase49_stage/build-debug/tests/artifacts/runtime_approve_rebaseline_from_gate_smoke/manifests/policy_runtime_refresh_phase22.json
/private/tmp/raw_engine_phase49_stage/build-debug/tests/artifacts/runtime_approve_rebaseline_from_gate_smoke/manifests/policy_runtime_rerun_phase22.json
/private/tmp/raw_engine_phase49_stage/build-debug/tests/artifacts/runtime_approve_rebaseline_from_gate_smoke/manifests/runtime_history_index_v1_summary.json
/private/tmp/raw_engine_phase49_stage/build-debug/tests/artifacts/runtime_approve_reba...
[This part of the test output was removed since it exceeds the threshold of 1024 bytes.]
</system-out>
	</testcase>
	<testcase name="raw_engine_runtime_approve_rebaseline_registry_switch_smoke" classname="raw_engine_runtime_approve_rebaseline_registry_switch_smoke" time="2.60752" status="run">
		<properties>
			<property name="cmake_labels" value="compare"/>
		</properties>
		<system-out>/private/tmp/raw_engine_phase49_stage/build-debug/tests/artifacts/runtime_approve_rebaseline_registry_switch_smoke/manifests/policy_runtime_current_phase22.json
/private/tmp/raw_engine_phase49_stage/build-debug/tests/artifacts/runtime_approve_rebaseline_registry_switch_smoke/manifests/policy_runtime_baseline_phase22_approved.json
/private/tmp/raw_engine_phase49_stage/build-debug/tests/artifacts/runtime_approve_rebaseline_registry_switch_smoke/manifests/runtime_baseline_registry_v1.json
/private/tmp/raw_engine_phase49_stage/build-debug/tests/artifacts/runtime_approve_rebaseline_registry_switch_smoke/manifests/policy_runtime_refresh_phase22.json
/private/tmp/raw_engine_phase49_stage/build-debug/tests/artifacts/runtime_approve_rebaseline_registry_switch_smoke/manifests/policy_runtime_rerun_phase22.json
/private/tmp/raw_engine_phase49_stage/build-debug/tests/artifacts/runtime_approve_rebaseline_registry_switch_smoke/manifests/runtime_history_index_v1_summary.json
/private/tmp/raw_engine_phase49_stage/build-debug/...
[This part of the test output was removed since it exceeds the threshold of 1024 bytes.]
</system-out>
	</testcase>
	<testcase name="raw_engine_runtime_registry_active_switch_phase30_smoke" classname="raw_engine_runtime_registry_active_switch_phase30_smoke" time="2.62252" status="run">
		<properties>
			<property name="cmake_labels" value="compare"/>
		</properties>
		<system-out>/private/tmp/raw_engine_phase49_stage/build-debug/tests/artifacts/runtime_registry_active_switch_phase30_smoke/manifests/policy_runtime_current_phase22.json
/private/tmp/raw_engine_phase49_stage/build-debug/tests/artifacts/runtime_registry_active_switch_phase30_smoke/manifests/policy_runtime_baseline_phase22_approved.json
/private/tmp/raw_engine_phase49_stage/build-debug/tests/artifacts/runtime_registry_active_switch_phase30_smoke/manifests/runtime_baseline_registry_v1.json
/private/tmp/raw_engine_phase49_stage/build-debug/tests/artifacts/runtime_registry_active_switch_phase30_smoke/manifests/policy_runtime_refresh_phase22.json
/private/tmp/raw_engine_phase49_stage/build-debug/tests/artifacts/runtime_registry_active_switch_phase30_smoke/manifests/policy_runtime_rerun_phase22.json
/private/tmp/raw_engine_phase49_stage/build-debug/tests/artifacts/runtime_registry_active_switch_phase30_smoke/manifests/runtime_history_index_v1_summary.json
/private/tmp/raw_engine_phase49_stage/build-debug/tests/artifacts/runtime_...
[This part of the test output was removed since it exceeds the threshold of 1024 bytes.]
</system-out>
	</testcase>
	<testcase name="raw_engine_runtime_approve_rebaseline_archive_proposal_smoke" classname="raw_engine_runtime_approve_rebaseline_archive_proposal_smoke" time="2.53844" status="run">
		<properties>
			<property name="cmake_labels" value="compare"/>
		</properties>
		<system-out>/private/tmp/raw_engine_phase49_stage/build-debug/tests/artifacts/runtime_approve_rebaseline_archive_proposal_smoke/manifests/policy_runtime_current_phase22.json
/private/tmp/raw_engine_phase49_stage/build-debug/tests/artifacts/runtime_approve_rebaseline_archive_proposal_smoke/manifests/policy_runtime_baseline_phase22_approved.json
/private/tmp/raw_engine_phase49_stage/build-debug/tests/artifacts/runtime_approve_rebaseline_archive_proposal_smoke/manifests/runtime_baseline_registry_v1.json
/private/tmp/raw_engine_phase49_stage/build-debug/tests/artifacts/runtime_approve_rebaseline_archive_proposal_smoke/manifests/policy_runtime_refresh_phase22.json
/private/tmp/raw_engine_phase49_stage/build-debug/tests/artifacts/runtime_approve_rebaseline_archive_proposal_smoke/manifests/policy_runtime_rerun_phase22.json
/private/tmp/raw_engine_phase49_stage/build-debug/tests/artifacts/runtime_approve_rebaseline_archive_proposal_smoke/manifests/runtime_history_index_v1_summary.json
/private/tmp/raw_engine_phase49_stage/build-...
[This part of the test output was removed since it exceeds the threshold of 1024 bytes.]
</system-out>
	</testcase>
	<testcase name="raw_engine_runtime_approve_rebaseline_reject_without_gate_smoke" classname="raw_engine_runtime_approve_rebaseline_reject_without_gate_smoke" time="7.57589" status="run">
		<properties>
			<property name="cmake_labels" value="compare"/>
		</properties>
		<system-out>/private/tmp/raw_engine_phase49_stage/build-debug/tests/artifacts/runtime_approve_rebaseline_reject_without_gate_smoke/manifests/policy_runtime_current_phase22.json
/private/tmp/raw_engine_phase49_stage/build-debug/tests/artifacts/runtime_approve_rebaseline_reject_without_gate_smoke/manifests/policy_runtime_baseline_phase22_approved.json
/private/tmp/raw_engine_phase49_stage/build-debug/tests/artifacts/runtime_approve_rebaseline_reject_without_gate_smoke/manifests/runtime_baseline_registry_v1.json
/private/tmp/raw_engine_phase49_stage/build-debug/tests/artifacts/runtime_approve_rebaseline_reject_without_gate_smoke/manifests/policy_runtime_refresh_phase22.json
/private/tmp/raw_engine_phase49_stage/build-debug/tests/artifacts/runtime_approve_rebaseline_reject_without_gate_smoke/manifests/policy_runtime_rerun_phase22.json
/private/tmp/raw_engine_phase49_stage/build-debug/tests/artifacts/runtime_approve_rebaseline_reject_without_gate_smoke/manifests/runtime_history_index_v1_summary.json
/private/tmp/raw_engine_ph...
[This part of the test output was removed since it exceeds the threshold of 1024 bytes.]
</system-out>
	</testcase>
	<testcase name="raw_engine_runtime_refresh_after_rebaseline_smoke" classname="raw_engine_runtime_refresh_after_rebaseline_smoke" time="1.2853" status="run">
		<properties>
			<property name="cmake_labels" value="compare"/>
		</properties>
		<system-out>/private/tmp/raw_engine_phase49_stage/build-debug/tests/artifacts/runtime_refresh_after_rebaseline_smoke/manifests/policy_runtime_current_phase22.json
/private/tmp/raw_engine_phase49_stage/build-debug/tests/artifacts/runtime_refresh_after_rebaseline_smoke/manifests/policy_runtime_baseline_phase22_approved.json
/private/tmp/raw_engine_phase49_stage/build-debug/tests/artifacts/runtime_refresh_after_rebaseline_smoke/manifests/runtime_baseline_registry_v1.json
/private/tmp/raw_engine_phase49_stage/build-debug/tests/artifacts/runtime_refresh_after_rebaseline_smoke/manifests/policy_runtime_refresh_phase22.json
/private/tmp/raw_engine_phase49_stage/build-debug/tests/artifacts/runtime_refresh_after_rebaseline_smoke/manifests/policy_runtime_rerun_phase22.json
/private/tmp/raw_engine_phase49_stage/build-debug/tests/artifacts/runtime_refresh_after_rebaseline_smoke/manifests/runtime_history_index_v1_summary.json
/private/tmp/raw_engine_phase49_stage/build-debug/tests/artifacts/runtime_refresh_after_rebaseline_smoke/manif...
[This part of the test output was removed since it exceeds the threshold of 1024 bytes.]
</system-out>
	</testcase>
	<testcase name="raw_engine_runtime_refresh_after_phase30_approval_smoke" classname="raw_engine_runtime_refresh_after_phase30_approval_smoke" time="2.35024" status="run">
		<properties>
			<property name="cmake_labels" value="compare"/>
		</properties>
		<system-out>/private/tmp/raw_engine_phase49_stage/build-debug/tests/artifacts/runtime_refresh_after_rebaseline_smoke/manifests/policy_runtime_current_phase22.json
/private/tmp/raw_engine_phase49_stage/build-debug/tests/artifacts/runtime_refresh_after_rebaseline_smoke/manifests/policy_runtime_baseline_phase22_approved.json
/private/tmp/raw_engine_phase49_stage/build-debug/tests/artifacts/runtime_refresh_after_rebaseline_smoke/manifests/runtime_baseline_registry_v1.json
/private/tmp/raw_engine_phase49_stage/build-debug/tests/artifacts/runtime_refresh_after_rebaseline_smoke/manifests/policy_runtime_refresh_phase22.json
/private/tmp/raw_engine_phase49_stage/build-debug/tests/artifacts/runtime_refresh_after_rebaseline_smoke/manifests/policy_runtime_rerun_phase22.json
/private/tmp/raw_engine_phase49_stage/build-debug/tests/artifacts/runtime_refresh_after_rebaseline_smoke/manifests/runtime_history_index_v1_summary.json
/private/tmp/raw_engine_phase49_stage/build-debug/tests/artifacts/runtime_refresh_after_rebaseline_smoke/manif...
[This part of the test output was removed since it exceeds the threshold of 1024 bytes.]
</system-out>
	</testcase>
	<testcase name="raw_engine_runtime_rerun_plan_after_rebaseline_smoke" classname="raw_engine_runtime_rerun_plan_after_rebaseline_smoke" time="1.32343" status="run">
		<properties>
			<property name="cmake_labels" value="compare"/>
		</properties>
		<system-out>/private/tmp/raw_engine_phase49_stage/build-debug/tests/artifacts/runtime_rerun_plan_after_rebaseline_smoke/manifests/policy_runtime_current_phase22.json
/private/tmp/raw_engine_phase49_stage/build-debug/tests/artifacts/runtime_rerun_plan_after_rebaseline_smoke/manifests/policy_runtime_baseline_phase22_approved.json
/private/tmp/raw_engine_phase49_stage/build-debug/tests/artifacts/runtime_rerun_plan_after_rebaseline_smoke/manifests/runtime_baseline_registry_v1.json
/private/tmp/raw_engine_phase49_stage/build-debug/tests/artifacts/runtime_rerun_plan_after_rebaseline_smoke/manifests/policy_runtime_refresh_phase22.json
/private/tmp/raw_engine_phase49_stage/build-debug/tests/artifacts/runtime_rerun_plan_after_rebaseline_smoke/manifests/policy_runtime_rerun_phase22.json
/private/tmp/raw_engine_phase49_stage/build-debug/tests/artifacts/runtime_rerun_plan_after_rebaseline_smoke/manifests/runtime_history_index_v1_summary.json
/private/tmp/raw_engine_phase49_stage/build-debug/tests/artifacts/runtime_rerun_plan_after_r...
[This part of the test output was removed since it exceeds the threshold of 1024 bytes.]
</system-out>
	</testcase>
	<testcase name="raw_engine_runtime_rerun_plan_after_phase30_approval_smoke" classname="raw_engine_runtime_rerun_plan_after_phase30_approval_smoke" time="2.35438" status="run">
		<properties>
			<property name="cmake_labels" value="compare"/>
		</properties>
		<system-out>/private/tmp/raw_engine_phase49_stage/build-debug/tests/artifacts/runtime_rerun_plan_after_rebaseline_smoke/manifests/policy_runtime_current_phase22.json
/private/tmp/raw_engine_phase49_stage/build-debug/tests/artifacts/runtime_rerun_plan_after_rebaseline_smoke/manifests/policy_runtime_baseline_phase22_approved.json
/private/tmp/raw_engine_phase49_stage/build-debug/tests/artifacts/runtime_rerun_plan_after_rebaseline_smoke/manifests/runtime_baseline_registry_v1.json
/private/tmp/raw_engine_phase49_stage/build-debug/tests/artifacts/runtime_rerun_plan_after_rebaseline_smoke/manifests/policy_runtime_refresh_phase22.json
/private/tmp/raw_engine_phase49_stage/build-debug/tests/artifacts/runtime_rerun_plan_after_rebaseline_smoke/manifests/policy_runtime_rerun_phase22.json
[...]
</system-out>
	</testcase>
	<testcase name="raw_engine_compare_evidence_threshold_smoke" classname="raw_engine_compare_evidence_threshold_smoke" time="0.013567" status="run">
		<properties>
			<property name="cmake_labels" value="compare;core"/>
		</properties>
		<system-out>raw_engine_v1 tests passed case=compare_evidence_threshold_smoke
</system-out>
	</testcase>
	<testcase name="raw_engine_exhaustive_split_ready_smoke" classname="raw_engine_exhaustive_split_ready_smoke" time="0.503062" status="run">
		<properties>
			<property name="cmake_labels" value="exhaustive;slow"/>
		</properties>
		<system-out>raw_engine_v1 tests passed case=exhaustive_split_ready_smoke
</system-out>
	</testcase>
	<testcase name="raw_engine_exhaustive_join_ready_smoke" classname="raw_engine_exhaustive_join_ready_smoke" time="0.737525" status="run">
		<properties>
			<property name="cmake_labels" value="exhaustive;slow"/>
		</properties>
		<system-out>raw_engine_v1 tests passed case=exhaustive_join_ready_smoke
</system-out>
	</testcase>
	<testcase name="raw_engine_exhaustive_integrate_ready_smoke" classname="raw_engine_exhaustive_integrate_ready_smoke" time="0.130534" status="run">
		<properties>
			<property name="cmake_labels" value="exhaustive;slow"/>
		</properties>
		<system-out>raw_engine_v1 tests passed case=exhaustive_integrate_ready_smoke
</system-out>
	</testcase>
	<testcase name="raw_engine_exhaustive_mixed_smoke" classname="raw_engine_exhaustive_mixed_smoke" time="0.23273" status="run">
		<properties>
			<property name="cmake_labels" value="exhaustive;slow"/>
		</properties>
		<system-out>raw_engine_v1 tests passed case=exhaustive_mixed_smoke
</system-out>
	</testcase>
	<testcase name="raw_engine_planner_tie_mixed_exhaustive_smoke" classname="raw_engine_planner_tie_mixed_exhaustive_smoke" time="0.0820053" status="run">
		<properties>
			<property name="cmake_labels" value="exhaustive;slow"/>
		</properties>
		<system-out>raw_engine_v1 tests passed case=planner_tie_mixed_exhaustive_smoke
</system-out>
	</testcase>
	<testcase name="raw_engine_exhaustive_canonical_dedupe_smoke" classname="raw_engine_exhaustive_canonical_dedupe_smoke" time="0.0323991" status="run">
		<properties>
			<property name="cmake_labels" value="exhaustive;slow"/>
		</properties>
		<system-out>raw_engine_v1 tests passed case=exhaustive_canonical_dedupe_smoke
</system-out>
	</testcase>
	<testcase name="raw_engine_exhaustive_natural_dedupe_smoke" classname="raw_engine_exhaustive_natural_dedupe_smoke" time="17.5883" status="run">
		<properties>
			<property name="cmake_labels" value="exhaustive;slow"/>
		</properties>
		<system-out>raw_engine_v1 tests passed case=exhaustive_natural_dedupe_smoke
</system-out>
	</testcase>
	<testcase name="raw_engine_exhaustive_family_sweep_smoke" classname="raw_engine_exhaustive_family_sweep_smoke" time="86.0876" status="run">
		<properties>
			<property name="cmake_labels" value="exhaustive;slow"/>
		</properties>
		<system-out>raw_engine_v1 tests passed case=exhaustive_family_sweep_smoke
</system-out>
	</testcase>
	<testcase name="raw_engine_exhaustive_collision_guard_smoke" classname="raw_engine_exhaustive_collision_guard_smoke" time="17.5483" status="run">
		<properties>
			<property name="cmake_labels" value="exhaustive;slow"/>
		</properties>
		<system-out>raw_engine_v1 tests passed case=exhaustive_collision_guard_smoke
</system-out>
	</testcase>
	<testcase name="raw_engine_exact_canonicalizer_smoke" classname="raw_engine_exact_canonicalizer_smoke" time="23.5008" status="run">
		<properties>
			<property name="cmake_labels" value="core"/>
		</properties>
		<system-out>raw_engine_v1 tests passed case=exact_canonicalizer_smoke
</system-out>
	</testcase>
	<testcase name="raw_engine_metamorphic_relabel_invariance" classname="raw_engine_metamorphic_relabel_invariance" time="2.90573" status="run">
		<properties>
			<property name="cmake_labels" value="core"/>
		</properties>
		<system-out>raw_engine_v1 tests passed case=metamorphic_relabel_invariance
</system-out>
	</testcase>
	<testcase name="raw_engine_metamorphic_occid_invariance" classname="raw_engine_metamorphic_occid_invariance" time="2.81556" status="run">
		<properties>
			<property name="cmake_labels" value="core"/>
		</properties>
		<system-out>raw_engine_v1 tests passed case=metamorphic_occid_invariance
</system-out>
	</testcase>
	<testcase name="raw_engine_metamorphic_edge_order_invariance" classname="raw_engine_metamorphic_edge_order_invariance" time="2.81087" status="run">
		<properties>
			<property name="cmake_labels" value="core"/>
		</properties>
		<system-out>raw_engine_v1 tests passed case=metamorphic_edge_order_invariance
</system-out>
	</testcase>
	<testcase name="raw_engine_metamorphic_vertex_order_invariance" classname="raw_engine_metamorphic_vertex_order_invariance" time="5.20728" status="run">
		<properties>
			<property name="cmake_labels" value="core"/>
		</properties>
		<system-out>raw_engine_v1 tests passed case=metamorphic_vertex_order_invariance
</system-out>
	</testcase>
	<testcase name="raw_engine_replay_serialization_invariance" classname="raw_engine_replay_serialization_invariance" time="2.87613" status="run">
		<properties>
			<property name="cmake_labels" value="core"/>
		</properties>
		<system-out>raw_engine_v1 tests passed case=replay_serialization_invariance
</system-out>
	</testcase>
	<testcase name="raw_engine_metamorphic_family_matrix_smoke" classname="raw_engine_metamorphic_family_matrix_smoke" time="15.7063" status="run">
		<properties>
			<property name="cmake_labels" value="slow"/>
		</properties>
		<system-out>raw_engine_v1 tests passed case=metamorphic_family_matrix_smoke
</system-out>
	</testcase>
	<testcase name="raw_engine_metamorphic_planner_multistep_smoke" classname="raw_engine_metamorphic_planner_multistep_smoke" time="3.69278" status="run">
		<properties>
			<property name="cmake_labels" value="slow"/>
		</properties>
		<system-out>raw_engine_v1 tests passed case=metamorphic_planner_multistep_smoke
</system-out>
	</testcase>
	<testcase name="raw_engine_metamorphic_replay_matrix_smoke" classname="raw_engine_metamorphic_replay_matrix_smoke" time="3.95493" status="run">
		<properties>
			<property name="cmake_labels" value="slow"/>
		</properties>
		<system-out>raw_engine_v1 tests passed case=metamorphic_replay_matrix_smoke
</system-out>
	</testcase>
	<testcase name="raw_engine_split_choice_oracle_smoke" classname="raw_engine_split_choice_oracle_smoke" time="1.79538" status="run">
		<properties>
			<property name="cmake_labels" value="compare;slow"/>
		</properties>
		<system-out>raw_engine_v1 tests passed case=split_choice_oracle_smoke
</system-out>
	</testcase>
	<testcase name="raw_engine_split_choice_relabel_invariance" classname="raw_engine_split_choice_relabel_invariance" time="1.50113" status="run">
		<properties>
			<property name="cmake_labels" value="core"/>
		</properties>
		<system-out>raw_engine_v1 tests passed case=split_choice_relabel_invariance
</system-out>
	</testcase>
	<testcase name="raw_engine_split_choice_edge_order_invariance" classname="raw_engine_split_choice_edge_order_invariance" time="1.50904" status="run">
		<properties>
			<property name="cmake_labels" value="core"/>
		</properties>
		<system-out>raw_engine_v1 tests passed case=split_choice_edge_order_invariance
</system-out>
	</testcase>
	<testcase name="raw_engine_split_choice_vertex_order_invariance" classname="raw_engine_split_choice_vertex_order_invariance" time="1.47599" status="run">
		<properties>
			<property name="cmake_labels" value="core"/>
		</properties>
		<system-out>raw_engine_v1 tests passed case=split_choice_vertex_order_invariance
</system-out>
	</testcase>
	<testcase name="raw_engine_split_choice_oracle_regression" classname="raw_engine_split_choice_oracle_regression" time="4.54235" status="run">
		<properties>
			<property name="cmake_labels" value="core"/>
		</properties>
		<system-out>raw_engine_v1 tests passed case=split_choice_oracle_regression
</system-out>
	</testcase>
	<testcase name="raw_engine_split_choice_policy_smoke" classname="raw_engine_split_choice_policy_smoke" time="13.9396" status="run">
		<properties>
			<property name="cmake_labels" value="core"/>
		</properties>
		<system-out>raw_engine_v1 tests passed case=split_choice_policy_smoke
</system-out>
	</testcase>
	<testcase name="raw_engine_split_choice_policy_relabel_invariance" classname="raw_engine_split_choice_policy_relabel_invariance" time="2.02698" status="run">
		<properties>
			<property name="cmake_labels" value="core"/>
		</properties>
		<system-out>raw_engine_v1 tests passed case=split_choice_policy_relabel_invariance
</system-out>
	</testcase>
	<testcase name="raw_engine_split_choice_policy_edge_order_invariance" classname="raw_engine_split_choice_policy_edge_order_invariance" time="2.03922" status="run">
		<properties>
			<property name="cmake_labels" value="core"/>
		</properties>
		<system-out>raw_engine_v1 tests passed case=split_choice_policy_edge_order_invariance
</system-out>
	</testcase>
	<testcase name="raw_engine_split_choice_policy_vertex_order_invariance" classname="raw_engine_split_choice_policy_vertex_order_invariance" time="2.03922" status="run">
		<properties>
			<property name="cmake_labels" value="core"/>
		</properties>
		<system-out>raw_engine_v1 tests passed case=split_choice_policy_vertex_order_invariance
</system-out>
	</testcase>
	<testcase name="raw_engine_split_choice_policy_occid_invariance" classname="raw_engine_split_choice_policy_occid_invariance" time="2.07843" status="run">
		<properties>
			<property name="cmake_labels" value="core"/>
		</properties>
		<system-out>raw_engine_v1 tests passed case=split_choice_policy_occid_invariance
</system-out>
	</testcase>
	<testcase name="raw_engine_split_choice_policy_multiclass_smoke" classname="raw_engine_split_choice_policy_multiclass_smoke" time="2.11094" status="run">
		<properties>
			<property name="cmake_labels" value="core"/>
		</properties>
		<system-out>raw_engine_v1 tests passed case=split_choice_policy_multiclass_smoke
</system-out>
	</testcase>
	<testcase name="raw_engine_split_choice_exact_class_smoke" classname="raw_engine_split_choice_exact_class_smoke" time="1.20997" status="run">
		<properties>
			<property name="cmake_labels" value="compare;slow"/>
		</properties>
		<system-out>raw_engine_v1 tests passed case=split_choice_exact_class_smoke
</system-out>
	</testcase>
	<testcase name="raw_engine_split_choice_exact_relabel_invariance" classname="raw_engine_split_choice_exact_relabel_invariance" time="2.1672" status="run">
		<properties>
			<property name="cmake_labels" value="core"/>
		</properties>
		<system-out>raw_engine_v1 tests passed case=split_choice_exact_relabel_invariance
</system-out>
	</testcase>
	<testcase name="raw_engine_split_choice_exact_vertex_order_invariance" classname="raw_engine_split_choice_exact_vertex_order_invariance" time="2.15324" status="run">
		<properties>
			<property name="cmake_labels" value="core"/>
		</properties>
		<system-out>raw_engine_v1 tests passed case=split_choice_exact_vertex_order_invariance
</system-out>
	</testcase>
	<testcase name="raw_engine_split_choice_exact_edge_order_invariance" classname="raw_engine_split_choice_exact_edge_order_invariance" time="2.12193" status="run">
		<properties>
			<property name="cmake_labels" value="core"/>
		</properties>
		<system-out>raw_engine_v1 tests passed case=split_choice_exact_edge_order_invariance
</system-out>
	</testcase>
	<testcase name="raw_engine_split_choice_representative_shift_smoke" classname="raw_engine_split_choice_representative_shift_smoke" time="54.203" status="run">
		<properties>
			<property name="cmake_labels" value="compare;slow"/>
		</properties>
		<system-out>raw_engine_v1 tests passed case=split_choice_representative_shift_smoke
</system-out>
	</testcase>
	<testcase name="raw_engine_split_choice_semantic_shift_smoke" classname="raw_engine_split_choice_semantic_shift_smoke" time="121.238" status="run">
		<properties>
			<property name="cmake_labels" value="compare;slow"/>
		</properties>
		<system-out>raw_engine_v1 tests passed case=split_choice_semantic_shift_smoke
</system-out>
	</testcase>
	<testcase name="raw_engine_split_choice_semantic_shift_regression" classname="raw_engine_split_choice_semantic_shift_regression" time="41.4797" status="run">
		<properties>
			<property name="cmake_labels" value="core"/>
		</properties>
		<system-out>raw_engine_v1 tests passed case=split_choice_semantic_shift_regression
</system-out>
	</testcase>
	<testcase name="raw_engine_split_choice_policy_exact_shadow_smoke" classname="raw_engine_split_choice_policy_exact_shadow_smoke" time="50.5334" status="run">
		<properties>
			<property name="cmake_labels" value="core"/>
		</properties>
		<system-out>raw_engine_v1 tests passed case=split_choice_policy_exact_shadow_smoke
</system-out>
	</testcase>
	<testcase name="raw_engine_split_choice_policy_fast_vs_exact_shadow_compare" classname="raw_engine_split_choice_policy_fast_vs_exact_shadow_compare" time="58.9636" status="run">
		<properties>
			<property name="cmake_labels" value="compare;slow"/>
		</properties>
		<system-out>raw_engine_v1 tests passed case=split_choice_policy_fast_vs_exact_shadow_compare
</system-out>
	</testcase>
	<testcase name="raw_engine_split_choice_exact_shadow_relabel_invariance" classname="raw_engine_split_choice_exact_shadow_relabel_invariance" time="1.94881" status="run">
		<properties>
			<property name="cmake_labels" value="core"/>
		</properties>
		<system-out>raw_engine_v1 tests passed case=split_choice_exact_shadow_relabel_invariance
</system-out>
	</testcase>
	<testcase name="raw_engine_split_choice_exact_shadow_vertex_order_invariance" classname="raw_engine_split_choice_exact_shadow_vertex_order_invariance" time="1.87085" status="run">
		<properties>
			<property name="cmake_labels" value="core"/>
		</properties>
		<system-out>raw_engine_v1 tests passed case=split_choice_exact_shadow_vertex_order_invariance
</system-out>
	</testcase>
	<testcase name="raw_engine_split_choice_exact_shadow_edge_order_invariance" classname="raw_engine_split_choice_exact_shadow_edge_order_invariance" time="1.88907" status="run">
		<properties>
			<property name="cmake_labels" value="core"/>
		</properties>
		<system-out>raw_engine_v1 tests passed case=split_choice_exact_shadow_edge_order_invariance
</system-out>
	</testcase>
	<testcase name="raw_engine_split_choice_fallback_zero_smoke" classname="raw_engine_split_choice_fallback_zero_smoke" time="26.1944" status="run">
		<properties>
			<property name="cmake_labels" value="core"/>
		</properties>
		<system-out>raw_engine_v1 tests passed case=split_choice_fallback_zero_smoke
</system-out>
	</testcase>
	<testcase name="raw_engine_planner_relabel_structural_regression" classname="raw_engine_planner_relabel_structural_regression" time="0.927201" status="run">
		<properties>
			<property name="cmake_labels" value="core"/>
		</properties>
		<system-out>raw_engine_v1 tests passed case=planner_relabel_structural_regression
</system-out>
	</testcase>
	<testcase name="raw_engine_planner_targeted_split_smoke" classname="raw_engine_planner_targeted_split_smoke" time="0.0889652" status="run">
		<properties>
			<property name="cmake_labels" value="core"/>
		</properties>
		<system-out>raw_engine_v1 tests passed case=planner_targeted_split_smoke
</system-out>
	</testcase>
	<testcase name="raw_engine_planner_targeted_join_smoke" classname="raw_engine_planner_targeted_join_smoke" time="0.0178281" status="run">
		<properties>
			<property name="cmake_labels" value="core"/>
		</properties>
		<system-out>raw_engine_v1 tests passed case=planner_targeted_join_smoke
</system-out>
	</testcase>
	<testcase name="raw_engine_planner_targeted_integrate_smoke" classname="raw_engine_planner_targeted_integrate_smoke" time="0.0152372" status="run">
		<properties>
			<property name="cmake_labels" value="core"/>
		</properties>
		<system-out>raw_engine_v1 tests passed case=planner_targeted_integrate_smoke
</system-out>
	</testcase>
	<testcase name="raw_engine_planner_targeted_mixed_smoke" classname="raw_engine_planner_targeted_mixed_smoke" time="0.0881777" status="run">
		<properties>
			<property name="cmake_labels" value="core"/>
		</properties>
		<system-out>raw_engine_v1 tests passed case=planner_targeted_mixed_smoke
</system-out>
	</testcase>
	<testcase name="raw_engine_split_ready_unique_orig_regression" classname="raw_engine_split_ready_unique_orig_regression" time="0.0818432" status="run">
		<properties>
			<property name="cmake_labels" value="core"/>
		</properties>
		<system-out>raw_engine_v1 tests passed case=split_ready_unique_orig_regression
</system-out>
	</testcase>
	<testcase name="raw_engine_planner_coverage_smoke" classname="raw_engine_planner_coverage_smoke" time="0.0915308" status="run">
		<properties>
			<property name="cmake_labels" value="slow"/>
		</properties>
		<system-out>raw_engine_v1 tests passed case=planner_coverage_smoke
</system-out>
	</testcase>
	<testcase name="raw_engine_planner_random_coverage_smoke" classname="raw_engine_planner_random_coverage_smoke" time="2.0543" status="run">
		<properties>
			<property name="cmake_labels" value="fuzz"/>
		</properties>
		<system-out>raw_engine_v1 tests passed case=planner_random_coverage_smoke
</system-out>
	</testcase>
	<testcase name="raw_engine_planner_weighted_coverage_smoke" classname="raw_engine_planner_weighted_coverage_smoke" time="3.27852" status="run">
		<properties>
			<property name="cmake_labels" value="fuzz"/>
		</properties>
		<system-out>raw_engine_v1 tests passed case=planner_weighted_coverage_smoke
</system-out>
	</testcase>
	<testcase name="raw_engine_planner_join_ready_smoke" classname="raw_engine_planner_join_ready_smoke" time="0.0185246" status="run">
		<properties>
			<property name="cmake_labels" value="slow"/>
		</properties>
		<system-out>raw_engine_v1 tests passed case=planner_join_ready_smoke
</system-out>
	</testcase>
	<testcase name="raw_engine_planner_integrate_ready_smoke" classname="raw_engine_planner_integrate_ready_smoke" time="0.0162047" status="run">
		<properties>
			<property name="cmake_labels" value="slow"/>
		</properties>
		<system-out>raw_engine_v1 tests passed case=planner_integrate_ready_smoke
</system-out>
	</testcase>
	<testcase name="raw_engine_planner_structural_mixed_smoke" classname="raw_engine_planner_structural_mixed_smoke" time="0.664248" status="run">
		<properties>
			<property name="cmake_labels" value="slow"/>
		</properties>
		<system-out>raw_engine_v1 tests passed case=planner_structural_mixed_smoke
</system-out>
	</testcase>
	<testcase name="raw_engine_planner_tie_mixed_smoke" classname="raw_engine_planner_tie_mixed_smoke" time="0.0193937" status="run">
		<properties>
			<property name="cmake_labels" value="slow"/>
		</properties>
		<system-out>raw_engine_v1 tests passed case=planner_tie_mixed_smoke
</system-out>
	</testcase>
	<testcase name="raw_engine_planner_tie_mixed_exact_shadow_smoke" classname="raw_engine_planner_tie_mixed_exact_shadow_smoke" time="0.0167904" status="run">
		<properties>
			<property name="cmake_labels" value="slow"/>
		</properties>
		<system-out>raw_engine_v1 tests passed case=planner_tie_mixed_exact_shadow_smoke
</system-out>
	</testcase>
	<testcase name="raw_engine_planner_tie_symmetric_smoke" classname="raw_engine_planner_tie_symmetric_smoke" time="0.0200735" status="run">
		<properties>
			<property name="cmake_labels" value="slow"/>
		</properties>
		<system-out>raw_engine_v1 tests passed case=planner_tie_symmetric_smoke
</system-out>
	</testcase>
	<testcase name="raw_engine_artifact_retention_smoke" classname="raw_engine_artifact_retention_smoke" time="0.0105955" status="run">
		<properties>
			<property name="cmake_labels" value="slow"/>
		</properties>
		<system-out>raw_engine_v1 tests passed case=artifact_retention_smoke
</system-out>
	</testcase>
</testsuite>
