Start testing: Mar 20 15:12 KST
----------------------------------------------------------
47/139 Testing: raw_engine_policy_refresh_stale_hash_smoke
47/139 Test: raw_engine_policy_refresh_stale_hash_smoke
Command: "/Users/free_1/Library/Mobile Documents/iCloud~md~obsidian/Documents/cpp-checker/branch_2-1/raw_engine_v1_package/build-release-phase20/tests/raw_engine_tests" "--case" "policy_refresh_stale_hash_smoke"
Directory: /Users/free_1/Library/Mobile Documents/iCloud~md~obsidian/Documents/cpp-checker/branch_2-1/raw_engine_v1_package/build-release-phase20/tests
"raw_engine_policy_refresh_stale_hash_smoke" start time: Mar 20 15:12 KST
Output:
----------------------------------------------------------
raw_engine_v1 tests passed case=policy_refresh_stale_hash_smoke
<end of output>
Test time =   0.05 sec
----------------------------------------------------------
Test Passed.
"raw_engine_policy_refresh_stale_hash_smoke" end time: Mar 20 15:12 KST
"raw_engine_policy_refresh_stale_hash_smoke" time elapsed: 00:00:00
----------------------------------------------------------

48/139 Testing: raw_engine_policy_refresh_compare_engine_hash_smoke
48/139 Test: raw_engine_policy_refresh_compare_engine_hash_smoke
Command: "/Users/free_1/Library/Mobile Documents/iCloud~md~obsidian/Documents/cpp-checker/branch_2-1/raw_engine_v1_package/build-release-phase20/tests/raw_engine_tests" "--case" "policy_refresh_compare_engine_hash_smoke"
Directory: /Users/free_1/Library/Mobile Documents/iCloud~md~obsidian/Documents/cpp-checker/branch_2-1/raw_engine_v1_package/build-release-phase20/tests
"raw_engine_policy_refresh_compare_engine_hash_smoke" start time: Mar 20 15:12 KST
Output:
----------------------------------------------------------
raw_engine_v1 tests passed case=policy_refresh_compare_engine_hash_smoke
<end of output>
Test time =   0.05 sec
----------------------------------------------------------
Test Passed.
"raw_engine_policy_refresh_compare_engine_hash_smoke" end time: Mar 20 15:12 KST
"raw_engine_policy_refresh_compare_engine_hash_smoke" time elapsed: 00:00:00
----------------------------------------------------------

49/139 Testing: raw_engine_policy_refresh_generator_hash_smoke
49/139 Test: raw_engine_policy_refresh_generator_hash_smoke
Command: "/Users/free_1/Library/Mobile Documents/iCloud~md~obsidian/Documents/cpp-checker/branch_2-1/raw_engine_v1_package/build-release-phase20/tests/raw_engine_tests" "--case" "policy_refresh_generator_hash_smoke"
Directory: /Users/free_1/Library/Mobile Documents/iCloud~md~obsidian/Documents/cpp-checker/branch_2-1/raw_engine_v1_package/build-release-phase20/tests
"raw_engine_policy_refresh_generator_hash_smoke" start time: Mar 20 15:12 KST
Output:
----------------------------------------------------------
raw_engine_v1 tests passed case=policy_refresh_generator_hash_smoke
<end of output>
Test time =   0.06 sec
----------------------------------------------------------
Test Passed.
"raw_engine_policy_refresh_generator_hash_smoke" end time: Mar 20 15:12 KST
"raw_engine_policy_refresh_generator_hash_smoke" time elapsed: 00:00:00
----------------------------------------------------------

55/139 Testing: raw_engine_policy_reclassify_non_applicable_smoke
55/139 Test: raw_engine_policy_reclassify_non_applicable_smoke
Command: "/Users/free_1/Library/Mobile Documents/iCloud~md~obsidian/Documents/cpp-checker/branch_2-1/raw_engine_v1_package/build-release-phase20/tests/raw_engine_tests" "--case" "policy_reclassify_non_applicable_smoke"
Directory: /Users/free_1/Library/Mobile Documents/iCloud~md~obsidian/Documents/cpp-checker/branch_2-1/raw_engine_v1_package/build-release-phase20/tests
"raw_engine_policy_reclassify_non_applicable_smoke" start time: Mar 20 15:12 KST
Output:
----------------------------------------------------------
raw_engine_v1 tests passed case=policy_reclassify_non_applicable_smoke
<end of output>
Test time =   0.06 sec
----------------------------------------------------------
Test Passed.
"raw_engine_policy_reclassify_non_applicable_smoke" end time: Mar 20 15:12 KST
"raw_engine_policy_reclassify_non_applicable_smoke" time elapsed: 00:00:00
----------------------------------------------------------

60/139 Testing: raw_engine_policy_reject_diagnostic_promotion_smoke
60/139 Test: raw_engine_policy_reject_diagnostic_promotion_smoke
Command: "/Users/free_1/Library/Mobile Documents/iCloud~md~obsidian/Documents/cpp-checker/branch_2-1/raw_engine_v1_package/build-release-phase20/tests/raw_engine_tests" "--case" "policy_reject_diagnostic_promotion_smoke"
Directory: /Users/free_1/Library/Mobile Documents/iCloud~md~obsidian/Documents/cpp-checker/branch_2-1/raw_engine_v1_package/build-release-phase20/tests
"raw_engine_policy_reject_diagnostic_promotion_smoke" start time: Mar 20 15:12 KST
Output:
----------------------------------------------------------
raw_engine_v1 tests passed case=policy_reject_diagnostic_promotion_smoke
<end of output>
Test time =   0.06 sec
----------------------------------------------------------
Test Passed.
"raw_engine_policy_reject_diagnostic_promotion_smoke" end time: Mar 20 15:12 KST
"raw_engine_policy_reject_diagnostic_promotion_smoke" time elapsed: 00:00:00
----------------------------------------------------------

68/139 Testing: raw_engine_evidence_bundle_idempotent_smoke
68/139 Test: raw_engine_evidence_bundle_idempotent_smoke
Command: "/Users/free_1/Library/Mobile Documents/iCloud~md~obsidian/Documents/cpp-checker/branch_2-1/raw_engine_v1_package/build-release-phase20/tests/raw_engine_tests" "--case" "evidence_bundle_idempotent_smoke"
Directory: /Users/free_1/Library/Mobile Documents/iCloud~md~obsidian/Documents/cpp-checker/branch_2-1/raw_engine_v1_package/build-release-phase20/tests
"raw_engine_evidence_bundle_idempotent_smoke" start time: Mar 20 15:12 KST
Output:
----------------------------------------------------------
/Users/free_1/Library/Mobile Documents/iCloud~md~obsidian/Documents/cpp-checker/branch_2-1/raw_engine_v1_package/build-release-phase20/tests/artifacts/evidence_bundle_idempotent_smoke/raw_engine_phase19_stabilization.zip
/Users/free_1/Library/Mobile Documents/iCloud~md~obsidian/Documents/cpp-checker/branch_2-1/raw_engine_v1_package/build-release-phase20/tests/artifacts/evidence_bundle_idempotent_smoke/raw_engine_phase19_stabilization.zip
raw_engine_v1 tests passed case=evidence_bundle_idempotent_smoke
<end of output>
Test time =   0.53 sec
----------------------------------------------------------
Test Passed.
"raw_engine_evidence_bundle_idempotent_smoke" end time: Mar 20 15:12 KST
"raw_engine_evidence_bundle_idempotent_smoke" time elapsed: 00:00:00
----------------------------------------------------------

69/139 Testing: raw_engine_evidence_bundle_policy_summary_smoke
69/139 Test: raw_engine_evidence_bundle_policy_summary_smoke
Command: "/Users/free_1/Library/Mobile Documents/iCloud~md~obsidian/Documents/cpp-checker/branch_2-1/raw_engine_v1_package/build-release-phase20/tests/raw_engine_tests" "--case" "evidence_bundle_policy_summary_smoke"
Directory: /Users/free_1/Library/Mobile Documents/iCloud~md~obsidian/Documents/cpp-checker/branch_2-1/raw_engine_v1_package/build-release-phase20/tests
"raw_engine_evidence_bundle_policy_summary_smoke" start time: Mar 20 15:12 KST
Output:
----------------------------------------------------------
/Users/free_1/Library/Mobile Documents/iCloud~md~obsidian/Documents/cpp-checker/branch_2-1/raw_engine_v1_package/build-release-phase20/tests/artifacts/evidence_bundle_policy_summary_smoke/raw_engine_phase19_stabilization.zip
raw_engine_v1 tests passed case=evidence_bundle_policy_summary_smoke
<end of output>
Test time =   0.20 sec
----------------------------------------------------------
Test Passed.
"raw_engine_evidence_bundle_policy_summary_smoke" end time: Mar 20 15:12 KST
"raw_engine_evidence_bundle_policy_summary_smoke" time elapsed: 00:00:00
----------------------------------------------------------

75/139 Testing: raw_engine_policy_selective_rerun_execute_smoke
75/139 Test: raw_engine_policy_selective_rerun_execute_smoke
Command: "/Users/free_1/Library/Mobile Documents/iCloud~md~obsidian/Documents/cpp-checker/branch_2-1/raw_engine_v1_package/build-release-phase20/tests/raw_engine_tests" "--case" "policy_selective_rerun_execute_smoke"
Directory: /Users/free_1/Library/Mobile Documents/iCloud~md~obsidian/Documents/cpp-checker/branch_2-1/raw_engine_v1_package/build-release-phase20/tests
"raw_engine_policy_selective_rerun_execute_smoke" start time: Mar 20 15:12 KST
Output:
----------------------------------------------------------
raw_engine_v1 tests passed case=policy_selective_rerun_execute_smoke
<end of output>
Test time =   0.01 sec
----------------------------------------------------------
Test Passed.
"raw_engine_policy_selective_rerun_execute_smoke" end time: Mar 20 15:12 KST
"raw_engine_policy_selective_rerun_execute_smoke" time elapsed: 00:00:00
----------------------------------------------------------

76/139 Testing: raw_engine_policy_selective_rerun_noop_smoke
76/139 Test: raw_engine_policy_selective_rerun_noop_smoke
Command: "/Users/free_1/Library/Mobile Documents/iCloud~md~obsidian/Documents/cpp-checker/branch_2-1/raw_engine_v1_package/build-release-phase20/tests/raw_engine_tests" "--case" "policy_selective_rerun_noop_smoke"
Directory: /Users/free_1/Library/Mobile Documents/iCloud~md~obsidian/Documents/cpp-checker/branch_2-1/raw_engine_v1_package/build-release-phase20/tests
"raw_engine_policy_selective_rerun_noop_smoke" start time: Mar 20 15:12 KST
Output:
----------------------------------------------------------
raw_engine_v1 tests passed case=policy_selective_rerun_noop_smoke
<end of output>
Test time =   0.01 sec
----------------------------------------------------------
Test Passed.
"raw_engine_policy_selective_rerun_noop_smoke" end time: Mar 20 15:12 KST
"raw_engine_policy_selective_rerun_noop_smoke" time elapsed: 00:00:00
----------------------------------------------------------

77/139 Testing: raw_engine_policy_baseline_history_smoke
77/139 Test: raw_engine_policy_baseline_history_smoke
Command: "/Users/free_1/Library/Mobile Documents/iCloud~md~obsidian/Documents/cpp-checker/branch_2-1/raw_engine_v1_package/build-release-phase20/tests/raw_engine_tests" "--case" "policy_baseline_history_smoke"
Directory: /Users/free_1/Library/Mobile Documents/iCloud~md~obsidian/Documents/cpp-checker/branch_2-1/raw_engine_v1_package/build-release-phase20/tests
"raw_engine_policy_baseline_history_smoke" start time: Mar 20 15:12 KST
Output:
----------------------------------------------------------
raw_engine_v1 tests passed case=policy_baseline_history_smoke
<end of output>
Test time =   0.04 sec
----------------------------------------------------------
Test Passed.
"raw_engine_policy_baseline_history_smoke" end time: Mar 20 15:12 KST
"raw_engine_policy_baseline_history_smoke" time elapsed: 00:00:00
----------------------------------------------------------

78/139 Testing: raw_engine_policy_baseline_archive_roundtrip_smoke
78/139 Test: raw_engine_policy_baseline_archive_roundtrip_smoke
Command: "/Users/free_1/Library/Mobile Documents/iCloud~md~obsidian/Documents/cpp-checker/branch_2-1/raw_engine_v1_package/build-release-phase20/tests/raw_engine_tests" "--case" "policy_baseline_archive_roundtrip_smoke"
Directory: /Users/free_1/Library/Mobile Documents/iCloud~md~obsidian/Documents/cpp-checker/branch_2-1/raw_engine_v1_package/build-release-phase20/tests
"raw_engine_policy_baseline_archive_roundtrip_smoke" start time: Mar 20 15:12 KST
Output:
----------------------------------------------------------
raw_engine_v1 tests passed case=policy_baseline_archive_roundtrip_smoke
<end of output>
Test time =   0.04 sec
----------------------------------------------------------
Test Passed.
"raw_engine_policy_baseline_archive_roundtrip_smoke" end time: Mar 20 15:12 KST
"raw_engine_policy_baseline_archive_roundtrip_smoke" time elapsed: 00:00:00
----------------------------------------------------------

79/139 Testing: raw_engine_policy_ci_check_smoke
79/139 Test: raw_engine_policy_ci_check_smoke
Command: "/Users/free_1/Library/Mobile Documents/iCloud~md~obsidian/Documents/cpp-checker/branch_2-1/raw_engine_v1_package/build-release-phase20/tests/raw_engine_tests" "--case" "policy_ci_check_smoke"
Directory: /Users/free_1/Library/Mobile Documents/iCloud~md~obsidian/Documents/cpp-checker/branch_2-1/raw_engine_v1_package/build-release-phase20/tests
"raw_engine_policy_ci_check_smoke" start time: Mar 20 15:12 KST
Output:
----------------------------------------------------------
policy_lifecycle_summary case=policy_ci_check current_verdict=PASS freshness_verdict=FRESH plan_verdict=PASS stale_family_count=0 requires_rerun_family_count=0 reclassify_required_count=0 selected_entry_count=0
baseline_manifest=/Users/free_1/Library/Mobile Documents/iCloud~md~obsidian/Documents/cpp-checker/branch_2-1/raw_engine_v1_package/build-release-phase20/tests/artifacts/policy_ci_check_smoke/manifests/policy_graduation_manifest_phase20_approved_v1.txt
current_manifest=/Users/free_1/Library/Mobile Documents/iCloud~md~obsidian/Documents/cpp-checker/branch_2-1/raw_engine_v1_package/build-release-phase20/tests/artifacts/policy_ci_check_smoke/manifests/policy_graduation_manifest_v1.json
refresh_manifest=/Users/free_1/Library/Mobile Documents/iCloud~md~obsidian/Documents/cpp-checker/branch_2-1/raw_engine_v1_package/build-release-phase20/tests/artifacts/policy_ci_check_smoke/manifests/policy_graduation_manifest_refresh_v1.json
rerun_plan=/Users/free_1/Library/Mobile Documents/iCloud~md~obsidian/Documents/cpp-checker/branch_2-1/raw_engine_v1_package/build-release-phase20/tests/artifacts/policy_ci_check_smoke/manifests/policy_rerun_plan_v1.json
family_status=family=split_tie_organic_symmetric current_status=PASS freshness_status=FRESH drift_flag=0 reclassify_required=0 counts_as_production_evidence=1 rationale=direct compare evidence satisfied
family_status=family=automorphism_probe_large current_status=PASS freshness_status=FRESH drift_flag=0 reclassify_required=0 counts_as_production_evidence=1 rationale=direct compare evidence satisfied
family_status=family=planner_tie_mixed_organic current_status=NON_APPLICABLE freshness_status=FRESH drift_flag=0 reclassify_required=0 counts_as_production_evidence=0 rationale=no_split_ready remained dominant and compare relevance stayed below threshold
family_status=family=planner_tie_mixed_organic_compare_ready current_status=DIAGNOSTIC_ONLY freshness_status=FRESH drift_flag=0 reclassify_required=0 counts_as_production_evidence=0 rationale=diagnostic compare family met bounded compare and lineage consistency, but followup preservation or structure-only enrichment did not hold; counts_as_production_evidence=false
raw_engine_v1 tests passed case=policy_ci_check_smoke
<end of output>
Test time =   0.06 sec
----------------------------------------------------------
Test Passed.
"raw_engine_policy_ci_check_smoke" end time: Mar 20 15:12 KST
"raw_engine_policy_ci_check_smoke" time elapsed: 00:00:00
----------------------------------------------------------

80/139 Testing: raw_engine_policy_nightly_refresh_smoke
80/139 Test: raw_engine_policy_nightly_refresh_smoke
Command: "/Users/free_1/Library/Mobile Documents/iCloud~md~obsidian/Documents/cpp-checker/branch_2-1/raw_engine_v1_package/build-release-phase20/tests/raw_engine_tests" "--case" "policy_nightly_refresh_smoke"
Directory: /Users/free_1/Library/Mobile Documents/iCloud~md~obsidian/Documents/cpp-checker/branch_2-1/raw_engine_v1_package/build-release-phase20/tests
"raw_engine_policy_nightly_refresh_smoke" start time: Mar 20 15:12 KST
Output:
----------------------------------------------------------
policy_lifecycle_summary case=policy_nightly_refresh current_verdict=PASS freshness_verdict=FRESH plan_verdict=PASS stale_family_count=0 requires_rerun_family_count=0 reclassify_required_count=0 selected_entry_count=0
baseline_manifest=/Users/free_1/Library/Mobile Documents/iCloud~md~obsidian/Documents/cpp-checker/branch_2-1/raw_engine_v1_package/build-release-phase20/tests/artifacts/policy_nightly_refresh_smoke/manifests/policy_graduation_manifest_phase20_approved_v1.txt
current_manifest=/Users/free_1/Library/Mobile Documents/iCloud~md~obsidian/Documents/cpp-checker/branch_2-1/raw_engine_v1_package/build-release-phase20/tests/artifacts/policy_nightly_refresh_smoke/manifests/policy_graduation_manifest_v1.json
refresh_manifest=/Users/free_1/Library/Mobile Documents/iCloud~md~obsidian/Documents/cpp-checker/branch_2-1/raw_engine_v1_package/build-release-phase20/tests/artifacts/policy_nightly_refresh_smoke/manifests/policy_graduation_manifest_refresh_v1.json
rerun_plan=/Users/free_1/Library/Mobile Documents/iCloud~md~obsidian/Documents/cpp-checker/branch_2-1/raw_engine_v1_package/build-release-phase20/tests/artifacts/policy_nightly_refresh_smoke/manifests/policy_rerun_plan_v1.json
policy_rerun_execution_summary summary_verdict=PASS selected_family_count=0 executed_family_count=0 noop_family_count=0 failed_family_count=0 artifact_root=/Users/free_1/Library/Mobile Documents/iCloud~md~obsidian/Documents/cpp-checker/branch_2-1/raw_engine_v1_package/build-release-phase20/tests/artifacts/policy_nightly_refresh_smoke rationale=no stale families detected; nightly refresh no-op
family_status=family=split_tie_organic_symmetric current_status=PASS freshness_status=FRESH drift_flag=0 reclassify_required=0 counts_as_production_evidence=1 rationale=direct compare evidence satisfied
family_status=family=automorphism_probe_large current_status=PASS freshness_status=FRESH drift_flag=0 reclassify_required=0 counts_as_production_evidence=1 rationale=direct compare evidence satisfied
family_status=family=planner_tie_mixed_organic current_status=NON_APPLICABLE freshness_status=FRESH drift_flag=0 reclassify_required=0 counts_as_production_evidence=0 rationale=no_split_ready remained dominant and compare relevance stayed below threshold
family_status=family=planner_tie_mixed_organic_compare_ready current_status=DIAGNOSTIC_ONLY freshness_status=FRESH drift_flag=0 reclassify_required=0 counts_as_production_evidence=0 rationale=diagnostic compare family met bounded compare and lineage consistency, but followup preservation or structure-only enrichment did not hold; counts_as_production_evidence=false
raw_engine_v1 tests passed case=policy_nightly_refresh_smoke
<end of output>
Test time =   0.09 sec
----------------------------------------------------------
Test Passed.
"raw_engine_policy_nightly_refresh_smoke" end time: Mar 20 15:12 KST
"raw_engine_policy_nightly_refresh_smoke" time elapsed: 00:00:00
----------------------------------------------------------

End testing: Mar 20 15:12 KST

compare =   1.25 sec*proc

policy_core =   0.06 sec*proc

policy_nightly =   0.10 sec*proc

policy_refresh =   1.25 sec*proc

policy_sentinel =   1.01 sec*proc

