Start testing: Mar 20 13:25 KST
----------------------------------------------------------
1/125 Testing: raw_engine_micro
1/125 Test: raw_engine_micro
Command: "/Users/free_1/Library/Mobile Documents/iCloud~md~obsidian/Documents/cpp-checker/branch_2-1/raw_engine_v1_package/build-debug-phase20/tests/raw_engine_tests" "--case" "micro"
Directory: /Users/free_1/Library/Mobile Documents/iCloud~md~obsidian/Documents/cpp-checker/branch_2-1/raw_engine_v1_package/build-debug-phase20/tests
"raw_engine_micro" start time: Mar 20 13:25 KST
Output:
----------------------------------------------------------
raw_engine_v1 tests passed case=micro
<end of output>
Test time =   0.01 sec
----------------------------------------------------------
Test Passed.
"raw_engine_micro" end time: Mar 20 13:25 KST
"raw_engine_micro" time elapsed: 00:00:00
----------------------------------------------------------

2/125 Testing: raw_engine_roundtrip
2/125 Test: raw_engine_roundtrip
Command: "/Users/free_1/Library/Mobile Documents/iCloud~md~obsidian/Documents/cpp-checker/branch_2-1/raw_engine_v1_package/build-debug-phase20/tests/raw_engine_tests" "--case" "roundtrip"
Directory: /Users/free_1/Library/Mobile Documents/iCloud~md~obsidian/Documents/cpp-checker/branch_2-1/raw_engine_v1_package/build-debug-phase20/tests
"raw_engine_roundtrip" start time: Mar 20 13:25 KST
Output:
----------------------------------------------------------
raw_engine_v1 tests passed case=roundtrip
<end of output>
Test time =   0.18 sec
----------------------------------------------------------
Test Passed.
"raw_engine_roundtrip" end time: Mar 20 13:25 KST
"raw_engine_roundtrip" time elapsed: 00:00:00
----------------------------------------------------------

3/125 Testing: raw_engine_split_integrate_ensure
3/125 Test: raw_engine_split_integrate_ensure
Command: "/Users/free_1/Library/Mobile Documents/iCloud~md~obsidian/Documents/cpp-checker/branch_2-1/raw_engine_v1_package/build-debug-phase20/tests/raw_engine_tests" "--case" "split_integrate_ensure"
Directory: /Users/free_1/Library/Mobile Documents/iCloud~md~obsidian/Documents/cpp-checker/branch_2-1/raw_engine_v1_package/build-debug-phase20/tests
"raw_engine_split_integrate_ensure" start time: Mar 20 13:25 KST
Output:
----------------------------------------------------------
raw_engine_v1 tests passed case=split_integrate_ensure
<end of output>
Test time =   0.14 sec
----------------------------------------------------------
Test Passed.
"raw_engine_split_integrate_ensure" end time: Mar 20 13:25 KST
"raw_engine_split_integrate_ensure" time elapsed: 00:00:00
----------------------------------------------------------

4/125 Testing: raw_engine_regression_44001
4/125 Test: raw_engine_regression_44001
Command: "/Users/free_1/Library/Mobile Documents/iCloud~md~obsidian/Documents/cpp-checker/branch_2-1/raw_engine_v1_package/build-debug-phase20/tests/raw_engine_tests" "--case" "regression_44001"
Directory: /Users/free_1/Library/Mobile Documents/iCloud~md~obsidian/Documents/cpp-checker/branch_2-1/raw_engine_v1_package/build-debug-phase20/tests
"raw_engine_regression_44001" start time: Mar 20 13:25 KST
Output:
----------------------------------------------------------
raw_engine_v1 tests passed case=regression_44001
<end of output>
Test time =   0.01 sec
----------------------------------------------------------
Test Passed.
"raw_engine_regression_44001" end time: Mar 20 13:25 KST
"raw_engine_regression_44001" time elapsed: 00:00:00
----------------------------------------------------------

5/125 Testing: raw_engine_regression_isolate_split_no_sep
5/125 Test: raw_engine_regression_isolate_split_no_sep
Command: "/Users/free_1/Library/Mobile Documents/iCloud~md~obsidian/Documents/cpp-checker/branch_2-1/raw_engine_v1_package/build-debug-phase20/tests/raw_engine_tests" "--case" "regression_isolate_split_no_sep"
Directory: /Users/free_1/Library/Mobile Documents/iCloud~md~obsidian/Documents/cpp-checker/branch_2-1/raw_engine_v1_package/build-debug-phase20/tests
"raw_engine_regression_isolate_split_no_sep" start time: Mar 20 13:25 KST
Output:
----------------------------------------------------------
raw_engine_v1 tests passed case=regression_isolate_split_no_sep
<end of output>
Test time =   0.01 sec
----------------------------------------------------------
Test Passed.
"raw_engine_regression_isolate_split_no_sep" end time: Mar 20 13:25 KST
"raw_engine_regression_isolate_split_no_sep" time elapsed: 00:00:00
----------------------------------------------------------

6/125 Testing: raw_engine_planner
6/125 Test: raw_engine_planner
Command: "/Users/free_1/Library/Mobile Documents/iCloud~md~obsidian/Documents/cpp-checker/branch_2-1/raw_engine_v1_package/build-debug-phase20/tests/raw_engine_tests" "--case" "planner"
Directory: /Users/free_1/Library/Mobile Documents/iCloud~md~obsidian/Documents/cpp-checker/branch_2-1/raw_engine_v1_package/build-debug-phase20/tests
"raw_engine_planner" start time: Mar 20 13:25 KST
Output:
----------------------------------------------------------
raw_engine_v1 tests passed case=planner
<end of output>
Test time =   6.86 sec
----------------------------------------------------------
Test Passed.
"raw_engine_planner" end time: Mar 20 13:25 KST
"raw_engine_planner" time elapsed: 00:00:06
----------------------------------------------------------

7/125 Testing: raw_engine_fuzz_matrix
7/125 Test: raw_engine_fuzz_matrix
Command: "/Users/free_1/Library/Mobile Documents/iCloud~md~obsidian/Documents/cpp-checker/branch_2-1/raw_engine_v1_package/build-debug-phase20/tests/raw_engine_tests" "--case" "fuzz_matrix"
Directory: /Users/free_1/Library/Mobile Documents/iCloud~md~obsidian/Documents/cpp-checker/branch_2-1/raw_engine_v1_package/build-debug-phase20/tests
"raw_engine_fuzz_matrix" start time: Mar 20 13:25 KST
Output:
----------------------------------------------------------
raw_engine_v1 tests passed case=fuzz_matrix
<end of output>
Test time =   2.70 sec
----------------------------------------------------------
Test Passed.
"raw_engine_fuzz_matrix" end time: Mar 20 13:25 KST
"raw_engine_fuzz_matrix" time elapsed: 00:00:02
----------------------------------------------------------

8/125 Testing: raw_engine_fuzz
8/125 Test: raw_engine_fuzz
Command: "/Users/free_1/Library/Mobile Documents/iCloud~md~obsidian/Documents/cpp-checker/branch_2-1/raw_engine_v1_package/build-debug-phase20/tests/raw_engine_tests" "--case" "fuzz"
Directory: /Users/free_1/Library/Mobile Documents/iCloud~md~obsidian/Documents/cpp-checker/branch_2-1/raw_engine_v1_package/build-debug-phase20/tests
"raw_engine_fuzz" start time: Mar 20 13:25 KST
Output:
----------------------------------------------------------
raw_engine_v1 tests passed case=fuzz
<end of output>
Test time =   1.23 sec
----------------------------------------------------------
Test Passed.
"raw_engine_fuzz" end time: Mar 20 13:25 KST
"raw_engine_fuzz" time elapsed: 00:00:01
----------------------------------------------------------

9/125 Testing: raw_engine_isolate_oracle
9/125 Test: raw_engine_isolate_oracle
Command: "/Users/free_1/Library/Mobile Documents/iCloud~md~obsidian/Documents/cpp-checker/branch_2-1/raw_engine_v1_package/build-debug-phase20/tests/raw_engine_tests" "--case" "isolate_oracle"
Directory: /Users/free_1/Library/Mobile Documents/iCloud~md~obsidian/Documents/cpp-checker/branch_2-1/raw_engine_v1_package/build-debug-phase20/tests
"raw_engine_isolate_oracle" start time: Mar 20 13:25 KST
Output:
----------------------------------------------------------
raw_engine_v1 tests passed case=isolate_oracle
<end of output>
Test time =   0.20 sec
----------------------------------------------------------
Test Passed.
"raw_engine_isolate_oracle" end time: Mar 20 13:25 KST
"raw_engine_isolate_oracle" time elapsed: 00:00:00
----------------------------------------------------------

10/125 Testing: raw_engine_split_oracle
10/125 Test: raw_engine_split_oracle
Command: "/Users/free_1/Library/Mobile Documents/iCloud~md~obsidian/Documents/cpp-checker/branch_2-1/raw_engine_v1_package/build-debug-phase20/tests/raw_engine_tests" "--case" "split_oracle"
Directory: /Users/free_1/Library/Mobile Documents/iCloud~md~obsidian/Documents/cpp-checker/branch_2-1/raw_engine_v1_package/build-debug-phase20/tests
"raw_engine_split_oracle" start time: Mar 20 13:25 KST
Output:
----------------------------------------------------------
raw_engine_v1 tests passed case=split_oracle
<end of output>
Test time =   0.27 sec
----------------------------------------------------------
Test Passed.
"raw_engine_split_oracle" end time: Mar 20 13:25 KST
"raw_engine_split_oracle" time elapsed: 00:00:00
----------------------------------------------------------

11/125 Testing: raw_engine_join_oracle
11/125 Test: raw_engine_join_oracle
Command: "/Users/free_1/Library/Mobile Documents/iCloud~md~obsidian/Documents/cpp-checker/branch_2-1/raw_engine_v1_package/build-debug-phase20/tests/raw_engine_tests" "--case" "join_oracle"
Directory: /Users/free_1/Library/Mobile Documents/iCloud~md~obsidian/Documents/cpp-checker/branch_2-1/raw_engine_v1_package/build-debug-phase20/tests
"raw_engine_join_oracle" start time: Mar 20 13:25 KST
Output:
----------------------------------------------------------
raw_engine_v1 tests passed case=join_oracle
<end of output>
Test time =   0.41 sec
----------------------------------------------------------
Test Passed.
"raw_engine_join_oracle" end time: Mar 20 13:25 KST
"raw_engine_join_oracle" time elapsed: 00:00:00
----------------------------------------------------------

12/125 Testing: raw_engine_integrate_oracle
12/125 Test: raw_engine_integrate_oracle
Command: "/Users/free_1/Library/Mobile Documents/iCloud~md~obsidian/Documents/cpp-checker/branch_2-1/raw_engine_v1_package/build-debug-phase20/tests/raw_engine_tests" "--case" "integrate_oracle"
Directory: /Users/free_1/Library/Mobile Documents/iCloud~md~obsidian/Documents/cpp-checker/branch_2-1/raw_engine_v1_package/build-debug-phase20/tests
"raw_engine_integrate_oracle" start time: Mar 20 13:25 KST
Output:
----------------------------------------------------------
raw_engine_v1 tests passed case=integrate_oracle
<end of output>
Test time =   0.26 sec
----------------------------------------------------------
Test Passed.
"raw_engine_integrate_oracle" end time: Mar 20 13:25 KST
"raw_engine_integrate_oracle" time elapsed: 00:00:00
----------------------------------------------------------

13/125 Testing: raw_engine_planner_oracle
13/125 Test: raw_engine_planner_oracle
Command: "/Users/free_1/Library/Mobile Documents/iCloud~md~obsidian/Documents/cpp-checker/branch_2-1/raw_engine_v1_package/build-debug-phase20/tests/raw_engine_tests" "--case" "planner_oracle"
Directory: /Users/free_1/Library/Mobile Documents/iCloud~md~obsidian/Documents/cpp-checker/branch_2-1/raw_engine_v1_package/build-debug-phase20/tests
"raw_engine_planner_oracle" start time: Mar 20 13:25 KST
Output:
----------------------------------------------------------
raw_engine_v1 tests passed case=planner_oracle
<end of output>
Test time =   6.75 sec
----------------------------------------------------------
Test Passed.
"raw_engine_planner_oracle" end time: Mar 20 13:25 KST
"raw_engine_planner_oracle" time elapsed: 00:00:06
----------------------------------------------------------

14/125 Testing: raw_engine_planner_oracle_fuzz
14/125 Test: raw_engine_planner_oracle_fuzz
Command: "/Users/free_1/Library/Mobile Documents/iCloud~md~obsidian/Documents/cpp-checker/branch_2-1/raw_engine_v1_package/build-debug-phase20/tests/raw_engine_tests" "--case" "planner_oracle_fuzz"
Directory: /Users/free_1/Library/Mobile Documents/iCloud~md~obsidian/Documents/cpp-checker/branch_2-1/raw_engine_v1_package/build-debug-phase20/tests
"raw_engine_planner_oracle_fuzz" start time: Mar 20 13:25 KST
Output:
----------------------------------------------------------
raw_engine_v1 tests passed case=planner_oracle_fuzz
<end of output>
Test time =   5.26 sec
----------------------------------------------------------
Test Passed.
"raw_engine_planner_oracle_fuzz" end time: Mar 20 13:25 KST
"raw_engine_planner_oracle_fuzz" time elapsed: 00:00:05
----------------------------------------------------------

15/125 Testing: raw_engine_replay_state
15/125 Test: raw_engine_replay_state
Command: "/Users/free_1/Library/Mobile Documents/iCloud~md~obsidian/Documents/cpp-checker/branch_2-1/raw_engine_v1_package/build-debug-phase20/tests/raw_engine_tests" "--case" "replay_state"
Directory: /Users/free_1/Library/Mobile Documents/iCloud~md~obsidian/Documents/cpp-checker/branch_2-1/raw_engine_v1_package/build-debug-phase20/tests
"raw_engine_replay_state" start time: Mar 20 13:25 KST
Output:
----------------------------------------------------------
FAIL_CLASS=none
FAIL_STAGE=none
FAIL_PRIMITIVE=none
FAIL_PLANNER_PHASE=none
FAIL_TARGET_OCC=4294967295
FAIL_MISMATCH=none
raw_engine_v1 tests passed case=replay_state
<end of output>
Test time =   0.01 sec
----------------------------------------------------------
Test Passed.
"raw_engine_replay_state" end time: Mar 20 13:25 KST
"raw_engine_replay_state" time elapsed: 00:00:00
----------------------------------------------------------

16/125 Testing: raw_engine_reducer_smoke
16/125 Test: raw_engine_reducer_smoke
Command: "/Users/free_1/Library/Mobile Documents/iCloud~md~obsidian/Documents/cpp-checker/branch_2-1/raw_engine_v1_package/build-debug-phase20/tests/raw_engine_tests" "--case" "reducer_smoke"
Directory: /Users/free_1/Library/Mobile Documents/iCloud~md~obsidian/Documents/cpp-checker/branch_2-1/raw_engine_v1_package/build-debug-phase20/tests
"raw_engine_reducer_smoke" start time: Mar 20 13:25 KST
Output:
----------------------------------------------------------
raw_engine_v1 tests passed case=reducer_smoke
<end of output>
Test time =   0.42 sec
----------------------------------------------------------
Test Passed.
"raw_engine_reducer_smoke" end time: Mar 20 13:25 KST
"raw_engine_reducer_smoke" time elapsed: 00:00:00
----------------------------------------------------------

17/125 Testing: raw_engine_replay_planner_state
17/125 Test: raw_engine_replay_planner_state
Command: "/Users/free_1/Library/Mobile Documents/iCloud~md~obsidian/Documents/cpp-checker/branch_2-1/raw_engine_v1_package/build-debug-phase20/tests/raw_engine_tests" "--case" "replay_planner_state"
Directory: /Users/free_1/Library/Mobile Documents/iCloud~md~obsidian/Documents/cpp-checker/branch_2-1/raw_engine_v1_package/build-debug-phase20/tests
"raw_engine_replay_planner_state" start time: Mar 20 13:25 KST
Output:
----------------------------------------------------------
FAIL_CLASS=none
FAIL_STAGE=none
FAIL_PRIMITIVE=none
FAIL_PLANNER_PHASE=none
FAIL_TARGET_OCC=4294967295
FAIL_MISMATCH=none
raw_engine_v1 tests passed case=replay_planner_state
<end of output>
Test time =   0.04 sec
----------------------------------------------------------
Test Passed.
"raw_engine_replay_planner_state" end time: Mar 20 13:25 KST
"raw_engine_replay_planner_state" time elapsed: 00:00:00
----------------------------------------------------------

18/125 Testing: raw_engine_reduce_planner_state_smoke
18/125 Test: raw_engine_reduce_planner_state_smoke
Command: "/Users/free_1/Library/Mobile Documents/iCloud~md~obsidian/Documents/cpp-checker/branch_2-1/raw_engine_v1_package/build-debug-phase20/tests/raw_engine_tests" "--case" "reduce_planner_state_smoke" "--artifact-dir" "artifacts/reduce_planner_state_smoke"
Directory: /Users/free_1/Library/Mobile Documents/iCloud~md~obsidian/Documents/cpp-checker/branch_2-1/raw_engine_v1_package/build-debug-phase20/tests
"raw_engine_reduce_planner_state_smoke" start time: Mar 20 13:25 KST
Output:
----------------------------------------------------------
raw_engine_v1 tests passed case=reduce_planner_state_smoke
<end of output>
Test time =   0.44 sec
----------------------------------------------------------
Test Passed.
"raw_engine_reduce_planner_state_smoke" end time: Mar 20 13:25 KST
"raw_engine_reduce_planner_state_smoke" time elapsed: 00:00:00
----------------------------------------------------------

19/125 Testing: raw_engine_failure_signature_smoke
19/125 Test: raw_engine_failure_signature_smoke
Command: "/Users/free_1/Library/Mobile Documents/iCloud~md~obsidian/Documents/cpp-checker/branch_2-1/raw_engine_v1_package/build-debug-phase20/tests/raw_engine_tests" "--case" "failure_signature_smoke"
Directory: /Users/free_1/Library/Mobile Documents/iCloud~md~obsidian/Documents/cpp-checker/branch_2-1/raw_engine_v1_package/build-debug-phase20/tests
"raw_engine_failure_signature_smoke" start time: Mar 20 13:25 KST
Output:
----------------------------------------------------------
raw_engine_v1 tests passed case=failure_signature_smoke
<end of output>
Test time =   0.01 sec
----------------------------------------------------------
Test Passed.
"raw_engine_failure_signature_smoke" end time: Mar 20 13:25 KST
"raw_engine_failure_signature_smoke" time elapsed: 00:00:00
----------------------------------------------------------

20/125 Testing: raw_engine_planner_failure_signature_smoke
20/125 Test: raw_engine_planner_failure_signature_smoke
Command: "/Users/free_1/Library/Mobile Documents/iCloud~md~obsidian/Documents/cpp-checker/branch_2-1/raw_engine_v1_package/build-debug-phase20/tests/raw_engine_tests" "--case" "planner_failure_signature_smoke"
Directory: /Users/free_1/Library/Mobile Documents/iCloud~md~obsidian/Documents/cpp-checker/branch_2-1/raw_engine_v1_package/build-debug-phase20/tests
"raw_engine_planner_failure_signature_smoke" start time: Mar 20 13:25 KST
Output:
----------------------------------------------------------
raw_engine_v1 tests passed case=planner_failure_signature_smoke
<end of output>
Test time =   0.01 sec
----------------------------------------------------------
Test Passed.
"raw_engine_planner_failure_signature_smoke" end time: Mar 20 13:25 KST
"raw_engine_planner_failure_signature_smoke" time elapsed: 00:00:00
----------------------------------------------------------

21/125 Testing: raw_engine_reduce_planner_state_step_budget
21/125 Test: raw_engine_reduce_planner_state_step_budget
Command: "/Users/free_1/Library/Mobile Documents/iCloud~md~obsidian/Documents/cpp-checker/branch_2-1/raw_engine_v1_package/build-debug-phase20/tests/raw_engine_tests" "--case" "reduce_planner_state_step_budget" "--artifact-dir" "artifacts/reduce_planner_state_step_budget"
Directory: /Users/free_1/Library/Mobile Documents/iCloud~md~obsidian/Documents/cpp-checker/branch_2-1/raw_engine_v1_package/build-debug-phase20/tests
"raw_engine_reduce_planner_state_step_budget" start time: Mar 20 13:25 KST
Output:
----------------------------------------------------------
raw_engine_v1 tests passed case=reduce_planner_state_step_budget
<end of output>
Test time =   1.50 sec
----------------------------------------------------------
Test Passed.
"raw_engine_reduce_planner_state_step_budget" end time: Mar 20 13:25 KST
"raw_engine_reduce_planner_state_step_budget" time elapsed: 00:00:01
----------------------------------------------------------

22/125 Testing: raw_engine_reduce_planner_state_trace_prefix
22/125 Test: raw_engine_reduce_planner_state_trace_prefix
Command: "/Users/free_1/Library/Mobile Documents/iCloud~md~obsidian/Documents/cpp-checker/branch_2-1/raw_engine_v1_package/build-debug-phase20/tests/raw_engine_tests" "--case" "reduce_planner_state_trace_prefix" "--artifact-dir" "artifacts/reduce_planner_state_trace_prefix"
Directory: /Users/free_1/Library/Mobile Documents/iCloud~md~obsidian/Documents/cpp-checker/branch_2-1/raw_engine_v1_package/build-debug-phase20/tests
"raw_engine_reduce_planner_state_trace_prefix" start time: Mar 20 13:25 KST
Output:
----------------------------------------------------------
raw_engine_v1 tests passed case=reduce_planner_state_trace_prefix
<end of output>
Test time =   0.43 sec
----------------------------------------------------------
Test Passed.
"raw_engine_reduce_planner_state_trace_prefix" end time: Mar 20 13:25 KST
"raw_engine_reduce_planner_state_trace_prefix" time elapsed: 00:00:00
----------------------------------------------------------

23/125 Testing: raw_engine_planner_oracle_fuzz_stats
23/125 Test: raw_engine_planner_oracle_fuzz_stats
Command: "/Users/free_1/Library/Mobile Documents/iCloud~md~obsidian/Documents/cpp-checker/branch_2-1/raw_engine_v1_package/build-debug-phase20/tests/raw_engine_tests" "--case" "planner_oracle_fuzz_stats"
Directory: /Users/free_1/Library/Mobile Documents/iCloud~md~obsidian/Documents/cpp-checker/branch_2-1/raw_engine_v1_package/build-debug-phase20/tests
"raw_engine_planner_oracle_fuzz_stats" start time: Mar 20 13:25 KST
Output:
----------------------------------------------------------
raw_engine_v1 tests passed case=planner_oracle_fuzz_stats
<end of output>
Test time =   0.77 sec
----------------------------------------------------------
Test Passed.
"raw_engine_planner_oracle_fuzz_stats" end time: Mar 20 13:25 KST
"raw_engine_planner_oracle_fuzz_stats" time elapsed: 00:00:00
----------------------------------------------------------

24/125 Testing: raw_engine_primitive_fault_detection_smoke
24/125 Test: raw_engine_primitive_fault_detection_smoke
Command: "/Users/free_1/Library/Mobile Documents/iCloud~md~obsidian/Documents/cpp-checker/branch_2-1/raw_engine_v1_package/build-debug-phase20/tests/raw_engine_tests" "--case" "primitive_fault_detection_smoke"
Directory: /Users/free_1/Library/Mobile Documents/iCloud~md~obsidian/Documents/cpp-checker/branch_2-1/raw_engine_v1_package/build-debug-phase20/tests
"raw_engine_primitive_fault_detection_smoke" start time: Mar 20 13:25 KST
Output:
----------------------------------------------------------
raw_engine_v1 tests passed case=primitive_fault_detection_smoke
<end of output>
Test time =   0.01 sec
----------------------------------------------------------
Test Passed.
"raw_engine_primitive_fault_detection_smoke" end time: Mar 20 13:25 KST
"raw_engine_primitive_fault_detection_smoke" time elapsed: 00:00:00
----------------------------------------------------------

25/125 Testing: raw_engine_planner_fault_detection_smoke
25/125 Test: raw_engine_planner_fault_detection_smoke
Command: "/Users/free_1/Library/Mobile Documents/iCloud~md~obsidian/Documents/cpp-checker/branch_2-1/raw_engine_v1_package/build-debug-phase20/tests/raw_engine_tests" "--case" "planner_fault_detection_smoke"
Directory: /Users/free_1/Library/Mobile Documents/iCloud~md~obsidian/Documents/cpp-checker/branch_2-1/raw_engine_v1_package/build-debug-phase20/tests
"raw_engine_planner_fault_detection_smoke" start time: Mar 20 13:25 KST
Output:
----------------------------------------------------------
raw_engine_v1 tests passed case=planner_fault_detection_smoke
<end of output>
Test time =   0.01 sec
----------------------------------------------------------
Test Passed.
"raw_engine_planner_fault_detection_smoke" end time: Mar 20 13:25 KST
"raw_engine_planner_fault_detection_smoke" time elapsed: 00:00:00
----------------------------------------------------------

26/125 Testing: raw_engine_mutation_matrix_smoke
26/125 Test: raw_engine_mutation_matrix_smoke
Command: "/Users/free_1/Library/Mobile Documents/iCloud~md~obsidian/Documents/cpp-checker/branch_2-1/raw_engine_v1_package/build-debug-phase20/tests/raw_engine_tests" "--case" "mutation_matrix_smoke"
Directory: /Users/free_1/Library/Mobile Documents/iCloud~md~obsidian/Documents/cpp-checker/branch_2-1/raw_engine_v1_package/build-debug-phase20/tests
"raw_engine_mutation_matrix_smoke" start time: Mar 20 13:25 KST
Output:
----------------------------------------------------------
raw_engine_v1 tests passed case=mutation_matrix_smoke
<end of output>
Test time =   0.01 sec
----------------------------------------------------------
Test Passed.
"raw_engine_mutation_matrix_smoke" end time: Mar 20 13:25 KST
"raw_engine_mutation_matrix_smoke" time elapsed: 00:00:00
----------------------------------------------------------

27/125 Testing: raw_engine_planner_fixpoint_idempotence
27/125 Test: raw_engine_planner_fixpoint_idempotence
Command: "/Users/free_1/Library/Mobile Documents/iCloud~md~obsidian/Documents/cpp-checker/branch_2-1/raw_engine_v1_package/build-debug-phase20/tests/raw_engine_tests" "--case" "planner_fixpoint_idempotence"
Directory: /Users/free_1/Library/Mobile Documents/iCloud~md~obsidian/Documents/cpp-checker/branch_2-1/raw_engine_v1_package/build-debug-phase20/tests
"raw_engine_planner_fixpoint_idempotence" start time: Mar 20 13:25 KST
Output:
----------------------------------------------------------
raw_engine_v1 tests passed case=planner_fixpoint_idempotence
<end of output>
Test time =   0.01 sec
----------------------------------------------------------
Test Passed.
"raw_engine_planner_fixpoint_idempotence" end time: Mar 20 13:25 KST
"raw_engine_planner_fixpoint_idempotence" time elapsed: 00:00:00
----------------------------------------------------------

28/125 Testing: raw_engine_planner_replay_determinism
28/125 Test: raw_engine_planner_replay_determinism
Command: "/Users/free_1/Library/Mobile Documents/iCloud~md~obsidian/Documents/cpp-checker/branch_2-1/raw_engine_v1_package/build-debug-phase20/tests/raw_engine_tests" "--case" "planner_replay_determinism"
Directory: /Users/free_1/Library/Mobile Documents/iCloud~md~obsidian/Documents/cpp-checker/branch_2-1/raw_engine_v1_package/build-debug-phase20/tests
"raw_engine_planner_replay_determinism" start time: Mar 20 13:25 KST
Output:
----------------------------------------------------------
raw_engine_v1 tests passed case=planner_replay_determinism
<end of output>
Test time =   0.01 sec
----------------------------------------------------------
Test Passed.
"raw_engine_planner_replay_determinism" end time: Mar 20 13:25 KST
"raw_engine_planner_replay_determinism" time elapsed: 00:00:00
----------------------------------------------------------

29/125 Testing: raw_engine_reducer_determinism_smoke
29/125 Test: raw_engine_reducer_determinism_smoke
Command: "/Users/free_1/Library/Mobile Documents/iCloud~md~obsidian/Documents/cpp-checker/branch_2-1/raw_engine_v1_package/build-debug-phase20/tests/raw_engine_tests" "--case" "reducer_determinism_smoke" "--artifact-dir" "artifacts/reducer_determinism_smoke"
Directory: /Users/free_1/Library/Mobile Documents/iCloud~md~obsidian/Documents/cpp-checker/branch_2-1/raw_engine_v1_package/build-debug-phase20/tests
"raw_engine_reducer_determinism_smoke" start time: Mar 20 13:25 KST
Output:
----------------------------------------------------------
raw_engine_v1 tests passed case=reducer_determinism_smoke
<end of output>
Test time =   0.85 sec
----------------------------------------------------------
Test Passed.
"raw_engine_reducer_determinism_smoke" end time: Mar 20 13:25 KST
"raw_engine_reducer_determinism_smoke" time elapsed: 00:00:00
----------------------------------------------------------

30/125 Testing: raw_engine_corpus_roundtrip_smoke
30/125 Test: raw_engine_corpus_roundtrip_smoke
Command: "/Users/free_1/Library/Mobile Documents/iCloud~md~obsidian/Documents/cpp-checker/branch_2-1/raw_engine_v1_package/build-debug-phase20/tests/raw_engine_tests" "--case" "corpus_roundtrip_smoke"
Directory: /Users/free_1/Library/Mobile Documents/iCloud~md~obsidian/Documents/cpp-checker/branch_2-1/raw_engine_v1_package/build-debug-phase20/tests
"raw_engine_corpus_roundtrip_smoke" start time: Mar 20 13:25 KST
Output:
----------------------------------------------------------
raw_engine_v1 tests passed case=corpus_roundtrip_smoke
<end of output>
Test time =   0.26 sec
----------------------------------------------------------
Test Passed.
"raw_engine_corpus_roundtrip_smoke" end time: Mar 20 13:25 KST
"raw_engine_corpus_roundtrip_smoke" time elapsed: 00:00:00
----------------------------------------------------------

31/125 Testing: raw_engine_corpus_replay_smoke
31/125 Test: raw_engine_corpus_replay_smoke
Command: "/Users/free_1/Library/Mobile Documents/iCloud~md~obsidian/Documents/cpp-checker/branch_2-1/raw_engine_v1_package/build-debug-phase20/tests/raw_engine_tests" "--case" "corpus_replay_smoke"
Directory: /Users/free_1/Library/Mobile Documents/iCloud~md~obsidian/Documents/cpp-checker/branch_2-1/raw_engine_v1_package/build-debug-phase20/tests
"raw_engine_corpus_replay_smoke" start time: Mar 20 13:25 KST
Output:
----------------------------------------------------------
raw_engine_v1 tests passed case=corpus_replay_smoke
<end of output>
Test time =   0.12 sec
----------------------------------------------------------
Test Passed.
"raw_engine_corpus_replay_smoke" end time: Mar 20 13:25 KST
"raw_engine_corpus_replay_smoke" time elapsed: 00:00:00
----------------------------------------------------------

32/125 Testing: raw_engine_compare_ready_lineage_smoke
32/125 Test: raw_engine_compare_ready_lineage_smoke
Command: "/Users/free_1/Library/Mobile Documents/iCloud~md~obsidian/Documents/cpp-checker/branch_2-1/raw_engine_v1_package/build-debug-phase20/tests/raw_engine_tests" "--case" "compare_ready_lineage_smoke"
Directory: /Users/free_1/Library/Mobile Documents/iCloud~md~obsidian/Documents/cpp-checker/branch_2-1/raw_engine_v1_package/build-debug-phase20/tests
"raw_engine_compare_ready_lineage_smoke" start time: Mar 20 13:25 KST
Output:
----------------------------------------------------------
raw_engine_v1 tests passed case=compare_ready_lineage_smoke
<end of output>
Test time =  47.26 sec
----------------------------------------------------------
Test Passed.
"raw_engine_compare_ready_lineage_smoke" end time: Mar 20 13:26 KST
"raw_engine_compare_ready_lineage_smoke" time elapsed: 00:00:47
----------------------------------------------------------

33/125 Testing: raw_engine_planner_tie_organic_applicability_smoke
33/125 Test: raw_engine_planner_tie_organic_applicability_smoke
Command: "/Users/free_1/Library/Mobile Documents/iCloud~md~obsidian/Documents/cpp-checker/branch_2-1/raw_engine_v1_package/build-debug-phase20/tests/raw_engine_tests" "--case" "planner_tie_organic_applicability_smoke"
Directory: /Users/free_1/Library/Mobile Documents/iCloud~md~obsidian/Documents/cpp-checker/branch_2-1/raw_engine_v1_package/build-debug-phase20/tests
"raw_engine_planner_tie_organic_applicability_smoke" start time: Mar 20 13:26 KST
Output:
----------------------------------------------------------
raw_engine_v1 tests passed case=planner_tie_organic_applicability_smoke
<end of output>
Test time =   0.04 sec
----------------------------------------------------------
Test Passed.
"raw_engine_planner_tie_organic_applicability_smoke" end time: Mar 20 13:26 KST
"raw_engine_planner_tie_organic_applicability_smoke" time elapsed: 00:00:00
----------------------------------------------------------

34/125 Testing: raw_engine_planner_tie_organic_proxy_pass_smoke
34/125 Test: raw_engine_planner_tie_organic_proxy_pass_smoke
Command: "/Users/free_1/Library/Mobile Documents/iCloud~md~obsidian/Documents/cpp-checker/branch_2-1/raw_engine_v1_package/build-debug-phase20/tests/raw_engine_tests" "--case" "planner_tie_organic_proxy_pass_smoke"
Directory: /Users/free_1/Library/Mobile Documents/iCloud~md~obsidian/Documents/cpp-checker/branch_2-1/raw_engine_v1_package/build-debug-phase20/tests
"raw_engine_planner_tie_organic_proxy_pass_smoke" start time: Mar 20 13:26 KST
Output:
----------------------------------------------------------
raw_engine_v1 tests passed case=planner_tie_organic_proxy_pass_smoke
<end of output>
Test time =   0.01 sec
----------------------------------------------------------
Test Passed.
"raw_engine_planner_tie_organic_proxy_pass_smoke" end time: Mar 20 13:26 KST
"raw_engine_planner_tie_organic_proxy_pass_smoke" time elapsed: 00:00:00
----------------------------------------------------------

35/125 Testing: raw_engine_campaign_phase16_resume_gate_smoke
35/125 Test: raw_engine_campaign_phase16_resume_gate_smoke
Command: "/Users/free_1/Library/Mobile Documents/iCloud~md~obsidian/Documents/cpp-checker/branch_2-1/raw_engine_v1_package/build-debug-phase20/tests/raw_engine_tests" "--case" "campaign_phase16_resume_gate_smoke" "--artifact-dir" "artifacts/campaign_phase16_resume_gate_smoke"
Directory: /Users/free_1/Library/Mobile Documents/iCloud~md~obsidian/Documents/cpp-checker/branch_2-1/raw_engine_v1_package/build-debug-phase20/tests
"raw_engine_campaign_phase16_resume_gate_smoke" start time: Mar 20 13:26 KST
Output:
----------------------------------------------------------
raw_engine_v1 tests passed case=campaign_phase16_resume_gate_smoke
<end of output>
Test time = 105.90 sec
----------------------------------------------------------
Test Passed.
"raw_engine_campaign_phase16_resume_gate_smoke" end time: Mar 20 13:28 KST
"raw_engine_campaign_phase16_resume_gate_smoke" time elapsed: 00:01:45
----------------------------------------------------------

36/125 Testing: raw_engine_campaign_phase16_manifest_compatibility_smoke
36/125 Test: raw_engine_campaign_phase16_manifest_compatibility_smoke
Command: "/Users/free_1/Library/Mobile Documents/iCloud~md~obsidian/Documents/cpp-checker/branch_2-1/raw_engine_v1_package/build-debug-phase20/tests/raw_engine_tests" "--case" "campaign_phase16_manifest_compatibility_smoke" "--artifact-dir" "artifacts/campaign_phase16_manifest_compatibility_smoke"
Directory: /Users/free_1/Library/Mobile Documents/iCloud~md~obsidian/Documents/cpp-checker/branch_2-1/raw_engine_v1_package/build-debug-phase20/tests
"raw_engine_campaign_phase16_manifest_compatibility_smoke" start time: Mar 20 13:28 KST
Output:
----------------------------------------------------------
raw_engine_v1 tests passed case=campaign_phase16_manifest_compatibility_smoke
<end of output>
Test time = 106.08 sec
----------------------------------------------------------
Test Passed.
"raw_engine_campaign_phase16_manifest_compatibility_smoke" end time: Mar 20 13:29 KST
"raw_engine_campaign_phase16_manifest_compatibility_smoke" time elapsed: 00:01:46
----------------------------------------------------------

37/125 Testing: raw_engine_split_choice_policy_graduation_smoke
37/125 Test: raw_engine_split_choice_policy_graduation_smoke
Command: "/Users/free_1/Library/Mobile Documents/iCloud~md~obsidian/Documents/cpp-checker/branch_2-1/raw_engine_v1_package/build-debug-phase20/tests/raw_engine_tests" "--case" "split_choice_policy_graduation_smoke"
Directory: /Users/free_1/Library/Mobile Documents/iCloud~md~obsidian/Documents/cpp-checker/branch_2-1/raw_engine_v1_package/build-debug-phase20/tests
"raw_engine_split_choice_policy_graduation_smoke" start time: Mar 20 13:29 KST
Output:
----------------------------------------------------------
raw_engine_v1 tests passed case=split_choice_policy_graduation_smoke
<end of output>
Test time =   0.01 sec
----------------------------------------------------------
Test Passed.
"raw_engine_split_choice_policy_graduation_smoke" end time: Mar 20 13:29 KST
"raw_engine_split_choice_policy_graduation_smoke" time elapsed: 00:00:00
----------------------------------------------------------

38/125 Testing: raw_engine_policy_graduation_gate_smoke
38/125 Test: raw_engine_policy_graduation_gate_smoke
Command: "/Users/free_1/Library/Mobile Documents/iCloud~md~obsidian/Documents/cpp-checker/branch_2-1/raw_engine_v1_package/build-debug-phase20/tests/raw_engine_tests" "--case" "policy_graduation_gate_smoke"
Directory: /Users/free_1/Library/Mobile Documents/iCloud~md~obsidian/Documents/cpp-checker/branch_2-1/raw_engine_v1_package/build-debug-phase20/tests
"raw_engine_policy_graduation_gate_smoke" start time: Mar 20 13:29 KST
Output:
----------------------------------------------------------
raw_engine_v1 tests passed case=policy_graduation_gate_smoke
<end of output>
Test time =   0.01 sec
----------------------------------------------------------
Test Passed.
"raw_engine_policy_graduation_gate_smoke" end time: Mar 20 13:29 KST
"raw_engine_policy_graduation_gate_smoke" time elapsed: 00:00:00
----------------------------------------------------------

39/125 Testing: raw_engine_policy_gate_manifest_smoke
39/125 Test: raw_engine_policy_gate_manifest_smoke
Command: "/Users/free_1/Library/Mobile Documents/iCloud~md~obsidian/Documents/cpp-checker/branch_2-1/raw_engine_v1_package/build-debug-phase20/tests/raw_engine_tests" "--case" "policy_gate_manifest_smoke"
Directory: /Users/free_1/Library/Mobile Documents/iCloud~md~obsidian/Documents/cpp-checker/branch_2-1/raw_engine_v1_package/build-debug-phase20/tests
"raw_engine_policy_gate_manifest_smoke" start time: Mar 20 13:29 KST
Output:
----------------------------------------------------------
raw_engine_v1 tests passed case=policy_gate_manifest_smoke
<end of output>
Test time =   0.02 sec
----------------------------------------------------------
Test Passed.
"raw_engine_policy_gate_manifest_smoke" end time: Mar 20 13:29 KST
"raw_engine_policy_gate_manifest_smoke" time elapsed: 00:00:00
----------------------------------------------------------

40/125 Testing: raw_engine_policy_baseline_promote_smoke
40/125 Test: raw_engine_policy_baseline_promote_smoke
Command: "/Users/free_1/Library/Mobile Documents/iCloud~md~obsidian/Documents/cpp-checker/branch_2-1/raw_engine_v1_package/build-debug-phase20/tests/raw_engine_tests" "--case" "policy_baseline_promote_smoke"
Directory: /Users/free_1/Library/Mobile Documents/iCloud~md~obsidian/Documents/cpp-checker/branch_2-1/raw_engine_v1_package/build-debug-phase20/tests
"raw_engine_policy_baseline_promote_smoke" start time: Mar 20 13:29 KST
Output:
----------------------------------------------------------
raw_engine_v1 tests passed case=policy_baseline_promote_smoke
<end of output>
Test time =   0.02 sec
----------------------------------------------------------
Test Passed.
"raw_engine_policy_baseline_promote_smoke" end time: Mar 20 13:29 KST
"raw_engine_policy_baseline_promote_smoke" time elapsed: 00:00:00
----------------------------------------------------------

41/125 Testing: raw_engine_policy_baseline_roundtrip_smoke
41/125 Test: raw_engine_policy_baseline_roundtrip_smoke
Command: "/Users/free_1/Library/Mobile Documents/iCloud~md~obsidian/Documents/cpp-checker/branch_2-1/raw_engine_v1_package/build-debug-phase20/tests/raw_engine_tests" "--case" "policy_baseline_roundtrip_smoke"
Directory: /Users/free_1/Library/Mobile Documents/iCloud~md~obsidian/Documents/cpp-checker/branch_2-1/raw_engine_v1_package/build-debug-phase20/tests
"raw_engine_policy_baseline_roundtrip_smoke" start time: Mar 20 13:29 KST
Output:
----------------------------------------------------------
raw_engine_v1 tests passed case=policy_baseline_roundtrip_smoke
<end of output>
Test time =   0.02 sec
----------------------------------------------------------
Test Passed.
"raw_engine_policy_baseline_roundtrip_smoke" end time: Mar 20 13:29 KST
"raw_engine_policy_baseline_roundtrip_smoke" time elapsed: 00:00:00
----------------------------------------------------------

42/125 Testing: raw_engine_policy_promote_reject_fail_smoke
42/125 Test: raw_engine_policy_promote_reject_fail_smoke
Command: "/Users/free_1/Library/Mobile Documents/iCloud~md~obsidian/Documents/cpp-checker/branch_2-1/raw_engine_v1_package/build-debug-phase20/tests/raw_engine_tests" "--case" "policy_promote_reject_fail_smoke"
Directory: /Users/free_1/Library/Mobile Documents/iCloud~md~obsidian/Documents/cpp-checker/branch_2-1/raw_engine_v1_package/build-debug-phase20/tests
"raw_engine_policy_promote_reject_fail_smoke" start time: Mar 20 13:29 KST
Output:
----------------------------------------------------------
raw_engine_v1 tests passed case=policy_promote_reject_fail_smoke
<end of output>
Test time =   0.02 sec
----------------------------------------------------------
Test Passed.
"raw_engine_policy_promote_reject_fail_smoke" end time: Mar 20 13:29 KST
"raw_engine_policy_promote_reject_fail_smoke" time elapsed: 00:00:00
----------------------------------------------------------

43/125 Testing: raw_engine_policy_refresh_smoke
43/125 Test: raw_engine_policy_refresh_smoke
Command: "/Users/free_1/Library/Mobile Documents/iCloud~md~obsidian/Documents/cpp-checker/branch_2-1/raw_engine_v1_package/build-debug-phase20/tests/raw_engine_tests" "--case" "policy_refresh_smoke"
Directory: /Users/free_1/Library/Mobile Documents/iCloud~md~obsidian/Documents/cpp-checker/branch_2-1/raw_engine_v1_package/build-debug-phase20/tests
"raw_engine_policy_refresh_smoke" start time: Mar 20 13:29 KST
Output:
----------------------------------------------------------
raw_engine_v1 tests passed case=policy_refresh_smoke
<end of output>
Test time =   0.02 sec
----------------------------------------------------------
Test Passed.
"raw_engine_policy_refresh_smoke" end time: Mar 20 13:29 KST
"raw_engine_policy_refresh_smoke" time elapsed: 00:00:00
----------------------------------------------------------

44/125 Testing: raw_engine_policy_refresh_against_promoted_baseline_smoke
44/125 Test: raw_engine_policy_refresh_against_promoted_baseline_smoke
Command: "/Users/free_1/Library/Mobile Documents/iCloud~md~obsidian/Documents/cpp-checker/branch_2-1/raw_engine_v1_package/build-debug-phase20/tests/raw_engine_tests" "--case" "policy_refresh_against_promoted_baseline_smoke"
Directory: /Users/free_1/Library/Mobile Documents/iCloud~md~obsidian/Documents/cpp-checker/branch_2-1/raw_engine_v1_package/build-debug-phase20/tests
"raw_engine_policy_refresh_against_promoted_baseline_smoke" start time: Mar 20 13:29 KST
Output:
----------------------------------------------------------
raw_engine_v1 tests passed case=policy_refresh_against_promoted_baseline_smoke
<end of output>
Test time =   0.03 sec
----------------------------------------------------------
Test Passed.
"raw_engine_policy_refresh_against_promoted_baseline_smoke" end time: Mar 20 13:29 KST
"raw_engine_policy_refresh_against_promoted_baseline_smoke" time elapsed: 00:00:00
----------------------------------------------------------

45/125 Testing: raw_engine_policy_refresh_family_filter_smoke
45/125 Test: raw_engine_policy_refresh_family_filter_smoke
Command: "/Users/free_1/Library/Mobile Documents/iCloud~md~obsidian/Documents/cpp-checker/branch_2-1/raw_engine_v1_package/build-debug-phase20/tests/raw_engine_tests" "--case" "policy_refresh_family_filter_smoke"
Directory: /Users/free_1/Library/Mobile Documents/iCloud~md~obsidian/Documents/cpp-checker/branch_2-1/raw_engine_v1_package/build-debug-phase20/tests
"raw_engine_policy_refresh_family_filter_smoke" start time: Mar 20 13:29 KST
Output:
----------------------------------------------------------
raw_engine_v1 tests passed case=policy_refresh_family_filter_smoke
<end of output>
Test time =   0.02 sec
----------------------------------------------------------
Test Passed.
"raw_engine_policy_refresh_family_filter_smoke" end time: Mar 20 13:29 KST
"raw_engine_policy_refresh_family_filter_smoke" time elapsed: 00:00:00
----------------------------------------------------------

46/125 Testing: raw_engine_policy_refresh_freshness_only_smoke
46/125 Test: raw_engine_policy_refresh_freshness_only_smoke
Command: "/Users/free_1/Library/Mobile Documents/iCloud~md~obsidian/Documents/cpp-checker/branch_2-1/raw_engine_v1_package/build-debug-phase20/tests/raw_engine_tests" "--case" "policy_refresh_freshness_only_smoke"
Directory: /Users/free_1/Library/Mobile Documents/iCloud~md~obsidian/Documents/cpp-checker/branch_2-1/raw_engine_v1_package/build-debug-phase20/tests
"raw_engine_policy_refresh_freshness_only_smoke" start time: Mar 20 13:29 KST
Output:
----------------------------------------------------------
raw_engine_v1 tests passed case=policy_refresh_freshness_only_smoke
<end of output>
Test time =   0.03 sec
----------------------------------------------------------
Test Passed.
"raw_engine_policy_refresh_freshness_only_smoke" end time: Mar 20 13:29 KST
"raw_engine_policy_refresh_freshness_only_smoke" time elapsed: 00:00:00
----------------------------------------------------------

47/125 Testing: raw_engine_policy_gate_family_filter_smoke
47/125 Test: raw_engine_policy_gate_family_filter_smoke
Command: "/Users/free_1/Library/Mobile Documents/iCloud~md~obsidian/Documents/cpp-checker/branch_2-1/raw_engine_v1_package/build-debug-phase20/tests/raw_engine_tests" "--case" "policy_gate_family_filter_smoke"
Directory: /Users/free_1/Library/Mobile Documents/iCloud~md~obsidian/Documents/cpp-checker/branch_2-1/raw_engine_v1_package/build-debug-phase20/tests
"raw_engine_policy_gate_family_filter_smoke" start time: Mar 20 13:29 KST
Output:
----------------------------------------------------------
raw_engine_v1 tests passed case=policy_gate_family_filter_smoke
<end of output>
Test time =   0.02 sec
----------------------------------------------------------
Test Passed.
"raw_engine_policy_gate_family_filter_smoke" end time: Mar 20 13:29 KST
"raw_engine_policy_gate_family_filter_smoke" time elapsed: 00:00:00
----------------------------------------------------------

48/125 Testing: raw_engine_policy_gate_non_applicable_smoke
48/125 Test: raw_engine_policy_gate_non_applicable_smoke
Command: "/Users/free_1/Library/Mobile Documents/iCloud~md~obsidian/Documents/cpp-checker/branch_2-1/raw_engine_v1_package/build-debug-phase20/tests/raw_engine_tests" "--case" "policy_gate_non_applicable_smoke"
Directory: /Users/free_1/Library/Mobile Documents/iCloud~md~obsidian/Documents/cpp-checker/branch_2-1/raw_engine_v1_package/build-debug-phase20/tests
"raw_engine_policy_gate_non_applicable_smoke" start time: Mar 20 13:29 KST
Output:
----------------------------------------------------------
raw_engine_v1 tests passed case=policy_gate_non_applicable_smoke
<end of output>
Test time =   0.01 sec
----------------------------------------------------------
Test Passed.
"raw_engine_policy_gate_non_applicable_smoke" end time: Mar 20 13:29 KST
"raw_engine_policy_gate_non_applicable_smoke" time elapsed: 00:00:00
----------------------------------------------------------

49/125 Testing: raw_engine_policy_gate_non_applicable_drift_smoke
49/125 Test: raw_engine_policy_gate_non_applicable_drift_smoke
Command: "/Users/free_1/Library/Mobile Documents/iCloud~md~obsidian/Documents/cpp-checker/branch_2-1/raw_engine_v1_package/build-debug-phase20/tests/raw_engine_tests" "--case" "policy_gate_non_applicable_drift_smoke"
Directory: /Users/free_1/Library/Mobile Documents/iCloud~md~obsidian/Documents/cpp-checker/branch_2-1/raw_engine_v1_package/build-debug-phase20/tests
"raw_engine_policy_gate_non_applicable_drift_smoke" start time: Mar 20 13:29 KST
Output:
----------------------------------------------------------
raw_engine_v1 tests passed case=policy_gate_non_applicable_drift_smoke
<end of output>
Test time =   0.02 sec
----------------------------------------------------------
Test Passed.
"raw_engine_policy_gate_non_applicable_drift_smoke" end time: Mar 20 13:29 KST
"raw_engine_policy_gate_non_applicable_drift_smoke" time elapsed: 00:00:00
----------------------------------------------------------

50/125 Testing: raw_engine_planner_tie_organic_applicability_drift_smoke
50/125 Test: raw_engine_planner_tie_organic_applicability_drift_smoke
Command: "/Users/free_1/Library/Mobile Documents/iCloud~md~obsidian/Documents/cpp-checker/branch_2-1/raw_engine_v1_package/build-debug-phase20/tests/raw_engine_tests" "--case" "planner_tie_organic_applicability_drift_smoke"
Directory: /Users/free_1/Library/Mobile Documents/iCloud~md~obsidian/Documents/cpp-checker/branch_2-1/raw_engine_v1_package/build-debug-phase20/tests
"raw_engine_planner_tie_organic_applicability_drift_smoke" start time: Mar 20 13:29 KST
Output:
----------------------------------------------------------
raw_engine_v1 tests passed case=planner_tie_organic_applicability_drift_smoke
<end of output>
Test time =   0.01 sec
----------------------------------------------------------
Test Passed.
"raw_engine_planner_tie_organic_applicability_drift_smoke" end time: Mar 20 13:29 KST
"raw_engine_planner_tie_organic_applicability_drift_smoke" time elapsed: 00:00:00
----------------------------------------------------------

51/125 Testing: raw_engine_planner_tie_organic_reclassify_trigger_smoke
51/125 Test: raw_engine_planner_tie_organic_reclassify_trigger_smoke
Command: "/Users/free_1/Library/Mobile Documents/iCloud~md~obsidian/Documents/cpp-checker/branch_2-1/raw_engine_v1_package/build-debug-phase20/tests/raw_engine_tests" "--case" "planner_tie_organic_reclassify_trigger_smoke"
Directory: /Users/free_1/Library/Mobile Documents/iCloud~md~obsidian/Documents/cpp-checker/branch_2-1/raw_engine_v1_package/build-debug-phase20/tests
"raw_engine_planner_tie_organic_reclassify_trigger_smoke" start time: Mar 20 13:29 KST
Output:
----------------------------------------------------------
raw_engine_v1 tests passed case=planner_tie_organic_reclassify_trigger_smoke
<end of output>
Test time =   0.02 sec
----------------------------------------------------------
Test Passed.
"raw_engine_planner_tie_organic_reclassify_trigger_smoke" end time: Mar 20 13:29 KST
"raw_engine_planner_tie_organic_reclassify_trigger_smoke" time elapsed: 00:00:00
----------------------------------------------------------

52/125 Testing: raw_engine_compare_ready_lineage_gate_smoke
52/125 Test: raw_engine_compare_ready_lineage_gate_smoke
Command: "/Users/free_1/Library/Mobile Documents/iCloud~md~obsidian/Documents/cpp-checker/branch_2-1/raw_engine_v1_package/build-debug-phase20/tests/raw_engine_tests" "--case" "compare_ready_lineage_gate_smoke"
Directory: /Users/free_1/Library/Mobile Documents/iCloud~md~obsidian/Documents/cpp-checker/branch_2-1/raw_engine_v1_package/build-debug-phase20/tests
"raw_engine_compare_ready_lineage_gate_smoke" start time: Mar 20 13:29 KST
Output:
----------------------------------------------------------
raw_engine_v1 tests passed case=compare_ready_lineage_gate_smoke
<end of output>
Test time =   0.01 sec
----------------------------------------------------------
Test Passed.
"raw_engine_compare_ready_lineage_gate_smoke" end time: Mar 20 13:29 KST
"raw_engine_compare_ready_lineage_gate_smoke" time elapsed: 00:00:00
----------------------------------------------------------

53/125 Testing: raw_engine_compare_ready_not_counted_as_pass_smoke
53/125 Test: raw_engine_compare_ready_not_counted_as_pass_smoke
Command: "/Users/free_1/Library/Mobile Documents/iCloud~md~obsidian/Documents/cpp-checker/branch_2-1/raw_engine_v1_package/build-debug-phase20/tests/raw_engine_tests" "--case" "compare_ready_not_counted_as_pass_smoke"
Directory: /Users/free_1/Library/Mobile Documents/iCloud~md~obsidian/Documents/cpp-checker/branch_2-1/raw_engine_v1_package/build-debug-phase20/tests
"raw_engine_compare_ready_not_counted_as_pass_smoke" start time: Mar 20 13:29 KST
Output:
----------------------------------------------------------
raw_engine_v1 tests passed case=compare_ready_not_counted_as_pass_smoke
<end of output>
Test time =   0.01 sec
----------------------------------------------------------
Test Passed.
"raw_engine_compare_ready_not_counted_as_pass_smoke" end time: Mar 20 13:29 KST
"raw_engine_compare_ready_not_counted_as_pass_smoke" time elapsed: 00:00:00
----------------------------------------------------------

54/125 Testing: raw_engine_policy_gate_diagnostic_only_smoke
54/125 Test: raw_engine_policy_gate_diagnostic_only_smoke
Command: "/Users/free_1/Library/Mobile Documents/iCloud~md~obsidian/Documents/cpp-checker/branch_2-1/raw_engine_v1_package/build-debug-phase20/tests/raw_engine_tests" "--case" "policy_gate_diagnostic_only_smoke"
Directory: /Users/free_1/Library/Mobile Documents/iCloud~md~obsidian/Documents/cpp-checker/branch_2-1/raw_engine_v1_package/build-debug-phase20/tests
"raw_engine_policy_gate_diagnostic_only_smoke" start time: Mar 20 13:29 KST
Output:
----------------------------------------------------------
raw_engine_v1 tests passed case=policy_gate_diagnostic_only_smoke
<end of output>
Test time =   0.03 sec
----------------------------------------------------------
Test Passed.
"raw_engine_policy_gate_diagnostic_only_smoke" end time: Mar 20 13:29 KST
"raw_engine_policy_gate_diagnostic_only_smoke" time elapsed: 00:00:00
----------------------------------------------------------

55/125 Testing: raw_engine_compare_ready_not_promoted_smoke
55/125 Test: raw_engine_compare_ready_not_promoted_smoke
Command: "/Users/free_1/Library/Mobile Documents/iCloud~md~obsidian/Documents/cpp-checker/branch_2-1/raw_engine_v1_package/build-debug-phase20/tests/raw_engine_tests" "--case" "compare_ready_not_promoted_smoke"
Directory: /Users/free_1/Library/Mobile Documents/iCloud~md~obsidian/Documents/cpp-checker/branch_2-1/raw_engine_v1_package/build-debug-phase20/tests
"raw_engine_compare_ready_not_promoted_smoke" start time: Mar 20 13:29 KST
Output:
----------------------------------------------------------
raw_engine_v1 tests passed case=compare_ready_not_promoted_smoke
<end of output>
Test time =   0.03 sec
----------------------------------------------------------
Test Passed.
"raw_engine_compare_ready_not_promoted_smoke" end time: Mar 20 13:29 KST
"raw_engine_compare_ready_not_promoted_smoke" time elapsed: 00:00:00
----------------------------------------------------------

56/125 Testing: raw_engine_policy_gate_nightly_smoke
56/125 Test: raw_engine_policy_gate_nightly_smoke
Command: "/Users/free_1/Library/Mobile Documents/iCloud~md~obsidian/Documents/cpp-checker/branch_2-1/raw_engine_v1_package/build-debug-phase20/tests/raw_engine_tests" "--case" "policy_gate_nightly_smoke"
Directory: /Users/free_1/Library/Mobile Documents/iCloud~md~obsidian/Documents/cpp-checker/branch_2-1/raw_engine_v1_package/build-debug-phase20/tests
"raw_engine_policy_gate_nightly_smoke" start time: Mar 20 13:29 KST
Output:
----------------------------------------------------------
raw_engine_v1 tests passed case=policy_gate_nightly_smoke
<end of output>
Test time =   0.02 sec
----------------------------------------------------------
Test Passed.
"raw_engine_policy_gate_nightly_smoke" end time: Mar 20 13:29 KST
"raw_engine_policy_gate_nightly_smoke" time elapsed: 00:00:00
----------------------------------------------------------

57/125 Testing: raw_engine_policy_refresh_nightly_smoke
57/125 Test: raw_engine_policy_refresh_nightly_smoke
Command: "/Users/free_1/Library/Mobile Documents/iCloud~md~obsidian/Documents/cpp-checker/branch_2-1/raw_engine_v1_package/build-debug-phase20/tests/raw_engine_tests" "--case" "policy_refresh_nightly_smoke"
Directory: /Users/free_1/Library/Mobile Documents/iCloud~md~obsidian/Documents/cpp-checker/branch_2-1/raw_engine_v1_package/build-debug-phase20/tests
"raw_engine_policy_refresh_nightly_smoke" start time: Mar 20 13:29 KST
Output:
----------------------------------------------------------
raw_engine_v1 tests passed case=policy_refresh_nightly_smoke
<end of output>
Test time =   0.03 sec
----------------------------------------------------------
Test Passed.
"raw_engine_policy_refresh_nightly_smoke" end time: Mar 20 13:29 KST
"raw_engine_policy_refresh_nightly_smoke" time elapsed: 00:00:00
----------------------------------------------------------

58/125 Testing: raw_engine_manifest_roundtrip_smoke
58/125 Test: raw_engine_manifest_roundtrip_smoke
Command: "/Users/free_1/Library/Mobile Documents/iCloud~md~obsidian/Documents/cpp-checker/branch_2-1/raw_engine_v1_package/build-debug-phase20/tests/raw_engine_tests" "--case" "manifest_roundtrip_smoke"
Directory: /Users/free_1/Library/Mobile Documents/iCloud~md~obsidian/Documents/cpp-checker/branch_2-1/raw_engine_v1_package/build-debug-phase20/tests
"raw_engine_manifest_roundtrip_smoke" start time: Mar 20 13:29 KST
Output:
----------------------------------------------------------
raw_engine_v1 tests passed case=manifest_roundtrip_smoke
<end of output>
Test time =   0.02 sec
----------------------------------------------------------
Test Passed.
"raw_engine_manifest_roundtrip_smoke" end time: Mar 20 13:29 KST
"raw_engine_manifest_roundtrip_smoke" time elapsed: 00:00:00
----------------------------------------------------------

59/125 Testing: raw_engine_evidence_bundle_smoke
59/125 Test: raw_engine_evidence_bundle_smoke
Command: "/Users/free_1/Library/Mobile Documents/iCloud~md~obsidian/Documents/cpp-checker/branch_2-1/raw_engine_v1_package/build-debug-phase20/tests/raw_engine_tests" "--case" "evidence_bundle_smoke"
Directory: /Users/free_1/Library/Mobile Documents/iCloud~md~obsidian/Documents/cpp-checker/branch_2-1/raw_engine_v1_package/build-debug-phase20/tests
"raw_engine_evidence_bundle_smoke" start time: Mar 20 13:29 KST
Output:
----------------------------------------------------------
/Users/free_1/Library/Mobile Documents/iCloud~md~obsidian/Documents/cpp-checker/branch_2-1/raw_engine_v1_package/build-debug-phase20/tests/artifacts/evidence_bundle_smoke/raw_engine_phase19_stabilization.zip
raw_engine_v1 tests passed case=evidence_bundle_smoke
<end of output>
Test time =   0.12 sec
----------------------------------------------------------
Test Passed.
"raw_engine_evidence_bundle_smoke" end time: Mar 20 13:29 KST
"raw_engine_evidence_bundle_smoke" time elapsed: 00:00:00
----------------------------------------------------------

60/125 Testing: raw_engine_evidence_bundle_manifest_freshness_smoke
60/125 Test: raw_engine_evidence_bundle_manifest_freshness_smoke
Command: "/Users/free_1/Library/Mobile Documents/iCloud~md~obsidian/Documents/cpp-checker/branch_2-1/raw_engine_v1_package/build-debug-phase20/tests/raw_engine_tests" "--case" "evidence_bundle_manifest_freshness_smoke"
Directory: /Users/free_1/Library/Mobile Documents/iCloud~md~obsidian/Documents/cpp-checker/branch_2-1/raw_engine_v1_package/build-debug-phase20/tests
"raw_engine_evidence_bundle_manifest_freshness_smoke" start time: Mar 20 13:29 KST
Output:
----------------------------------------------------------
/Users/free_1/Library/Mobile Documents/iCloud~md~obsidian/Documents/cpp-checker/branch_2-1/raw_engine_v1_package/build-debug-phase20/tests/artifacts/evidence_bundle_manifest_freshness_smoke/raw_engine_phase19_stabilization.zip
raw_engine_v1 tests passed case=evidence_bundle_manifest_freshness_smoke
<end of output>
Test time =   0.11 sec
----------------------------------------------------------
Test Passed.
"raw_engine_evidence_bundle_manifest_freshness_smoke" end time: Mar 20 13:29 KST
"raw_engine_evidence_bundle_manifest_freshness_smoke" time elapsed: 00:00:00
----------------------------------------------------------

61/125 Testing: raw_engine_evidence_bundle_policy_refresh_smoke
61/125 Test: raw_engine_evidence_bundle_policy_refresh_smoke
Command: "/Users/free_1/Library/Mobile Documents/iCloud~md~obsidian/Documents/cpp-checker/branch_2-1/raw_engine_v1_package/build-debug-phase20/tests/raw_engine_tests" "--case" "evidence_bundle_policy_refresh_smoke"
Directory: /Users/free_1/Library/Mobile Documents/iCloud~md~obsidian/Documents/cpp-checker/branch_2-1/raw_engine_v1_package/build-debug-phase20/tests
"raw_engine_evidence_bundle_policy_refresh_smoke" start time: Mar 20 13:29 KST
Output:
----------------------------------------------------------
/Users/free_1/Library/Mobile Documents/iCloud~md~obsidian/Documents/cpp-checker/branch_2-1/raw_engine_v1_package/build-debug-phase20/tests/artifacts/evidence_bundle_policy_refresh_smoke/raw_engine_phase19_stabilization.zip
raw_engine_v1 tests passed case=evidence_bundle_policy_refresh_smoke
<end of output>
Test time =   0.10 sec
----------------------------------------------------------
Test Passed.
"raw_engine_evidence_bundle_policy_refresh_smoke" end time: Mar 20 13:29 KST
"raw_engine_evidence_bundle_policy_refresh_smoke" time elapsed: 00:00:00
----------------------------------------------------------

62/125 Testing: raw_engine_evidence_bundle_rerun_plan_smoke
62/125 Test: raw_engine_evidence_bundle_rerun_plan_smoke
Command: "/Users/free_1/Library/Mobile Documents/iCloud~md~obsidian/Documents/cpp-checker/branch_2-1/raw_engine_v1_package/build-debug-phase20/tests/raw_engine_tests" "--case" "evidence_bundle_rerun_plan_smoke"
Directory: /Users/free_1/Library/Mobile Documents/iCloud~md~obsidian/Documents/cpp-checker/branch_2-1/raw_engine_v1_package/build-debug-phase20/tests
"raw_engine_evidence_bundle_rerun_plan_smoke" start time: Mar 20 13:29 KST
Output:
----------------------------------------------------------
/Users/free_1/Library/Mobile Documents/iCloud~md~obsidian/Documents/cpp-checker/branch_2-1/raw_engine_v1_package/build-debug-phase20/tests/artifacts/evidence_bundle_rerun_plan_smoke/raw_engine_phase19_stabilization.zip
raw_engine_v1 tests passed case=evidence_bundle_rerun_plan_smoke
<end of output>
Test time =   0.10 sec
----------------------------------------------------------
Test Passed.
"raw_engine_evidence_bundle_rerun_plan_smoke" end time: Mar 20 13:29 KST
"raw_engine_evidence_bundle_rerun_plan_smoke" time elapsed: 00:00:00
----------------------------------------------------------

63/125 Testing: raw_engine_stale_family_selective_rerun_smoke
63/125 Test: raw_engine_stale_family_selective_rerun_smoke
Command: "/Users/free_1/Library/Mobile Documents/iCloud~md~obsidian/Documents/cpp-checker/branch_2-1/raw_engine_v1_package/build-debug-phase20/tests/raw_engine_tests" "--case" "stale_family_selective_rerun_smoke"
Directory: /Users/free_1/Library/Mobile Documents/iCloud~md~obsidian/Documents/cpp-checker/branch_2-1/raw_engine_v1_package/build-debug-phase20/tests
"raw_engine_stale_family_selective_rerun_smoke" start time: Mar 20 13:29 KST
Output:
----------------------------------------------------------
raw_engine_v1 tests passed case=stale_family_selective_rerun_smoke
<end of output>
Test time =   0.03 sec
----------------------------------------------------------
Test Passed.
"raw_engine_stale_family_selective_rerun_smoke" end time: Mar 20 13:29 KST
"raw_engine_stale_family_selective_rerun_smoke" time elapsed: 00:00:00
----------------------------------------------------------

64/125 Testing: raw_engine_policy_rerun_plan_smoke
64/125 Test: raw_engine_policy_rerun_plan_smoke
Command: "/Users/free_1/Library/Mobile Documents/iCloud~md~obsidian/Documents/cpp-checker/branch_2-1/raw_engine_v1_package/build-debug-phase20/tests/raw_engine_tests" "--case" "policy_rerun_plan_smoke"
Directory: /Users/free_1/Library/Mobile Documents/iCloud~md~obsidian/Documents/cpp-checker/branch_2-1/raw_engine_v1_package/build-debug-phase20/tests
"raw_engine_policy_rerun_plan_smoke" start time: Mar 20 13:29 KST
Output:
----------------------------------------------------------
raw_engine_v1 tests passed case=policy_rerun_plan_smoke
<end of output>
Test time =   0.03 sec
----------------------------------------------------------
Test Passed.
"raw_engine_policy_rerun_plan_smoke" end time: Mar 20 13:29 KST
"raw_engine_policy_rerun_plan_smoke" time elapsed: 00:00:00
----------------------------------------------------------

65/125 Testing: raw_engine_policy_rerun_plan_empty_smoke
65/125 Test: raw_engine_policy_rerun_plan_empty_smoke
Command: "/Users/free_1/Library/Mobile Documents/iCloud~md~obsidian/Documents/cpp-checker/branch_2-1/raw_engine_v1_package/build-debug-phase20/tests/raw_engine_tests" "--case" "policy_rerun_plan_empty_smoke"
Directory: /Users/free_1/Library/Mobile Documents/iCloud~md~obsidian/Documents/cpp-checker/branch_2-1/raw_engine_v1_package/build-debug-phase20/tests
"raw_engine_policy_rerun_plan_empty_smoke" start time: Mar 20 13:29 KST
Output:
----------------------------------------------------------
raw_engine_v1 tests passed case=policy_rerun_plan_empty_smoke
<end of output>
Test time =   0.03 sec
----------------------------------------------------------
Test Passed.
"raw_engine_policy_rerun_plan_empty_smoke" end time: Mar 20 13:29 KST
"raw_engine_policy_rerun_plan_empty_smoke" time elapsed: 00:00:00
----------------------------------------------------------

66/125 Testing: raw_engine_policy_rerun_plan_family_filter_smoke
66/125 Test: raw_engine_policy_rerun_plan_family_filter_smoke
Command: "/Users/free_1/Library/Mobile Documents/iCloud~md~obsidian/Documents/cpp-checker/branch_2-1/raw_engine_v1_package/build-debug-phase20/tests/raw_engine_tests" "--case" "policy_rerun_plan_family_filter_smoke"
Directory: /Users/free_1/Library/Mobile Documents/iCloud~md~obsidian/Documents/cpp-checker/branch_2-1/raw_engine_v1_package/build-debug-phase20/tests
"raw_engine_policy_rerun_plan_family_filter_smoke" start time: Mar 20 13:29 KST
Output:
----------------------------------------------------------
raw_engine_v1 tests passed case=policy_rerun_plan_family_filter_smoke
<end of output>
Test time =   0.03 sec
----------------------------------------------------------
Test Passed.
"raw_engine_policy_rerun_plan_family_filter_smoke" end time: Mar 20 13:29 KST
"raw_engine_policy_rerun_plan_family_filter_smoke" time elapsed: 00:00:00
----------------------------------------------------------

67/125 Testing: raw_engine_compare_evidence_threshold_smoke
67/125 Test: raw_engine_compare_evidence_threshold_smoke
Command: "/Users/free_1/Library/Mobile Documents/iCloud~md~obsidian/Documents/cpp-checker/branch_2-1/raw_engine_v1_package/build-debug-phase20/tests/raw_engine_tests" "--case" "compare_evidence_threshold_smoke"
Directory: /Users/free_1/Library/Mobile Documents/iCloud~md~obsidian/Documents/cpp-checker/branch_2-1/raw_engine_v1_package/build-debug-phase20/tests
"raw_engine_compare_evidence_threshold_smoke" start time: Mar 20 13:29 KST
Output:
----------------------------------------------------------
raw_engine_v1 tests passed case=compare_evidence_threshold_smoke
<end of output>
Test time =   0.01 sec
----------------------------------------------------------
Test Passed.
"raw_engine_compare_evidence_threshold_smoke" end time: Mar 20 13:29 KST
"raw_engine_compare_evidence_threshold_smoke" time elapsed: 00:00:00
----------------------------------------------------------

68/125 Testing: raw_engine_exhaustive_split_ready_smoke
68/125 Test: raw_engine_exhaustive_split_ready_smoke
Command: "/Users/free_1/Library/Mobile Documents/iCloud~md~obsidian/Documents/cpp-checker/branch_2-1/raw_engine_v1_package/build-debug-phase20/tests/raw_engine_tests" "--case" "exhaustive_split_ready_smoke"
Directory: /Users/free_1/Library/Mobile Documents/iCloud~md~obsidian/Documents/cpp-checker/branch_2-1/raw_engine_v1_package/build-debug-phase20/tests
"raw_engine_exhaustive_split_ready_smoke" start time: Mar 20 13:29 KST
Output:
----------------------------------------------------------
raw_engine_v1 tests passed case=exhaustive_split_ready_smoke
<end of output>
Test time =   0.23 sec
----------------------------------------------------------
Test Passed.
"raw_engine_exhaustive_split_ready_smoke" end time: Mar 20 13:29 KST
"raw_engine_exhaustive_split_ready_smoke" time elapsed: 00:00:00
----------------------------------------------------------

69/125 Testing: raw_engine_exhaustive_join_ready_smoke
69/125 Test: raw_engine_exhaustive_join_ready_smoke
Command: "/Users/free_1/Library/Mobile Documents/iCloud~md~obsidian/Documents/cpp-checker/branch_2-1/raw_engine_v1_package/build-debug-phase20/tests/raw_engine_tests" "--case" "exhaustive_join_ready_smoke"
Directory: /Users/free_1/Library/Mobile Documents/iCloud~md~obsidian/Documents/cpp-checker/branch_2-1/raw_engine_v1_package/build-debug-phase20/tests
"raw_engine_exhaustive_join_ready_smoke" start time: Mar 20 13:29 KST
Output:
----------------------------------------------------------
raw_engine_v1 tests passed case=exhaustive_join_ready_smoke
<end of output>
Test time =   0.35 sec
----------------------------------------------------------
Test Passed.
"raw_engine_exhaustive_join_ready_smoke" end time: Mar 20 13:29 KST
"raw_engine_exhaustive_join_ready_smoke" time elapsed: 00:00:00
----------------------------------------------------------

70/125 Testing: raw_engine_exhaustive_integrate_ready_smoke
70/125 Test: raw_engine_exhaustive_integrate_ready_smoke
Command: "/Users/free_1/Library/Mobile Documents/iCloud~md~obsidian/Documents/cpp-checker/branch_2-1/raw_engine_v1_package/build-debug-phase20/tests/raw_engine_tests" "--case" "exhaustive_integrate_ready_smoke"
Directory: /Users/free_1/Library/Mobile Documents/iCloud~md~obsidian/Documents/cpp-checker/branch_2-1/raw_engine_v1_package/build-debug-phase20/tests
"raw_engine_exhaustive_integrate_ready_smoke" start time: Mar 20 13:29 KST
Output:
----------------------------------------------------------
raw_engine_v1 tests passed case=exhaustive_integrate_ready_smoke
<end of output>
Test time =   0.07 sec
----------------------------------------------------------
Test Passed.
"raw_engine_exhaustive_integrate_ready_smoke" end time: Mar 20 13:29 KST
"raw_engine_exhaustive_integrate_ready_smoke" time elapsed: 00:00:00
----------------------------------------------------------

71/125 Testing: raw_engine_exhaustive_mixed_smoke
71/125 Test: raw_engine_exhaustive_mixed_smoke
Command: "/Users/free_1/Library/Mobile Documents/iCloud~md~obsidian/Documents/cpp-checker/branch_2-1/raw_engine_v1_package/build-debug-phase20/tests/raw_engine_tests" "--case" "exhaustive_mixed_smoke"
Directory: /Users/free_1/Library/Mobile Documents/iCloud~md~obsidian/Documents/cpp-checker/branch_2-1/raw_engine_v1_package/build-debug-phase20/tests
"raw_engine_exhaustive_mixed_smoke" start time: Mar 20 13:29 KST
Output:
----------------------------------------------------------
raw_engine_v1 tests passed case=exhaustive_mixed_smoke
<end of output>
Test time =   0.11 sec
----------------------------------------------------------
Test Passed.
"raw_engine_exhaustive_mixed_smoke" end time: Mar 20 13:29 KST
"raw_engine_exhaustive_mixed_smoke" time elapsed: 00:00:00
----------------------------------------------------------

72/125 Testing: raw_engine_planner_tie_mixed_exhaustive_smoke
72/125 Test: raw_engine_planner_tie_mixed_exhaustive_smoke
Command: "/Users/free_1/Library/Mobile Documents/iCloud~md~obsidian/Documents/cpp-checker/branch_2-1/raw_engine_v1_package/build-debug-phase20/tests/raw_engine_tests" "--case" "planner_tie_mixed_exhaustive_smoke"
Directory: /Users/free_1/Library/Mobile Documents/iCloud~md~obsidian/Documents/cpp-checker/branch_2-1/raw_engine_v1_package/build-debug-phase20/tests
"raw_engine_planner_tie_mixed_exhaustive_smoke" start time: Mar 20 13:29 KST
Output:
----------------------------------------------------------
raw_engine_v1 tests passed case=planner_tie_mixed_exhaustive_smoke
<end of output>
Test time =   0.05 sec
----------------------------------------------------------
Test Passed.
"raw_engine_planner_tie_mixed_exhaustive_smoke" end time: Mar 20 13:29 KST
"raw_engine_planner_tie_mixed_exhaustive_smoke" time elapsed: 00:00:00
----------------------------------------------------------

73/125 Testing: raw_engine_exhaustive_canonical_dedupe_smoke
73/125 Test: raw_engine_exhaustive_canonical_dedupe_smoke
Command: "/Users/free_1/Library/Mobile Documents/iCloud~md~obsidian/Documents/cpp-checker/branch_2-1/raw_engine_v1_package/build-debug-phase20/tests/raw_engine_tests" "--case" "exhaustive_canonical_dedupe_smoke"
Directory: /Users/free_1/Library/Mobile Documents/iCloud~md~obsidian/Documents/cpp-checker/branch_2-1/raw_engine_v1_package/build-debug-phase20/tests
"raw_engine_exhaustive_canonical_dedupe_smoke" start time: Mar 20 13:29 KST
Output:
----------------------------------------------------------
raw_engine_v1 tests passed case=exhaustive_canonical_dedupe_smoke
<end of output>
Test time =   0.02 sec
----------------------------------------------------------
Test Passed.
"raw_engine_exhaustive_canonical_dedupe_smoke" end time: Mar 20 13:29 KST
"raw_engine_exhaustive_canonical_dedupe_smoke" time elapsed: 00:00:00
----------------------------------------------------------

74/125 Testing: raw_engine_exhaustive_natural_dedupe_smoke
74/125 Test: raw_engine_exhaustive_natural_dedupe_smoke
Command: "/Users/free_1/Library/Mobile Documents/iCloud~md~obsidian/Documents/cpp-checker/branch_2-1/raw_engine_v1_package/build-debug-phase20/tests/raw_engine_tests" "--case" "exhaustive_natural_dedupe_smoke"
Directory: /Users/free_1/Library/Mobile Documents/iCloud~md~obsidian/Documents/cpp-checker/branch_2-1/raw_engine_v1_package/build-debug-phase20/tests
"raw_engine_exhaustive_natural_dedupe_smoke" start time: Mar 20 13:29 KST
Output:
----------------------------------------------------------
raw_engine_v1 tests passed case=exhaustive_natural_dedupe_smoke
<end of output>
Test time =   7.44 sec
----------------------------------------------------------
Test Passed.
"raw_engine_exhaustive_natural_dedupe_smoke" end time: Mar 20 13:29 KST
"raw_engine_exhaustive_natural_dedupe_smoke" time elapsed: 00:00:07
----------------------------------------------------------

75/125 Testing: raw_engine_exhaustive_family_sweep_smoke
75/125 Test: raw_engine_exhaustive_family_sweep_smoke
Command: "/Users/free_1/Library/Mobile Documents/iCloud~md~obsidian/Documents/cpp-checker/branch_2-1/raw_engine_v1_package/build-debug-phase20/tests/raw_engine_tests" "--case" "exhaustive_family_sweep_smoke"
Directory: /Users/free_1/Library/Mobile Documents/iCloud~md~obsidian/Documents/cpp-checker/branch_2-1/raw_engine_v1_package/build-debug-phase20/tests
"raw_engine_exhaustive_family_sweep_smoke" start time: Mar 20 13:29 KST
Output:
----------------------------------------------------------
raw_engine_v1 tests passed case=exhaustive_family_sweep_smoke
<end of output>
Test time =  36.35 sec
----------------------------------------------------------
Test Passed.
"raw_engine_exhaustive_family_sweep_smoke" end time: Mar 20 13:30 KST
"raw_engine_exhaustive_family_sweep_smoke" time elapsed: 00:00:36
----------------------------------------------------------

76/125 Testing: raw_engine_exhaustive_collision_guard_smoke
76/125 Test: raw_engine_exhaustive_collision_guard_smoke
Command: "/Users/free_1/Library/Mobile Documents/iCloud~md~obsidian/Documents/cpp-checker/branch_2-1/raw_engine_v1_package/build-debug-phase20/tests/raw_engine_tests" "--case" "exhaustive_collision_guard_smoke"
Directory: /Users/free_1/Library/Mobile Documents/iCloud~md~obsidian/Documents/cpp-checker/branch_2-1/raw_engine_v1_package/build-debug-phase20/tests
"raw_engine_exhaustive_collision_guard_smoke" start time: Mar 20 13:30 KST
Output:
----------------------------------------------------------
raw_engine_v1 tests passed case=exhaustive_collision_guard_smoke
<end of output>
Test time =   7.41 sec
----------------------------------------------------------
Test Passed.
"raw_engine_exhaustive_collision_guard_smoke" end time: Mar 20 13:30 KST
"raw_engine_exhaustive_collision_guard_smoke" time elapsed: 00:00:07
----------------------------------------------------------

77/125 Testing: raw_engine_exact_canonicalizer_smoke
77/125 Test: raw_engine_exact_canonicalizer_smoke
Command: "/Users/free_1/Library/Mobile Documents/iCloud~md~obsidian/Documents/cpp-checker/branch_2-1/raw_engine_v1_package/build-debug-phase20/tests/raw_engine_tests" "--case" "exact_canonicalizer_smoke"
Directory: /Users/free_1/Library/Mobile Documents/iCloud~md~obsidian/Documents/cpp-checker/branch_2-1/raw_engine_v1_package/build-debug-phase20/tests
"raw_engine_exact_canonicalizer_smoke" start time: Mar 20 13:30 KST
Output:
----------------------------------------------------------
raw_engine_v1 tests passed case=exact_canonicalizer_smoke
<end of output>
Test time =   9.91 sec
----------------------------------------------------------
Test Passed.
"raw_engine_exact_canonicalizer_smoke" end time: Mar 20 13:30 KST
"raw_engine_exact_canonicalizer_smoke" time elapsed: 00:00:09
----------------------------------------------------------

78/125 Testing: raw_engine_metamorphic_relabel_invariance
78/125 Test: raw_engine_metamorphic_relabel_invariance
Command: "/Users/free_1/Library/Mobile Documents/iCloud~md~obsidian/Documents/cpp-checker/branch_2-1/raw_engine_v1_package/build-debug-phase20/tests/raw_engine_tests" "--case" "metamorphic_relabel_invariance"
Directory: /Users/free_1/Library/Mobile Documents/iCloud~md~obsidian/Documents/cpp-checker/branch_2-1/raw_engine_v1_package/build-debug-phase20/tests
"raw_engine_metamorphic_relabel_invariance" start time: Mar 20 13:30 KST
Output:
----------------------------------------------------------
raw_engine_v1 tests passed case=metamorphic_relabel_invariance
<end of output>
Test time =   1.26 sec
----------------------------------------------------------
Test Passed.
"raw_engine_metamorphic_relabel_invariance" end time: Mar 20 13:30 KST
"raw_engine_metamorphic_relabel_invariance" time elapsed: 00:00:01
----------------------------------------------------------

79/125 Testing: raw_engine_metamorphic_occid_invariance
79/125 Test: raw_engine_metamorphic_occid_invariance
Command: "/Users/free_1/Library/Mobile Documents/iCloud~md~obsidian/Documents/cpp-checker/branch_2-1/raw_engine_v1_package/build-debug-phase20/tests/raw_engine_tests" "--case" "metamorphic_occid_invariance"
Directory: /Users/free_1/Library/Mobile Documents/iCloud~md~obsidian/Documents/cpp-checker/branch_2-1/raw_engine_v1_package/build-debug-phase20/tests
"raw_engine_metamorphic_occid_invariance" start time: Mar 20 13:30 KST
Output:
----------------------------------------------------------
raw_engine_v1 tests passed case=metamorphic_occid_invariance
<end of output>
Test time =   1.26 sec
----------------------------------------------------------
Test Passed.
"raw_engine_metamorphic_occid_invariance" end time: Mar 20 13:30 KST
"raw_engine_metamorphic_occid_invariance" time elapsed: 00:00:01
----------------------------------------------------------

80/125 Testing: raw_engine_metamorphic_edge_order_invariance
80/125 Test: raw_engine_metamorphic_edge_order_invariance
Command: "/Users/free_1/Library/Mobile Documents/iCloud~md~obsidian/Documents/cpp-checker/branch_2-1/raw_engine_v1_package/build-debug-phase20/tests/raw_engine_tests" "--case" "metamorphic_edge_order_invariance"
Directory: /Users/free_1/Library/Mobile Documents/iCloud~md~obsidian/Documents/cpp-checker/branch_2-1/raw_engine_v1_package/build-debug-phase20/tests
"raw_engine_metamorphic_edge_order_invariance" start time: Mar 20 13:30 KST
Output:
----------------------------------------------------------
raw_engine_v1 tests passed case=metamorphic_edge_order_invariance
<end of output>
Test time =   1.26 sec
----------------------------------------------------------
Test Passed.
"raw_engine_metamorphic_edge_order_invariance" end time: Mar 20 13:30 KST
"raw_engine_metamorphic_edge_order_invariance" time elapsed: 00:00:01
----------------------------------------------------------

81/125 Testing: raw_engine_metamorphic_vertex_order_invariance
81/125 Test: raw_engine_metamorphic_vertex_order_invariance
Command: "/Users/free_1/Library/Mobile Documents/iCloud~md~obsidian/Documents/cpp-checker/branch_2-1/raw_engine_v1_package/build-debug-phase20/tests/raw_engine_tests" "--case" "metamorphic_vertex_order_invariance"
Directory: /Users/free_1/Library/Mobile Documents/iCloud~md~obsidian/Documents/cpp-checker/branch_2-1/raw_engine_v1_package/build-debug-phase20/tests
"raw_engine_metamorphic_vertex_order_invariance" start time: Mar 20 13:30 KST
Output:
----------------------------------------------------------
raw_engine_v1 tests passed case=metamorphic_vertex_order_invariance
<end of output>
Test time =   2.26 sec
----------------------------------------------------------
Test Passed.
"raw_engine_metamorphic_vertex_order_invariance" end time: Mar 20 13:30 KST
"raw_engine_metamorphic_vertex_order_invariance" time elapsed: 00:00:02
----------------------------------------------------------

82/125 Testing: raw_engine_replay_serialization_invariance
82/125 Test: raw_engine_replay_serialization_invariance
[...]
Directory: /Users/free_1/Library/Mobile Documents/iCloud~md~obsidian/Documents/cpp-checker/branch_2-1/raw_engine_v1_package/build-debug-phase20/tests
"raw_engine_split_choice_exact_shadow_relabel_invariance" start time: Mar 20 13:34 KST
Output:
----------------------------------------------------------
raw_engine_v1 tests passed case=split_choice_exact_shadow_relabel_invariance
<end of output>
Test time =   0.91 sec
----------------------------------------------------------
Test Passed.
"raw_engine_split_choice_exact_shadow_relabel_invariance" end time: Mar 20 13:34 KST
"raw_engine_split_choice_exact_shadow_relabel_invariance" time elapsed: 00:00:00
----------------------------------------------------------

107/125 Testing: raw_engine_split_choice_exact_shadow_vertex_order_invariance
107/125 Test: raw_engine_split_choice_exact_shadow_vertex_order_invariance
Command: "/Users/free_1/Library/Mobile Documents/iCloud~md~obsidian/Documents/cpp-checker/branch_2-1/raw_engine_v1_package/build-debug-phase20/tests/raw_engine_tests" "--case" "split_choice_exact_shadow_vertex_order_invariance"
Directory: /Users/free_1/Library/Mobile Documents/iCloud~md~obsidian/Documents/cpp-checker/branch_2-1/raw_engine_v1_package/build-debug-phase20/tests
"raw_engine_split_choice_exact_shadow_vertex_order_invariance" start time: Mar 20 13:34 KST
Output:
----------------------------------------------------------
raw_engine_v1 tests passed case=split_choice_exact_shadow_vertex_order_invariance
<end of output>
Test time =   0.89 sec
----------------------------------------------------------
Test Passed.
"raw_engine_split_choice_exact_shadow_vertex_order_invariance" end time: Mar 20 13:34 KST
"raw_engine_split_choice_exact_shadow_vertex_order_invariance" time elapsed: 00:00:00
----------------------------------------------------------

108/125 Testing: raw_engine_split_choice_exact_shadow_edge_order_invariance
108/125 Test: raw_engine_split_choice_exact_shadow_edge_order_invariance
Command: "/Users/free_1/Library/Mobile Documents/iCloud~md~obsidian/Documents/cpp-checker/branch_2-1/raw_engine_v1_package/build-debug-phase20/tests/raw_engine_tests" "--case" "split_choice_exact_shadow_edge_order_invariance"
Directory: /Users/free_1/Library/Mobile Documents/iCloud~md~obsidian/Documents/cpp-checker/branch_2-1/raw_engine_v1_package/build-debug-phase20/tests
"raw_engine_split_choice_exact_shadow_edge_order_invariance" start time: Mar 20 13:34 KST
Output:
----------------------------------------------------------
raw_engine_v1 tests passed case=split_choice_exact_shadow_edge_order_invariance
<end of output>
Test time =   0.90 sec
----------------------------------------------------------
Test Passed.
"raw_engine_split_choice_exact_shadow_edge_order_invariance" end time: Mar 20 13:34 KST
"raw_engine_split_choice_exact_shadow_edge_order_invariance" time elapsed: 00:00:00
----------------------------------------------------------

109/125 Testing: raw_engine_split_choice_fallback_zero_smoke
109/125 Test: raw_engine_split_choice_fallback_zero_smoke
Command: "/Users/free_1/Library/Mobile Documents/iCloud~md~obsidian/Documents/cpp-checker/branch_2-1/raw_engine_v1_package/build-debug-phase20/tests/raw_engine_tests" "--case" "split_choice_fallback_zero_smoke"
Directory: /Users/free_1/Library/Mobile Documents/iCloud~md~obsidian/Documents/cpp-checker/branch_2-1/raw_engine_v1_package/build-debug-phase20/tests
"raw_engine_split_choice_fallback_zero_smoke" start time: Mar 20 13:34 KST
Output:
----------------------------------------------------------
raw_engine_v1 tests passed case=split_choice_fallback_zero_smoke
<end of output>
Test time =  12.13 sec
----------------------------------------------------------
Test Passed.
"raw_engine_split_choice_fallback_zero_smoke" end time: Mar 20 13:34 KST
"raw_engine_split_choice_fallback_zero_smoke" time elapsed: 00:00:12
----------------------------------------------------------

110/125 Testing: raw_engine_planner_relabel_structural_regression
110/125 Test: raw_engine_planner_relabel_structural_regression
Command: "/Users/free_1/Library/Mobile Documents/iCloud~md~obsidian/Documents/cpp-checker/branch_2-1/raw_engine_v1_package/build-debug-phase20/tests/raw_engine_tests" "--case" "planner_relabel_structural_regression"
Directory: /Users/free_1/Library/Mobile Documents/iCloud~md~obsidian/Documents/cpp-checker/branch_2-1/raw_engine_v1_package/build-debug-phase20/tests
"raw_engine_planner_relabel_structural_regression" start time: Mar 20 13:34 KST
Output:
----------------------------------------------------------
raw_engine_v1 tests passed case=planner_relabel_structural_regression
<end of output>
Test time =   0.42 sec
----------------------------------------------------------
Test Passed.
"raw_engine_planner_relabel_structural_regression" end time: Mar 20 13:34 KST
"raw_engine_planner_relabel_structural_regression" time elapsed: 00:00:00
----------------------------------------------------------

111/125 Testing: raw_engine_planner_targeted_split_smoke
111/125 Test: raw_engine_planner_targeted_split_smoke
Command: "/Users/free_1/Library/Mobile Documents/iCloud~md~obsidian/Documents/cpp-checker/branch_2-1/raw_engine_v1_package/build-debug-phase20/tests/raw_engine_tests" "--case" "planner_targeted_split_smoke"
Directory: /Users/free_1/Library/Mobile Documents/iCloud~md~obsidian/Documents/cpp-checker/branch_2-1/raw_engine_v1_package/build-debug-phase20/tests
"raw_engine_planner_targeted_split_smoke" start time: Mar 20 13:34 KST
Output:
----------------------------------------------------------
raw_engine_v1 tests passed case=planner_targeted_split_smoke
<end of output>
Test time =   0.04 sec
----------------------------------------------------------
Test Passed.
"raw_engine_planner_targeted_split_smoke" end time: Mar 20 13:34 KST
"raw_engine_planner_targeted_split_smoke" time elapsed: 00:00:00
----------------------------------------------------------

112/125 Testing: raw_engine_planner_targeted_join_smoke
112/125 Test: raw_engine_planner_targeted_join_smoke
Command: "/Users/free_1/Library/Mobile Documents/iCloud~md~obsidian/Documents/cpp-checker/branch_2-1/raw_engine_v1_package/build-debug-phase20/tests/raw_engine_tests" "--case" "planner_targeted_join_smoke"
Directory: /Users/free_1/Library/Mobile Documents/iCloud~md~obsidian/Documents/cpp-checker/branch_2-1/raw_engine_v1_package/build-debug-phase20/tests
"raw_engine_planner_targeted_join_smoke" start time: Mar 20 13:34 KST
Output:
----------------------------------------------------------
raw_engine_v1 tests passed case=planner_targeted_join_smoke
<end of output>
Test time =   0.01 sec
----------------------------------------------------------
Test Passed.
"raw_engine_planner_targeted_join_smoke" end time: Mar 20 13:34 KST
"raw_engine_planner_targeted_join_smoke" time elapsed: 00:00:00
----------------------------------------------------------

113/125 Testing: raw_engine_planner_targeted_integrate_smoke
113/125 Test: raw_engine_planner_targeted_integrate_smoke
Command: "/Users/free_1/Library/Mobile Documents/iCloud~md~obsidian/Documents/cpp-checker/branch_2-1/raw_engine_v1_package/build-debug-phase20/tests/raw_engine_tests" "--case" "planner_targeted_integrate_smoke"
Directory: /Users/free_1/Library/Mobile Documents/iCloud~md~obsidian/Documents/cpp-checker/branch_2-1/raw_engine_v1_package/build-debug-phase20/tests
"raw_engine_planner_targeted_integrate_smoke" start time: Mar 20 13:34 KST
Output:
----------------------------------------------------------
raw_engine_v1 tests passed case=planner_targeted_integrate_smoke
<end of output>
Test time =   0.01 sec
----------------------------------------------------------
Test Passed.
"raw_engine_planner_targeted_integrate_smoke" end time: Mar 20 13:34 KST
"raw_engine_planner_targeted_integrate_smoke" time elapsed: 00:00:00
----------------------------------------------------------

114/125 Testing: raw_engine_planner_targeted_mixed_smoke
114/125 Test: raw_engine_planner_targeted_mixed_smoke
Command: "/Users/free_1/Library/Mobile Documents/iCloud~md~obsidian/Documents/cpp-checker/branch_2-1/raw_engine_v1_package/build-debug-phase20/tests/raw_engine_tests" "--case" "planner_targeted_mixed_smoke"
Directory: /Users/free_1/Library/Mobile Documents/iCloud~md~obsidian/Documents/cpp-checker/branch_2-1/raw_engine_v1_package/build-debug-phase20/tests
"raw_engine_planner_targeted_mixed_smoke" start time: Mar 20 13:34 KST
Output:
----------------------------------------------------------
raw_engine_v1 tests passed case=planner_targeted_mixed_smoke
<end of output>
Test time =   0.04 sec
----------------------------------------------------------
Test Passed.
"raw_engine_planner_targeted_mixed_smoke" end time: Mar 20 13:34 KST
"raw_engine_planner_targeted_mixed_smoke" time elapsed: 00:00:00
----------------------------------------------------------

115/125 Testing: raw_engine_split_ready_unique_orig_regression
115/125 Test: raw_engine_split_ready_unique_orig_regression
Command: "/Users/free_1/Library/Mobile Documents/iCloud~md~obsidian/Documents/cpp-checker/branch_2-1/raw_engine_v1_package/build-debug-phase20/tests/raw_engine_tests" "--case" "split_ready_unique_orig_regression"
Directory: /Users/free_1/Library/Mobile Documents/iCloud~md~obsidian/Documents/cpp-checker/branch_2-1/raw_engine_v1_package/build-debug-phase20/tests
"raw_engine_split_ready_unique_orig_regression" start time: Mar 20 13:34 KST
Output:
----------------------------------------------------------
raw_engine_v1 tests passed case=split_ready_unique_orig_regression
<end of output>
Test time =   0.04 sec
----------------------------------------------------------
Test Passed.
"raw_engine_split_ready_unique_orig_regression" end time: Mar 20 13:34 KST
"raw_engine_split_ready_unique_orig_regression" time elapsed: 00:00:00
----------------------------------------------------------

116/125 Testing: raw_engine_planner_coverage_smoke
116/125 Test: raw_engine_planner_coverage_smoke
Command: "/Users/free_1/Library/Mobile Documents/iCloud~md~obsidian/Documents/cpp-checker/branch_2-1/raw_engine_v1_package/build-debug-phase20/tests/raw_engine_tests" "--case" "planner_coverage_smoke"
Directory: /Users/free_1/Library/Mobile Documents/iCloud~md~obsidian/Documents/cpp-checker/branch_2-1/raw_engine_v1_package/build-debug-phase20/tests
"raw_engine_planner_coverage_smoke" start time: Mar 20 13:34 KST
Output:
----------------------------------------------------------
raw_engine_v1 tests passed case=planner_coverage_smoke
<end of output>
Test time =   0.04 sec
----------------------------------------------------------
Test Passed.
"raw_engine_planner_coverage_smoke" end time: Mar 20 13:34 KST
"raw_engine_planner_coverage_smoke" time elapsed: 00:00:00
----------------------------------------------------------

117/125 Testing: raw_engine_planner_random_coverage_smoke
117/125 Test: raw_engine_planner_random_coverage_smoke
Command: "/Users/free_1/Library/Mobile Documents/iCloud~md~obsidian/Documents/cpp-checker/branch_2-1/raw_engine_v1_package/build-debug-phase20/tests/raw_engine_tests" "--case" "planner_random_coverage_smoke"
Directory: /Users/free_1/Library/Mobile Documents/iCloud~md~obsidian/Documents/cpp-checker/branch_2-1/raw_engine_v1_package/build-debug-phase20/tests
"raw_engine_planner_random_coverage_smoke" start time: Mar 20 13:34 KST
Output:
----------------------------------------------------------
raw_engine_v1 tests passed case=planner_random_coverage_smoke
<end of output>
Test time =   0.91 sec
----------------------------------------------------------
Test Passed.
"raw_engine_planner_random_coverage_smoke" end time: Mar 20 13:34 KST
"raw_engine_planner_random_coverage_smoke" time elapsed: 00:00:00
----------------------------------------------------------

118/125 Testing: raw_engine_planner_weighted_coverage_smoke
118/125 Test: raw_engine_planner_weighted_coverage_smoke
Command: "/Users/free_1/Library/Mobile Documents/iCloud~md~obsidian/Documents/cpp-checker/branch_2-1/raw_engine_v1_package/build-debug-phase20/tests/raw_engine_tests" "--case" "planner_weighted_coverage_smoke"
Directory: /Users/free_1/Library/Mobile Documents/iCloud~md~obsidian/Documents/cpp-checker/branch_2-1/raw_engine_v1_package/build-debug-phase20/tests
"raw_engine_planner_weighted_coverage_smoke" start time: Mar 20 13:34 KST
Output:
----------------------------------------------------------
raw_engine_v1 tests passed case=planner_weighted_coverage_smoke
<end of output>
Test time =   1.71 sec
----------------------------------------------------------
Test Passed.
"raw_engine_planner_weighted_coverage_smoke" end time: Mar 20 13:34 KST
"raw_engine_planner_weighted_coverage_smoke" time elapsed: 00:00:01
----------------------------------------------------------

119/125 Testing: raw_engine_planner_join_ready_smoke
119/125 Test: raw_engine_planner_join_ready_smoke
Command: "/Users/free_1/Library/Mobile Documents/iCloud~md~obsidian/Documents/cpp-checker/branch_2-1/raw_engine_v1_package/build-debug-phase20/tests/raw_engine_tests" "--case" "planner_join_ready_smoke"
Directory: /Users/free_1/Library/Mobile Documents/iCloud~md~obsidian/Documents/cpp-checker/branch_2-1/raw_engine_v1_package/build-debug-phase20/tests
"raw_engine_planner_join_ready_smoke" start time: Mar 20 13:34 KST
Output:
----------------------------------------------------------
raw_engine_v1 tests passed case=planner_join_ready_smoke
<end of output>
Test time =   0.01 sec
----------------------------------------------------------
Test Passed.
"raw_engine_planner_join_ready_smoke" end time: Mar 20 13:34 KST
"raw_engine_planner_join_ready_smoke" time elapsed: 00:00:00
----------------------------------------------------------

120/125 Testing: raw_engine_planner_integrate_ready_smoke
120/125 Test: raw_engine_planner_integrate_ready_smoke
Command: "/Users/free_1/Library/Mobile Documents/iCloud~md~obsidian/Documents/cpp-checker/branch_2-1/raw_engine_v1_package/build-debug-phase20/tests/raw_engine_tests" "--case" "planner_integrate_ready_smoke"
Directory: /Users/free_1/Library/Mobile Documents/iCloud~md~obsidian/Documents/cpp-checker/branch_2-1/raw_engine_v1_package/build-debug-phase20/tests
"raw_engine_planner_integrate_ready_smoke" start time: Mar 20 13:34 KST
Output:
----------------------------------------------------------
raw_engine_v1 tests passed case=planner_integrate_ready_smoke
<end of output>
Test time =   0.01 sec
----------------------------------------------------------
Test Passed.
"raw_engine_planner_integrate_ready_smoke" end time: Mar 20 13:34 KST
"raw_engine_planner_integrate_ready_smoke" time elapsed: 00:00:00
----------------------------------------------------------

121/125 Testing: raw_engine_planner_structural_mixed_smoke
121/125 Test: raw_engine_planner_structural_mixed_smoke
Command: "/Users/free_1/Library/Mobile Documents/iCloud~md~obsidian/Documents/cpp-checker/branch_2-1/raw_engine_v1_package/build-debug-phase20/tests/raw_engine_tests" "--case" "planner_structural_mixed_smoke"
Directory: /Users/free_1/Library/Mobile Documents/iCloud~md~obsidian/Documents/cpp-checker/branch_2-1/raw_engine_v1_package/build-debug-phase20/tests
"raw_engine_planner_structural_mixed_smoke" start time: Mar 20 13:34 KST
Output:
----------------------------------------------------------
raw_engine_v1 tests passed case=planner_structural_mixed_smoke
<end of output>
Test time =   0.30 sec
----------------------------------------------------------
Test Passed.
"raw_engine_planner_structural_mixed_smoke" end time: Mar 20 13:34 KST
"raw_engine_planner_structural_mixed_smoke" time elapsed: 00:00:00
----------------------------------------------------------

122/125 Testing: raw_engine_planner_tie_mixed_smoke
122/125 Test: raw_engine_planner_tie_mixed_smoke
Command: "/Users/free_1/Library/Mobile Documents/iCloud~md~obsidian/Documents/cpp-checker/branch_2-1/raw_engine_v1_package/build-debug-phase20/tests/raw_engine_tests" "--case" "planner_tie_mixed_smoke"
Directory: /Users/free_1/Library/Mobile Documents/iCloud~md~obsidian/Documents/cpp-checker/branch_2-1/raw_engine_v1_package/build-debug-phase20/tests
"raw_engine_planner_tie_mixed_smoke" start time: Mar 20 13:34 KST
Output:
----------------------------------------------------------
raw_engine_v1 tests passed case=planner_tie_mixed_smoke
<end of output>
Test time =   0.01 sec
----------------------------------------------------------
Test Passed.
"raw_engine_planner_tie_mixed_smoke" end time: Mar 20 13:34 KST
"raw_engine_planner_tie_mixed_smoke" time elapsed: 00:00:00
----------------------------------------------------------

123/125 Testing: raw_engine_planner_tie_mixed_exact_shadow_smoke
123/125 Test: raw_engine_planner_tie_mixed_exact_shadow_smoke
Command: "/Users/free_1/Library/Mobile Documents/iCloud~md~obsidian/Documents/cpp-checker/branch_2-1/raw_engine_v1_package/build-debug-phase20/tests/raw_engine_tests" "--case" "planner_tie_mixed_exact_shadow_smoke"
Directory: /Users/free_1/Library/Mobile Documents/iCloud~md~obsidian/Documents/cpp-checker/branch_2-1/raw_engine_v1_package/build-debug-phase20/tests
"raw_engine_planner_tie_mixed_exact_shadow_smoke" start time: Mar 20 13:34 KST
Output:
----------------------------------------------------------
raw_engine_v1 tests passed case=planner_tie_mixed_exact_shadow_smoke
<end of output>
Test time =   0.01 sec
----------------------------------------------------------
Test Passed.
"raw_engine_planner_tie_mixed_exact_shadow_smoke" end time: Mar 20 13:34 KST
"raw_engine_planner_tie_mixed_exact_shadow_smoke" time elapsed: 00:00:00
----------------------------------------------------------

124/125 Testing: raw_engine_planner_tie_symmetric_smoke
124/125 Test: raw_engine_planner_tie_symmetric_smoke
Command: "/Users/free_1/Library/Mobile Documents/iCloud~md~obsidian/Documents/cpp-checker/branch_2-1/raw_engine_v1_package/build-debug-phase20/tests/raw_engine_tests" "--case" "planner_tie_symmetric_smoke"
Directory: /Users/free_1/Library/Mobile Documents/iCloud~md~obsidian/Documents/cpp-checker/branch_2-1/raw_engine_v1_package/build-debug-phase20/tests
"raw_engine_planner_tie_symmetric_smoke" start time: Mar 20 13:34 KST
Output:
----------------------------------------------------------
raw_engine_v1 tests passed case=planner_tie_symmetric_smoke
<end of output>
Test time =   0.01 sec
----------------------------------------------------------
Test Passed.
"raw_engine_planner_tie_symmetric_smoke" end time: Mar 20 13:34 KST
"raw_engine_planner_tie_symmetric_smoke" time elapsed: 00:00:00
----------------------------------------------------------

125/125 Testing: raw_engine_artifact_retention_smoke
125/125 Test: raw_engine_artifact_retention_smoke
Command: "/Users/free_1/Library/Mobile Documents/iCloud~md~obsidian/Documents/cpp-checker/branch_2-1/raw_engine_v1_package/build-debug-phase20/tests/raw_engine_tests" "--case" "artifact_retention_smoke" "--artifact-dir" "artifacts/artifact_retention_smoke"
Directory: /Users/free_1/Library/Mobile Documents/iCloud~md~obsidian/Documents/cpp-checker/branch_2-1/raw_engine_v1_package/build-debug-phase20/tests
"raw_engine_artifact_retention_smoke" start time: Mar 20 13:34 KST
Output:
----------------------------------------------------------
raw_engine_v1 tests passed case=artifact_retention_smoke
<end of output>
Test time =   0.01 sec
----------------------------------------------------------
Test Passed.
"raw_engine_artifact_retention_smoke" end time: Mar 20 13:34 KST
"raw_engine_artifact_retention_smoke" time elapsed: 00:00:00
----------------------------------------------------------

End testing: Mar 20 13:34 KST

asan_slow =   6.03 sec*proc

compare = 377.95 sec*proc

core = 216.50 sec*proc

exhaustive =  52.03 sec*proc

fuzz =  12.95 sec*proc

nightly =   0.05 sec*proc

policy_core =   0.21 sec*proc

policy_nightly =   0.05 sec*proc

policy_refresh =   0.74 sec*proc

policy_sentinel =   0.70 sec*proc

slow = 229.81 sec*proc

